<?xml version="1.0" encoding="UTF-8"?>
<testsuite xmlns:xsi="http://www.w3.org/2001/XMLSchema-instance" xsi:noNamespaceSchemaLocation="https://maven.apache.org/surefire/maven-surefire-plugin/xsd/surefire-test-report-3.0.xsd" version="3.0" name="com.example.gateway.RoutePathMatchingPropertiesTest" time="6.831" tests="9" errors="6" skipped="0" failures="1">
  <properties>
    <property name="gopherProxySet" value="false"/>
    <property name="awt.toolkit" value="sun.lwawt.macosx.LWCToolkit"/>
    <property name="socksProxyHost" value="127.0.0.1"/>
    <property name="http.proxyHost" value="127.0.0.1"/>
    <property name="java.specification.version" value="1.8"/>
    <property name="file.encoding.pkg" value="sun.io"/>
    <property name="sun.cpu.isalist" value=""/>
    <property name="sun.jnu.encoding" value="UTF-8"/>
    <property name="java.class.path" value="/Users/ip192/work/Projects/java/gateway-demo/gateway-service/target/test-classes:/Users/ip192/work/Projects/java/gateway-demo/gateway-service/target/classes:/Users/ip192/.m2/repository/org/springframework/cloud/spring-cloud-starter-gateway/2.2.4.RELEASE/spring-cloud-starter-gateway-2.2.4.RELEASE.jar:/Users/ip192/.m2/repository/org/springframework/cloud/spring-cloud-starter/2.2.4.RELEASE/spring-cloud-starter-2.2.4.RELEASE.jar:/Users/ip192/.m2/repository/org/springframework/cloud/spring-cloud-context/2.2.4.RELEASE/spring-cloud-context-2.2.4.RELEASE.jar:/Users/ip192/.m2/repository/org/springframework/security/spring-security-crypto/5.3.3.RELEASE/spring-security-crypto-5.3.3.RELEASE.jar:/Users/ip192/.m2/repository/org/springframework/cloud/spring-cloud-commons/2.2.4.RELEASE/spring-cloud-commons-2.2.4.RELEASE.jar:/Users/ip192/.m2/repository/org/springframework/security/spring-security-rsa/1.0.9.RELEASE/spring-security-rsa-1.0.9.RELEASE.jar:/Users/ip192/.m2/repository/org/bouncycastle/bcpkix-jdk15on/1.64/bcpkix-jdk15on-1.64.jar:/Users/ip192/.m2/repository/org/bouncycastle/bcprov-jdk15on/1.64/bcprov-jdk15on-1.64.jar:/Users/ip192/.m2/repository/org/springframework/cloud/spring-cloud-gateway-core/2.2.4.RELEASE/spring-cloud-gateway-core-2.2.4.RELEASE.jar:/Users/ip192/.m2/repository/org/springframework/boot/spring-boot-starter-validation/2.3.2.RELEASE/spring-boot-starter-validation-2.3.2.RELEASE.jar:/Users/ip192/.m2/repository/org/glassfish/jakarta.el/3.0.3/jakarta.el-3.0.3.jar:/Users/ip192/.m2/repository/org/hibernate/validator/hibernate-validator/6.1.5.Final/hibernate-validator-6.1.5.Final.jar:/Users/ip192/.m2/repository/jakarta/validation/jakarta.validation-api/2.0.2/jakarta.validation-api-2.0.2.jar:/Users/ip192/.m2/repository/org/jboss/logging/jboss-logging/3.4.1.Final/jboss-logging-3.4.1.Final.jar:/Users/ip192/.m2/repository/com/fasterxml/classmate/1.5.1/classmate-1.5.1.jar:/Users/ip192/.m2/repository/io/projectreactor/addons/reactor-extra/3.3.3.RELEASE/reactor-extra-3.3.3.RELEASE.jar:/Users/ip192/.m2/repository/org/springframework/boot/spring-boot-starter-webflux/2.3.2.RELEASE/spring-boot-starter-webflux-2.3.2.RELEASE.jar:/Users/ip192/.m2/repository/org/springframework/boot/spring-boot-starter/2.3.2.RELEASE/spring-boot-starter-2.3.2.RELEASE.jar:/Users/ip192/.m2/repository/org/springframework/boot/spring-boot/2.3.2.RELEASE/spring-boot-2.3.2.RELEASE.jar:/Users/ip192/.m2/repository/org/springframework/spring-context/5.2.8.RELEASE/spring-context-5.2.8.RELEASE.jar:/Users/ip192/.m2/repository/org/springframework/spring-aop/5.2.8.RELEASE/spring-aop-5.2.8.RELEASE.jar:/Users/ip192/.m2/repository/org/springframework/spring-expression/5.2.8.RELEASE/spring-expression-5.2.8.RELEASE.jar:/Users/ip192/.m2/repository/org/springframework/boot/spring-boot-autoconfigure/2.3.2.RELEASE/spring-boot-autoconfigure-2.3.2.RELEASE.jar:/Users/ip192/.m2/repository/org/springframework/boot/spring-boot-starter-logging/2.3.2.RELEASE/spring-boot-starter-logging-2.3.2.RELEASE.jar:/Users/ip192/.m2/repository/ch/qos/logback/logback-classic/1.2.3/logback-classic-1.2.3.jar:/Users/ip192/.m2/repository/ch/qos/logback/logback-core/1.2.3/logback-core-1.2.3.jar:/Users/ip192/.m2/repository/org/apache/logging/log4j/log4j-to-slf4j/2.13.3/log4j-to-slf4j-2.13.3.jar:/Users/ip192/.m2/repository/org/apache/logging/log4j/log4j-api/2.13.3/log4j-api-2.13.3.jar:/Users/ip192/.m2/repository/org/slf4j/jul-to-slf4j/1.7.30/jul-to-slf4j-1.7.30.jar:/Users/ip192/.m2/repository/jakarta/annotation/jakarta.annotation-api/1.3.5/jakarta.annotation-api-1.3.5.jar:/Users/ip192/.m2/repository/org/yaml/snakeyaml/1.26/snakeyaml-1.26.jar:/Users/ip192/.m2/repository/org/springframework/boot/spring-boot-starter-json/2.3.2.RELEASE/spring-boot-starter-json-2.3.2.RELEASE.jar:/Users/ip192/.m2/repository/com/fasterxml/jackson/datatype/jackson-datatype-jdk8/2.11.1/jackson-datatype-jdk8-2.11.1.jar:/Users/ip192/.m2/repository/com/fasterxml/jackson/datatype/jackson-datatype-jsr310/2.11.1/jackson-datatype-jsr310-2.11.1.jar:/Users/ip192/.m2/repository/com/fasterxml/jackson/module/jackson-module-parameter-names/2.11.1/jackson-module-parameter-names-2.11.1.jar:/Users/ip192/.m2/repository/org/springframework/boot/spring-boot-starter-reactor-netty/2.3.2.RELEASE/spring-boot-starter-reactor-netty-2.3.2.RELEASE.jar:/Users/ip192/.m2/repository/io/projectreactor/netty/reactor-netty/0.9.10.RELEASE/reactor-netty-0.9.10.RELEASE.jar:/Users/ip192/.m2/repository/io/netty/netty-codec-http/4.1.51.Final/netty-codec-http-4.1.51.Final.jar:/Users/ip192/.m2/repository/io/netty/netty-common/4.1.51.Final/netty-common-4.1.51.Final.jar:/Users/ip192/.m2/repository/io/netty/netty-buffer/4.1.51.Final/netty-buffer-4.1.51.Final.jar:/Users/ip192/.m2/repository/io/netty/netty-transport/4.1.51.Final/netty-transport-4.1.51.Final.jar:/Users/ip192/.m2/repository/io/netty/netty-codec/4.1.51.Final/netty-codec-4.1.51.Final.jar:/Users/ip192/.m2/repository/io/netty/netty-codec-http2/4.1.51.Final/netty-codec-http2-4.1.51.Final.jar:/Users/ip192/.m2/repository/io/netty/netty-handler/4.1.51.Final/netty-handler-4.1.51.Final.jar:/Users/ip192/.m2/repository/io/netty/netty-resolver/4.1.51.Final/netty-resolver-4.1.51.Final.jar:/Users/ip192/.m2/repository/io/netty/netty-handler-proxy/4.1.51.Final/netty-handler-proxy-4.1.51.Final.jar:/Users/ip192/.m2/repository/io/netty/netty-codec-socks/4.1.51.Final/netty-codec-socks-4.1.51.Final.jar:/Users/ip192/.m2/repository/io/netty/netty-transport-native-epoll/4.1.51.Final/netty-transport-native-epoll-4.1.51.Final-linux-x86_64.jar:/Users/ip192/.m2/repository/io/netty/netty-transport-native-unix-common/4.1.51.Final/netty-transport-native-unix-common-4.1.51.Final.jar:/Users/ip192/.m2/repository/org/springframework/spring-web/5.2.8.RELEASE/spring-web-5.2.8.RELEASE.jar:/Users/ip192/.m2/repository/org/springframework/spring-beans/5.2.8.RELEASE/spring-beans-5.2.8.RELEASE.jar:/Users/ip192/.m2/repository/org/springframework/spring-webflux/5.2.8.RELEASE/spring-webflux-5.2.8.RELEASE.jar:/Users/ip192/.m2/repository/org/synchronoss/cloud/nio-multipart-parser/1.1.0/nio-multipart-parser-1.1.0.jar:/Users/ip192/.m2/repository/org/synchronoss/cloud/nio-stream-storage/1.1.3/nio-stream-storage-1.1.3.jar:/Users/ip192/.m2/repository/org/springframework/boot/spring-boot-starter-actuator/2.3.2.RELEASE/spring-boot-starter-actuator-2.3.2.RELEASE.jar:/Users/ip192/.m2/repository/org/springframework/boot/spring-boot-actuator-autoconfigure/2.3.2.RELEASE/spring-boot-actuator-autoconfigure-2.3.2.RELEASE.jar:/Users/ip192/.m2/repository/org/springframework/boot/spring-boot-actuator/2.3.2.RELEASE/spring-boot-actuator-2.3.2.RELEASE.jar:/Users/ip192/.m2/repository/org/springframework/cloud/spring-cloud-starter-circuitbreaker-reactor-resilience4j/1.0.4.RELEASE/spring-cloud-starter-circuitbreaker-reactor-resilience4j-1.0.4.RELEASE.jar:/Users/ip192/.m2/repository/org/springframework/cloud/spring-cloud-circuitbreaker-resilience4j/1.0.4.RELEASE/spring-cloud-circuitbreaker-resilience4j-1.0.4.RELEASE.jar:/Users/ip192/.m2/repository/io/github/resilience4j/resilience4j-circuitbreaker/1.3.1/resilience4j-circuitbreaker-1.3.1.jar:/Users/ip192/.m2/repository/io/vavr/vavr/0.10.2/vavr-0.10.2.jar:/Users/ip192/.m2/repository/io/vavr/vavr-match/0.10.2/vavr-match-0.10.2.jar:/Users/ip192/.m2/repository/io/github/resilience4j/resilience4j-core/1.3.1/resilience4j-core-1.3.1.jar:/Users/ip192/.m2/repository/io/github/resilience4j/resilience4j-timelimiter/1.3.1/resilience4j-timelimiter-1.3.1.jar:/Users/ip192/.m2/repository/io/github/resilience4j/resilience4j-reactor/1.3.1/resilience4j-reactor-1.3.1.jar:/Users/ip192/.m2/repository/org/springframework/boot/spring-boot-configuration-processor/2.3.2.RELEASE/spring-boot-configuration-processor-2.3.2.RELEASE.jar:/Users/ip192/.m2/repository/org/springframework/boot/spring-boot-starter-test/2.3.2.RELEASE/spring-boot-starter-test-2.3.2.RELEASE.jar:/Users/ip192/.m2/repository/org/springframework/boot/spring-boot-test/2.3.2.RELEASE/spring-boot-test-2.3.2.RELEASE.jar:/Users/ip192/.m2/repository/org/springframework/boot/spring-boot-test-autoconfigure/2.3.2.RELEASE/spring-boot-test-autoconfigure-2.3.2.RELEASE.jar:/Users/ip192/.m2/repository/com/jayway/jsonpath/json-path/2.4.0/json-path-2.4.0.jar:/Users/ip192/.m2/repository/net/minidev/json-smart/2.3/json-smart-2.3.jar:/Users/ip192/.m2/repository/net/minidev/accessors-smart/1.2/accessors-smart-1.2.jar:/Users/ip192/.m2/repository/jakarta/xml/bind/jakarta.xml.bind-api/2.3.3/jakarta.xml.bind-api-2.3.3.jar:/Users/ip192/.m2/repository/jakarta/activation/jakarta.activation-api/1.2.2/jakarta.activation-api-1.2.2.jar:/Users/ip192/.m2/repository/org/assertj/assertj-core/3.16.1/assertj-core-3.16.1.jar:/Users/ip192/.m2/repository/org/hamcrest/hamcrest/2.2/hamcrest-2.2.jar:/Users/ip192/.m2/repository/org/junit/jupiter/junit-jupiter/5.6.2/junit-jupiter-5.6.2.jar:/Users/ip192/.m2/repository/org/junit/jupiter/junit-jupiter-api/5.6.2/junit-jupiter-api-5.6.2.jar:/Users/ip192/.m2/repository/org/junit/platform/junit-platform-commons/1.6.2/junit-platform-commons-1.6.2.jar:/Users/ip192/.m2/repository/org/junit/jupiter/junit-jupiter-params/5.6.2/junit-jupiter-params-5.6.2.jar:/Users/ip192/.m2/repository/org/junit/jupiter/junit-jupiter-engine/5.6.2/junit-jupiter-engine-5.6.2.jar:/Users/ip192/.m2/repository/org/junit/vintage/junit-vintage-engine/5.6.2/junit-vintage-engine-5.6.2.jar:/Users/ip192/.m2/repository/org/apiguardian/apiguardian-api/1.1.0/apiguardian-api-1.1.0.jar:/Users/ip192/.m2/repository/org/junit/platform/junit-platform-engine/1.6.2/junit-platform-engine-1.6.2.jar:/Users/ip192/.m2/repository/junit/junit/4.13/junit-4.13.jar:/Users/ip192/.m2/repository/org/mockito/mockito-core/3.3.3/mockito-core-3.3.3.jar:/Users/ip192/.m2/repository/net/bytebuddy/byte-buddy/1.10.13/byte-buddy-1.10.13.jar:/Users/ip192/.m2/repository/net/bytebuddy/byte-buddy-agent/1.10.13/byte-buddy-agent-1.10.13.jar:/Users/ip192/.m2/repository/org/objenesis/objenesis/2.6/objenesis-2.6.jar:/Users/ip192/.m2/repository/org/mockito/mockito-junit-jupiter/3.3.3/mockito-junit-jupiter-3.3.3.jar:/Users/ip192/.m2/repository/org/skyscreamer/jsonassert/1.5.0/jsonassert-1.5.0.jar:/Users/ip192/.m2/repository/com/vaadin/external/google/android-json/0.0.20131108.vaadin1/android-json-0.0.20131108.vaadin1.jar:/Users/ip192/.m2/repository/org/springframework/spring-core/5.2.8.RELEASE/spring-core-5.2.8.RELEASE.jar:/Users/ip192/.m2/repository/org/springframework/spring-jcl/5.2.8.RELEASE/spring-jcl-5.2.8.RELEASE.jar:/Users/ip192/.m2/repository/org/springframework/spring-test/5.2.8.RELEASE/spring-test-5.2.8.RELEASE.jar:/Users/ip192/.m2/repository/org/xmlunit/xmlunit-core/2.7.0/xmlunit-core-2.7.0.jar:/Users/ip192/.m2/repository/com/github/tomakehurst/wiremock-jre8/2.27.2/wiremock-jre8-2.27.2.jar:/Users/ip192/.m2/repository/org/eclipse/jetty/jetty-server/9.4.30.v20200611/jetty-server-9.4.30.v20200611.jar:/Users/ip192/.m2/repository/javax/servlet/javax.servlet-api/4.0.1/javax.servlet-api-4.0.1.jar:/Users/ip192/.m2/repository/org/eclipse/jetty/jetty-http/9.4.30.v20200611/jetty-http-9.4.30.v20200611.jar:/Users/ip192/.m2/repository/org/eclipse/jetty/jetty-io/9.4.30.v20200611/jetty-io-9.4.30.v20200611.jar:/Users/ip192/.m2/repository/org/eclipse/jetty/jetty-servlet/9.4.30.v20200611/jetty-servlet-9.4.30.v20200611.jar:/Users/ip192/.m2/repository/org/eclipse/jetty/jetty-security/9.4.30.v20200611/jetty-security-9.4.30.v20200611.jar:/Users/ip192/.m2/repository/org/eclipse/jetty/jetty-servlets/9.4.30.v20200611/jetty-servlets-9.4.30.v20200611.jar:/Users/ip192/.m2/repository/org/eclipse/jetty/jetty-continuation/9.4.30.v20200611/jetty-continuation-9.4.30.v20200611.jar:/Users/ip192/.m2/repository/org/eclipse/jetty/jetty-util/9.4.30.v20200611/jetty-util-9.4.30.v20200611.jar:/Users/ip192/.m2/repository/org/eclipse/jetty/jetty-webapp/9.4.30.v20200611/jetty-webapp-9.4.30.v20200611.jar:/Users/ip192/.m2/repository/org/eclipse/jetty/jetty-xml/9.4.30.v20200611/jetty-xml-9.4.30.v20200611.jar:/Users/ip192/.m2/repository/org/eclipse/jetty/jetty-proxy/9.4.30.v20200611/jetty-proxy-9.4.30.v20200611.jar:/Users/ip192/.m2/repository/org/eclipse/jetty/jetty-client/9.4.30.v20200611/jetty-client-9.4.30.v20200611.jar:/Users/ip192/.m2/repository/com/google/guava/guava/29.0-jre/guava-29.0-jre.jar:/Users/ip192/.m2/repository/com/google/guava/failureaccess/1.0.1/failureaccess-1.0.1.jar:/Users/ip192/.m2/repository/com/google/guava/listenablefuture/9999.0-empty-to-avoid-conflict-with-guava/listenablefuture-9999.0-empty-to-avoid-conflict-with-guava.jar:/Users/ip192/.m2/repository/com/google/code/findbugs/jsr305/3.0.2/jsr305-3.0.2.jar:/Users/ip192/.m2/repository/org/checkerframework/checker-qual/2.11.1/checker-qual-2.11.1.jar:/Users/ip192/.m2/repository/com/google/errorprone/error_prone_annotations/2.3.4/error_prone_annotations-2.3.4.jar:/Users/ip192/.m2/repository/com/google/j2objc/j2objc-annotations/1.3/j2objc-annotations-1.3.jar:/Users/ip192/.m2/repository/com/fasterxml/jackson/core/jackson-core/2.11.1/jackson-core-2.11.1.jar:/Users/ip192/.m2/repository/com/fasterxml/jackson/core/jackson-annotations/2.11.1/jackson-annotations-2.11.1.jar:/Users/ip192/.m2/repository/com/fasterxml/jackson/core/jackson-databind/2.11.1/jackson-databind-2.11.1.jar:/Users/ip192/.m2/repository/org/xmlunit/xmlunit-legacy/2.7.0/xmlunit-legacy-2.7.0.jar:/Users/ip192/.m2/repository/org/xmlunit/xmlunit-placeholders/2.7.0/xmlunit-placeholders-2.7.0.jar:/Users/ip192/.m2/repository/org/ow2/asm/asm/7.0/asm-7.0.jar:/Users/ip192/.m2/repository/org/slf4j/slf4j-api/1.7.30/slf4j-api-1.7.30.jar:/Users/ip192/.m2/repository/net/sf/jopt-simple/jopt-simple/5.0.3/jopt-simple-5.0.3.jar:/Users/ip192/.m2/repository/org/apache/commons/commons-lang3/3.10/commons-lang3-3.10.jar:/Users/ip192/.m2/repository/com/github/jknack/handlebars/4.2.0/handlebars-4.2.0.jar:/Users/ip192/.m2/repository/com/github/jknack/handlebars-helpers/4.2.0/handlebars-helpers-4.2.0.jar:/Users/ip192/.m2/repository/com/flipkart/zjsonpatch/zjsonpatch/0.4.4/zjsonpatch-0.4.4.jar:/Users/ip192/.m2/repository/commons-fileupload/commons-fileupload/1.4/commons-fileupload-1.4.jar:/Users/ip192/.m2/repository/commons-io/commons-io/2.2/commons-io-2.2.jar:/Users/ip192/.m2/repository/org/eclipse/jetty/http2/http2-server/9.4.30.v20200611/http2-server-9.4.30.v20200611.jar:/Users/ip192/.m2/repository/org/eclipse/jetty/http2/http2-common/9.4.30.v20200611/http2-common-9.4.30.v20200611.jar:/Users/ip192/.m2/repository/org/eclipse/jetty/http2/http2-hpack/9.4.30.v20200611/http2-hpack-9.4.30.v20200611.jar:/Users/ip192/.m2/repository/org/eclipse/jetty/jetty-alpn-server/9.4.30.v20200611/jetty-alpn-server-9.4.30.v20200611.jar:/Users/ip192/.m2/repository/org/eclipse/jetty/jetty-alpn-conscrypt-server/9.4.30.v20200611/jetty-alpn-conscrypt-server-9.4.30.v20200611.jar:/Users/ip192/.m2/repository/org/eclipse/jetty/jetty-alpn-conscrypt-client/9.4.30.v20200611/jetty-alpn-conscrypt-client-9.4.30.v20200611.jar:/Users/ip192/.m2/repository/org/eclipse/jetty/jetty-alpn-client/9.4.30.v20200611/jetty-alpn-client-9.4.30.v20200611.jar:/Users/ip192/.m2/repository/org/conscrypt/conscrypt-openjdk-uber/2.2.1/conscrypt-openjdk-uber-2.2.1.jar:/Users/ip192/.m2/repository/net/javacrumbs/json-unit/json-unit-core/2.12.0/json-unit-core-2.12.0.jar:/Users/ip192/.m2/repository/org/opentest4j/opentest4j/1.1.1/opentest4j-1.1.1.jar:/Users/ip192/.m2/repository/org/hamcrest/hamcrest-core/2.2/hamcrest-core-2.2.jar:/Users/ip192/.m2/repository/org/awaitility/awaitility/4.0.3/awaitility-4.0.3.jar:/Users/ip192/.m2/repository/io/projectreactor/reactor-test/3.3.8.RELEASE/reactor-test-3.3.8.RELEASE.jar:/Users/ip192/.m2/repository/io/projectreactor/reactor-core/3.3.8.RELEASE/reactor-core-3.3.8.RELEASE.jar:/Users/ip192/.m2/repository/org/reactivestreams/reactive-streams/1.0.3/reactive-streams-1.0.3.jar:/Users/ip192/.m2/repository/io/micrometer/micrometer-core/1.5.3/micrometer-core-1.5.3.jar:/Users/ip192/.m2/repository/org/hdrhistogram/HdrHistogram/2.1.12/HdrHistogram-2.1.12.jar:/Users/ip192/.m2/repository/org/latencyutils/LatencyUtils/2.0.3/LatencyUtils-2.0.3.jar:/Users/ip192/.m2/repository/io/micrometer/micrometer-registry-prometheus/1.5.3/micrometer-registry-prometheus-1.5.3.jar:/Users/ip192/.m2/repository/io/prometheus/simpleclient_common/0.8.1/simpleclient_common-0.8.1.jar:/Users/ip192/.m2/repository/io/prometheus/simpleclient/0.8.1/simpleclient-0.8.1.jar:/Users/ip192/.m2/repository/org/apache/httpcomponents/httpclient/4.5.12/httpclient-4.5.12.jar:/Users/ip192/.m2/repository/org/apache/httpcomponents/httpcore/4.4.13/httpcore-4.4.13.jar:/Users/ip192/.m2/repository/commons-codec/commons-codec/1.14/commons-codec-1.14.jar:"/>
    <property name="https.proxyPort" value="7897"/>
    <property name="java.vm.vendor" value="Temurin"/>
    <property name="sun.arch.data.model" value="64"/>
    <property name="java.vendor.url" value="https://adoptium.net/"/>
    <property name="user.timezone" value="Asia/Shanghai"/>
    <property name="os.name" value="Mac OS X"/>
    <property name="java.vm.specification.version" value="1.8"/>
    <property name="sun.java.launcher" value="SUN_STANDARD"/>
    <property name="user.country" value="CN"/>
    <property name="sun.boot.library.path" value="/Library/Java/JavaVirtualMachines/temurin-8.jdk/Contents/Home/jre/lib"/>
    <property name="sun.java.command" value="/Users/ip192/work/Projects/java/gateway-demo/gateway-service/target/surefire/surefirebooter-20250906233111955_3.jar /Users/ip192/work/Projects/java/gateway-demo/gateway-service/target/surefire 2025-09-06T23-31-11_794-jvmRun1 surefire-20250906233111955_1tmp surefire_0-20250906233111955_2tmp"/>
    <property name="http.nonProxyHosts" value="127.0.0.1|192.168.0.0/16|*.192.168.0.0/16|10.0.0.0/8|*.10.0.0.0/8|172.16.0.0/12|*.172.16.0.0/12|172.29.0.0/16|*.172.29.0.0/16|localhost|*.localhost|local|*.local|crashlytics.com|*.crashlytics.com|&lt;local&gt;|*.&lt;local&gt;"/>
    <property name="test" value="RoutePathMatchingPropertiesTest"/>
    <property name="surefire.test.class.path" value="/Users/ip192/work/Projects/java/gateway-demo/gateway-service/target/test-classes:/Users/ip192/work/Projects/java/gateway-demo/gateway-service/target/classes:/Users/ip192/.m2/repository/org/springframework/cloud/spring-cloud-starter-gateway/2.2.4.RELEASE/spring-cloud-starter-gateway-2.2.4.RELEASE.jar:/Users/ip192/.m2/repository/org/springframework/cloud/spring-cloud-starter/2.2.4.RELEASE/spring-cloud-starter-2.2.4.RELEASE.jar:/Users/ip192/.m2/repository/org/springframework/cloud/spring-cloud-context/2.2.4.RELEASE/spring-cloud-context-2.2.4.RELEASE.jar:/Users/ip192/.m2/repository/org/springframework/security/spring-security-crypto/5.3.3.RELEASE/spring-security-crypto-5.3.3.RELEASE.jar:/Users/ip192/.m2/repository/org/springframework/cloud/spring-cloud-commons/2.2.4.RELEASE/spring-cloud-commons-2.2.4.RELEASE.jar:/Users/ip192/.m2/repository/org/springframework/security/spring-security-rsa/1.0.9.RELEASE/spring-security-rsa-1.0.9.RELEASE.jar:/Users/ip192/.m2/repository/org/bouncycastle/bcpkix-jdk15on/1.64/bcpkix-jdk15on-1.64.jar:/Users/ip192/.m2/repository/org/bouncycastle/bcprov-jdk15on/1.64/bcprov-jdk15on-1.64.jar:/Users/ip192/.m2/repository/org/springframework/cloud/spring-cloud-gateway-core/2.2.4.RELEASE/spring-cloud-gateway-core-2.2.4.RELEASE.jar:/Users/ip192/.m2/repository/org/springframework/boot/spring-boot-starter-validation/2.3.2.RELEASE/spring-boot-starter-validation-2.3.2.RELEASE.jar:/Users/ip192/.m2/repository/org/glassfish/jakarta.el/3.0.3/jakarta.el-3.0.3.jar:/Users/ip192/.m2/repository/org/hibernate/validator/hibernate-validator/6.1.5.Final/hibernate-validator-6.1.5.Final.jar:/Users/ip192/.m2/repository/jakarta/validation/jakarta.validation-api/2.0.2/jakarta.validation-api-2.0.2.jar:/Users/ip192/.m2/repository/org/jboss/logging/jboss-logging/3.4.1.Final/jboss-logging-3.4.1.Final.jar:/Users/ip192/.m2/repository/com/fasterxml/classmate/1.5.1/classmate-1.5.1.jar:/Users/ip192/.m2/repository/io/projectreactor/addons/reactor-extra/3.3.3.RELEASE/reactor-extra-3.3.3.RELEASE.jar:/Users/ip192/.m2/repository/org/springframework/boot/spring-boot-starter-webflux/2.3.2.RELEASE/spring-boot-starter-webflux-2.3.2.RELEASE.jar:/Users/ip192/.m2/repository/org/springframework/boot/spring-boot-starter/2.3.2.RELEASE/spring-boot-starter-2.3.2.RELEASE.jar:/Users/ip192/.m2/repository/org/springframework/boot/spring-boot/2.3.2.RELEASE/spring-boot-2.3.2.RELEASE.jar:/Users/ip192/.m2/repository/org/springframework/spring-context/5.2.8.RELEASE/spring-context-5.2.8.RELEASE.jar:/Users/ip192/.m2/repository/org/springframework/spring-aop/5.2.8.RELEASE/spring-aop-5.2.8.RELEASE.jar:/Users/ip192/.m2/repository/org/springframework/spring-expression/5.2.8.RELEASE/spring-expression-5.2.8.RELEASE.jar:/Users/ip192/.m2/repository/org/springframework/boot/spring-boot-autoconfigure/2.3.2.RELEASE/spring-boot-autoconfigure-2.3.2.RELEASE.jar:/Users/ip192/.m2/repository/org/springframework/boot/spring-boot-starter-logging/2.3.2.RELEASE/spring-boot-starter-logging-2.3.2.RELEASE.jar:/Users/ip192/.m2/repository/ch/qos/logback/logback-classic/1.2.3/logback-classic-1.2.3.jar:/Users/ip192/.m2/repository/ch/qos/logback/logback-core/1.2.3/logback-core-1.2.3.jar:/Users/ip192/.m2/repository/org/apache/logging/log4j/log4j-to-slf4j/2.13.3/log4j-to-slf4j-2.13.3.jar:/Users/ip192/.m2/repository/org/apache/logging/log4j/log4j-api/2.13.3/log4j-api-2.13.3.jar:/Users/ip192/.m2/repository/org/slf4j/jul-to-slf4j/1.7.30/jul-to-slf4j-1.7.30.jar:/Users/ip192/.m2/repository/jakarta/annotation/jakarta.annotation-api/1.3.5/jakarta.annotation-api-1.3.5.jar:/Users/ip192/.m2/repository/org/yaml/snakeyaml/1.26/snakeyaml-1.26.jar:/Users/ip192/.m2/repository/org/springframework/boot/spring-boot-starter-json/2.3.2.RELEASE/spring-boot-starter-json-2.3.2.RELEASE.jar:/Users/ip192/.m2/repository/com/fasterxml/jackson/datatype/jackson-datatype-jdk8/2.11.1/jackson-datatype-jdk8-2.11.1.jar:/Users/ip192/.m2/repository/com/fasterxml/jackson/datatype/jackson-datatype-jsr310/2.11.1/jackson-datatype-jsr310-2.11.1.jar:/Users/ip192/.m2/repository/com/fasterxml/jackson/module/jackson-module-parameter-names/2.11.1/jackson-module-parameter-names-2.11.1.jar:/Users/ip192/.m2/repository/org/springframework/boot/spring-boot-starter-reactor-netty/2.3.2.RELEASE/spring-boot-starter-reactor-netty-2.3.2.RELEASE.jar:/Users/ip192/.m2/repository/io/projectreactor/netty/reactor-netty/0.9.10.RELEASE/reactor-netty-0.9.10.RELEASE.jar:/Users/ip192/.m2/repository/io/netty/netty-codec-http/4.1.51.Final/netty-codec-http-4.1.51.Final.jar:/Users/ip192/.m2/repository/io/netty/netty-common/4.1.51.Final/netty-common-4.1.51.Final.jar:/Users/ip192/.m2/repository/io/netty/netty-buffer/4.1.51.Final/netty-buffer-4.1.51.Final.jar:/Users/ip192/.m2/repository/io/netty/netty-transport/4.1.51.Final/netty-transport-4.1.51.Final.jar:/Users/ip192/.m2/repository/io/netty/netty-codec/4.1.51.Final/netty-codec-4.1.51.Final.jar:/Users/ip192/.m2/repository/io/netty/netty-codec-http2/4.1.51.Final/netty-codec-http2-4.1.51.Final.jar:/Users/ip192/.m2/repository/io/netty/netty-handler/4.1.51.Final/netty-handler-4.1.51.Final.jar:/Users/ip192/.m2/repository/io/netty/netty-resolver/4.1.51.Final/netty-resolver-4.1.51.Final.jar:/Users/ip192/.m2/repository/io/netty/netty-handler-proxy/4.1.51.Final/netty-handler-proxy-4.1.51.Final.jar:/Users/ip192/.m2/repository/io/netty/netty-codec-socks/4.1.51.Final/netty-codec-socks-4.1.51.Final.jar:/Users/ip192/.m2/repository/io/netty/netty-transport-native-epoll/4.1.51.Final/netty-transport-native-epoll-4.1.51.Final-linux-x86_64.jar:/Users/ip192/.m2/repository/io/netty/netty-transport-native-unix-common/4.1.51.Final/netty-transport-native-unix-common-4.1.51.Final.jar:/Users/ip192/.m2/repository/org/springframework/spring-web/5.2.8.RELEASE/spring-web-5.2.8.RELEASE.jar:/Users/ip192/.m2/repository/org/springframework/spring-beans/5.2.8.RELEASE/spring-beans-5.2.8.RELEASE.jar:/Users/ip192/.m2/repository/org/springframework/spring-webflux/5.2.8.RELEASE/spring-webflux-5.2.8.RELEASE.jar:/Users/ip192/.m2/repository/org/synchronoss/cloud/nio-multipart-parser/1.1.0/nio-multipart-parser-1.1.0.jar:/Users/ip192/.m2/repository/org/synchronoss/cloud/nio-stream-storage/1.1.3/nio-stream-storage-1.1.3.jar:/Users/ip192/.m2/repository/org/springframework/boot/spring-boot-starter-actuator/2.3.2.RELEASE/spring-boot-starter-actuator-2.3.2.RELEASE.jar:/Users/ip192/.m2/repository/org/springframework/boot/spring-boot-actuator-autoconfigure/2.3.2.RELEASE/spring-boot-actuator-autoconfigure-2.3.2.RELEASE.jar:/Users/ip192/.m2/repository/org/springframework/boot/spring-boot-actuator/2.3.2.RELEASE/spring-boot-actuator-2.3.2.RELEASE.jar:/Users/ip192/.m2/repository/org/springframework/cloud/spring-cloud-starter-circuitbreaker-reactor-resilience4j/1.0.4.RELEASE/spring-cloud-starter-circuitbreaker-reactor-resilience4j-1.0.4.RELEASE.jar:/Users/ip192/.m2/repository/org/springframework/cloud/spring-cloud-circuitbreaker-resilience4j/1.0.4.RELEASE/spring-cloud-circuitbreaker-resilience4j-1.0.4.RELEASE.jar:/Users/ip192/.m2/repository/io/github/resilience4j/resilience4j-circuitbreaker/1.3.1/resilience4j-circuitbreaker-1.3.1.jar:/Users/ip192/.m2/repository/io/vavr/vavr/0.10.2/vavr-0.10.2.jar:/Users/ip192/.m2/repository/io/vavr/vavr-match/0.10.2/vavr-match-0.10.2.jar:/Users/ip192/.m2/repository/io/github/resilience4j/resilience4j-core/1.3.1/resilience4j-core-1.3.1.jar:/Users/ip192/.m2/repository/io/github/resilience4j/resilience4j-timelimiter/1.3.1/resilience4j-timelimiter-1.3.1.jar:/Users/ip192/.m2/repository/io/github/resilience4j/resilience4j-reactor/1.3.1/resilience4j-reactor-1.3.1.jar:/Users/ip192/.m2/repository/org/springframework/boot/spring-boot-configuration-processor/2.3.2.RELEASE/spring-boot-configuration-processor-2.3.2.RELEASE.jar:/Users/ip192/.m2/repository/org/springframework/boot/spring-boot-starter-test/2.3.2.RELEASE/spring-boot-starter-test-2.3.2.RELEASE.jar:/Users/ip192/.m2/repository/org/springframework/boot/spring-boot-test/2.3.2.RELEASE/spring-boot-test-2.3.2.RELEASE.jar:/Users/ip192/.m2/repository/org/springframework/boot/spring-boot-test-autoconfigure/2.3.2.RELEASE/spring-boot-test-autoconfigure-2.3.2.RELEASE.jar:/Users/ip192/.m2/repository/com/jayway/jsonpath/json-path/2.4.0/json-path-2.4.0.jar:/Users/ip192/.m2/repository/net/minidev/json-smart/2.3/json-smart-2.3.jar:/Users/ip192/.m2/repository/net/minidev/accessors-smart/1.2/accessors-smart-1.2.jar:/Users/ip192/.m2/repository/jakarta/xml/bind/jakarta.xml.bind-api/2.3.3/jakarta.xml.bind-api-2.3.3.jar:/Users/ip192/.m2/repository/jakarta/activation/jakarta.activation-api/1.2.2/jakarta.activation-api-1.2.2.jar:/Users/ip192/.m2/repository/org/assertj/assertj-core/3.16.1/assertj-core-3.16.1.jar:/Users/ip192/.m2/repository/org/hamcrest/hamcrest/2.2/hamcrest-2.2.jar:/Users/ip192/.m2/repository/org/junit/jupiter/junit-jupiter/5.6.2/junit-jupiter-5.6.2.jar:/Users/ip192/.m2/repository/org/junit/jupiter/junit-jupiter-api/5.6.2/junit-jupiter-api-5.6.2.jar:/Users/ip192/.m2/repository/org/junit/platform/junit-platform-commons/1.6.2/junit-platform-commons-1.6.2.jar:/Users/ip192/.m2/repository/org/junit/jupiter/junit-jupiter-params/5.6.2/junit-jupiter-params-5.6.2.jar:/Users/ip192/.m2/repository/org/junit/jupiter/junit-jupiter-engine/5.6.2/junit-jupiter-engine-5.6.2.jar:/Users/ip192/.m2/repository/org/junit/vintage/junit-vintage-engine/5.6.2/junit-vintage-engine-5.6.2.jar:/Users/ip192/.m2/repository/org/apiguardian/apiguardian-api/1.1.0/apiguardian-api-1.1.0.jar:/Users/ip192/.m2/repository/org/junit/platform/junit-platform-engine/1.6.2/junit-platform-engine-1.6.2.jar:/Users/ip192/.m2/repository/junit/junit/4.13/junit-4.13.jar:/Users/ip192/.m2/repository/org/mockito/mockito-core/3.3.3/mockito-core-3.3.3.jar:/Users/ip192/.m2/repository/net/bytebuddy/byte-buddy/1.10.13/byte-buddy-1.10.13.jar:/Users/ip192/.m2/repository/net/bytebuddy/byte-buddy-agent/1.10.13/byte-buddy-agent-1.10.13.jar:/Users/ip192/.m2/repository/org/objenesis/objenesis/2.6/objenesis-2.6.jar:/Users/ip192/.m2/repository/org/mockito/mockito-junit-jupiter/3.3.3/mockito-junit-jupiter-3.3.3.jar:/Users/ip192/.m2/repository/org/skyscreamer/jsonassert/1.5.0/jsonassert-1.5.0.jar:/Users/ip192/.m2/repository/com/vaadin/external/google/android-json/0.0.20131108.vaadin1/android-json-0.0.20131108.vaadin1.jar:/Users/ip192/.m2/repository/org/springframework/spring-core/5.2.8.RELEASE/spring-core-5.2.8.RELEASE.jar:/Users/ip192/.m2/repository/org/springframework/spring-jcl/5.2.8.RELEASE/spring-jcl-5.2.8.RELEASE.jar:/Users/ip192/.m2/repository/org/springframework/spring-test/5.2.8.RELEASE/spring-test-5.2.8.RELEASE.jar:/Users/ip192/.m2/repository/org/xmlunit/xmlunit-core/2.7.0/xmlunit-core-2.7.0.jar:/Users/ip192/.m2/repository/com/github/tomakehurst/wiremock-jre8/2.27.2/wiremock-jre8-2.27.2.jar:/Users/ip192/.m2/repository/org/eclipse/jetty/jetty-server/9.4.30.v20200611/jetty-server-9.4.30.v20200611.jar:/Users/ip192/.m2/repository/javax/servlet/javax.servlet-api/4.0.1/javax.servlet-api-4.0.1.jar:/Users/ip192/.m2/repository/org/eclipse/jetty/jetty-http/9.4.30.v20200611/jetty-http-9.4.30.v20200611.jar:/Users/ip192/.m2/repository/org/eclipse/jetty/jetty-io/9.4.30.v20200611/jetty-io-9.4.30.v20200611.jar:/Users/ip192/.m2/repository/org/eclipse/jetty/jetty-servlet/9.4.30.v20200611/jetty-servlet-9.4.30.v20200611.jar:/Users/ip192/.m2/repository/org/eclipse/jetty/jetty-security/9.4.30.v20200611/jetty-security-9.4.30.v20200611.jar:/Users/ip192/.m2/repository/org/eclipse/jetty/jetty-servlets/9.4.30.v20200611/jetty-servlets-9.4.30.v20200611.jar:/Users/ip192/.m2/repository/org/eclipse/jetty/jetty-continuation/9.4.30.v20200611/jetty-continuation-9.4.30.v20200611.jar:/Users/ip192/.m2/repository/org/eclipse/jetty/jetty-util/9.4.30.v20200611/jetty-util-9.4.30.v20200611.jar:/Users/ip192/.m2/repository/org/eclipse/jetty/jetty-webapp/9.4.30.v20200611/jetty-webapp-9.4.30.v20200611.jar:/Users/ip192/.m2/repository/org/eclipse/jetty/jetty-xml/9.4.30.v20200611/jetty-xml-9.4.30.v20200611.jar:/Users/ip192/.m2/repository/org/eclipse/jetty/jetty-proxy/9.4.30.v20200611/jetty-proxy-9.4.30.v20200611.jar:/Users/ip192/.m2/repository/org/eclipse/jetty/jetty-client/9.4.30.v20200611/jetty-client-9.4.30.v20200611.jar:/Users/ip192/.m2/repository/com/google/guava/guava/29.0-jre/guava-29.0-jre.jar:/Users/ip192/.m2/repository/com/google/guava/failureaccess/1.0.1/failureaccess-1.0.1.jar:/Users/ip192/.m2/repository/com/google/guava/listenablefuture/9999.0-empty-to-avoid-conflict-with-guava/listenablefuture-9999.0-empty-to-avoid-conflict-with-guava.jar:/Users/ip192/.m2/repository/com/google/code/findbugs/jsr305/3.0.2/jsr305-3.0.2.jar:/Users/ip192/.m2/repository/org/checkerframework/checker-qual/2.11.1/checker-qual-2.11.1.jar:/Users/ip192/.m2/repository/com/google/errorprone/error_prone_annotations/2.3.4/error_prone_annotations-2.3.4.jar:/Users/ip192/.m2/repository/com/google/j2objc/j2objc-annotations/1.3/j2objc-annotations-1.3.jar:/Users/ip192/.m2/repository/com/fasterxml/jackson/core/jackson-core/2.11.1/jackson-core-2.11.1.jar:/Users/ip192/.m2/repository/com/fasterxml/jackson/core/jackson-annotations/2.11.1/jackson-annotations-2.11.1.jar:/Users/ip192/.m2/repository/com/fasterxml/jackson/core/jackson-databind/2.11.1/jackson-databind-2.11.1.jar:/Users/ip192/.m2/repository/org/xmlunit/xmlunit-legacy/2.7.0/xmlunit-legacy-2.7.0.jar:/Users/ip192/.m2/repository/org/xmlunit/xmlunit-placeholders/2.7.0/xmlunit-placeholders-2.7.0.jar:/Users/ip192/.m2/repository/org/ow2/asm/asm/7.0/asm-7.0.jar:/Users/ip192/.m2/repository/org/slf4j/slf4j-api/1.7.30/slf4j-api-1.7.30.jar:/Users/ip192/.m2/repository/net/sf/jopt-simple/jopt-simple/5.0.3/jopt-simple-5.0.3.jar:/Users/ip192/.m2/repository/org/apache/commons/commons-lang3/3.10/commons-lang3-3.10.jar:/Users/ip192/.m2/repository/com/github/jknack/handlebars/4.2.0/handlebars-4.2.0.jar:/Users/ip192/.m2/repository/com/github/jknack/handlebars-helpers/4.2.0/handlebars-helpers-4.2.0.jar:/Users/ip192/.m2/repository/com/flipkart/zjsonpatch/zjsonpatch/0.4.4/zjsonpatch-0.4.4.jar:/Users/ip192/.m2/repository/commons-fileupload/commons-fileupload/1.4/commons-fileupload-1.4.jar:/Users/ip192/.m2/repository/commons-io/commons-io/2.2/commons-io-2.2.jar:/Users/ip192/.m2/repository/org/eclipse/jetty/http2/http2-server/9.4.30.v20200611/http2-server-9.4.30.v20200611.jar:/Users/ip192/.m2/repository/org/eclipse/jetty/http2/http2-common/9.4.30.v20200611/http2-common-9.4.30.v20200611.jar:/Users/ip192/.m2/repository/org/eclipse/jetty/http2/http2-hpack/9.4.30.v20200611/http2-hpack-9.4.30.v20200611.jar:/Users/ip192/.m2/repository/org/eclipse/jetty/jetty-alpn-server/9.4.30.v20200611/jetty-alpn-server-9.4.30.v20200611.jar:/Users/ip192/.m2/repository/org/eclipse/jetty/jetty-alpn-conscrypt-server/9.4.30.v20200611/jetty-alpn-conscrypt-server-9.4.30.v20200611.jar:/Users/ip192/.m2/repository/org/eclipse/jetty/jetty-alpn-conscrypt-client/9.4.30.v20200611/jetty-alpn-conscrypt-client-9.4.30.v20200611.jar:/Users/ip192/.m2/repository/org/eclipse/jetty/jetty-alpn-client/9.4.30.v20200611/jetty-alpn-client-9.4.30.v20200611.jar:/Users/ip192/.m2/repository/org/conscrypt/conscrypt-openjdk-uber/2.2.1/conscrypt-openjdk-uber-2.2.1.jar:/Users/ip192/.m2/repository/net/javacrumbs/json-unit/json-unit-core/2.12.0/json-unit-core-2.12.0.jar:/Users/ip192/.m2/repository/org/opentest4j/opentest4j/1.1.1/opentest4j-1.1.1.jar:/Users/ip192/.m2/repository/org/hamcrest/hamcrest-core/2.2/hamcrest-core-2.2.jar:/Users/ip192/.m2/repository/org/awaitility/awaitility/4.0.3/awaitility-4.0.3.jar:/Users/ip192/.m2/repository/io/projectreactor/reactor-test/3.3.8.RELEASE/reactor-test-3.3.8.RELEASE.jar:/Users/ip192/.m2/repository/io/projectreactor/reactor-core/3.3.8.RELEASE/reactor-core-3.3.8.RELEASE.jar:/Users/ip192/.m2/repository/org/reactivestreams/reactive-streams/1.0.3/reactive-streams-1.0.3.jar:/Users/ip192/.m2/repository/io/micrometer/micrometer-core/1.5.3/micrometer-core-1.5.3.jar:/Users/ip192/.m2/repository/org/hdrhistogram/HdrHistogram/2.1.12/HdrHistogram-2.1.12.jar:/Users/ip192/.m2/repository/org/latencyutils/LatencyUtils/2.0.3/LatencyUtils-2.0.3.jar:/Users/ip192/.m2/repository/io/micrometer/micrometer-registry-prometheus/1.5.3/micrometer-registry-prometheus-1.5.3.jar:/Users/ip192/.m2/repository/io/prometheus/simpleclient_common/0.8.1/simpleclient_common-0.8.1.jar:/Users/ip192/.m2/repository/io/prometheus/simpleclient/0.8.1/simpleclient-0.8.1.jar:/Users/ip192/.m2/repository/org/apache/httpcomponents/httpclient/4.5.12/httpclient-4.5.12.jar:/Users/ip192/.m2/repository/org/apache/httpcomponents/httpcore/4.4.13/httpcore-4.4.13.jar:/Users/ip192/.m2/repository/commons-codec/commons-codec/1.14/commons-codec-1.14.jar:"/>
    <property name="sun.cpu.endian" value="little"/>
    <property name="user.home" value="/Users/ip192"/>
    <property name="user.language" value="zh"/>
    <property name="java.specification.vendor" value="Oracle Corporation"/>
    <property name="java.home" value="/Library/Java/JavaVirtualMachines/temurin-8.jdk/Contents/Home/jre"/>
    <property name="https.proxyHost" value="127.0.0.1"/>
    <property name="file.separator" value="/"/>
    <property name="basedir" value="/Users/ip192/work/Projects/java/gateway-demo/gateway-service"/>
    <property name="line.separator" value="&#10;"/>
    <property name="java.vm.specification.vendor" value="Oracle Corporation"/>
    <property name="java.specification.name" value="Java Platform API Specification"/>
    <property name="java.awt.graphicsenv" value="sun.awt.CGraphicsEnvironment"/>
    <property name="java.awt.headless" value="true"/>
    <property name="surefire.real.class.path" value="/Users/ip192/work/Projects/java/gateway-demo/gateway-service/target/surefire/surefirebooter-20250906233111955_3.jar"/>
    <property name="sun.boot.class.path" value="/Library/Java/JavaVirtualMachines/temurin-8.jdk/Contents/Home/jre/lib/resources.jar:/Library/Java/JavaVirtualMachines/temurin-8.jdk/Contents/Home/jre/lib/rt.jar:/Library/Java/JavaVirtualMachines/temurin-8.jdk/Contents/Home/jre/lib/sunrsasign.jar:/Library/Java/JavaVirtualMachines/temurin-8.jdk/Contents/Home/jre/lib/jsse.jar:/Library/Java/JavaVirtualMachines/temurin-8.jdk/Contents/Home/jre/lib/jce.jar:/Library/Java/JavaVirtualMachines/temurin-8.jdk/Contents/Home/jre/lib/charsets.jar:/Library/Java/JavaVirtualMachines/temurin-8.jdk/Contents/Home/jre/lib/jfr.jar:/Library/Java/JavaVirtualMachines/temurin-8.jdk/Contents/Home/jre/classes"/>
    <property name="sun.management.compiler" value="HotSpot 64-Bit Tiered Compilers"/>
    <property name="ftp.nonProxyHosts" value="127.0.0.1|192.168.0.0/16|*.192.168.0.0/16|10.0.0.0/8|*.10.0.0.0/8|172.16.0.0/12|*.172.16.0.0/12|172.29.0.0/16|*.172.29.0.0/16|localhost|*.localhost|local|*.local|crashlytics.com|*.crashlytics.com|&lt;local&gt;|*.&lt;local&gt;"/>
    <property name="java.runtime.version" value="1.8.0_452-b09"/>
    <property name="user.name" value="ip192"/>
    <property name="path.separator" value=":"/>
    <property name="os.version" value="15.6.1"/>
    <property name="java.endorsed.dirs" value="/Library/Java/JavaVirtualMachines/temurin-8.jdk/Contents/Home/jre/lib/endorsed"/>
    <property name="java.runtime.name" value="OpenJDK Runtime Environment"/>
    <property name="file.encoding" value="UTF-8"/>
    <property name="spring.beaninfo.ignore" value="true"/>
    <property name="sun.nio.ch.bugLevel" value=""/>
    <property name="java.vm.name" value="OpenJDK 64-Bit Server VM"/>
    <property name="localRepository" value="/Users/ip192/.m2/repository"/>
    <property name="jetty.git.hash" value="271836e4c1f4612f12b7bb13ef5a92a927634b0d"/>
    <property name="java.vendor.url.bug" value="https://github.com/adoptium/adoptium-support/issues"/>
    <property name="java.io.tmpdir" value="/var/folders/3m/1c0_y67s1dz0zfp5gwv7rn5c0000gn/T/"/>
    <property name="java.version" value="1.8.0_452"/>
    <property name="user.dir" value="/Users/ip192/work/Projects/java/gateway-demo/gateway-service"/>
    <property name="os.arch" value="x86_64"/>
    <property name="socksProxyPort" value="7897"/>
    <property name="PID" value="14839"/>
    <property name="java.vm.specification.name" value="Java Virtual Machine Specification"/>
    <property name="java.awt.printerjob" value="sun.lwawt.macosx.CPrinterJob"/>
    <property name="sun.os.patch.level" value="unknown"/>
    <property name="java.library.path" value="/Users/ip192/Library/Java/Extensions:/Library/Java/Extensions:/Network/Library/Java/Extensions:/System/Library/Java/Extensions:/usr/lib/java:."/>
    <property name="java.vendor" value="Temurin"/>
    <property name="java.vm.info" value="mixed mode"/>
    <property name="java.vm.version" value="25.452-b09"/>
    <property name="java.specification.maintenance.version" value="6"/>
    <property name="sun.io.unicode.encoding" value="UnicodeBig"/>
    <property name="java.ext.dirs" value="/Users/ip192/Library/Java/Extensions:/Library/Java/JavaVirtualMachines/temurin-8.jdk/Contents/Home/jre/lib/ext:/Library/Java/Extensions:/Network/Library/Java/Extensions:/System/Library/Java/Extensions:/usr/lib/java"/>
    <property name="java.class.version" value="52.0"/>
    <property name="socksNonProxyHosts" value="127.0.0.1|192.168.0.0/16|*.192.168.0.0/16|10.0.0.0/8|*.10.0.0.0/8|172.16.0.0/12|*.172.16.0.0/12|172.29.0.0/16|*.172.29.0.0/16|localhost|*.localhost|local|*.local|crashlytics.com|*.crashlytics.com|&lt;local&gt;|*.&lt;local&gt;"/>
    <property name="http.proxyPort" value="7897"/>
  </properties>
  <testcase name="testRouteOrdering" classname="com.example.gateway.RoutePathMatchingPropertiesTest" time="0.19">
    <failure message="&#10;Expecting map:&#10; &lt;{&quot;order&quot;=&quot;10&quot;}&gt;&#10;to contain:&#10; &lt;[MapEntry[key=&quot;order&quot;, value=10]]&gt;&#10;but could not find the following map entries:&#10; &lt;[MapEntry[key=&quot;order&quot;, value=10]]&gt;&#10;" type="java.lang.AssertionError"><![CDATA[java.lang.AssertionError: 

Expecting map:
 <{"order"="10"}>
to contain:
 <[MapEntry[key="order", value=10]]]]><![CDATA[>
but could not find the following map entries:
 <[MapEntry[key="order", value=10]]]]><![CDATA[>

	at com.example.gateway.RoutePathMatchingPropertiesTest.testRouteOrdering(RoutePathMatchingPropertiesTest.java:223)
	at sun.reflect.NativeMethodAccessorImpl.invoke0(Native Method)
	at sun.reflect.NativeMethodAccessorImpl.invoke(NativeMethodAccessorImpl.java:62)
	at sun.reflect.DelegatingMethodAccessorImpl.invoke(DelegatingMethodAccessorImpl.java:43)
	at java.lang.reflect.Method.invoke(Method.java:498)
	at org.junit.platform.commons.util.ReflectionUtils.invokeMethod(ReflectionUtils.java:686)
	at org.junit.jupiter.engine.execution.MethodInvocation.proceed(MethodInvocation.java:60)
	at org.junit.jupiter.engine.execution.InvocationInterceptorChain$ValidatingInvocation.proceed(InvocationInterceptorChain.java:131)
	at org.junit.jupiter.engine.extension.TimeoutExtension.intercept(TimeoutExtension.java:149)
	at org.junit.jupiter.engine.extension.TimeoutExtension.interceptTestableMethod(TimeoutExtension.java:140)
	at org.junit.jupiter.engine.extension.TimeoutExtension.interceptTestMethod(TimeoutExtension.java:84)
	at org.junit.jupiter.engine.execution.ExecutableInvoker$ReflectiveInterceptorCall.lambda$ofVoidMethod$0(ExecutableInvoker.java:115)
	at org.junit.jupiter.engine.execution.ExecutableInvoker.lambda$invoke$0(ExecutableInvoker.java:105)
	at org.junit.jupiter.engine.execution.InvocationInterceptorChain$InterceptedInvocation.proceed(InvocationInterceptorChain.java:106)
	at org.junit.jupiter.engine.execution.InvocationInterceptorChain.proceed(InvocationInterceptorChain.java:64)
	at org.junit.jupiter.engine.execution.InvocationInterceptorChain.chainAndInvoke(InvocationInterceptorChain.java:45)
	at org.junit.jupiter.engine.execution.InvocationInterceptorChain.invoke(InvocationInterceptorChain.java:37)
	at org.junit.jupiter.engine.execution.ExecutableInvoker.invoke(ExecutableInvoker.java:104)
	at org.junit.jupiter.engine.execution.ExecutableInvoker.invoke(ExecutableInvoker.java:98)
	at org.junit.jupiter.engine.descriptor.TestMethodTestDescriptor.lambda$invokeTestMethod$6(TestMethodTestDescriptor.java:212)
	at org.junit.platform.engine.support.hierarchical.ThrowableCollector.execute(ThrowableCollector.java:73)
	at org.junit.jupiter.engine.descriptor.TestMethodTestDescriptor.invokeTestMethod(TestMethodTestDescriptor.java:208)
	at org.junit.jupiter.engine.descriptor.TestMethodTestDescriptor.execute(TestMethodTestDescriptor.java:137)
	at org.junit.jupiter.engine.descriptor.TestMethodTestDescriptor.execute(TestMethodTestDescriptor.java:71)
	at org.junit.platform.engine.support.hierarchical.NodeTestTask.lambda$executeRecursively$5(NodeTestTask.java:135)
	at org.junit.platform.engine.support.hierarchical.ThrowableCollector.execute(ThrowableCollector.java:73)
	at org.junit.platform.engine.support.hierarchical.NodeTestTask.lambda$executeRecursively$7(NodeTestTask.java:125)
	at org.junit.platform.engine.support.hierarchical.Node.around(Node.java:135)
	at org.junit.platform.engine.support.hierarchical.NodeTestTask.lambda$executeRecursively$8(NodeTestTask.java:123)
	at org.junit.platform.engine.support.hierarchical.ThrowableCollector.execute(ThrowableCollector.java:73)
	at org.junit.platform.engine.support.hierarchical.NodeTestTask.executeRecursively(NodeTestTask.java:122)
	at org.junit.platform.engine.support.hierarchical.NodeTestTask.execute(NodeTestTask.java:80)
	at java.util.ArrayList.forEach(ArrayList.java:1259)
	at org.junit.platform.engine.support.hierarchical.SameThreadHierarchicalTestExecutorService.invokeAll(SameThreadHierarchicalTestExecutorService.java:38)
	at org.junit.platform.engine.support.hierarchical.NodeTestTask.lambda$executeRecursively$5(NodeTestTask.java:139)
	at org.junit.platform.engine.support.hierarchical.ThrowableCollector.execute(ThrowableCollector.java:73)
	at org.junit.platform.engine.support.hierarchical.NodeTestTask.lambda$executeRecursively$7(NodeTestTask.java:125)
	at org.junit.platform.engine.support.hierarchical.Node.around(Node.java:135)
	at org.junit.platform.engine.support.hierarchical.NodeTestTask.lambda$executeRecursively$8(NodeTestTask.java:123)
	at org.junit.platform.engine.support.hierarchical.ThrowableCollector.execute(ThrowableCollector.java:73)
	at org.junit.platform.engine.support.hierarchical.NodeTestTask.executeRecursively(NodeTestTask.java:122)
	at org.junit.platform.engine.support.hierarchical.NodeTestTask.execute(NodeTestTask.java:80)
	at java.util.ArrayList.forEach(ArrayList.java:1259)
	at org.junit.platform.engine.support.hierarchical.SameThreadHierarchicalTestExecutorService.invokeAll(SameThreadHierarchicalTestExecutorService.java:38)
	at org.junit.platform.engine.support.hierarchical.NodeTestTask.lambda$executeRecursively$5(NodeTestTask.java:139)
	at org.junit.platform.engine.support.hierarchical.ThrowableCollector.execute(ThrowableCollector.java:73)
	at org.junit.platform.engine.support.hierarchical.NodeTestTask.lambda$executeRecursively$7(NodeTestTask.java:125)
	at org.junit.platform.engine.support.hierarchical.Node.around(Node.java:135)
	at org.junit.platform.engine.support.hierarchical.NodeTestTask.lambda$executeRecursively$8(NodeTestTask.java:123)
	at org.junit.platform.engine.support.hierarchical.ThrowableCollector.execute(ThrowableCollector.java:73)
	at org.junit.platform.engine.support.hierarchical.NodeTestTask.executeRecursively(NodeTestTask.java:122)
	at org.junit.platform.engine.support.hierarchical.NodeTestTask.execute(NodeTestTask.java:80)
	at org.junit.platform.engine.support.hierarchical.SameThreadHierarchicalTestExecutorService.submit(SameThreadHierarchicalTestExecutorService.java:32)
	at org.junit.platform.engine.support.hierarchical.HierarchicalTestExecutor.execute(HierarchicalTestExecutor.java:57)
	at org.junit.platform.engine.support.hierarchical.HierarchicalTestEngine.execute(HierarchicalTestEngine.java:51)
	at org.junit.platform.launcher.core.DefaultLauncher.execute(DefaultLauncher.java:248)
	at org.junit.platform.launcher.core.DefaultLauncher.lambda$execute$5(DefaultLauncher.java:211)
	at org.junit.platform.launcher.core.DefaultLauncher.withInterceptedStreams(DefaultLauncher.java:226)
	at org.junit.platform.launcher.core.DefaultLauncher.execute(DefaultLauncher.java:199)
	at org.junit.platform.launcher.core.DefaultLauncher.execute(DefaultLauncher.java:132)
	at org.apache.maven.surefire.junitplatform.LazyLauncher.execute(LazyLauncher.java:56)
	at org.apache.maven.surefire.junitplatform.JUnitPlatformProvider.execute(JUnitPlatformProvider.java:184)
	at org.apache.maven.surefire.junitplatform.JUnitPlatformProvider.invokeAllTests(JUnitPlatformProvider.java:148)
	at org.apache.maven.surefire.junitplatform.JUnitPlatformProvider.invoke(JUnitPlatformProvider.java:122)
	at org.apache.maven.surefire.booter.ForkedBooter.runSuitesInProcess(ForkedBooter.java:385)
	at org.apache.maven.surefire.booter.ForkedBooter.execute(ForkedBooter.java:162)
	at org.apache.maven.surefire.booter.ForkedBooter.run(ForkedBooter.java:507)
	at org.apache.maven.surefire.booter.ForkedBooter.main(ForkedBooter.java:495)
]]></failure>
    <system-out><![CDATA[23:31:12.789 [main] DEBUG org.springframework.test.context.BootstrapUtils - Instantiating CacheAwareContextLoaderDelegate from class [org.springframework.test.context.cache.DefaultCacheAwareContextLoaderDelegate]
23:31:12.796 [main] DEBUG org.springframework.test.context.BootstrapUtils - Instantiating BootstrapContext using constructor [public org.springframework.test.context.support.DefaultBootstrapContext(java.lang.Class,org.springframework.test.context.CacheAwareContextLoaderDelegate)]
23:31:12.837 [main] DEBUG org.springframework.test.context.BootstrapUtils - Instantiating TestContextBootstrapper for test class [com.example.gateway.RoutePathMatchingPropertiesTest] from class [org.springframework.boot.test.context.SpringBootTestContextBootstrapper]
23:31:12.846 [main] INFO org.springframework.boot.test.context.SpringBootTestContextBootstrapper - Neither @ContextConfiguration nor @ContextHierarchy found for test class [com.example.gateway.RoutePathMatchingPropertiesTest], using SpringBootContextLoader
23:31:12.849 [main] DEBUG org.springframework.test.context.support.AbstractContextLoader - Did not detect default resource location for test class [com.example.gateway.RoutePathMatchingPropertiesTest]: class path resource [com/example/gateway/RoutePathMatchingPropertiesTest-context.xml] does not exist
23:31:12.850 [main] DEBUG org.springframework.test.context.support.AbstractContextLoader - Did not detect default resource location for test class [com.example.gateway.RoutePathMatchingPropertiesTest]: class path resource [com/example/gateway/RoutePathMatchingPropertiesTestContext.groovy] does not exist
23:31:12.850 [main] INFO org.springframework.test.context.support.AbstractContextLoader - Could not detect default resource locations for test class [com.example.gateway.RoutePathMatchingPropertiesTest]: no resource found for suffixes {-context.xml, Context.groovy}.
23:31:12.850 [main] INFO org.springframework.test.context.support.AnnotationConfigContextLoaderUtils - Could not detect default configuration classes for test class [com.example.gateway.RoutePathMatchingPropertiesTest]: RoutePathMatchingPropertiesTest does not declare any static, non-private, non-final, nested classes annotated with @Configuration.
23:31:12.885 [main] DEBUG org.springframework.test.context.support.ActiveProfilesUtils - Could not find an 'annotation declaring class' for annotation type [org.springframework.test.context.ActiveProfiles] and class [com.example.gateway.RoutePathMatchingPropertiesTest]
23:31:12.989 [main] DEBUG org.springframework.context.annotation.ClassPathScanningCandidateComponentProvider - Identified candidate component class: file [/Users/ip192/work/Projects/java/gateway-demo/gateway-service/target/classes/com/example/gateway/GatewayApplication.class]
23:31:12.992 [main] INFO org.springframework.boot.test.context.SpringBootTestContextBootstrapper - Found @SpringBootConfiguration com.example.gateway.GatewayApplication for test class com.example.gateway.RoutePathMatchingPropertiesTest
23:31:13.070 [main] DEBUG org.springframework.boot.test.context.SpringBootTestContextBootstrapper - @TestExecutionListeners is not present for class [com.example.gateway.RoutePathMatchingPropertiesTest]: using defaults.
23:31:13.071 [main] INFO org.springframework.boot.test.context.SpringBootTestContextBootstrapper - Loaded default TestExecutionListener class names from location [META-INF/spring.factories]: [org.springframework.boot.test.mock.mockito.MockitoTestExecutionListener, org.springframework.boot.test.mock.mockito.ResetMocksTestExecutionListener, org.springframework.boot.test.autoconfigure.restdocs.RestDocsTestExecutionListener, org.springframework.boot.test.autoconfigure.web.client.MockRestServiceServerResetTestExecutionListener, org.springframework.boot.test.autoconfigure.web.servlet.MockMvcPrintOnlyOnFailureTestExecutionListener, org.springframework.boot.test.autoconfigure.web.servlet.WebDriverTestExecutionListener, org.springframework.boot.test.autoconfigure.webservices.client.MockWebServiceServerTestExecutionListener, org.springframework.test.context.web.ServletTestExecutionListener, org.springframework.test.context.support.DirtiesContextBeforeModesTestExecutionListener, org.springframework.test.context.support.DependencyInjectionTestExecutionListener, org.springframework.test.context.support.DirtiesContextTestExecutionListener, org.springframework.test.context.transaction.TransactionalTestExecutionListener, org.springframework.test.context.jdbc.SqlScriptsTestExecutionListener, org.springframework.test.context.event.EventPublishingTestExecutionListener]
23:31:13.079 [main] DEBUG org.springframework.boot.test.context.SpringBootTestContextBootstrapper - Skipping candidate TestExecutionListener [org.springframework.test.context.transaction.TransactionalTestExecutionListener] due to a missing dependency. Specify custom listener classes or make the default listener classes and their required dependencies available. Offending class: [org/springframework/transaction/interceptor/TransactionAttributeSource]
23:31:13.080 [main] DEBUG org.springframework.boot.test.context.SpringBootTestContextBootstrapper - Skipping candidate TestExecutionListener [org.springframework.test.context.jdbc.SqlScriptsTestExecutionListener] due to a missing dependency. Specify custom listener classes or make the default listener classes and their required dependencies available. Offending class: [org/springframework/transaction/interceptor/TransactionAttribute]
23:31:13.080 [main] INFO org.springframework.boot.test.context.SpringBootTestContextBootstrapper - Using TestExecutionListeners: [org.springframework.test.context.web.ServletTestExecutionListener@61710c6, org.springframework.test.context.support.DirtiesContextBeforeModesTestExecutionListener@3214ee6, org.springframework.boot.test.mock.mockito.MockitoTestExecutionListener@383dc82c, org.springframework.boot.test.autoconfigure.SpringBootDependencyInjectionTestExecutionListener@4a07d605, org.springframework.test.context.support.DirtiesContextTestExecutionListener@74287ea3, org.springframework.test.context.event.EventPublishingTestExecutionListener@7d7758be, org.springframework.boot.test.mock.mockito.ResetMocksTestExecutionListener@2bdd8394, org.springframework.boot.test.autoconfigure.restdocs.RestDocsTestExecutionListener@5f9edf14, org.springframework.boot.test.autoconfigure.web.client.MockRestServiceServerResetTestExecutionListener@68746f22, org.springframework.boot.test.autoconfigure.web.servlet.MockMvcPrintOnlyOnFailureTestExecutionListener@2f01783a, org.springframework.boot.test.autoconfigure.web.servlet.WebDriverTestExecutionListener@68878f6d, org.springframework.boot.test.autoconfigure.webservices.client.MockWebServiceServerTestExecutionListener@41488b16]
23:31:13.083 [main] DEBUG org.springframework.test.context.support.AbstractDirtiesContextTestExecutionListener - Before test class: context [DefaultTestContext@76b07f29 testClass = RoutePathMatchingPropertiesTest, testInstance = [null], testMethod = [null], testException = [null], mergedContextConfiguration = [ReactiveWebMergedContextConfiguration@38af9828 testClass = RoutePathMatchingPropertiesTest, locations = '{}', classes = '{class com.example.gateway.GatewayApplication}', contextInitializerClasses = '[]', activeProfiles = '{}', propertySourceLocations = '{}', propertySourceProperties = '{spring.cloud.gateway.routes[0].id=user-exact-path, spring.cloud.gateway.routes[0].uri=http://localhost:8081, spring.cloud.gateway.routes[0].predicates[0]=Path=/user/profile, spring.cloud.gateway.routes[1].id=user-wildcard-path, spring.cloud.gateway.routes[1].uri=http://localhost:8081, spring.cloud.gateway.routes[1].predicates[0]=Path=/user/**, spring.cloud.gateway.routes[2].id=product-multiple-paths, spring.cloud.gateway.routes[2].uri=http://localhost:8082, spring.cloud.gateway.routes[2].predicates[0]=Path=/product/**,/products/**, spring.cloud.gateway.routes[3].id=api-versioned-path, spring.cloud.gateway.routes[3].uri=http://localhost:8083, spring.cloud.gateway.routes[3].predicates[0]=Path=/api/v{version}/**, spring.cloud.gateway.routes[4].id=admin-complex-path, spring.cloud.gateway.routes[4].uri=http://localhost:8084, spring.cloud.gateway.routes[4].predicates[0]=Path=/admin/{segment}/management/**, spring.cloud.gateway.routes[4].metadata.order=10, org.springframework.boot.test.context.SpringBootTestContextBootstrapper=true, server.port=0}', contextCustomizers = set[org.springframework.boot.test.context.filter.ExcludeFilterContextCustomizer@609cd4d8, org.springframework.boot.test.json.DuplicateJsonObjectContextCustomizerFactory$DuplicateJsonObjectContextCustomizer@13b6aecc, org.springframework.boot.test.mock.mockito.MockitoContextCustomizer@0, org.springframework.boot.test.web.client.TestRestTemplateContextCustomizer@7494f96a, org.springframework.boot.test.web.reactive.server.WebTestClientContextCustomizer@687e99d8, org.springframework.boot.test.autoconfigure.properties.PropertyMappingContextCustomizer@0, org.springframework.boot.test.autoconfigure.web.servlet.WebDriverContextCustomizerFactory$Customizer@d21a74c, org.springframework.boot.test.context.SpringBootTestArgs@1], contextLoader = 'org.springframework.boot.test.context.SpringBootContextLoader', parent = [null]], attributes = map['org.springframework.test.context.web.ServletTestExecutionListener.activateListener' -> false]], class annotated with @DirtiesContext [false] with mode [null].
23:31:13.137 [main] DEBUG org.springframework.test.context.support.DependencyInjectionTestExecutionListener - Performing dependency injection for test context [[DefaultTestContext@76b07f29 testClass = RoutePathMatchingPropertiesTest, testInstance = com.example.gateway.RoutePathMatchingPropertiesTest@6b0d80ed, testMethod = [null], testException = [null], mergedContextConfiguration = [ReactiveWebMergedContextConfiguration@38af9828 testClass = RoutePathMatchingPropertiesTest, locations = '{}', classes = '{class com.example.gateway.GatewayApplication}', contextInitializerClasses = '[]', activeProfiles = '{}', propertySourceLocations = '{}', propertySourceProperties = '{spring.cloud.gateway.routes[0].id=user-exact-path, spring.cloud.gateway.routes[0].uri=http://localhost:8081, spring.cloud.gateway.routes[0].predicates[0]=Path=/user/profile, spring.cloud.gateway.routes[1].id=user-wildcard-path, spring.cloud.gateway.routes[1].uri=http://localhost:8081, spring.cloud.gateway.routes[1].predicates[0]=Path=/user/**, spring.cloud.gateway.routes[2].id=product-multiple-paths, spring.cloud.gateway.routes[2].uri=http://localhost:8082, spring.cloud.gateway.routes[2].predicates[0]=Path=/product/**,/products/**, spring.cloud.gateway.routes[3].id=api-versioned-path, spring.cloud.gateway.routes[3].uri=http://localhost:8083, spring.cloud.gateway.routes[3].predicates[0]=Path=/api/v{version}/**, spring.cloud.gateway.routes[4].id=admin-complex-path, spring.cloud.gateway.routes[4].uri=http://localhost:8084, spring.cloud.gateway.routes[4].predicates[0]=Path=/admin/{segment}/management/**, spring.cloud.gateway.routes[4].metadata.order=10, org.springframework.boot.test.context.SpringBootTestContextBootstrapper=true, server.port=0}', contextCustomizers = set[org.springframework.boot.test.context.filter.ExcludeFilterContextCustomizer@609cd4d8, org.springframework.boot.test.json.DuplicateJsonObjectContextCustomizerFactory$DuplicateJsonObjectContextCustomizer@13b6aecc, org.springframework.boot.test.mock.mockito.MockitoContextCustomizer@0, org.springframework.boot.test.web.client.TestRestTemplateContextCustomizer@7494f96a, org.springframework.boot.test.web.reactive.server.WebTestClientContextCustomizer@687e99d8, org.springframework.boot.test.autoconfigure.properties.PropertyMappingContextCustomizer@0, org.springframework.boot.test.autoconfigure.web.servlet.WebDriverContextCustomizerFactory$Customizer@d21a74c, org.springframework.boot.test.context.SpringBootTestArgs@1], contextLoader = 'org.springframework.boot.test.context.SpringBootContextLoader', parent = [null]], attributes = map['org.springframework.test.context.web.ServletTestExecutionListener.activateListener' -> false]]].
23:31:13.160 [main] DEBUG org.springframework.test.context.support.TestPropertySourceUtils - Adding inlined properties to environment: {spring.jmx.enabled=false, spring.cloud.gateway.routes[0].id=user-exact-path, spring.cloud.gateway.routes[0].uri=http://localhost:8081, spring.cloud.gateway.routes[0].predicates[0]=Path=/user/profile, spring.cloud.gateway.routes[1].id=user-wildcard-path, spring.cloud.gateway.routes[1].uri=http://localhost:8081, spring.cloud.gateway.routes[1].predicates[0]=Path=/user/**, spring.cloud.gateway.routes[2].id=product-multiple-paths, spring.cloud.gateway.routes[2].uri=http://localhost:8082, spring.cloud.gateway.routes[2].predicates[0]=Path=/product/**,/products/**, spring.cloud.gateway.routes[3].id=api-versioned-path, spring.cloud.gateway.routes[3].uri=http://localhost:8083, spring.cloud.gateway.routes[3].predicates[0]=Path=/api/v{version}/**, spring.cloud.gateway.routes[4].id=admin-complex-path, spring.cloud.gateway.routes[4].uri=http://localhost:8084, spring.cloud.gateway.routes[4].predicates[0]=Path=/admin/{segment}/management/**, spring.cloud.gateway.routes[4].metadata.order=10, org.springframework.boot.test.context.SpringBootTestContextBootstrapper=true, server.port=0}

  .   ____          _            __ _ _
 /\\ / ___'_ __ _ _(_)_ __  __ _ \ \ \ \
( ( )\___ | '_ | '_| | '_ \/ _` | \ \ \ \
 \\/  ___)| |_)| | | | | || (_| |  ) ) ) )
  '  |____| .__|_| |_|_| |_\__, | / / / /
 =========|_|==============|___/=/_/_/_/
 :: Spring Boot ::        (v2.3.2.RELEASE)

2025-09-06 23:31:14.001  INFO 14839 --- [           main] c.e.g.RoutePathMatchingPropertiesTest    : No active profile set, falling back to default profiles: default
2025-09-06 23:31:14.909  INFO 14839 --- [           main] o.s.cloud.context.scope.GenericScope     : BeanFactory id=93baae12-64d2-3595-8d5f-2ea1ab75a61c
2025-09-06 23:31:15.054  INFO 14839 --- [           main] org.eclipse.jetty.util.log               : Logging initialized @2951ms to org.eclipse.jetty.util.log.Slf4jLog
2025-09-06 23:31:15.267  INFO 14839 --- [           main] .s.b.w.e.j.JettyReactiveWebServerFactory : Server initialized with port: 0
2025-09-06 23:31:15.275  INFO 14839 --- [           main] org.eclipse.jetty.server.Server          : jetty-9.4.30.v20200611; built: 2020-06-11T12:34:51.929Z; git: 271836e4c1f4612f12b7bb13ef5a92a927634b0d; jvm 1.8.0_452-b09
2025-09-06 23:31:15.330  INFO 14839 --- [           main] o.e.jetty.server.handler.ContextHandler  : Started o.e.j.s.ServletContextHandler@2975a9e{/,null,AVAILABLE}
2025-09-06 23:31:15.333  INFO 14839 --- [           main] org.eclipse.jetty.server.Server          : Started @3230ms
2025-09-06 23:31:15.417  INFO 14839 --- [           main] c.e.g.c.DynamicRoutingConfiguration      : Dynamic routing configuration initialized with circuit breaker and retry support
2025-09-06 23:31:17.036  INFO 14839 --- [           main] o.s.c.g.r.RouteDefinitionRouteLocator    : Loaded RoutePredicateFactory [After]
2025-09-06 23:31:17.036  INFO 14839 --- [           main] o.s.c.g.r.RouteDefinitionRouteLocator    : Loaded RoutePredicateFactory [Before]
2025-09-06 23:31:17.037  INFO 14839 --- [           main] o.s.c.g.r.RouteDefinitionRouteLocator    : Loaded RoutePredicateFactory [Between]
2025-09-06 23:31:17.037  INFO 14839 --- [           main] o.s.c.g.r.RouteDefinitionRouteLocator    : Loaded RoutePredicateFactory [Cookie]
2025-09-06 23:31:17.037  INFO 14839 --- [           main] o.s.c.g.r.RouteDefinitionRouteLocator    : Loaded RoutePredicateFactory [Header]
2025-09-06 23:31:17.037  INFO 14839 --- [           main] o.s.c.g.r.RouteDefinitionRouteLocator    : Loaded RoutePredicateFactory [Host]
2025-09-06 23:31:17.037  INFO 14839 --- [           main] o.s.c.g.r.RouteDefinitionRouteLocator    : Loaded RoutePredicateFactory [Method]
2025-09-06 23:31:17.037  INFO 14839 --- [           main] o.s.c.g.r.RouteDefinitionRouteLocator    : Loaded RoutePredicateFactory [Path]
2025-09-06 23:31:17.037  INFO 14839 --- [           main] o.s.c.g.r.RouteDefinitionRouteLocator    : Loaded RoutePredicateFactory [Query]
2025-09-06 23:31:17.037  INFO 14839 --- [           main] o.s.c.g.r.RouteDefinitionRouteLocator    : Loaded RoutePredicateFactory [ReadBodyPredicateFactory]
2025-09-06 23:31:17.037  INFO 14839 --- [           main] o.s.c.g.r.RouteDefinitionRouteLocator    : Loaded RoutePredicateFactory [RemoteAddr]
2025-09-06 23:31:17.037  INFO 14839 --- [           main] o.s.c.g.r.RouteDefinitionRouteLocator    : Loaded RoutePredicateFactory [Weight]
2025-09-06 23:31:17.037  INFO 14839 --- [           main] o.s.c.g.r.RouteDefinitionRouteLocator    : Loaded RoutePredicateFactory [CloudFoundryRouteService]
2025-09-06 23:31:17.647  INFO 14839 --- [           main] o.s.b.a.e.web.EndpointLinksResolver      : Exposing 3 endpoint(s) beneath base path '/actuator'
2025-09-06 23:31:18.179  INFO 14839 --- [           main] o.e.jetty.server.AbstractConnector       : Started ServerConnector@78116659{HTTP/1.1, (http/1.1)}{0.0.0.0:49218}
2025-09-06 23:31:18.182  INFO 14839 --- [           main] o.s.b.web.embedded.jetty.JettyWebServer  : Jetty started on port(s) 49218 (http/1.1) with context path '/'
2025-09-06 23:31:18.287  INFO 14839 --- [           main] c.e.gateway.config.DynamicRouteLocator   : Loading dynamic routes from configuration
2025-09-06 23:31:18.289  INFO 14839 --- [           main] c.e.gateway.config.DynamicRouteLocator   : No route configurations found
2025-09-06 23:31:18.290  INFO 14839 --- [           main] c.e.g.config.OptimizedRouteLocator       : Route configuration changed, rebuilding cache
2025-09-06 23:31:18.290  INFO 14839 --- [           main] c.e.g.config.OptimizedRouteLocator       : No route configurations found
2025-09-06 23:31:18.374  INFO 14839 --- [           main] c.e.gateway.service.RouteRefreshService  : Received RefreshRoutesEvent, routes will be reloaded
2025-09-06 23:31:18.374  WARN 14839 --- [           main] c.e.gateway.service.RouteRefreshService  : No routes found in current configuration
2025-09-06 23:31:18.381  INFO 14839 --- [           main] c.e.g.RoutePathMatchingPropertiesTest    : Started RoutePathMatchingPropertiesTest in 5.217 seconds (JVM running for 6.279)
2025-09-06 23:31:18.389  INFO 14839 --- [           main] c.e.g.c.GatewayRoutingConfiguration      : Validating gateway routing configuration...
2025-09-06 23:31:18.389  WARN 14839 --- [           main] c.e.g.c.GatewayRoutingConfiguration      : No routes configured in gateway.routes property
]]></system-out>
  </testcase>
  <testcase name="testNonMatchingPaths" classname="com.example.gateway.RoutePathMatchingPropertiesTest" time="0.28"/>
  <testcase name="testPathVariables" classname="com.example.gateway.RoutePathMatchingPropertiesTest" time="0.381">
    <error message="Error while extracting response for type [class java.lang.String] and content type [application/json]; nested exception is org.apache.http.MalformedChunkCodingException: CRLF expected at end of chunk" type="org.springframework.web.client.RestClientException"><![CDATA[org.springframework.web.client.RestClientException: Error while extracting response for type [class java.lang.String] and content type [application/json]; nested exception is org.apache.http.MalformedChunkCodingException: CRLF expected at end of chunk
	at org.springframework.web.client.HttpMessageConverterExtractor.extractData(HttpMessageConverterExtractor.java:120)
	at org.springframework.web.client.RestTemplate$ResponseEntityResponseExtractor.extractData(RestTemplate.java:998)
	at org.springframework.web.client.RestTemplate$ResponseEntityResponseExtractor.extractData(RestTemplate.java:981)
	at org.springframework.web.client.RestTemplate.doExecute(RestTemplate.java:741)
	at org.springframework.web.client.RestTemplate.execute(RestTemplate.java:674)
	at org.springframework.web.client.RestTemplate.getForEntity(RestTemplate.java:342)
	at org.springframework.boot.test.web.client.TestRestTemplate.getForEntity(TestRestTemplate.java:233)
	at com.example.gateway.RoutePathMatchingPropertiesTest.testPathVariables(RoutePathMatchingPropertiesTest.java:130)
	at sun.reflect.NativeMethodAccessorImpl.invoke0(Native Method)
	at sun.reflect.NativeMethodAccessorImpl.invoke(NativeMethodAccessorImpl.java:62)
	at sun.reflect.DelegatingMethodAccessorImpl.invoke(DelegatingMethodAccessorImpl.java:43)
	at java.lang.reflect.Method.invoke(Method.java:498)
	at org.junit.platform.commons.util.ReflectionUtils.invokeMethod(ReflectionUtils.java:686)
	at org.junit.jupiter.engine.execution.MethodInvocation.proceed(MethodInvocation.java:60)
	at org.junit.jupiter.engine.execution.InvocationInterceptorChain$ValidatingInvocation.proceed(InvocationInterceptorChain.java:131)
	at org.junit.jupiter.engine.extension.TimeoutExtension.intercept(TimeoutExtension.java:149)
	at org.junit.jupiter.engine.extension.TimeoutExtension.interceptTestableMethod(TimeoutExtension.java:140)
	at org.junit.jupiter.engine.extension.TimeoutExtension.interceptTestMethod(TimeoutExtension.java:84)
	at org.junit.jupiter.engine.execution.ExecutableInvoker$ReflectiveInterceptorCall.lambda$ofVoidMethod$0(ExecutableInvoker.java:115)
	at org.junit.jupiter.engine.execution.ExecutableInvoker.lambda$invoke$0(ExecutableInvoker.java:105)
	at org.junit.jupiter.engine.execution.InvocationInterceptorChain$InterceptedInvocation.proceed(InvocationInterceptorChain.java:106)
	at org.junit.jupiter.engine.execution.InvocationInterceptorChain.proceed(InvocationInterceptorChain.java:64)
	at org.junit.jupiter.engine.execution.InvocationInterceptorChain.chainAndInvoke(InvocationInterceptorChain.java:45)
	at org.junit.jupiter.engine.execution.InvocationInterceptorChain.invoke(InvocationInterceptorChain.java:37)
	at org.junit.jupiter.engine.execution.ExecutableInvoker.invoke(ExecutableInvoker.java:104)
	at org.junit.jupiter.engine.execution.ExecutableInvoker.invoke(ExecutableInvoker.java:98)
	at org.junit.jupiter.engine.descriptor.TestMethodTestDescriptor.lambda$invokeTestMethod$6(TestMethodTestDescriptor.java:212)
	at org.junit.platform.engine.support.hierarchical.ThrowableCollector.execute(ThrowableCollector.java:73)
	at org.junit.jupiter.engine.descriptor.TestMethodTestDescriptor.invokeTestMethod(TestMethodTestDescriptor.java:208)
	at org.junit.jupiter.engine.descriptor.TestMethodTestDescriptor.execute(TestMethodTestDescriptor.java:137)
	at org.junit.jupiter.engine.descriptor.TestMethodTestDescriptor.execute(TestMethodTestDescriptor.java:71)
	at org.junit.platform.engine.support.hierarchical.NodeTestTask.lambda$executeRecursively$5(NodeTestTask.java:135)
	at org.junit.platform.engine.support.hierarchical.ThrowableCollector.execute(ThrowableCollector.java:73)
	at org.junit.platform.engine.support.hierarchical.NodeTestTask.lambda$executeRecursively$7(NodeTestTask.java:125)
	at org.junit.platform.engine.support.hierarchical.Node.around(Node.java:135)
	at org.junit.platform.engine.support.hierarchical.NodeTestTask.lambda$executeRecursively$8(NodeTestTask.java:123)
	at org.junit.platform.engine.support.hierarchical.ThrowableCollector.execute(ThrowableCollector.java:73)
	at org.junit.platform.engine.support.hierarchical.NodeTestTask.executeRecursively(NodeTestTask.java:122)
	at org.junit.platform.engine.support.hierarchical.NodeTestTask.execute(NodeTestTask.java:80)
	at java.util.ArrayList.forEach(ArrayList.java:1259)
	at org.junit.platform.engine.support.hierarchical.SameThreadHierarchicalTestExecutorService.invokeAll(SameThreadHierarchicalTestExecutorService.java:38)
	at org.junit.platform.engine.support.hierarchical.NodeTestTask.lambda$executeRecursively$5(NodeTestTask.java:139)
	at org.junit.platform.engine.support.hierarchical.ThrowableCollector.execute(ThrowableCollector.java:73)
	at org.junit.platform.engine.support.hierarchical.NodeTestTask.lambda$executeRecursively$7(NodeTestTask.java:125)
	at org.junit.platform.engine.support.hierarchical.Node.around(Node.java:135)
	at org.junit.platform.engine.support.hierarchical.NodeTestTask.lambda$executeRecursively$8(NodeTestTask.java:123)
	at org.junit.platform.engine.support.hierarchical.ThrowableCollector.execute(ThrowableCollector.java:73)
	at org.junit.platform.engine.support.hierarchical.NodeTestTask.executeRecursively(NodeTestTask.java:122)
	at org.junit.platform.engine.support.hierarchical.NodeTestTask.execute(NodeTestTask.java:80)
	at java.util.ArrayList.forEach(ArrayList.java:1259)
	at org.junit.platform.engine.support.hierarchical.SameThreadHierarchicalTestExecutorService.invokeAll(SameThreadHierarchicalTestExecutorService.java:38)
	at org.junit.platform.engine.support.hierarchical.NodeTestTask.lambda$executeRecursively$5(NodeTestTask.java:139)
	at org.junit.platform.engine.support.hierarchical.ThrowableCollector.execute(ThrowableCollector.java:73)
	at org.junit.platform.engine.support.hierarchical.NodeTestTask.lambda$executeRecursively$7(NodeTestTask.java:125)
	at org.junit.platform.engine.support.hierarchical.Node.around(Node.java:135)
	at org.junit.platform.engine.support.hierarchical.NodeTestTask.lambda$executeRecursively$8(NodeTestTask.java:123)
	at org.junit.platform.engine.support.hierarchical.ThrowableCollector.execute(ThrowableCollector.java:73)
	at org.junit.platform.engine.support.hierarchical.NodeTestTask.executeRecursively(NodeTestTask.java:122)
	at org.junit.platform.engine.support.hierarchical.NodeTestTask.execute(NodeTestTask.java:80)
	at org.junit.platform.engine.support.hierarchical.SameThreadHierarchicalTestExecutorService.submit(SameThreadHierarchicalTestExecutorService.java:32)
	at org.junit.platform.engine.support.hierarchical.HierarchicalTestExecutor.execute(HierarchicalTestExecutor.java:57)
	at org.junit.platform.engine.support.hierarchical.HierarchicalTestEngine.execute(HierarchicalTestEngine.java:51)
	at org.junit.platform.launcher.core.DefaultLauncher.execute(DefaultLauncher.java:248)
	at org.junit.platform.launcher.core.DefaultLauncher.lambda$execute$5(DefaultLauncher.java:211)
	at org.junit.platform.launcher.core.DefaultLauncher.withInterceptedStreams(DefaultLauncher.java:226)
	at org.junit.platform.launcher.core.DefaultLauncher.execute(DefaultLauncher.java:199)
	at org.junit.platform.launcher.core.DefaultLauncher.execute(DefaultLauncher.java:132)
	at org.apache.maven.surefire.junitplatform.LazyLauncher.execute(LazyLauncher.java:56)
	at org.apache.maven.surefire.junitplatform.JUnitPlatformProvider.execute(JUnitPlatformProvider.java:184)
	at org.apache.maven.surefire.junitplatform.JUnitPlatformProvider.invokeAllTests(JUnitPlatformProvider.java:148)
	at org.apache.maven.surefire.junitplatform.JUnitPlatformProvider.invoke(JUnitPlatformProvider.java:122)
	at org.apache.maven.surefire.booter.ForkedBooter.runSuitesInProcess(ForkedBooter.java:385)
	at org.apache.maven.surefire.booter.ForkedBooter.execute(ForkedBooter.java:162)
	at org.apache.maven.surefire.booter.ForkedBooter.run(ForkedBooter.java:507)
	at org.apache.maven.surefire.booter.ForkedBooter.main(ForkedBooter.java:495)
Caused by: org.apache.http.MalformedChunkCodingException: CRLF expected at end of chunk
	at org.apache.http.impl.io.ChunkedInputStream.getChunkSize(ChunkedInputStream.java:250)
	at org.apache.http.impl.io.ChunkedInputStream.nextChunk(ChunkedInputStream.java:222)
	at org.apache.http.impl.io.ChunkedInputStream.read(ChunkedInputStream.java:183)
	at org.apache.http.conn.EofSensorInputStream.read(EofSensorInputStream.java:135)
	at java.io.FilterInputStream.read(FilterInputStream.java:133)
	at java.io.PushbackInputStream.read(PushbackInputStream.java:186)
	at sun.nio.cs.StreamDecoder.readBytes(StreamDecoder.java:284)
	at sun.nio.cs.StreamDecoder.implRead(StreamDecoder.java:326)
	at sun.nio.cs.StreamDecoder.read(StreamDecoder.java:178)
	at java.io.InputStreamReader.read(InputStreamReader.java:184)
	at java.io.Reader.read(Reader.java:140)
	at org.springframework.util.StreamUtils.copyToString(StreamUtils.java:91)
	at org.springframework.http.converter.StringHttpMessageConverter.readInternal(StringHttpMessageConverter.java:96)
	at org.springframework.http.converter.StringHttpMessageConverter.readInternal(StringHttpMessageConverter.java:44)
	at org.springframework.http.converter.AbstractHttpMessageConverter.read(AbstractHttpMessageConverter.java:199)
	at org.springframework.web.client.HttpMessageConverterExtractor.extractData(HttpMessageConverterExtractor.java:114)
	... 74 more
]]></error>
    <system-out><![CDATA[2025-09-06 23:31:18.906  INFO 14839 --- [http@fcc6023-25] c.e.gateway.filter.RequestLoggingFilter  : Request: GET /api/v1/users
2025-09-06 23:31:19.226 ERROR 14839 --- [ctor-http-nio-1] c.e.gateway.filter.ErrorHandlingFilter   : Gateway error occurred: 503 SERVICE_UNAVAILABLE - Service temporarily unavailable

io.netty.channel.AbstractChannel$AnnotatedConnectException: Connection refused: localhost/127.0.0.1:8083
Caused by: java.net.ConnectException: Connection refused
	at sun.nio.ch.SocketChannelImpl.checkConnect(Native Method) ~[na:1.8.0_452]
	at sun.nio.ch.SocketChannelImpl.finishConnect(SocketChannelImpl.java:716) ~[na:1.8.0_452]
	at io.netty.channel.socket.nio.NioSocketChannel.doFinishConnect(NioSocketChannel.java:330) ~[netty-transport-4.1.51.Final.jar:4.1.51.Final]
	at io.netty.channel.nio.AbstractNioChannel$AbstractNioUnsafe.finishConnect(AbstractNioChannel.java:334) ~[netty-transport-4.1.51.Final.jar:4.1.51.Final]
	at io.netty.channel.nio.NioEventLoop.processSelectedKey(NioEventLoop.java:702) ~[netty-transport-4.1.51.Final.jar:4.1.51.Final]
	at io.netty.channel.nio.NioEventLoop.processSelectedKeysOptimized(NioEventLoop.java:650) ~[netty-transport-4.1.51.Final.jar:4.1.51.Final]
	at io.netty.channel.nio.NioEventLoop.processSelectedKeys(NioEventLoop.java:576) ~[netty-transport-4.1.51.Final.jar:4.1.51.Final]
	at io.netty.channel.nio.NioEventLoop.run(NioEventLoop.java:493) ~[netty-transport-4.1.51.Final.jar:4.1.51.Final]
	at io.netty.util.concurrent.SingleThreadEventExecutor$4.run(SingleThreadEventExecutor.java:989) ~[netty-common-4.1.51.Final.jar:4.1.51.Final]
	at io.netty.util.internal.ThreadExecutorMap$2.run(ThreadExecutorMap.java:74) ~[netty-common-4.1.51.Final.jar:4.1.51.Final]
	at io.netty.util.concurrent.FastThreadLocalRunnable.run(FastThreadLocalRunnable.java:30) ~[netty-common-4.1.51.Final.jar:4.1.51.Final]
	at java.lang.Thread.run(Thread.java:750) ~[na:1.8.0_452]

2025-09-06 23:31:19.234 ERROR 14839 --- [ctor-http-nio-1] c.e.gateway.filter.RequestLoggingFilter  : Request failed: /api/v1/users after 327ms - null
2025-09-06 23:31:19.247 ERROR 14839 --- [ctor-http-nio-1] o.s.w.s.adapter.HttpWebHandlerAdapter    : [1a25637] Error [java.lang.UnsupportedOperationException] for HTTP GET "/api/v1/users", but ServerHttpResponse already committed (503 SERVICE_UNAVAILABLE)
2025-09-06 23:31:19.258  WARN 14839 --- [qtp816918962-28] org.eclipse.jetty.server.HttpChannel     : /api/v1/users

javax.servlet.ServletException: Failed to create response content
	at org.springframework.http.server.reactive.ServletHttpHandlerAdapter.service(ServletHttpHandlerAdapter.java:162) ~[spring-web-5.2.8.RELEASE.jar:5.2.8.RELEASE]
	at org.eclipse.jetty.servlet.ServletHolder.handle(ServletHolder.java:763) ~[jetty-servlet-9.4.30.v20200611.jar:9.4.30.v20200611]
	at org.eclipse.jetty.servlet.ServletHandler.doHandle(ServletHandler.java:551) ~[jetty-servlet-9.4.30.v20200611.jar:9.4.30.v20200611]
	at org.eclipse.jetty.server.handler.ScopedHandler.nextHandle(ScopedHandler.java:233) ~[jetty-server-9.4.30.v20200611.jar:9.4.30.v20200611]
	at org.eclipse.jetty.server.handler.ContextHandler.doHandle(ContextHandler.java:1369) ~[jetty-server-9.4.30.v20200611.jar:9.4.30.v20200611]
	at org.eclipse.jetty.server.handler.ScopedHandler.nextScope(ScopedHandler.java:188) ~[jetty-server-9.4.30.v20200611.jar:9.4.30.v20200611]
	at org.eclipse.jetty.servlet.ServletHandler.doScope(ServletHandler.java:489) ~[jetty-servlet-9.4.30.v20200611.jar:9.4.30.v20200611]
	at org.eclipse.jetty.server.handler.ScopedHandler.nextScope(ScopedHandler.java:186) ~[jetty-server-9.4.30.v20200611.jar:9.4.30.v20200611]
	at org.eclipse.jetty.server.handler.ContextHandler.doScope(ContextHandler.java:1284) ~[jetty-server-9.4.30.v20200611.jar:9.4.30.v20200611]
	at org.eclipse.jetty.server.handler.ScopedHandler.handle(ScopedHandler.java:141) ~[jetty-server-9.4.30.v20200611.jar:9.4.30.v20200611]
	at org.eclipse.jetty.server.handler.HandlerWrapper.handle(HandlerWrapper.java:127) ~[jetty-server-9.4.30.v20200611.jar:9.4.30.v20200611]
	at org.eclipse.jetty.server.Server.handleAsync(Server.java:544) ~[jetty-server-9.4.30.v20200611.jar:9.4.30.v20200611]
	at org.eclipse.jetty.server.HttpChannel.lambda$handle$2(HttpChannel.java:391) [jetty-server-9.4.30.v20200611.jar:9.4.30.v20200611]
	at org.eclipse.jetty.server.HttpChannel.dispatch(HttpChannel.java:556) [jetty-server-9.4.30.v20200611.jar:9.4.30.v20200611]
	at org.eclipse.jetty.server.HttpChannel.handle(HttpChannel.java:391) [jetty-server-9.4.30.v20200611.jar:9.4.30.v20200611]
	at org.eclipse.jetty.server.HttpChannel.run(HttpChannel.java:335) [jetty-server-9.4.30.v20200611.jar:9.4.30.v20200611]
	at org.eclipse.jetty.util.thread.QueuedThreadPool.runJob(QueuedThreadPool.java:806) [jetty-util-9.4.30.v20200611.jar:9.4.30.v20200611]
	at org.eclipse.jetty.util.thread.QueuedThreadPool$Runner.run(QueuedThreadPool.java:938) [jetty-util-9.4.30.v20200611.jar:9.4.30.v20200611]
	at java.lang.Thread.run(Thread.java:750) [na:1.8.0_452]
Caused by: java.lang.UnsupportedOperationException: null
	at org.springframework.http.ReadOnlyHttpHeaders.set(ReadOnlyHttpHeaders.java:106) ~[spring-web-5.2.8.RELEASE.jar:5.2.8.RELEASE]
	Suppressed: java.lang.UnsupportedOperationException: null
		at org.springframework.http.ReadOnlyHttpHeaders.set(ReadOnlyHttpHeaders.java:106) ~[spring-web-5.2.8.RELEASE.jar:5.2.8.RELEASE]
		at org.springframework.http.HttpHeaders.setOrRemove(HttpHeaders.java:1610) ~[spring-web-5.2.8.RELEASE.jar:5.2.8.RELEASE]
		at org.springframework.http.HttpHeaders.setCacheControl(HttpHeaders.java:818) ~[spring-web-5.2.8.RELEASE.jar:5.2.8.RELEASE]
		at com.example.gateway.filter.ResponseFormattingFilter.addStandardHeaders(ResponseFormattingFilter.java:74) ~[classes/:na]
		at com.example.gateway.filter.ResponseFormattingFilter.formatResponse(ResponseFormattingFilter.java:37) ~[classes/:na]
		at com.example.gateway.filter.ResponseFormattingFilter.lambda$filter$0(ResponseFormattingFilter.java:28) ~[classes/:na]
		at reactor.core.publisher.MonoPeekTerminal$MonoTerminalPeekSubscriber.onComplete(MonoPeekTerminal.java:282) ~[reactor-core-3.3.8.RELEASE.jar:3.3.8.RELEASE]
		at reactor.core.publisher.Operators$MultiSubscriptionSubscriber.onComplete(Operators.java:2016) ~[reactor-core-3.3.8.RELEASE.jar:3.3.8.RELEASE]
		at reactor.core.publisher.MonoPeekTerminal$MonoTerminalPeekSubscriber.onComplete(MonoPeekTerminal.java:292) ~[reactor-core-3.3.8.RELEASE.jar:3.3.8.RELEASE]
		at reactor.core.publisher.FluxHide$SuppressFuseableSubscriber.onComplete(FluxHide.java:137) ~[reactor-core-3.3.8.RELEASE.jar:3.3.8.RELEASE]
		at reactor.core.publisher.MonoIgnoreElements$IgnoreElementsSubscriber.onComplete(MonoIgnoreElements.java:81) ~[reactor-core-3.3.8.RELEASE.jar:3.3.8.RELEASE]
		at reactor.core.publisher.FluxConcatArray$ConcatArraySubscriber.onComplete(FluxConcatArray.java:191) ~[reactor-core-3.3.8.RELEASE.jar:3.3.8.RELEASE]
		at reactor.core.publisher.FluxConcatArray.subscribe(FluxConcatArray.java:80) ~[reactor-core-3.3.8.RELEASE.jar:3.3.8.RELEASE]
		at reactor.core.publisher.Mono.subscribe(Mono.java:4213) ~[reactor-core-3.3.8.RELEASE.jar:3.3.8.RELEASE]
		at reactor.core.publisher.FluxFlatMap.trySubscribeScalarMap(FluxFlatMap.java:202) ~[reactor-core-3.3.8.RELEASE.jar:3.3.8.RELEASE]
		at reactor.core.publisher.MonoFlatMap.subscribeOrReturn(MonoFlatMap.java:53) ~[reactor-core-3.3.8.RELEASE.jar:3.3.8.RELEASE]
		at reactor.core.publisher.Mono.subscribe(Mono.java:4198) ~[reactor-core-3.3.8.RELEASE.jar:3.3.8.RELEASE]
		at reactor.core.publisher.FluxOnErrorResume$ResumeSubscriber.onError(FluxOnErrorResume.java:97) ~[reactor-core-3.3.8.RELEASE.jar:3.3.8.RELEASE]
		at reactor.core.publisher.Operators$MonoSubscriber.onError(Operators.java:1829) ~[reactor-core-3.3.8.RELEASE.jar:3.3.8.RELEASE]
		at reactor.core.publisher.MonoIgnoreThen$ThenIgnoreInner.onError(MonoIgnoreThen.java:235) ~[reactor-core-3.3.8.RELEASE.jar:3.3.8.RELEASE]
		at reactor.core.publisher.FluxOnErrorResume$ResumeSubscriber.onError(FluxOnErrorResume.java:100) ~[reactor-core-3.3.8.RELEASE.jar:3.3.8.RELEASE]
		at reactor.core.publisher.Operators.error(Operators.java:196) ~[reactor-core-3.3.8.RELEASE.jar:3.3.8.RELEASE]
		at reactor.core.publisher.FluxError.subscribe(FluxError.java:43) ~[reactor-core-3.3.8.RELEASE.jar:3.3.8.RELEASE]
		at reactor.core.publisher.Flux.subscribe(Flux.java:8325) ~[reactor-core-3.3.8.RELEASE.jar:3.3.8.RELEASE]
		at reactor.core.publisher.FluxOnErrorResume$ResumeSubscriber.onError(FluxOnErrorResume.java:97) ~[reactor-core-3.3.8.RELEASE.jar:3.3.8.RELEASE]
		at reactor.core.publisher.SerializedSubscriber.onError(SerializedSubscriber.java:124) ~[reactor-core-3.3.8.RELEASE.jar:3.3.8.RELEASE]
		at reactor.core.publisher.FluxTimeout$TimeoutMainSubscriber.onError(FluxTimeout.java:212) ~[reactor-core-3.3.8.RELEASE.jar:3.3.8.RELEASE]
		at reactor.core.publisher.MonoFlatMapMany$FlatMapManyMain.onError(MonoFlatMapMany.java:197) ~[reactor-core-3.3.8.RELEASE.jar:3.3.8.RELEASE]
		at reactor.core.publisher.SerializedSubscriber.onError(SerializedSubscriber.java:124) ~[reactor-core-3.3.8.RELEASE.jar:3.3.8.RELEASE]
		at reactor.core.publisher.FluxRetryWhen$RetryWhenMainSubscriber.whenError(FluxRetryWhen.java:213) ~[reactor-core-3.3.8.RELEASE.jar:3.3.8.RELEASE]
		at reactor.core.publisher.FluxRetryWhen$RetryWhenOtherSubscriber.onError(FluxRetryWhen.java:255) ~[reactor-core-3.3.8.RELEASE.jar:3.3.8.RELEASE]
		at reactor.core.publisher.FluxConcatMap$ConcatMapImmediate.drain(FluxConcatMap.java:406) ~[reactor-core-3.3.8.RELEASE.jar:3.3.8.RELEASE]
		at reactor.core.publisher.FluxConcatMap$ConcatMapImmediate.onNext(FluxConcatMap.java:243) ~[reactor-core-3.3.8.RELEASE.jar:3.3.8.RELEASE]
		at reactor.core.publisher.DirectProcessor$DirectInner.onNext(DirectProcessor.java:333) ~[reactor-core-3.3.8.RELEASE.jar:3.3.8.RELEASE]
		at reactor.core.publisher.DirectProcessor.onNext(DirectProcessor.java:142) ~[reactor-core-3.3.8.RELEASE.jar:3.3.8.RELEASE]
		at reactor.core.publisher.SerializedSubscriber.onNext(SerializedSubscriber.java:99) ~[reactor-core-3.3.8.RELEASE.jar:3.3.8.RELEASE]
		at reactor.core.publisher.FluxRetryWhen$RetryWhenMainSubscriber.onError(FluxRetryWhen.java:180) ~[reactor-core-3.3.8.RELEASE.jar:3.3.8.RELEASE]
		at reactor.core.publisher.MonoCreate$DefaultMonoSink.error(MonoCreate.java:185) ~[reactor-core-3.3.8.RELEASE.jar:3.3.8.RELEASE]
		at reactor.netty.http.client.HttpClientConnect$MonoHttpConnect$TcpClientSubscriber.onError(HttpClientConnect.java:352) ~[reactor-netty-0.9.10.RELEASE.jar:0.9.10.RELEASE]
		at reactor.core.publisher.MonoCreate$DefaultMonoSink.error(MonoCreate.java:185) ~[reactor-core-3.3.8.RELEASE.jar:3.3.8.RELEASE]
		at reactor.netty.resources.PooledConnectionProvider$DisposableAcquire.onError(PooledConnectionProvider.java:500) ~[reactor-netty-0.9.10.RELEASE.jar:0.9.10.RELEASE]
		at reactor.netty.internal.shaded.reactor.pool.AbstractPool$Borrower.fail(AbstractPool.java:408) ~[reactor-netty-0.9.10.RELEASE.jar:0.9.10.RELEASE]
		at reactor.netty.internal.shaded.reactor.pool.SimplePool.lambda$drainLoop$5(SimplePool.java:233) ~[reactor-netty-0.9.10.RELEASE.jar:0.9.10.RELEASE]
		at reactor.core.publisher.FluxDoOnEach$DoOnEachSubscriber.onError(FluxDoOnEach.java:172) ~[reactor-core-3.3.8.RELEASE.jar:3.3.8.RELEASE]
		at reactor.core.publisher.MonoCreate$DefaultMonoSink.error(MonoCreate.java:185) ~[reactor-core-3.3.8.RELEASE.jar:3.3.8.RELEASE]
		at reactor.netty.resources.PooledConnectionProvider$PooledConnectionAllocator$PooledConnectionInitializer.operationComplete(PooledConnectionProvider.java:281) ~[reactor-netty-0.9.10.RELEASE.jar:0.9.10.RELEASE]
		at reactor.netty.resources.PooledConnectionProvider$PooledConnectionAllocator$PooledConnectionInitializer.operationComplete(PooledConnectionProvider.java:231) ~[reactor-netty-0.9.10.RELEASE.jar:0.9.10.RELEASE]
		at io.netty.util.concurrent.DefaultPromise.notifyListener0(DefaultPromise.java:577) ~[netty-common-4.1.51.Final.jar:4.1.51.Final]
		at io.netty.util.concurrent.DefaultPromise.notifyListeners0(DefaultPromise.java:570) ~[netty-common-4.1.51.Final.jar:4.1.51.Final]
		at io.netty.util.concurrent.DefaultPromise.notifyListenersNow(DefaultPromise.java:549) ~[netty-common-4.1.51.Final.jar:4.1.51.Final]
		at io.netty.util.concurrent.DefaultPromise.notifyListeners(DefaultPromise.java:490) ~[netty-common-4.1.51.Final.jar:4.1.51.Final]
		at io.netty.util.concurrent.DefaultPromise.setValue0(DefaultPromise.java:615) ~[netty-common-4.1.51.Final.jar:4.1.51.Final]
		at io.netty.util.concurrent.DefaultPromise.setFailure0(DefaultPromise.java:608) ~[netty-common-4.1.51.Final.jar:4.1.51.Final]
		at io.netty.util.concurrent.DefaultPromise.tryFailure(DefaultPromise.java:117) ~[netty-common-4.1.51.Final.jar:4.1.51.Final]
		at io.netty.channel.nio.AbstractNioChannel$AbstractNioUnsafe.fulfillConnectPromise(AbstractNioChannel.java:321) ~[netty-transport-4.1.51.Final.jar:4.1.51.Final]
		at io.netty.channel.nio.AbstractNioChannel$AbstractNioUnsafe.finishConnect(AbstractNioChannel.java:337) ~[netty-transport-4.1.51.Final.jar:4.1.51.Final]
		at io.netty.channel.nio.NioEventLoop.processSelectedKey(NioEventLoop.java:702) ~[netty-transport-4.1.51.Final.jar:4.1.51.Final]
		at io.netty.channel.nio.NioEventLoop.processSelectedKeysOptimized(NioEventLoop.java:650) ~[netty-transport-4.1.51.Final.jar:4.1.51.Final]
		at io.netty.channel.nio.NioEventLoop.processSelectedKeys(NioEventLoop.java:576) ~[netty-transport-4.1.51.Final.jar:4.1.51.Final]
		at io.netty.channel.nio.NioEventLoop.run(NioEventLoop.java:493) ~[netty-transport-4.1.51.Final.jar:4.1.51.Final]
		at io.netty.util.concurrent.SingleThreadEventExecutor$4.run(SingleThreadEventExecutor.java:989) ~[netty-common-4.1.51.Final.jar:4.1.51.Final]
		at io.netty.util.internal.ThreadExecutorMap$2.run(ThreadExecutorMap.java:74) ~[netty-common-4.1.51.Final.jar:4.1.51.Final]
		at io.netty.util.concurrent.FastThreadLocalRunnable.run(FastThreadLocalRunnable.java:30) ~[netty-common-4.1.51.Final.jar:4.1.51.Final]
		at java.lang.Thread.run(Thread.java:750) [na:1.8.0_452]
	Suppressed: reactor.core.publisher.FluxOnAssembly$OnAssemblyException: 
Error has been observed at the following site(s):
	|_ checkpoint ⇢ org.springframework.cloud.gateway.filter.WeightCalculatorWebFilter [DefaultWebFilterChain]
	|_ checkpoint ⇢ org.springframework.boot.actuate.metrics.web.reactive.server.MetricsWebFilter [DefaultWebFilterChain]
	|_ checkpoint ⇢ HTTP GET "/api/v1/users" [ExceptionHandlingWebHandler]
Stack trace:
		at org.springframework.http.ReadOnlyHttpHeaders.set(ReadOnlyHttpHeaders.java:106) ~[spring-web-5.2.8.RELEASE.jar:5.2.8.RELEASE]
		at org.springframework.http.HttpHeaders.setOrRemove(HttpHeaders.java:1610) ~[spring-web-5.2.8.RELEASE.jar:5.2.8.RELEASE]
		at org.springframework.http.HttpHeaders.setCacheControl(HttpHeaders.java:818) ~[spring-web-5.2.8.RELEASE.jar:5.2.8.RELEASE]
		at com.example.gateway.filter.ResponseFormattingFilter.addStandardHeaders(ResponseFormattingFilter.java:74) ~[classes/:na]
		at com.example.gateway.filter.ResponseFormattingFilter.formatErrorResponse(ResponseFormattingFilter.java:56) ~[classes/:na]
		at com.example.gateway.filter.ResponseFormattingFilter.lambda$filter$1(ResponseFormattingFilter.java:29) ~[classes/:na]
		at reactor.core.publisher.MonoPeekTerminal$MonoTerminalPeekSubscriber.onError(MonoPeekTerminal.java:243) ~[reactor-core-3.3.8.RELEASE.jar:3.3.8.RELEASE]
		at reactor.core.publisher.MonoPeekTerminal$MonoTerminalPeekSubscriber.onError(MonoPeekTerminal.java:251) ~[reactor-core-3.3.8.RELEASE.jar:3.3.8.RELEASE]
		at reactor.core.publisher.MonoPeekTerminal$MonoTerminalPeekSubscriber.onComplete(MonoPeekTerminal.java:285) ~[reactor-core-3.3.8.RELEASE.jar:3.3.8.RELEASE]
		at reactor.core.publisher.Operators$MultiSubscriptionSubscriber.onComplete(Operators.java:2016) ~[reactor-core-3.3.8.RELEASE.jar:3.3.8.RELEASE]
		at reactor.core.publisher.MonoPeekTerminal$MonoTerminalPeekSubscriber.onComplete(MonoPeekTerminal.java:292) ~[reactor-core-3.3.8.RELEASE.jar:3.3.8.RELEASE]
		at reactor.core.publisher.FluxHide$SuppressFuseableSubscriber.onComplete(FluxHide.java:137) ~[reactor-core-3.3.8.RELEASE.jar:3.3.8.RELEASE]
		at reactor.core.publisher.MonoIgnoreElements$IgnoreElementsSubscriber.onComplete(MonoIgnoreElements.java:81) ~[reactor-core-3.3.8.RELEASE.jar:3.3.8.RELEASE]
		at reactor.core.publisher.FluxConcatArray$ConcatArraySubscriber.onComplete(FluxConcatArray.java:191) ~[reactor-core-3.3.8.RELEASE.jar:3.3.8.RELEASE]
		at reactor.core.publisher.FluxConcatArray.subscribe(FluxConcatArray.java:80) ~[reactor-core-3.3.8.RELEASE.jar:3.3.8.RELEASE]
		at reactor.core.publisher.Mono.subscribe(Mono.java:4213) ~[reactor-core-3.3.8.RELEASE.jar:3.3.8.RELEASE]
		at reactor.core.publisher.FluxFlatMap.trySubscribeScalarMap(FluxFlatMap.java:202) ~[reactor-core-3.3.8.RELEASE.jar:3.3.8.RELEASE]
		at reactor.core.publisher.MonoFlatMap.subscribeOrReturn(MonoFlatMap.java:53) ~[reactor-core-3.3.8.RELEASE.jar:3.3.8.RELEASE]
		at reactor.core.publisher.Mono.subscribe(Mono.java:4198) ~[reactor-core-3.3.8.RELEASE.jar:3.3.8.RELEASE]
		at reactor.core.publisher.FluxOnErrorResume$ResumeSubscriber.onError(FluxOnErrorResume.java:97) ~[reactor-core-3.3.8.RELEASE.jar:3.3.8.RELEASE]
		at reactor.core.publisher.Operators$MonoSubscriber.onError(Operators.java:1829) ~[reactor-core-3.3.8.RELEASE.jar:3.3.8.RELEASE]
		at reactor.core.publisher.MonoIgnoreThen$ThenIgnoreInner.onError(MonoIgnoreThen.java:235) ~[reactor-core-3.3.8.RELEASE.jar:3.3.8.RELEASE]
		at reactor.core.publisher.FluxOnErrorResume$ResumeSubscriber.onError(FluxOnErrorResume.java:100) ~[reactor-core-3.3.8.RELEASE.jar:3.3.8.RELEASE]
		at reactor.core.publisher.Operators.error(Operators.java:196) ~[reactor-core-3.3.8.RELEASE.jar:3.3.8.RELEASE]
		at reactor.core.publisher.FluxError.subscribe(FluxError.java:43) ~[reactor-core-3.3.8.RELEASE.jar:3.3.8.RELEASE]
		at reactor.core.publisher.Flux.subscribe(Flux.java:8325) ~[reactor-core-3.3.8.RELEASE.jar:3.3.8.RELEASE]
		at reactor.core.publisher.FluxOnErrorResume$ResumeSubscriber.onError(FluxOnErrorResume.java:97) ~[reactor-core-3.3.8.RELEASE.jar:3.3.8.RELEASE]
		at reactor.core.publisher.SerializedSubscriber.onError(SerializedSubscriber.java:124) ~[reactor-core-3.3.8.RELEASE.jar:3.3.8.RELEASE]
		at reactor.core.publisher.FluxTimeout$TimeoutMainSubscriber.onError(FluxTimeout.java:212) ~[reactor-core-3.3.8.RELEASE.jar:3.3.8.RELEASE]
		at reactor.core.publisher.MonoFlatMapMany$FlatMapManyMain.onError(MonoFlatMapMany.java:197) ~[reactor-core-3.3.8.RELEASE.jar:3.3.8.RELEASE]
		at reactor.core.publisher.SerializedSubscriber.onError(SerializedSubscriber.java:124) ~[reactor-core-3.3.8.RELEASE.jar:3.3.8.RELEASE]
		at reactor.core.publisher.FluxRetryWhen$RetryWhenMainSubscriber.whenError(FluxRetryWhen.java:213) ~[reactor-core-3.3.8.RELEASE.jar:3.3.8.RELEASE]
		at reactor.core.publisher.FluxRetryWhen$RetryWhenOtherSubscriber.onError(FluxRetryWhen.java:255) ~[reactor-core-3.3.8.RELEASE.jar:3.3.8.RELEASE]
		at reactor.core.publisher.FluxConcatMap$ConcatMapImmediate.drain(FluxConcatMap.java:406) ~[reactor-core-3.3.8.RELEASE.jar:3.3.8.RELEASE]
		at reactor.core.publisher.FluxConcatMap$ConcatMapImmediate.onNext(FluxConcatMap.java:243) ~[reactor-core-3.3.8.RELEASE.jar:3.3.8.RELEASE]
		at reactor.core.publisher.DirectProcessor$DirectInner.onNext(DirectProcessor.java:333) ~[reactor-core-3.3.8.RELEASE.jar:3.3.8.RELEASE]
		at reactor.core.publisher.DirectProcessor.onNext(DirectProcessor.java:142) ~[reactor-core-3.3.8.RELEASE.jar:3.3.8.RELEASE]
		at reactor.core.publisher.SerializedSubscriber.onNext(SerializedSubscriber.java:99) ~[reactor-core-3.3.8.RELEASE.jar:3.3.8.RELEASE]
		at reactor.core.publisher.FluxRetryWhen$RetryWhenMainSubscriber.onError(FluxRetryWhen.java:180) ~[reactor-core-3.3.8.RELEASE.jar:3.3.8.RELEASE]
		at reactor.core.publisher.MonoCreate$DefaultMonoSink.error(MonoCreate.java:185) ~[reactor-core-3.3.8.RELEASE.jar:3.3.8.RELEASE]
		at reactor.netty.http.client.HttpClientConnect$MonoHttpConnect$TcpClientSubscriber.onError(HttpClientConnect.java:352) ~[reactor-netty-0.9.10.RELEASE.jar:0.9.10.RELEASE]
		at reactor.core.publisher.MonoCreate$DefaultMonoSink.error(MonoCreate.java:185) ~[reactor-core-3.3.8.RELEASE.jar:3.3.8.RELEASE]
		at reactor.netty.resources.PooledConnectionProvider$DisposableAcquire.onError(PooledConnectionProvider.java:500) ~[reactor-netty-0.9.10.RELEASE.jar:0.9.10.RELEASE]
		at reactor.netty.internal.shaded.reactor.pool.AbstractPool$Borrower.fail(AbstractPool.java:408) ~[reactor-netty-0.9.10.RELEASE.jar:0.9.10.RELEASE]
		at reactor.netty.internal.shaded.reactor.pool.SimplePool.lambda$drainLoop$5(SimplePool.java:233) ~[reactor-netty-0.9.10.RELEASE.jar:0.9.10.RELEASE]
		at reactor.core.publisher.FluxDoOnEach$DoOnEachSubscriber.onError(FluxDoOnEach.java:172) ~[reactor-core-3.3.8.RELEASE.jar:3.3.8.RELEASE]
		at reactor.core.publisher.MonoCreate$DefaultMonoSink.error(MonoCreate.java:185) ~[reactor-core-3.3.8.RELEASE.jar:3.3.8.RELEASE]
		at reactor.netty.resources.PooledConnectionProvider$PooledConnectionAllocator$PooledConnectionInitializer.operationComplete(PooledConnectionProvider.java:281) ~[reactor-netty-0.9.10.RELEASE.jar:0.9.10.RELEASE]
		at reactor.netty.resources.PooledConnectionProvider$PooledConnectionAllocator$PooledConnectionInitializer.operationComplete(PooledConnectionProvider.java:231) ~[reactor-netty-0.9.10.RELEASE.jar:0.9.10.RELEASE]
		at io.netty.util.concurrent.DefaultPromise.notifyListener0(DefaultPromise.java:577) ~[netty-common-4.1.51.Final.jar:4.1.51.Final]
		at io.netty.util.concurrent.DefaultPromise.notifyListeners0(DefaultPromise.java:570) ~[netty-common-4.1.51.Final.jar:4.1.51.Final]
		at io.netty.util.concurrent.DefaultPromise.notifyListenersNow(DefaultPromise.java:549) ~[netty-common-4.1.51.Final.jar:4.1.51.Final]
		at io.netty.util.concurrent.DefaultPromise.notifyListeners(DefaultPromise.java:490) ~[netty-common-4.1.51.Final.jar:4.1.51.Final]
		at io.netty.util.concurrent.DefaultPromise.setValue0(DefaultPromise.java:615) ~[netty-common-4.1.51.Final.jar:4.1.51.Final]
		at io.netty.util.concurrent.DefaultPromise.setFailure0(DefaultPromise.java:608) ~[netty-common-4.1.51.Final.jar:4.1.51.Final]
		at io.netty.util.concurrent.DefaultPromise.tryFailure(DefaultPromise.java:117) ~[netty-common-4.1.51.Final.jar:4.1.51.Final]
		at io.netty.channel.nio.AbstractNioChannel$AbstractNioUnsafe.fulfillConnectPromise(AbstractNioChannel.java:321) ~[netty-transport-4.1.51.Final.jar:4.1.51.Final]
		at io.netty.channel.nio.AbstractNioChannel$AbstractNioUnsafe.finishConnect(AbstractNioChannel.java:337) ~[netty-transport-4.1.51.Final.jar:4.1.51.Final]
		at io.netty.channel.nio.NioEventLoop.processSelectedKey(NioEventLoop.java:702) ~[netty-transport-4.1.51.Final.jar:4.1.51.Final]
		at io.netty.channel.nio.NioEventLoop.processSelectedKeysOptimized(NioEventLoop.java:650) ~[netty-transport-4.1.51.Final.jar:4.1.51.Final]
		at io.netty.channel.nio.NioEventLoop.processSelectedKeys(NioEventLoop.java:576) ~[netty-transport-4.1.51.Final.jar:4.1.51.Final]
		at io.netty.channel.nio.NioEventLoop.run(NioEventLoop.java:493) ~[netty-transport-4.1.51.Final.jar:4.1.51.Final]
		at io.netty.util.concurrent.SingleThreadEventExecutor$4.run(SingleThreadEventExecutor.java:989) ~[netty-common-4.1.51.Final.jar:4.1.51.Final]
		at io.netty.util.internal.ThreadExecutorMap$2.run(ThreadExecutorMap.java:74) ~[netty-common-4.1.51.Final.jar:4.1.51.Final]
		at io.netty.util.concurrent.FastThreadLocalRunnable.run(FastThreadLocalRunnable.java:30) ~[netty-common-4.1.51.Final.jar:4.1.51.Final]
		at java.lang.Thread.run(Thread.java:750) [na:1.8.0_452]

]]></system-out>
  </testcase>
  <testcase name="testWildcardPathMatching" classname="com.example.gateway.RoutePathMatchingPropertiesTest" time="0.049">
    <error message="Error while extracting response for type [class java.lang.String] and content type [application/json]; nested exception is org.apache.http.MalformedChunkCodingException: CRLF expected at end of chunk" type="org.springframework.web.client.RestClientException"><![CDATA[org.springframework.web.client.RestClientException: Error while extracting response for type [class java.lang.String] and content type [application/json]; nested exception is org.apache.http.MalformedChunkCodingException: CRLF expected at end of chunk
	at org.springframework.web.client.HttpMessageConverterExtractor.extractData(HttpMessageConverterExtractor.java:120)
	at org.springframework.web.client.RestTemplate$ResponseEntityResponseExtractor.extractData(RestTemplate.java:998)
	at org.springframework.web.client.RestTemplate$ResponseEntityResponseExtractor.extractData(RestTemplate.java:981)
	at org.springframework.web.client.RestTemplate.doExecute(RestTemplate.java:741)
	at org.springframework.web.client.RestTemplate.execute(RestTemplate.java:674)
	at org.springframework.web.client.RestTemplate.getForEntity(RestTemplate.java:342)
	at org.springframework.boot.test.web.client.TestRestTemplate.getForEntity(TestRestTemplate.java:233)
	at com.example.gateway.RoutePathMatchingPropertiesTest.testWildcardPathMatching(RoutePathMatchingPropertiesTest.java:93)
	at sun.reflect.NativeMethodAccessorImpl.invoke0(Native Method)
	at sun.reflect.NativeMethodAccessorImpl.invoke(NativeMethodAccessorImpl.java:62)
	at sun.reflect.DelegatingMethodAccessorImpl.invoke(DelegatingMethodAccessorImpl.java:43)
	at java.lang.reflect.Method.invoke(Method.java:498)
	at org.junit.platform.commons.util.ReflectionUtils.invokeMethod(ReflectionUtils.java:686)
	at org.junit.jupiter.engine.execution.MethodInvocation.proceed(MethodInvocation.java:60)
	at org.junit.jupiter.engine.execution.InvocationInterceptorChain$ValidatingInvocation.proceed(InvocationInterceptorChain.java:131)
	at org.junit.jupiter.engine.extension.TimeoutExtension.intercept(TimeoutExtension.java:149)
	at org.junit.jupiter.engine.extension.TimeoutExtension.interceptTestableMethod(TimeoutExtension.java:140)
	at org.junit.jupiter.engine.extension.TimeoutExtension.interceptTestMethod(TimeoutExtension.java:84)
	at org.junit.jupiter.engine.execution.ExecutableInvoker$ReflectiveInterceptorCall.lambda$ofVoidMethod$0(ExecutableInvoker.java:115)
	at org.junit.jupiter.engine.execution.ExecutableInvoker.lambda$invoke$0(ExecutableInvoker.java:105)
	at org.junit.jupiter.engine.execution.InvocationInterceptorChain$InterceptedInvocation.proceed(InvocationInterceptorChain.java:106)
	at org.junit.jupiter.engine.execution.InvocationInterceptorChain.proceed(InvocationInterceptorChain.java:64)
	at org.junit.jupiter.engine.execution.InvocationInterceptorChain.chainAndInvoke(InvocationInterceptorChain.java:45)
	at org.junit.jupiter.engine.execution.InvocationInterceptorChain.invoke(InvocationInterceptorChain.java:37)
	at org.junit.jupiter.engine.execution.ExecutableInvoker.invoke(ExecutableInvoker.java:104)
	at org.junit.jupiter.engine.execution.ExecutableInvoker.invoke(ExecutableInvoker.java:98)
	at org.junit.jupiter.engine.descriptor.TestMethodTestDescriptor.lambda$invokeTestMethod$6(TestMethodTestDescriptor.java:212)
	at org.junit.platform.engine.support.hierarchical.ThrowableCollector.execute(ThrowableCollector.java:73)
	at org.junit.jupiter.engine.descriptor.TestMethodTestDescriptor.invokeTestMethod(TestMethodTestDescriptor.java:208)
	at org.junit.jupiter.engine.descriptor.TestMethodTestDescriptor.execute(TestMethodTestDescriptor.java:137)
	at org.junit.jupiter.engine.descriptor.TestMethodTestDescriptor.execute(TestMethodTestDescriptor.java:71)
	at org.junit.platform.engine.support.hierarchical.NodeTestTask.lambda$executeRecursively$5(NodeTestTask.java:135)
	at org.junit.platform.engine.support.hierarchical.ThrowableCollector.execute(ThrowableCollector.java:73)
	at org.junit.platform.engine.support.hierarchical.NodeTestTask.lambda$executeRecursively$7(NodeTestTask.java:125)
	at org.junit.platform.engine.support.hierarchical.Node.around(Node.java:135)
	at org.junit.platform.engine.support.hierarchical.NodeTestTask.lambda$executeRecursively$8(NodeTestTask.java:123)
	at org.junit.platform.engine.support.hierarchical.ThrowableCollector.execute(ThrowableCollector.java:73)
	at org.junit.platform.engine.support.hierarchical.NodeTestTask.executeRecursively(NodeTestTask.java:122)
	at org.junit.platform.engine.support.hierarchical.NodeTestTask.execute(NodeTestTask.java:80)
	at java.util.ArrayList.forEach(ArrayList.java:1259)
	at org.junit.platform.engine.support.hierarchical.SameThreadHierarchicalTestExecutorService.invokeAll(SameThreadHierarchicalTestExecutorService.java:38)
	at org.junit.platform.engine.support.hierarchical.NodeTestTask.lambda$executeRecursively$5(NodeTestTask.java:139)
	at org.junit.platform.engine.support.hierarchical.ThrowableCollector.execute(ThrowableCollector.java:73)
	at org.junit.platform.engine.support.hierarchical.NodeTestTask.lambda$executeRecursively$7(NodeTestTask.java:125)
	at org.junit.platform.engine.support.hierarchical.Node.around(Node.java:135)
	at org.junit.platform.engine.support.hierarchical.NodeTestTask.lambda$executeRecursively$8(NodeTestTask.java:123)
	at org.junit.platform.engine.support.hierarchical.ThrowableCollector.execute(ThrowableCollector.java:73)
	at org.junit.platform.engine.support.hierarchical.NodeTestTask.executeRecursively(NodeTestTask.java:122)
	at org.junit.platform.engine.support.hierarchical.NodeTestTask.execute(NodeTestTask.java:80)
	at java.util.ArrayList.forEach(ArrayList.java:1259)
	at org.junit.platform.engine.support.hierarchical.SameThreadHierarchicalTestExecutorService.invokeAll(SameThreadHierarchicalTestExecutorService.java:38)
	at org.junit.platform.engine.support.hierarchical.NodeTestTask.lambda$executeRecursively$5(NodeTestTask.java:139)
	at org.junit.platform.engine.support.hierarchical.ThrowableCollector.execute(ThrowableCollector.java:73)
	at org.junit.platform.engine.support.hierarchical.NodeTestTask.lambda$executeRecursively$7(NodeTestTask.java:125)
	at org.junit.platform.engine.support.hierarchical.Node.around(Node.java:135)
	at org.junit.platform.engine.support.hierarchical.NodeTestTask.lambda$executeRecursively$8(NodeTestTask.java:123)
	at org.junit.platform.engine.support.hierarchical.ThrowableCollector.execute(ThrowableCollector.java:73)
	at org.junit.platform.engine.support.hierarchical.NodeTestTask.executeRecursively(NodeTestTask.java:122)
	at org.junit.platform.engine.support.hierarchical.NodeTestTask.execute(NodeTestTask.java:80)
	at org.junit.platform.engine.support.hierarchical.SameThreadHierarchicalTestExecutorService.submit(SameThreadHierarchicalTestExecutorService.java:32)
	at org.junit.platform.engine.support.hierarchical.HierarchicalTestExecutor.execute(HierarchicalTestExecutor.java:57)
	at org.junit.platform.engine.support.hierarchical.HierarchicalTestEngine.execute(HierarchicalTestEngine.java:51)
	at org.junit.platform.launcher.core.DefaultLauncher.execute(DefaultLauncher.java:248)
	at org.junit.platform.launcher.core.DefaultLauncher.lambda$execute$5(DefaultLauncher.java:211)
	at org.junit.platform.launcher.core.DefaultLauncher.withInterceptedStreams(DefaultLauncher.java:226)
	at org.junit.platform.launcher.core.DefaultLauncher.execute(DefaultLauncher.java:199)
	at org.junit.platform.launcher.core.DefaultLauncher.execute(DefaultLauncher.java:132)
	at org.apache.maven.surefire.junitplatform.LazyLauncher.execute(LazyLauncher.java:56)
	at org.apache.maven.surefire.junitplatform.JUnitPlatformProvider.execute(JUnitPlatformProvider.java:184)
	at org.apache.maven.surefire.junitplatform.JUnitPlatformProvider.invokeAllTests(JUnitPlatformProvider.java:148)
	at org.apache.maven.surefire.junitplatform.JUnitPlatformProvider.invoke(JUnitPlatformProvider.java:122)
	at org.apache.maven.surefire.booter.ForkedBooter.runSuitesInProcess(ForkedBooter.java:385)
	at org.apache.maven.surefire.booter.ForkedBooter.execute(ForkedBooter.java:162)
	at org.apache.maven.surefire.booter.ForkedBooter.run(ForkedBooter.java:507)
	at org.apache.maven.surefire.booter.ForkedBooter.main(ForkedBooter.java:495)
Caused by: org.apache.http.MalformedChunkCodingException: CRLF expected at end of chunk
	at org.apache.http.impl.io.ChunkedInputStream.getChunkSize(ChunkedInputStream.java:250)
	at org.apache.http.impl.io.ChunkedInputStream.nextChunk(ChunkedInputStream.java:222)
	at org.apache.http.impl.io.ChunkedInputStream.read(ChunkedInputStream.java:183)
	at org.apache.http.conn.EofSensorInputStream.read(EofSensorInputStream.java:135)
	at java.io.FilterInputStream.read(FilterInputStream.java:133)
	at java.io.PushbackInputStream.read(PushbackInputStream.java:186)
	at sun.nio.cs.StreamDecoder.readBytes(StreamDecoder.java:284)
	at sun.nio.cs.StreamDecoder.implRead(StreamDecoder.java:326)
	at sun.nio.cs.StreamDecoder.read(StreamDecoder.java:178)
	at java.io.InputStreamReader.read(InputStreamReader.java:184)
	at java.io.Reader.read(Reader.java:140)
	at org.springframework.util.StreamUtils.copyToString(StreamUtils.java:91)
	at org.springframework.http.converter.StringHttpMessageConverter.readInternal(StringHttpMessageConverter.java:96)
	at org.springframework.http.converter.StringHttpMessageConverter.readInternal(StringHttpMessageConverter.java:44)
	at org.springframework.http.converter.AbstractHttpMessageConverter.read(AbstractHttpMessageConverter.java:199)
	at org.springframework.web.client.HttpMessageConverterExtractor.extractData(HttpMessageConverterExtractor.java:114)
	... 74 more
]]></error>
    <system-out><![CDATA[2025-09-06 23:31:19.316  INFO 14839 --- [http@fcc6023-20] c.e.gateway.filter.RequestLoggingFilter  : Request: GET /user/login
2025-09-06 23:31:19.329 ERROR 14839 --- [ctor-http-nio-2] c.e.gateway.filter.ErrorHandlingFilter   : Gateway error occurred: 503 SERVICE_UNAVAILABLE - Service temporarily unavailable

io.netty.channel.AbstractChannel$AnnotatedConnectException: Connection refused: localhost/127.0.0.1:8081
Caused by: java.net.ConnectException: Connection refused
	at sun.nio.ch.SocketChannelImpl.checkConnect(Native Method) ~[na:1.8.0_452]
	at sun.nio.ch.SocketChannelImpl.finishConnect(SocketChannelImpl.java:716) ~[na:1.8.0_452]
	at io.netty.channel.socket.nio.NioSocketChannel.doFinishConnect(NioSocketChannel.java:330) ~[netty-transport-4.1.51.Final.jar:4.1.51.Final]
	at io.netty.channel.nio.AbstractNioChannel$AbstractNioUnsafe.finishConnect(AbstractNioChannel.java:334) ~[netty-transport-4.1.51.Final.jar:4.1.51.Final]
	at io.netty.channel.nio.NioEventLoop.processSelectedKey(NioEventLoop.java:702) ~[netty-transport-4.1.51.Final.jar:4.1.51.Final]
	at io.netty.channel.nio.NioEventLoop.processSelectedKeysOptimized(NioEventLoop.java:650) ~[netty-transport-4.1.51.Final.jar:4.1.51.Final]
	at io.netty.channel.nio.NioEventLoop.processSelectedKeys(NioEventLoop.java:576) ~[netty-transport-4.1.51.Final.jar:4.1.51.Final]
	at io.netty.channel.nio.NioEventLoop.run(NioEventLoop.java:493) ~[netty-transport-4.1.51.Final.jar:4.1.51.Final]
	at io.netty.util.concurrent.SingleThreadEventExecutor$4.run(SingleThreadEventExecutor.java:989) ~[netty-common-4.1.51.Final.jar:4.1.51.Final]
	at io.netty.util.internal.ThreadExecutorMap$2.run(ThreadExecutorMap.java:74) ~[netty-common-4.1.51.Final.jar:4.1.51.Final]
	at io.netty.util.concurrent.FastThreadLocalRunnable.run(FastThreadLocalRunnable.java:30) ~[netty-common-4.1.51.Final.jar:4.1.51.Final]
	at java.lang.Thread.run(Thread.java:750) ~[na:1.8.0_452]

2025-09-06 23:31:19.334 ERROR 14839 --- [ctor-http-nio-2] c.e.gateway.filter.RequestLoggingFilter  : Request failed: /user/login after 17ms - null
2025-09-06 23:31:19.336 ERROR 14839 --- [ctor-http-nio-2] o.s.w.s.adapter.HttpWebHandlerAdapter    : [4a757b58] Error [java.lang.UnsupportedOperationException] for HTTP GET "/user/login", but ServerHttpResponse already committed (503 SERVICE_UNAVAILABLE)
2025-09-06 23:31:19.338  WARN 14839 --- [qtp816918962-29] org.eclipse.jetty.server.HttpChannel     : /user/login

javax.servlet.ServletException: Failed to create response content
	at org.springframework.http.server.reactive.ServletHttpHandlerAdapter.service(ServletHttpHandlerAdapter.java:162) ~[spring-web-5.2.8.RELEASE.jar:5.2.8.RELEASE]
	at org.eclipse.jetty.servlet.ServletHolder.handle(ServletHolder.java:763) ~[jetty-servlet-9.4.30.v20200611.jar:9.4.30.v20200611]
	at org.eclipse.jetty.servlet.ServletHandler.doHandle(ServletHandler.java:551) ~[jetty-servlet-9.4.30.v20200611.jar:9.4.30.v20200611]
	at org.eclipse.jetty.server.handler.ScopedHandler.nextHandle(ScopedHandler.java:233) ~[jetty-server-9.4.30.v20200611.jar:9.4.30.v20200611]
	at org.eclipse.jetty.server.handler.ContextHandler.doHandle(ContextHandler.java:1369) ~[jetty-server-9.4.30.v20200611.jar:9.4.30.v20200611]
	at org.eclipse.jetty.server.handler.ScopedHandler.nextScope(ScopedHandler.java:188) ~[jetty-server-9.4.30.v20200611.jar:9.4.30.v20200611]
	at org.eclipse.jetty.servlet.ServletHandler.doScope(ServletHandler.java:489) ~[jetty-servlet-9.4.30.v20200611.jar:9.4.30.v20200611]
	at org.eclipse.jetty.server.handler.ScopedHandler.nextScope(ScopedHandler.java:186) ~[jetty-server-9.4.30.v20200611.jar:9.4.30.v20200611]
	at org.eclipse.jetty.server.handler.ContextHandler.doScope(ContextHandler.java:1284) ~[jetty-server-9.4.30.v20200611.jar:9.4.30.v20200611]
	at org.eclipse.jetty.server.handler.ScopedHandler.handle(ScopedHandler.java:141) ~[jetty-server-9.4.30.v20200611.jar:9.4.30.v20200611]
	at org.eclipse.jetty.server.handler.HandlerWrapper.handle(HandlerWrapper.java:127) ~[jetty-server-9.4.30.v20200611.jar:9.4.30.v20200611]
	at org.eclipse.jetty.server.Server.handleAsync(Server.java:544) ~[jetty-server-9.4.30.v20200611.jar:9.4.30.v20200611]
	at org.eclipse.jetty.server.HttpChannel.lambda$handle$2(HttpChannel.java:391) [jetty-server-9.4.30.v20200611.jar:9.4.30.v20200611]
	at org.eclipse.jetty.server.HttpChannel.dispatch(HttpChannel.java:556) [jetty-server-9.4.30.v20200611.jar:9.4.30.v20200611]
	at org.eclipse.jetty.server.HttpChannel.handle(HttpChannel.java:391) [jetty-server-9.4.30.v20200611.jar:9.4.30.v20200611]
	at org.eclipse.jetty.server.HttpChannel.run(HttpChannel.java:335) [jetty-server-9.4.30.v20200611.jar:9.4.30.v20200611]
	at org.eclipse.jetty.util.thread.QueuedThreadPool.runJob(QueuedThreadPool.java:806) [jetty-util-9.4.30.v20200611.jar:9.4.30.v20200611]
	at org.eclipse.jetty.util.thread.QueuedThreadPool$Runner.run(QueuedThreadPool.java:938) [jetty-util-9.4.30.v20200611.jar:9.4.30.v20200611]
	at java.lang.Thread.run(Thread.java:750) [na:1.8.0_452]
Caused by: java.lang.UnsupportedOperationException: null
	at org.springframework.http.ReadOnlyHttpHeaders.set(ReadOnlyHttpHeaders.java:106) ~[spring-web-5.2.8.RELEASE.jar:5.2.8.RELEASE]
	Suppressed: java.lang.UnsupportedOperationException: null
		at org.springframework.http.ReadOnlyHttpHeaders.set(ReadOnlyHttpHeaders.java:106) ~[spring-web-5.2.8.RELEASE.jar:5.2.8.RELEASE]
		at org.springframework.http.HttpHeaders.setOrRemove(HttpHeaders.java:1610) ~[spring-web-5.2.8.RELEASE.jar:5.2.8.RELEASE]
		at org.springframework.http.HttpHeaders.setCacheControl(HttpHeaders.java:818) ~[spring-web-5.2.8.RELEASE.jar:5.2.8.RELEASE]
		at com.example.gateway.filter.ResponseFormattingFilter.addStandardHeaders(ResponseFormattingFilter.java:74) ~[classes/:na]
		at com.example.gateway.filter.ResponseFormattingFilter.formatResponse(ResponseFormattingFilter.java:37) ~[classes/:na]
		at com.example.gateway.filter.ResponseFormattingFilter.lambda$filter$0(ResponseFormattingFilter.java:28) ~[classes/:na]
		at reactor.core.publisher.MonoPeekTerminal$MonoTerminalPeekSubscriber.onComplete(MonoPeekTerminal.java:282) ~[reactor-core-3.3.8.RELEASE.jar:3.3.8.RELEASE]
		at reactor.core.publisher.Operators$MultiSubscriptionSubscriber.onComplete(Operators.java:2016) ~[reactor-core-3.3.8.RELEASE.jar:3.3.8.RELEASE]
		at reactor.core.publisher.MonoPeekTerminal$MonoTerminalPeekSubscriber.onComplete(MonoPeekTerminal.java:292) ~[reactor-core-3.3.8.RELEASE.jar:3.3.8.RELEASE]
		at reactor.core.publisher.FluxHide$SuppressFuseableSubscriber.onComplete(FluxHide.java:137) ~[reactor-core-3.3.8.RELEASE.jar:3.3.8.RELEASE]
		at reactor.core.publisher.MonoIgnoreElements$IgnoreElementsSubscriber.onComplete(MonoIgnoreElements.java:81) ~[reactor-core-3.3.8.RELEASE.jar:3.3.8.RELEASE]
		at reactor.core.publisher.FluxConcatArray$ConcatArraySubscriber.onComplete(FluxConcatArray.java:191) ~[reactor-core-3.3.8.RELEASE.jar:3.3.8.RELEASE]
		at reactor.core.publisher.FluxConcatArray.subscribe(FluxConcatArray.java:80) ~[reactor-core-3.3.8.RELEASE.jar:3.3.8.RELEASE]
		at reactor.core.publisher.Mono.subscribe(Mono.java:4213) ~[reactor-core-3.3.8.RELEASE.jar:3.3.8.RELEASE]
		at reactor.core.publisher.FluxFlatMap.trySubscribeScalarMap(FluxFlatMap.java:202) ~[reactor-core-3.3.8.RELEASE.jar:3.3.8.RELEASE]
		at reactor.core.publisher.MonoFlatMap.subscribeOrReturn(MonoFlatMap.java:53) ~[reactor-core-3.3.8.RELEASE.jar:3.3.8.RELEASE]
		at reactor.core.publisher.Mono.subscribe(Mono.java:4198) ~[reactor-core-3.3.8.RELEASE.jar:3.3.8.RELEASE]
		at reactor.core.publisher.FluxOnErrorResume$ResumeSubscriber.onError(FluxOnErrorResume.java:97) ~[reactor-core-3.3.8.RELEASE.jar:3.3.8.RELEASE]
		at reactor.core.publisher.Operators$MonoSubscriber.onError(Operators.java:1829) ~[reactor-core-3.3.8.RELEASE.jar:3.3.8.RELEASE]
		at reactor.core.publisher.MonoIgnoreThen$ThenIgnoreInner.onError(MonoIgnoreThen.java:235) ~[reactor-core-3.3.8.RELEASE.jar:3.3.8.RELEASE]
		at reactor.core.publisher.FluxOnErrorResume$ResumeSubscriber.onError(FluxOnErrorResume.java:100) ~[reactor-core-3.3.8.RELEASE.jar:3.3.8.RELEASE]
		at reactor.core.publisher.Operators.error(Operators.java:196) ~[reactor-core-3.3.8.RELEASE.jar:3.3.8.RELEASE]
		at reactor.core.publisher.FluxError.subscribe(FluxError.java:43) ~[reactor-core-3.3.8.RELEASE.jar:3.3.8.RELEASE]
		at reactor.core.publisher.Flux.subscribe(Flux.java:8325) ~[reactor-core-3.3.8.RELEASE.jar:3.3.8.RELEASE]
		at reactor.core.publisher.FluxOnErrorResume$ResumeSubscriber.onError(FluxOnErrorResume.java:97) ~[reactor-core-3.3.8.RELEASE.jar:3.3.8.RELEASE]
		at reactor.core.publisher.SerializedSubscriber.onError(SerializedSubscriber.java:124) ~[reactor-core-3.3.8.RELEASE.jar:3.3.8.RELEASE]
		at reactor.core.publisher.FluxTimeout$TimeoutMainSubscriber.onError(FluxTimeout.java:212) ~[reactor-core-3.3.8.RELEASE.jar:3.3.8.RELEASE]
		at reactor.core.publisher.MonoFlatMapMany$FlatMapManyMain.onError(MonoFlatMapMany.java:197) ~[reactor-core-3.3.8.RELEASE.jar:3.3.8.RELEASE]
		at reactor.core.publisher.SerializedSubscriber.onError(SerializedSubscriber.java:124) ~[reactor-core-3.3.8.RELEASE.jar:3.3.8.RELEASE]
		at reactor.core.publisher.FluxRetryWhen$RetryWhenMainSubscriber.whenError(FluxRetryWhen.java:213) ~[reactor-core-3.3.8.RELEASE.jar:3.3.8.RELEASE]
		at reactor.core.publisher.FluxRetryWhen$RetryWhenOtherSubscriber.onError(FluxRetryWhen.java:255) ~[reactor-core-3.3.8.RELEASE.jar:3.3.8.RELEASE]
		at reactor.core.publisher.FluxConcatMap$ConcatMapImmediate.drain(FluxConcatMap.java:406) ~[reactor-core-3.3.8.RELEASE.jar:3.3.8.RELEASE]
		at reactor.core.publisher.FluxConcatMap$ConcatMapImmediate.onNext(FluxConcatMap.java:243) ~[reactor-core-3.3.8.RELEASE.jar:3.3.8.RELEASE]
		at reactor.core.publisher.DirectProcessor$DirectInner.onNext(DirectProcessor.java:333) ~[reactor-core-3.3.8.RELEASE.jar:3.3.8.RELEASE]
		at reactor.core.publisher.DirectProcessor.onNext(DirectProcessor.java:142) ~[reactor-core-3.3.8.RELEASE.jar:3.3.8.RELEASE]
		at reactor.core.publisher.SerializedSubscriber.onNext(SerializedSubscriber.java:99) ~[reactor-core-3.3.8.RELEASE.jar:3.3.8.RELEASE]
		at reactor.core.publisher.FluxRetryWhen$RetryWhenMainSubscriber.onError(FluxRetryWhen.java:180) ~[reactor-core-3.3.8.RELEASE.jar:3.3.8.RELEASE]
		at reactor.core.publisher.MonoCreate$DefaultMonoSink.error(MonoCreate.java:185) ~[reactor-core-3.3.8.RELEASE.jar:3.3.8.RELEASE]
		at reactor.netty.http.client.HttpClientConnect$MonoHttpConnect$TcpClientSubscriber.onError(HttpClientConnect.java:352) ~[reactor-netty-0.9.10.RELEASE.jar:0.9.10.RELEASE]
		at reactor.core.publisher.MonoCreate$DefaultMonoSink.error(MonoCreate.java:185) ~[reactor-core-3.3.8.RELEASE.jar:3.3.8.RELEASE]
		at reactor.netty.resources.PooledConnectionProvider$DisposableAcquire.onError(PooledConnectionProvider.java:500) ~[reactor-netty-0.9.10.RELEASE.jar:0.9.10.RELEASE]
		at reactor.netty.internal.shaded.reactor.pool.AbstractPool$Borrower.fail(AbstractPool.java:408) ~[reactor-netty-0.9.10.RELEASE.jar:0.9.10.RELEASE]
		at reactor.netty.internal.shaded.reactor.pool.SimplePool.lambda$drainLoop$5(SimplePool.java:233) ~[reactor-netty-0.9.10.RELEASE.jar:0.9.10.RELEASE]
		at reactor.core.publisher.FluxDoOnEach$DoOnEachSubscriber.onError(FluxDoOnEach.java:172) ~[reactor-core-3.3.8.RELEASE.jar:3.3.8.RELEASE]
		at reactor.core.publisher.MonoCreate$DefaultMonoSink.error(MonoCreate.java:185) ~[reactor-core-3.3.8.RELEASE.jar:3.3.8.RELEASE]
		at reactor.netty.resources.PooledConnectionProvider$PooledConnectionAllocator$PooledConnectionInitializer.operationComplete(PooledConnectionProvider.java:281) ~[reactor-netty-0.9.10.RELEASE.jar:0.9.10.RELEASE]
		at reactor.netty.resources.PooledConnectionProvider$PooledConnectionAllocator$PooledConnectionInitializer.operationComplete(PooledConnectionProvider.java:231) ~[reactor-netty-0.9.10.RELEASE.jar:0.9.10.RELEASE]
		at io.netty.util.concurrent.DefaultPromise.notifyListener0(DefaultPromise.java:577) ~[netty-common-4.1.51.Final.jar:4.1.51.Final]
		at io.netty.util.concurrent.DefaultPromise.notifyListeners0(DefaultPromise.java:570) ~[netty-common-4.1.51.Final.jar:4.1.51.Final]
		at io.netty.util.concurrent.DefaultPromise.notifyListenersNow(DefaultPromise.java:549) ~[netty-common-4.1.51.Final.jar:4.1.51.Final]
		at io.netty.util.concurrent.DefaultPromise.notifyListeners(DefaultPromise.java:490) ~[netty-common-4.1.51.Final.jar:4.1.51.Final]
		at io.netty.util.concurrent.DefaultPromise.setValue0(DefaultPromise.java:615) ~[netty-common-4.1.51.Final.jar:4.1.51.Final]
		at io.netty.util.concurrent.DefaultPromise.setFailure0(DefaultPromise.java:608) ~[netty-common-4.1.51.Final.jar:4.1.51.Final]
		at io.netty.util.concurrent.DefaultPromise.tryFailure(DefaultPromise.java:117) ~[netty-common-4.1.51.Final.jar:4.1.51.Final]
		at io.netty.channel.nio.AbstractNioChannel$AbstractNioUnsafe.fulfillConnectPromise(AbstractNioChannel.java:321) ~[netty-transport-4.1.51.Final.jar:4.1.51.Final]
		at io.netty.channel.nio.AbstractNioChannel$AbstractNioUnsafe.finishConnect(AbstractNioChannel.java:337) ~[netty-transport-4.1.51.Final.jar:4.1.51.Final]
		at io.netty.channel.nio.NioEventLoop.processSelectedKey(NioEventLoop.java:702) ~[netty-transport-4.1.51.Final.jar:4.1.51.Final]
		at io.netty.channel.nio.NioEventLoop.processSelectedKeysOptimized(NioEventLoop.java:650) ~[netty-transport-4.1.51.Final.jar:4.1.51.Final]
		at io.netty.channel.nio.NioEventLoop.processSelectedKeys(NioEventLoop.java:576) ~[netty-transport-4.1.51.Final.jar:4.1.51.Final]
		at io.netty.channel.nio.NioEventLoop.run(NioEventLoop.java:493) ~[netty-transport-4.1.51.Final.jar:4.1.51.Final]
		at io.netty.util.concurrent.SingleThreadEventExecutor$4.run(SingleThreadEventExecutor.java:989) ~[netty-common-4.1.51.Final.jar:4.1.51.Final]
		at io.netty.util.internal.ThreadExecutorMap$2.run(ThreadExecutorMap.java:74) ~[netty-common-4.1.51.Final.jar:4.1.51.Final]
		at io.netty.util.concurrent.FastThreadLocalRunnable.run(FastThreadLocalRunnable.java:30) ~[netty-common-4.1.51.Final.jar:4.1.51.Final]
		at java.lang.Thread.run(Thread.java:750) [na:1.8.0_452]
	Suppressed: reactor.core.publisher.FluxOnAssembly$OnAssemblyException: 
Error has been observed at the following site(s):
	|_ checkpoint ⇢ org.springframework.cloud.gateway.filter.WeightCalculatorWebFilter [DefaultWebFilterChain]
	|_ checkpoint ⇢ org.springframework.boot.actuate.metrics.web.reactive.server.MetricsWebFilter [DefaultWebFilterChain]
	|_ checkpoint ⇢ HTTP GET "/user/login" [ExceptionHandlingWebHandler]
Stack trace:
		at org.springframework.http.ReadOnlyHttpHeaders.set(ReadOnlyHttpHeaders.java:106) ~[spring-web-5.2.8.RELEASE.jar:5.2.8.RELEASE]
		at org.springframework.http.HttpHeaders.setOrRemove(HttpHeaders.java:1610) ~[spring-web-5.2.8.RELEASE.jar:5.2.8.RELEASE]
		at org.springframework.http.HttpHeaders.setCacheControl(HttpHeaders.java:818) ~[spring-web-5.2.8.RELEASE.jar:5.2.8.RELEASE]
		at com.example.gateway.filter.ResponseFormattingFilter.addStandardHeaders(ResponseFormattingFilter.java:74) ~[classes/:na]
		at com.example.gateway.filter.ResponseFormattingFilter.formatErrorResponse(ResponseFormattingFilter.java:56) ~[classes/:na]
		at com.example.gateway.filter.ResponseFormattingFilter.lambda$filter$1(ResponseFormattingFilter.java:29) ~[classes/:na]
		at reactor.core.publisher.MonoPeekTerminal$MonoTerminalPeekSubscriber.onError(MonoPeekTerminal.java:243) ~[reactor-core-3.3.8.RELEASE.jar:3.3.8.RELEASE]
		at reactor.core.publisher.MonoPeekTerminal$MonoTerminalPeekSubscriber.onError(MonoPeekTerminal.java:251) ~[reactor-core-3.3.8.RELEASE.jar:3.3.8.RELEASE]
		at reactor.core.publisher.MonoPeekTerminal$MonoTerminalPeekSubscriber.onComplete(MonoPeekTerminal.java:285) ~[reactor-core-3.3.8.RELEASE.jar:3.3.8.RELEASE]
		at reactor.core.publisher.Operators$MultiSubscriptionSubscriber.onComplete(Operators.java:2016) ~[reactor-core-3.3.8.RELEASE.jar:3.3.8.RELEASE]
		at reactor.core.publisher.MonoPeekTerminal$MonoTerminalPeekSubscriber.onComplete(MonoPeekTerminal.java:292) ~[reactor-core-3.3.8.RELEASE.jar:3.3.8.RELEASE]
		at reactor.core.publisher.FluxHide$SuppressFuseableSubscriber.onComplete(FluxHide.java:137) ~[reactor-core-3.3.8.RELEASE.jar:3.3.8.RELEASE]
		at reactor.core.publisher.MonoIgnoreElements$IgnoreElementsSubscriber.onComplete(MonoIgnoreElements.java:81) ~[reactor-core-3.3.8.RELEASE.jar:3.3.8.RELEASE]
		at reactor.core.publisher.FluxConcatArray$ConcatArraySubscriber.onComplete(FluxConcatArray.java:191) ~[reactor-core-3.3.8.RELEASE.jar:3.3.8.RELEASE]
		at reactor.core.publisher.FluxConcatArray.subscribe(FluxConcatArray.java:80) ~[reactor-core-3.3.8.RELEASE.jar:3.3.8.RELEASE]
		at reactor.core.publisher.Mono.subscribe(Mono.java:4213) ~[reactor-core-3.3.8.RELEASE.jar:3.3.8.RELEASE]
		at reactor.core.publisher.FluxFlatMap.trySubscribeScalarMap(FluxFlatMap.java:202) ~[reactor-core-3.3.8.RELEASE.jar:3.3.8.RELEASE]
		at reactor.core.publisher.MonoFlatMap.subscribeOrReturn(MonoFlatMap.java:53) ~[reactor-core-3.3.8.RELEASE.jar:3.3.8.RELEASE]
		at reactor.core.publisher.Mono.subscribe(Mono.java:4198) ~[reactor-core-3.3.8.RELEASE.jar:3.3.8.RELEASE]
		at reactor.core.publisher.FluxOnErrorResume$ResumeSubscriber.onError(FluxOnErrorResume.java:97) ~[reactor-core-3.3.8.RELEASE.jar:3.3.8.RELEASE]
		at reactor.core.publisher.Operators$MonoSubscriber.onError(Operators.java:1829) ~[reactor-core-3.3.8.RELEASE.jar:3.3.8.RELEASE]
		at reactor.core.publisher.MonoIgnoreThen$ThenIgnoreInner.onError(MonoIgnoreThen.java:235) ~[reactor-core-3.3.8.RELEASE.jar:3.3.8.RELEASE]
		at reactor.core.publisher.FluxOnErrorResume$ResumeSubscriber.onError(FluxOnErrorResume.java:100) ~[reactor-core-3.3.8.RELEASE.jar:3.3.8.RELEASE]
		at reactor.core.publisher.Operators.error(Operators.java:196) ~[reactor-core-3.3.8.RELEASE.jar:3.3.8.RELEASE]
		at reactor.core.publisher.FluxError.subscribe(FluxError.java:43) ~[reactor-core-3.3.8.RELEASE.jar:3.3.8.RELEASE]
		at reactor.core.publisher.Flux.subscribe(Flux.java:8325) ~[reactor-core-3.3.8.RELEASE.jar:3.3.8.RELEASE]
		at reactor.core.publisher.FluxOnErrorResume$ResumeSubscriber.onError(FluxOnErrorResume.java:97) ~[reactor-core-3.3.8.RELEASE.jar:3.3.8.RELEASE]
		at reactor.core.publisher.SerializedSubscriber.onError(SerializedSubscriber.java:124) ~[reactor-core-3.3.8.RELEASE.jar:3.3.8.RELEASE]
		at reactor.core.publisher.FluxTimeout$TimeoutMainSubscriber.onError(FluxTimeout.java:212) ~[reactor-core-3.3.8.RELEASE.jar:3.3.8.RELEASE]
		at reactor.core.publisher.MonoFlatMapMany$FlatMapManyMain.onError(MonoFlatMapMany.java:197) ~[reactor-core-3.3.8.RELEASE.jar:3.3.8.RELEASE]
		at reactor.core.publisher.SerializedSubscriber.onError(SerializedSubscriber.java:124) ~[reactor-core-3.3.8.RELEASE.jar:3.3.8.RELEASE]
		at reactor.core.publisher.FluxRetryWhen$RetryWhenMainSubscriber.whenError(FluxRetryWhen.java:213) ~[reactor-core-3.3.8.RELEASE.jar:3.3.8.RELEASE]
		at reactor.core.publisher.FluxRetryWhen$RetryWhenOtherSubscriber.onError(FluxRetryWhen.java:255) ~[reactor-core-3.3.8.RELEASE.jar:3.3.8.RELEASE]
		at reactor.core.publisher.FluxConcatMap$ConcatMapImmediate.drain(FluxConcatMap.java:406) ~[reactor-core-3.3.8.RELEASE.jar:3.3.8.RELEASE]
		at reactor.core.publisher.FluxConcatMap$ConcatMapImmediate.onNext(FluxConcatMap.java:243) ~[reactor-core-3.3.8.RELEASE.jar:3.3.8.RELEASE]
		at reactor.core.publisher.DirectProcessor$DirectInner.onNext(DirectProcessor.java:333) ~[reactor-core-3.3.8.RELEASE.jar:3.3.8.RELEASE]
		at reactor.core.publisher.DirectProcessor.onNext(DirectProcessor.java:142) ~[reactor-core-3.3.8.RELEASE.jar:3.3.8.RELEASE]
		at reactor.core.publisher.SerializedSubscriber.onNext(SerializedSubscriber.java:99) ~[reactor-core-3.3.8.RELEASE.jar:3.3.8.RELEASE]
		at reactor.core.publisher.FluxRetryWhen$RetryWhenMainSubscriber.onError(FluxRetryWhen.java:180) ~[reactor-core-3.3.8.RELEASE.jar:3.3.8.RELEASE]
		at reactor.core.publisher.MonoCreate$DefaultMonoSink.error(MonoCreate.java:185) ~[reactor-core-3.3.8.RELEASE.jar:3.3.8.RELEASE]
		at reactor.netty.http.client.HttpClientConnect$MonoHttpConnect$TcpClientSubscriber.onError(HttpClientConnect.java:352) ~[reactor-netty-0.9.10.RELEASE.jar:0.9.10.RELEASE]
		at reactor.core.publisher.MonoCreate$DefaultMonoSink.error(MonoCreate.java:185) ~[reactor-core-3.3.8.RELEASE.jar:3.3.8.RELEASE]
		at reactor.netty.resources.PooledConnectionProvider$DisposableAcquire.onError(PooledConnectionProvider.java:500) ~[reactor-netty-0.9.10.RELEASE.jar:0.9.10.RELEASE]
		at reactor.netty.internal.shaded.reactor.pool.AbstractPool$Borrower.fail(AbstractPool.java:408) ~[reactor-netty-0.9.10.RELEASE.jar:0.9.10.RELEASE]
		at reactor.netty.internal.shaded.reactor.pool.SimplePool.lambda$drainLoop$5(SimplePool.java:233) ~[reactor-netty-0.9.10.RELEASE.jar:0.9.10.RELEASE]
		at reactor.core.publisher.FluxDoOnEach$DoOnEachSubscriber.onError(FluxDoOnEach.java:172) ~[reactor-core-3.3.8.RELEASE.jar:3.3.8.RELEASE]
		at reactor.core.publisher.MonoCreate$DefaultMonoSink.error(MonoCreate.java:185) ~[reactor-core-3.3.8.RELEASE.jar:3.3.8.RELEASE]
		at reactor.netty.resources.PooledConnectionProvider$PooledConnectionAllocator$PooledConnectionInitializer.operationComplete(PooledConnectionProvider.java:281) ~[reactor-netty-0.9.10.RELEASE.jar:0.9.10.RELEASE]
		at reactor.netty.resources.PooledConnectionProvider$PooledConnectionAllocator$PooledConnectionInitializer.operationComplete(PooledConnectionProvider.java:231) ~[reactor-netty-0.9.10.RELEASE.jar:0.9.10.RELEASE]
		at io.netty.util.concurrent.DefaultPromise.notifyListener0(DefaultPromise.java:577) ~[netty-common-4.1.51.Final.jar:4.1.51.Final]
		at io.netty.util.concurrent.DefaultPromise.notifyListeners0(DefaultPromise.java:570) ~[netty-common-4.1.51.Final.jar:4.1.51.Final]
		at io.netty.util.concurrent.DefaultPromise.notifyListenersNow(DefaultPromise.java:549) ~[netty-common-4.1.51.Final.jar:4.1.51.Final]
		at io.netty.util.concurrent.DefaultPromise.notifyListeners(DefaultPromise.java:490) ~[netty-common-4.1.51.Final.jar:4.1.51.Final]
		at io.netty.util.concurrent.DefaultPromise.setValue0(DefaultPromise.java:615) ~[netty-common-4.1.51.Final.jar:4.1.51.Final]
		at io.netty.util.concurrent.DefaultPromise.setFailure0(DefaultPromise.java:608) ~[netty-common-4.1.51.Final.jar:4.1.51.Final]
		at io.netty.util.concurrent.DefaultPromise.tryFailure(DefaultPromise.java:117) ~[netty-common-4.1.51.Final.jar:4.1.51.Final]
		at io.netty.channel.nio.AbstractNioChannel$AbstractNioUnsafe.fulfillConnectPromise(AbstractNioChannel.java:321) ~[netty-transport-4.1.51.Final.jar:4.1.51.Final]
		at io.netty.channel.nio.AbstractNioChannel$AbstractNioUnsafe.finishConnect(AbstractNioChannel.java:337) ~[netty-transport-4.1.51.Final.jar:4.1.51.Final]
		at io.netty.channel.nio.NioEventLoop.processSelectedKey(NioEventLoop.java:702) ~[netty-transport-4.1.51.Final.jar:4.1.51.Final]
		at io.netty.channel.nio.NioEventLoop.processSelectedKeysOptimized(NioEventLoop.java:650) ~[netty-transport-4.1.51.Final.jar:4.1.51.Final]
		at io.netty.channel.nio.NioEventLoop.processSelectedKeys(NioEventLoop.java:576) ~[netty-transport-4.1.51.Final.jar:4.1.51.Final]
		at io.netty.channel.nio.NioEventLoop.run(NioEventLoop.java:493) ~[netty-transport-4.1.51.Final.jar:4.1.51.Final]
		at io.netty.util.concurrent.SingleThreadEventExecutor$4.run(SingleThreadEventExecutor.java:989) ~[netty-common-4.1.51.Final.jar:4.1.51.Final]
		at io.netty.util.internal.ThreadExecutorMap$2.run(ThreadExecutorMap.java:74) ~[netty-common-4.1.51.Final.jar:4.1.51.Final]
		at io.netty.util.concurrent.FastThreadLocalRunnable.run(FastThreadLocalRunnable.java:30) ~[netty-common-4.1.51.Final.jar:4.1.51.Final]
		at java.lang.Thread.run(Thread.java:750) [na:1.8.0_452]

]]></system-out>
  </testcase>
  <testcase name="testMultiplePathPatterns" classname="com.example.gateway.RoutePathMatchingPropertiesTest" time="0.045">
    <error message="Error while extracting response for type [class java.lang.String] and content type [application/json]; nested exception is org.apache.http.MalformedChunkCodingException: CRLF expected at end of chunk" type="org.springframework.web.client.RestClientException"><![CDATA[org.springframework.web.client.RestClientException: Error while extracting response for type [class java.lang.String] and content type [application/json]; nested exception is org.apache.http.MalformedChunkCodingException: CRLF expected at end of chunk
	at org.springframework.web.client.HttpMessageConverterExtractor.extractData(HttpMessageConverterExtractor.java:120)
	at org.springframework.web.client.RestTemplate$ResponseEntityResponseExtractor.extractData(RestTemplate.java:998)
	at org.springframework.web.client.RestTemplate$ResponseEntityResponseExtractor.extractData(RestTemplate.java:981)
	at org.springframework.web.client.RestTemplate.doExecute(RestTemplate.java:741)
	at org.springframework.web.client.RestTemplate.execute(RestTemplate.java:674)
	at org.springframework.web.client.RestTemplate.getForEntity(RestTemplate.java:342)
	at org.springframework.boot.test.web.client.TestRestTemplate.getForEntity(TestRestTemplate.java:233)
	at com.example.gateway.RoutePathMatchingPropertiesTest.testMultiplePathPatterns(RoutePathMatchingPropertiesTest.java:107)
	at sun.reflect.NativeMethodAccessorImpl.invoke0(Native Method)
	at sun.reflect.NativeMethodAccessorImpl.invoke(NativeMethodAccessorImpl.java:62)
	at sun.reflect.DelegatingMethodAccessorImpl.invoke(DelegatingMethodAccessorImpl.java:43)
	at java.lang.reflect.Method.invoke(Method.java:498)
	at org.junit.platform.commons.util.ReflectionUtils.invokeMethod(ReflectionUtils.java:686)
	at org.junit.jupiter.engine.execution.MethodInvocation.proceed(MethodInvocation.java:60)
	at org.junit.jupiter.engine.execution.InvocationInterceptorChain$ValidatingInvocation.proceed(InvocationInterceptorChain.java:131)
	at org.junit.jupiter.engine.extension.TimeoutExtension.intercept(TimeoutExtension.java:149)
	at org.junit.jupiter.engine.extension.TimeoutExtension.interceptTestableMethod(TimeoutExtension.java:140)
	at org.junit.jupiter.engine.extension.TimeoutExtension.interceptTestMethod(TimeoutExtension.java:84)
	at org.junit.jupiter.engine.execution.ExecutableInvoker$ReflectiveInterceptorCall.lambda$ofVoidMethod$0(ExecutableInvoker.java:115)
	at org.junit.jupiter.engine.execution.ExecutableInvoker.lambda$invoke$0(ExecutableInvoker.java:105)
	at org.junit.jupiter.engine.execution.InvocationInterceptorChain$InterceptedInvocation.proceed(InvocationInterceptorChain.java:106)
	at org.junit.jupiter.engine.execution.InvocationInterceptorChain.proceed(InvocationInterceptorChain.java:64)
	at org.junit.jupiter.engine.execution.InvocationInterceptorChain.chainAndInvoke(InvocationInterceptorChain.java:45)
	at org.junit.jupiter.engine.execution.InvocationInterceptorChain.invoke(InvocationInterceptorChain.java:37)
	at org.junit.jupiter.engine.execution.ExecutableInvoker.invoke(ExecutableInvoker.java:104)
	at org.junit.jupiter.engine.execution.ExecutableInvoker.invoke(ExecutableInvoker.java:98)
	at org.junit.jupiter.engine.descriptor.TestMethodTestDescriptor.lambda$invokeTestMethod$6(TestMethodTestDescriptor.java:212)
	at org.junit.platform.engine.support.hierarchical.ThrowableCollector.execute(ThrowableCollector.java:73)
	at org.junit.jupiter.engine.descriptor.TestMethodTestDescriptor.invokeTestMethod(TestMethodTestDescriptor.java:208)
	at org.junit.jupiter.engine.descriptor.TestMethodTestDescriptor.execute(TestMethodTestDescriptor.java:137)
	at org.junit.jupiter.engine.descriptor.TestMethodTestDescriptor.execute(TestMethodTestDescriptor.java:71)
	at org.junit.platform.engine.support.hierarchical.NodeTestTask.lambda$executeRecursively$5(NodeTestTask.java:135)
	at org.junit.platform.engine.support.hierarchical.ThrowableCollector.execute(ThrowableCollector.java:73)
	at org.junit.platform.engine.support.hierarchical.NodeTestTask.lambda$executeRecursively$7(NodeTestTask.java:125)
	at org.junit.platform.engine.support.hierarchical.Node.around(Node.java:135)
	at org.junit.platform.engine.support.hierarchical.NodeTestTask.lambda$executeRecursively$8(NodeTestTask.java:123)
	at org.junit.platform.engine.support.hierarchical.ThrowableCollector.execute(ThrowableCollector.java:73)
	at org.junit.platform.engine.support.hierarchical.NodeTestTask.executeRecursively(NodeTestTask.java:122)
	at org.junit.platform.engine.support.hierarchical.NodeTestTask.execute(NodeTestTask.java:80)
	at java.util.ArrayList.forEach(ArrayList.java:1259)
	at org.junit.platform.engine.support.hierarchical.SameThreadHierarchicalTestExecutorService.invokeAll(SameThreadHierarchicalTestExecutorService.java:38)
	at org.junit.platform.engine.support.hierarchical.NodeTestTask.lambda$executeRecursively$5(NodeTestTask.java:139)
	at org.junit.platform.engine.support.hierarchical.ThrowableCollector.execute(ThrowableCollector.java:73)
	at org.junit.platform.engine.support.hierarchical.NodeTestTask.lambda$executeRecursively$7(NodeTestTask.java:125)
	at org.junit.platform.engine.support.hierarchical.Node.around(Node.java:135)
	at org.junit.platform.engine.support.hierarchical.NodeTestTask.lambda$executeRecursively$8(NodeTestTask.java:123)
	at org.junit.platform.engine.support.hierarchical.ThrowableCollector.execute(ThrowableCollector.java:73)
	at org.junit.platform.engine.support.hierarchical.NodeTestTask.executeRecursively(NodeTestTask.java:122)
	at org.junit.platform.engine.support.hierarchical.NodeTestTask.execute(NodeTestTask.java:80)
	at java.util.ArrayList.forEach(ArrayList.java:1259)
	at org.junit.platform.engine.support.hierarchical.SameThreadHierarchicalTestExecutorService.invokeAll(SameThreadHierarchicalTestExecutorService.java:38)
	at org.junit.platform.engine.support.hierarchical.NodeTestTask.lambda$executeRecursively$5(NodeTestTask.java:139)
	at org.junit.platform.engine.support.hierarchical.ThrowableCollector.execute(ThrowableCollector.java:73)
	at org.junit.platform.engine.support.hierarchical.NodeTestTask.lambda$executeRecursively$7(NodeTestTask.java:125)
	at org.junit.platform.engine.support.hierarchical.Node.around(Node.java:135)
	at org.junit.platform.engine.support.hierarchical.NodeTestTask.lambda$executeRecursively$8(NodeTestTask.java:123)
	at org.junit.platform.engine.support.hierarchical.ThrowableCollector.execute(ThrowableCollector.java:73)
	at org.junit.platform.engine.support.hierarchical.NodeTestTask.executeRecursively(NodeTestTask.java:122)
	at org.junit.platform.engine.support.hierarchical.NodeTestTask.execute(NodeTestTask.java:80)
	at org.junit.platform.engine.support.hierarchical.SameThreadHierarchicalTestExecutorService.submit(SameThreadHierarchicalTestExecutorService.java:32)
	at org.junit.platform.engine.support.hierarchical.HierarchicalTestExecutor.execute(HierarchicalTestExecutor.java:57)
	at org.junit.platform.engine.support.hierarchical.HierarchicalTestEngine.execute(HierarchicalTestEngine.java:51)
	at org.junit.platform.launcher.core.DefaultLauncher.execute(DefaultLauncher.java:248)
	at org.junit.platform.launcher.core.DefaultLauncher.lambda$execute$5(DefaultLauncher.java:211)
	at org.junit.platform.launcher.core.DefaultLauncher.withInterceptedStreams(DefaultLauncher.java:226)
	at org.junit.platform.launcher.core.DefaultLauncher.execute(DefaultLauncher.java:199)
	at org.junit.platform.launcher.core.DefaultLauncher.execute(DefaultLauncher.java:132)
	at org.apache.maven.surefire.junitplatform.LazyLauncher.execute(LazyLauncher.java:56)
	at org.apache.maven.surefire.junitplatform.JUnitPlatformProvider.execute(JUnitPlatformProvider.java:184)
	at org.apache.maven.surefire.junitplatform.JUnitPlatformProvider.invokeAllTests(JUnitPlatformProvider.java:148)
	at org.apache.maven.surefire.junitplatform.JUnitPlatformProvider.invoke(JUnitPlatformProvider.java:122)
	at org.apache.maven.surefire.booter.ForkedBooter.runSuitesInProcess(ForkedBooter.java:385)
	at org.apache.maven.surefire.booter.ForkedBooter.execute(ForkedBooter.java:162)
	at org.apache.maven.surefire.booter.ForkedBooter.run(ForkedBooter.java:507)
	at org.apache.maven.surefire.booter.ForkedBooter.main(ForkedBooter.java:495)
Caused by: org.apache.http.MalformedChunkCodingException: CRLF expected at end of chunk
	at org.apache.http.impl.io.ChunkedInputStream.getChunkSize(ChunkedInputStream.java:250)
	at org.apache.http.impl.io.ChunkedInputStream.nextChunk(ChunkedInputStream.java:222)
	at org.apache.http.impl.io.ChunkedInputStream.read(ChunkedInputStream.java:183)
	at org.apache.http.conn.EofSensorInputStream.read(EofSensorInputStream.java:135)
	at java.io.FilterInputStream.read(FilterInputStream.java:133)
	at java.io.PushbackInputStream.read(PushbackInputStream.java:186)
	at sun.nio.cs.StreamDecoder.readBytes(StreamDecoder.java:284)
	at sun.nio.cs.StreamDecoder.implRead(StreamDecoder.java:326)
	at sun.nio.cs.StreamDecoder.read(StreamDecoder.java:178)
	at java.io.InputStreamReader.read(InputStreamReader.java:184)
	at java.io.Reader.read(Reader.java:140)
	at org.springframework.util.StreamUtils.copyToString(StreamUtils.java:91)
	at org.springframework.http.converter.StringHttpMessageConverter.readInternal(StringHttpMessageConverter.java:96)
	at org.springframework.http.converter.StringHttpMessageConverter.readInternal(StringHttpMessageConverter.java:44)
	at org.springframework.http.converter.AbstractHttpMessageConverter.read(AbstractHttpMessageConverter.java:199)
	at org.springframework.web.client.HttpMessageConverterExtractor.extractData(HttpMessageConverterExtractor.java:114)
	... 74 more
]]></error>
    <system-out><![CDATA[2025-09-06 23:31:19.374  INFO 14839 --- [http@fcc6023-21] c.e.gateway.filter.RequestLoggingFilter  : Request: GET /product/list
2025-09-06 23:31:19.385 ERROR 14839 --- [ctor-http-nio-3] c.e.gateway.filter.ErrorHandlingFilter   : Gateway error occurred: 503 SERVICE_UNAVAILABLE - Service temporarily unavailable

io.netty.channel.AbstractChannel$AnnotatedConnectException: Connection refused: localhost/127.0.0.1:8082
Caused by: java.net.ConnectException: Connection refused
	at sun.nio.ch.SocketChannelImpl.checkConnect(Native Method) ~[na:1.8.0_452]
	at sun.nio.ch.SocketChannelImpl.finishConnect(SocketChannelImpl.java:716) ~[na:1.8.0_452]
	at io.netty.channel.socket.nio.NioSocketChannel.doFinishConnect(NioSocketChannel.java:330) ~[netty-transport-4.1.51.Final.jar:4.1.51.Final]
	at io.netty.channel.nio.AbstractNioChannel$AbstractNioUnsafe.finishConnect(AbstractNioChannel.java:334) ~[netty-transport-4.1.51.Final.jar:4.1.51.Final]
	at io.netty.channel.nio.NioEventLoop.processSelectedKey(NioEventLoop.java:702) ~[netty-transport-4.1.51.Final.jar:4.1.51.Final]
	at io.netty.channel.nio.NioEventLoop.processSelectedKeysOptimized(NioEventLoop.java:650) ~[netty-transport-4.1.51.Final.jar:4.1.51.Final]
	at io.netty.channel.nio.NioEventLoop.processSelectedKeys(NioEventLoop.java:576) ~[netty-transport-4.1.51.Final.jar:4.1.51.Final]
	at io.netty.channel.nio.NioEventLoop.run(NioEventLoop.java:493) ~[netty-transport-4.1.51.Final.jar:4.1.51.Final]
	at io.netty.util.concurrent.SingleThreadEventExecutor$4.run(SingleThreadEventExecutor.java:989) ~[netty-common-4.1.51.Final.jar:4.1.51.Final]
	at io.netty.util.internal.ThreadExecutorMap$2.run(ThreadExecutorMap.java:74) ~[netty-common-4.1.51.Final.jar:4.1.51.Final]
	at io.netty.util.concurrent.FastThreadLocalRunnable.run(FastThreadLocalRunnable.java:30) ~[netty-common-4.1.51.Final.jar:4.1.51.Final]
	at java.lang.Thread.run(Thread.java:750) ~[na:1.8.0_452]

2025-09-06 23:31:19.391 ERROR 14839 --- [ctor-http-nio-3] c.e.gateway.filter.RequestLoggingFilter  : Request failed: /product/list after 17ms - null
2025-09-06 23:31:19.394 ERROR 14839 --- [ctor-http-nio-3] o.s.w.s.adapter.HttpWebHandlerAdapter    : [76723a76] Error [java.lang.UnsupportedOperationException] for HTTP GET "/product/list", but ServerHttpResponse already committed (503 SERVICE_UNAVAILABLE)
2025-09-06 23:31:19.398  WARN 14839 --- [qtp816918962-27] org.eclipse.jetty.server.HttpChannel     : /product/list

javax.servlet.ServletException: Failed to create response content
	at org.springframework.http.server.reactive.ServletHttpHandlerAdapter.service(ServletHttpHandlerAdapter.java:162) ~[spring-web-5.2.8.RELEASE.jar:5.2.8.RELEASE]
	at org.eclipse.jetty.servlet.ServletHolder.handle(ServletHolder.java:763) ~[jetty-servlet-9.4.30.v20200611.jar:9.4.30.v20200611]
	at org.eclipse.jetty.servlet.ServletHandler.doHandle(ServletHandler.java:551) ~[jetty-servlet-9.4.30.v20200611.jar:9.4.30.v20200611]
	at org.eclipse.jetty.server.handler.ScopedHandler.nextHandle(ScopedHandler.java:233) ~[jetty-server-9.4.30.v20200611.jar:9.4.30.v20200611]
	at org.eclipse.jetty.server.handler.ContextHandler.doHandle(ContextHandler.java:1369) ~[jetty-server-9.4.30.v20200611.jar:9.4.30.v20200611]
	at org.eclipse.jetty.server.handler.ScopedHandler.nextScope(ScopedHandler.java:188) ~[jetty-server-9.4.30.v20200611.jar:9.4.30.v20200611]
	at org.eclipse.jetty.servlet.ServletHandler.doScope(ServletHandler.java:489) ~[jetty-servlet-9.4.30.v20200611.jar:9.4.30.v20200611]
	at org.eclipse.jetty.server.handler.ScopedHandler.nextScope(ScopedHandler.java:186) ~[jetty-server-9.4.30.v20200611.jar:9.4.30.v20200611]
	at org.eclipse.jetty.server.handler.ContextHandler.doScope(ContextHandler.java:1284) ~[jetty-server-9.4.30.v20200611.jar:9.4.30.v20200611]
	at org.eclipse.jetty.server.handler.ScopedHandler.handle(ScopedHandler.java:141) ~[jetty-server-9.4.30.v20200611.jar:9.4.30.v20200611]
	at org.eclipse.jetty.server.handler.HandlerWrapper.handle(HandlerWrapper.java:127) ~[jetty-server-9.4.30.v20200611.jar:9.4.30.v20200611]
	at org.eclipse.jetty.server.Server.handleAsync(Server.java:544) ~[jetty-server-9.4.30.v20200611.jar:9.4.30.v20200611]
	at org.eclipse.jetty.server.HttpChannel.lambda$handle$2(HttpChannel.java:391) [jetty-server-9.4.30.v20200611.jar:9.4.30.v20200611]
	at org.eclipse.jetty.server.HttpChannel.dispatch(HttpChannel.java:556) [jetty-server-9.4.30.v20200611.jar:9.4.30.v20200611]
	at org.eclipse.jetty.server.HttpChannel.handle(HttpChannel.java:391) [jetty-server-9.4.30.v20200611.jar:9.4.30.v20200611]
	at org.eclipse.jetty.server.HttpChannel.run(HttpChannel.java:335) [jetty-server-9.4.30.v20200611.jar:9.4.30.v20200611]
	at org.eclipse.jetty.util.thread.QueuedThreadPool.runJob(QueuedThreadPool.java:806) [jetty-util-9.4.30.v20200611.jar:9.4.30.v20200611]
	at org.eclipse.jetty.util.thread.QueuedThreadPool$Runner.run(QueuedThreadPool.java:938) [jetty-util-9.4.30.v20200611.jar:9.4.30.v20200611]
	at java.lang.Thread.run(Thread.java:750) [na:1.8.0_452]
Caused by: java.lang.UnsupportedOperationException: null
	at org.springframework.http.ReadOnlyHttpHeaders.set(ReadOnlyHttpHeaders.java:106) ~[spring-web-5.2.8.RELEASE.jar:5.2.8.RELEASE]
	Suppressed: java.lang.UnsupportedOperationException: null
		at org.springframework.http.ReadOnlyHttpHeaders.set(ReadOnlyHttpHeaders.java:106) ~[spring-web-5.2.8.RELEASE.jar:5.2.8.RELEASE]
		at org.springframework.http.HttpHeaders.setOrRemove(HttpHeaders.java:1610) ~[spring-web-5.2.8.RELEASE.jar:5.2.8.RELEASE]
		at org.springframework.http.HttpHeaders.setCacheControl(HttpHeaders.java:818) ~[spring-web-5.2.8.RELEASE.jar:5.2.8.RELEASE]
		at com.example.gateway.filter.ResponseFormattingFilter.addStandardHeaders(ResponseFormattingFilter.java:74) ~[classes/:na]
		at com.example.gateway.filter.ResponseFormattingFilter.formatResponse(ResponseFormattingFilter.java:37) ~[classes/:na]
		at com.example.gateway.filter.ResponseFormattingFilter.lambda$filter$0(ResponseFormattingFilter.java:28) ~[classes/:na]
		at reactor.core.publisher.MonoPeekTerminal$MonoTerminalPeekSubscriber.onComplete(MonoPeekTerminal.java:282) ~[reactor-core-3.3.8.RELEASE.jar:3.3.8.RELEASE]
		at reactor.core.publisher.Operators$MultiSubscriptionSubscriber.onComplete(Operators.java:2016) ~[reactor-core-3.3.8.RELEASE.jar:3.3.8.RELEASE]
		at reactor.core.publisher.MonoPeekTerminal$MonoTerminalPeekSubscriber.onComplete(MonoPeekTerminal.java:292) ~[reactor-core-3.3.8.RELEASE.jar:3.3.8.RELEASE]
		at reactor.core.publisher.FluxHide$SuppressFuseableSubscriber.onComplete(FluxHide.java:137) ~[reactor-core-3.3.8.RELEASE.jar:3.3.8.RELEASE]
		at reactor.core.publisher.MonoIgnoreElements$IgnoreElementsSubscriber.onComplete(MonoIgnoreElements.java:81) ~[reactor-core-3.3.8.RELEASE.jar:3.3.8.RELEASE]
		at reactor.core.publisher.FluxConcatArray$ConcatArraySubscriber.onComplete(FluxConcatArray.java:191) ~[reactor-core-3.3.8.RELEASE.jar:3.3.8.RELEASE]
		at reactor.core.publisher.FluxConcatArray.subscribe(FluxConcatArray.java:80) ~[reactor-core-3.3.8.RELEASE.jar:3.3.8.RELEASE]
		at reactor.core.publisher.Mono.subscribe(Mono.java:4213) ~[reactor-core-3.3.8.RELEASE.jar:3.3.8.RELEASE]
		at reactor.core.publisher.FluxFlatMap.trySubscribeScalarMap(FluxFlatMap.java:202) ~[reactor-core-3.3.8.RELEASE.jar:3.3.8.RELEASE]
		at reactor.core.publisher.MonoFlatMap.subscribeOrReturn(MonoFlatMap.java:53) ~[reactor-core-3.3.8.RELEASE.jar:3.3.8.RELEASE]
		at reactor.core.publisher.Mono.subscribe(Mono.java:4198) ~[reactor-core-3.3.8.RELEASE.jar:3.3.8.RELEASE]
		at reactor.core.publisher.FluxOnErrorResume$ResumeSubscriber.onError(FluxOnErrorResume.java:97) ~[reactor-core-3.3.8.RELEASE.jar:3.3.8.RELEASE]
		at reactor.core.publisher.Operators$MonoSubscriber.onError(Operators.java:1829) ~[reactor-core-3.3.8.RELEASE.jar:3.3.8.RELEASE]
		at reactor.core.publisher.MonoIgnoreThen$ThenIgnoreInner.onError(MonoIgnoreThen.java:235) ~[reactor-core-3.3.8.RELEASE.jar:3.3.8.RELEASE]
		at reactor.core.publisher.FluxOnErrorResume$ResumeSubscriber.onError(FluxOnErrorResume.java:100) ~[reactor-core-3.3.8.RELEASE.jar:3.3.8.RELEASE]
		at reactor.core.publisher.Operators.error(Operators.java:196) ~[reactor-core-3.3.8.RELEASE.jar:3.3.8.RELEASE]
		at reactor.core.publisher.FluxError.subscribe(FluxError.java:43) ~[reactor-core-3.3.8.RELEASE.jar:3.3.8.RELEASE]
		at reactor.core.publisher.Flux.subscribe(Flux.java:8325) ~[reactor-core-3.3.8.RELEASE.jar:3.3.8.RELEASE]
		at reactor.core.publisher.FluxOnErrorResume$ResumeSubscriber.onError(FluxOnErrorResume.java:97) ~[reactor-core-3.3.8.RELEASE.jar:3.3.8.RELEASE]
		at reactor.core.publisher.SerializedSubscriber.onError(SerializedSubscriber.java:124) ~[reactor-core-3.3.8.RELEASE.jar:3.3.8.RELEASE]
		at reactor.core.publisher.FluxTimeout$TimeoutMainSubscriber.onError(FluxTimeout.java:212) ~[reactor-core-3.3.8.RELEASE.jar:3.3.8.RELEASE]
		at reactor.core.publisher.MonoFlatMapMany$FlatMapManyMain.onError(MonoFlatMapMany.java:197) ~[reactor-core-3.3.8.RELEASE.jar:3.3.8.RELEASE]
		at reactor.core.publisher.SerializedSubscriber.onError(SerializedSubscriber.java:124) ~[reactor-core-3.3.8.RELEASE.jar:3.3.8.RELEASE]
		at reactor.core.publisher.FluxRetryWhen$RetryWhenMainSubscriber.whenError(FluxRetryWhen.java:213) ~[reactor-core-3.3.8.RELEASE.jar:3.3.8.RELEASE]
		at reactor.core.publisher.FluxRetryWhen$RetryWhenOtherSubscriber.onError(FluxRetryWhen.java:255) ~[reactor-core-3.3.8.RELEASE.jar:3.3.8.RELEASE]
		at reactor.core.publisher.FluxConcatMap$ConcatMapImmediate.drain(FluxConcatMap.java:406) ~[reactor-core-3.3.8.RELEASE.jar:3.3.8.RELEASE]
		at reactor.core.publisher.FluxConcatMap$ConcatMapImmediate.onNext(FluxConcatMap.java:243) ~[reactor-core-3.3.8.RELEASE.jar:3.3.8.RELEASE]
		at reactor.core.publisher.DirectProcessor$DirectInner.onNext(DirectProcessor.java:333) ~[reactor-core-3.3.8.RELEASE.jar:3.3.8.RELEASE]
		at reactor.core.publisher.DirectProcessor.onNext(DirectProcessor.java:142) ~[reactor-core-3.3.8.RELEASE.jar:3.3.8.RELEASE]
		at reactor.core.publisher.SerializedSubscriber.onNext(SerializedSubscriber.java:99) ~[reactor-core-3.3.8.RELEASE.jar:3.3.8.RELEASE]
		at reactor.core.publisher.FluxRetryWhen$RetryWhenMainSubscriber.onError(FluxRetryWhen.java:180) ~[reactor-core-3.3.8.RELEASE.jar:3.3.8.RELEASE]
		at reactor.core.publisher.MonoCreate$DefaultMonoSink.error(MonoCreate.java:185) ~[reactor-core-3.3.8.RELEASE.jar:3.3.8.RELEASE]
		at reactor.netty.http.client.HttpClientConnect$MonoHttpConnect$TcpClientSubscriber.onError(HttpClientConnect.java:352) ~[reactor-netty-0.9.10.RELEASE.jar:0.9.10.RELEASE]
		at reactor.core.publisher.MonoCreate$DefaultMonoSink.error(MonoCreate.java:185) ~[reactor-core-3.3.8.RELEASE.jar:3.3.8.RELEASE]
		at reactor.netty.resources.PooledConnectionProvider$DisposableAcquire.onError(PooledConnectionProvider.java:500) ~[reactor-netty-0.9.10.RELEASE.jar:0.9.10.RELEASE]
		at reactor.netty.internal.shaded.reactor.pool.AbstractPool$Borrower.fail(AbstractPool.java:408) ~[reactor-netty-0.9.10.RELEASE.jar:0.9.10.RELEASE]
		at reactor.netty.internal.shaded.reactor.pool.SimplePool.lambda$drainLoop$5(SimplePool.java:233) ~[reactor-netty-0.9.10.RELEASE.jar:0.9.10.RELEASE]
		at reactor.core.publisher.FluxDoOnEach$DoOnEachSubscriber.onError(FluxDoOnEach.java:172) ~[reactor-core-3.3.8.RELEASE.jar:3.3.8.RELEASE]
		at reactor.core.publisher.MonoCreate$DefaultMonoSink.error(MonoCreate.java:185) ~[reactor-core-3.3.8.RELEASE.jar:3.3.8.RELEASE]
		at reactor.netty.resources.PooledConnectionProvider$PooledConnectionAllocator$PooledConnectionInitializer.operationComplete(PooledConnectionProvider.java:281) ~[reactor-netty-0.9.10.RELEASE.jar:0.9.10.RELEASE]
		at reactor.netty.resources.PooledConnectionProvider$PooledConnectionAllocator$PooledConnectionInitializer.operationComplete(PooledConnectionProvider.java:231) ~[reactor-netty-0.9.10.RELEASE.jar:0.9.10.RELEASE]
		at io.netty.util.concurrent.DefaultPromise.notifyListener0(DefaultPromise.java:577) ~[netty-common-4.1.51.Final.jar:4.1.51.Final]
		at io.netty.util.concurrent.DefaultPromise.notifyListeners0(DefaultPromise.java:570) ~[netty-common-4.1.51.Final.jar:4.1.51.Final]
		at io.netty.util.concurrent.DefaultPromise.notifyListenersNow(DefaultPromise.java:549) ~[netty-common-4.1.51.Final.jar:4.1.51.Final]
		at io.netty.util.concurrent.DefaultPromise.notifyListeners(DefaultPromise.java:490) ~[netty-common-4.1.51.Final.jar:4.1.51.Final]
		at io.netty.util.concurrent.DefaultPromise.setValue0(DefaultPromise.java:615) ~[netty-common-4.1.51.Final.jar:4.1.51.Final]
		at io.netty.util.concurrent.DefaultPromise.setFailure0(DefaultPromise.java:608) ~[netty-common-4.1.51.Final.jar:4.1.51.Final]
		at io.netty.util.concurrent.DefaultPromise.tryFailure(DefaultPromise.java:117) ~[netty-common-4.1.51.Final.jar:4.1.51.Final]
		at io.netty.channel.nio.AbstractNioChannel$AbstractNioUnsafe.fulfillConnectPromise(AbstractNioChannel.java:321) ~[netty-transport-4.1.51.Final.jar:4.1.51.Final]
		at io.netty.channel.nio.AbstractNioChannel$AbstractNioUnsafe.finishConnect(AbstractNioChannel.java:337) ~[netty-transport-4.1.51.Final.jar:4.1.51.Final]
		at io.netty.channel.nio.NioEventLoop.processSelectedKey(NioEventLoop.java:702) ~[netty-transport-4.1.51.Final.jar:4.1.51.Final]
		at io.netty.channel.nio.NioEventLoop.processSelectedKeysOptimized(NioEventLoop.java:650) ~[netty-transport-4.1.51.Final.jar:4.1.51.Final]
		at io.netty.channel.nio.NioEventLoop.processSelectedKeys(NioEventLoop.java:576) ~[netty-transport-4.1.51.Final.jar:4.1.51.Final]
		at io.netty.channel.nio.NioEventLoop.run(NioEventLoop.java:493) ~[netty-transport-4.1.51.Final.jar:4.1.51.Final]
		at io.netty.util.concurrent.SingleThreadEventExecutor$4.run(SingleThreadEventExecutor.java:989) ~[netty-common-4.1.51.Final.jar:4.1.51.Final]
		at io.netty.util.internal.ThreadExecutorMap$2.run(ThreadExecutorMap.java:74) ~[netty-common-4.1.51.Final.jar:4.1.51.Final]
		at io.netty.util.concurrent.FastThreadLocalRunnable.run(FastThreadLocalRunnable.java:30) ~[netty-common-4.1.51.Final.jar:4.1.51.Final]
		at java.lang.Thread.run(Thread.java:750) [na:1.8.0_452]
	Suppressed: reactor.core.publisher.FluxOnAssembly$OnAssemblyException: 
Error has been observed at the following site(s):
	|_ checkpoint ⇢ org.springframework.cloud.gateway.filter.WeightCalculatorWebFilter [DefaultWebFilterChain]
	|_ checkpoint ⇢ org.springframework.boot.actuate.metrics.web.reactive.server.MetricsWebFilter [DefaultWebFilterChain]
	|_ checkpoint ⇢ HTTP GET "/product/list" [ExceptionHandlingWebHandler]
Stack trace:
		at org.springframework.http.ReadOnlyHttpHeaders.set(ReadOnlyHttpHeaders.java:106) ~[spring-web-5.2.8.RELEASE.jar:5.2.8.RELEASE]
		at org.springframework.http.HttpHeaders.setOrRemove(HttpHeaders.java:1610) ~[spring-web-5.2.8.RELEASE.jar:5.2.8.RELEASE]
		at org.springframework.http.HttpHeaders.setCacheControl(HttpHeaders.java:818) ~[spring-web-5.2.8.RELEASE.jar:5.2.8.RELEASE]
		at com.example.gateway.filter.ResponseFormattingFilter.addStandardHeaders(ResponseFormattingFilter.java:74) ~[classes/:na]
		at com.example.gateway.filter.ResponseFormattingFilter.formatErrorResponse(ResponseFormattingFilter.java:56) ~[classes/:na]
		at com.example.gateway.filter.ResponseFormattingFilter.lambda$filter$1(ResponseFormattingFilter.java:29) ~[classes/:na]
		at reactor.core.publisher.MonoPeekTerminal$MonoTerminalPeekSubscriber.onError(MonoPeekTerminal.java:243) ~[reactor-core-3.3.8.RELEASE.jar:3.3.8.RELEASE]
		at reactor.core.publisher.MonoPeekTerminal$MonoTerminalPeekSubscriber.onError(MonoPeekTerminal.java:251) ~[reactor-core-3.3.8.RELEASE.jar:3.3.8.RELEASE]
		at reactor.core.publisher.MonoPeekTerminal$MonoTerminalPeekSubscriber.onComplete(MonoPeekTerminal.java:285) ~[reactor-core-3.3.8.RELEASE.jar:3.3.8.RELEASE]
		at reactor.core.publisher.Operators$MultiSubscriptionSubscriber.onComplete(Operators.java:2016) ~[reactor-core-3.3.8.RELEASE.jar:3.3.8.RELEASE]
		at reactor.core.publisher.MonoPeekTerminal$MonoTerminalPeekSubscriber.onComplete(MonoPeekTerminal.java:292) ~[reactor-core-3.3.8.RELEASE.jar:3.3.8.RELEASE]
		at reactor.core.publisher.FluxHide$SuppressFuseableSubscriber.onComplete(FluxHide.java:137) ~[reactor-core-3.3.8.RELEASE.jar:3.3.8.RELEASE]
		at reactor.core.publisher.MonoIgnoreElements$IgnoreElementsSubscriber.onComplete(MonoIgnoreElements.java:81) ~[reactor-core-3.3.8.RELEASE.jar:3.3.8.RELEASE]
		at reactor.core.publisher.FluxConcatArray$ConcatArraySubscriber.onComplete(FluxConcatArray.java:191) ~[reactor-core-3.3.8.RELEASE.jar:3.3.8.RELEASE]
		at reactor.core.publisher.FluxConcatArray.subscribe(FluxConcatArray.java:80) ~[reactor-core-3.3.8.RELEASE.jar:3.3.8.RELEASE]
		at reactor.core.publisher.Mono.subscribe(Mono.java:4213) ~[reactor-core-3.3.8.RELEASE.jar:3.3.8.RELEASE]
		at reactor.core.publisher.FluxFlatMap.trySubscribeScalarMap(FluxFlatMap.java:202) ~[reactor-core-3.3.8.RELEASE.jar:3.3.8.RELEASE]
		at reactor.core.publisher.MonoFlatMap.subscribeOrReturn(MonoFlatMap.java:53) ~[reactor-core-3.3.8.RELEASE.jar:3.3.8.RELEASE]
		at reactor.core.publisher.Mono.subscribe(Mono.java:4198) ~[reactor-core-3.3.8.RELEASE.jar:3.3.8.RELEASE]
		at reactor.core.publisher.FluxOnErrorResume$ResumeSubscriber.onError(FluxOnErrorResume.java:97) ~[reactor-core-3.3.8.RELEASE.jar:3.3.8.RELEASE]
		at reactor.core.publisher.Operators$MonoSubscriber.onError(Operators.java:1829) ~[reactor-core-3.3.8.RELEASE.jar:3.3.8.RELEASE]
		at reactor.core.publisher.MonoIgnoreThen$ThenIgnoreInner.onError(MonoIgnoreThen.java:235) ~[reactor-core-3.3.8.RELEASE.jar:3.3.8.RELEASE]
		at reactor.core.publisher.FluxOnErrorResume$ResumeSubscriber.onError(FluxOnErrorResume.java:100) ~[reactor-core-3.3.8.RELEASE.jar:3.3.8.RELEASE]
		at reactor.core.publisher.Operators.error(Operators.java:196) ~[reactor-core-3.3.8.RELEASE.jar:3.3.8.RELEASE]
		at reactor.core.publisher.FluxError.subscribe(FluxError.java:43) ~[reactor-core-3.3.8.RELEASE.jar:3.3.8.RELEASE]
		at reactor.core.publisher.Flux.subscribe(Flux.java:8325) ~[reactor-core-3.3.8.RELEASE.jar:3.3.8.RELEASE]
		at reactor.core.publisher.FluxOnErrorResume$ResumeSubscriber.onError(FluxOnErrorResume.java:97) ~[reactor-core-3.3.8.RELEASE.jar:3.3.8.RELEASE]
		at reactor.core.publisher.SerializedSubscriber.onError(SerializedSubscriber.java:124) ~[reactor-core-3.3.8.RELEASE.jar:3.3.8.RELEASE]
		at reactor.core.publisher.FluxTimeout$TimeoutMainSubscriber.onError(FluxTimeout.java:212) ~[reactor-core-3.3.8.RELEASE.jar:3.3.8.RELEASE]
		at reactor.core.publisher.MonoFlatMapMany$FlatMapManyMain.onError(MonoFlatMapMany.java:197) ~[reactor-core-3.3.8.RELEASE.jar:3.3.8.RELEASE]
		at reactor.core.publisher.SerializedSubscriber.onError(SerializedSubscriber.java:124) ~[reactor-core-3.3.8.RELEASE.jar:3.3.8.RELEASE]
		at reactor.core.publisher.FluxRetryWhen$RetryWhenMainSubscriber.whenError(FluxRetryWhen.java:213) ~[reactor-core-3.3.8.RELEASE.jar:3.3.8.RELEASE]
		at reactor.core.publisher.FluxRetryWhen$RetryWhenOtherSubscriber.onError(FluxRetryWhen.java:255) ~[reactor-core-3.3.8.RELEASE.jar:3.3.8.RELEASE]
		at reactor.core.publisher.FluxConcatMap$ConcatMapImmediate.drain(FluxConcatMap.java:406) ~[reactor-core-3.3.8.RELEASE.jar:3.3.8.RELEASE]
		at reactor.core.publisher.FluxConcatMap$ConcatMapImmediate.onNext(FluxConcatMap.java:243) ~[reactor-core-3.3.8.RELEASE.jar:3.3.8.RELEASE]
		at reactor.core.publisher.DirectProcessor$DirectInner.onNext(DirectProcessor.java:333) ~[reactor-core-3.3.8.RELEASE.jar:3.3.8.RELEASE]
		at reactor.core.publisher.DirectProcessor.onNext(DirectProcessor.java:142) ~[reactor-core-3.3.8.RELEASE.jar:3.3.8.RELEASE]
		at reactor.core.publisher.SerializedSubscriber.onNext(SerializedSubscriber.java:99) ~[reactor-core-3.3.8.RELEASE.jar:3.3.8.RELEASE]
		at reactor.core.publisher.FluxRetryWhen$RetryWhenMainSubscriber.onError(FluxRetryWhen.java:180) ~[reactor-core-3.3.8.RELEASE.jar:3.3.8.RELEASE]
		at reactor.core.publisher.MonoCreate$DefaultMonoSink.error(MonoCreate.java:185) ~[reactor-core-3.3.8.RELEASE.jar:3.3.8.RELEASE]
		at reactor.netty.http.client.HttpClientConnect$MonoHttpConnect$TcpClientSubscriber.onError(HttpClientConnect.java:352) ~[reactor-netty-0.9.10.RELEASE.jar:0.9.10.RELEASE]
		at reactor.core.publisher.MonoCreate$DefaultMonoSink.error(MonoCreate.java:185) ~[reactor-core-3.3.8.RELEASE.jar:3.3.8.RELEASE]
		at reactor.netty.resources.PooledConnectionProvider$DisposableAcquire.onError(PooledConnectionProvider.java:500) ~[reactor-netty-0.9.10.RELEASE.jar:0.9.10.RELEASE]
		at reactor.netty.internal.shaded.reactor.pool.AbstractPool$Borrower.fail(AbstractPool.java:408) ~[reactor-netty-0.9.10.RELEASE.jar:0.9.10.RELEASE]
		at reactor.netty.internal.shaded.reactor.pool.SimplePool.lambda$drainLoop$5(SimplePool.java:233) ~[reactor-netty-0.9.10.RELEASE.jar:0.9.10.RELEASE]
		at reactor.core.publisher.FluxDoOnEach$DoOnEachSubscriber.onError(FluxDoOnEach.java:172) ~[reactor-core-3.3.8.RELEASE.jar:3.3.8.RELEASE]
		at reactor.core.publisher.MonoCreate$DefaultMonoSink.error(MonoCreate.java:185) ~[reactor-core-3.3.8.RELEASE.jar:3.3.8.RELEASE]
		at reactor.netty.resources.PooledConnectionProvider$PooledConnectionAllocator$PooledConnectionInitializer.operationComplete(PooledConnectionProvider.java:281) ~[reactor-netty-0.9.10.RELEASE.jar:0.9.10.RELEASE]
		at reactor.netty.resources.PooledConnectionProvider$PooledConnectionAllocator$PooledConnectionInitializer.operationComplete(PooledConnectionProvider.java:231) ~[reactor-netty-0.9.10.RELEASE.jar:0.9.10.RELEASE]
		at io.netty.util.concurrent.DefaultPromise.notifyListener0(DefaultPromise.java:577) ~[netty-common-4.1.51.Final.jar:4.1.51.Final]
		at io.netty.util.concurrent.DefaultPromise.notifyListeners0(DefaultPromise.java:570) ~[netty-common-4.1.51.Final.jar:4.1.51.Final]
		at io.netty.util.concurrent.DefaultPromise.notifyListenersNow(DefaultPromise.java:549) ~[netty-common-4.1.51.Final.jar:4.1.51.Final]
		at io.netty.util.concurrent.DefaultPromise.notifyListeners(DefaultPromise.java:490) ~[netty-common-4.1.51.Final.jar:4.1.51.Final]
		at io.netty.util.concurrent.DefaultPromise.setValue0(DefaultPromise.java:615) ~[netty-common-4.1.51.Final.jar:4.1.51.Final]
		at io.netty.util.concurrent.DefaultPromise.setFailure0(DefaultPromise.java:608) ~[netty-common-4.1.51.Final.jar:4.1.51.Final]
		at io.netty.util.concurrent.DefaultPromise.tryFailure(DefaultPromise.java:117) ~[netty-common-4.1.51.Final.jar:4.1.51.Final]
		at io.netty.channel.nio.AbstractNioChannel$AbstractNioUnsafe.fulfillConnectPromise(AbstractNioChannel.java:321) ~[netty-transport-4.1.51.Final.jar:4.1.51.Final]
		at io.netty.channel.nio.AbstractNioChannel$AbstractNioUnsafe.finishConnect(AbstractNioChannel.java:337) ~[netty-transport-4.1.51.Final.jar:4.1.51.Final]
		at io.netty.channel.nio.NioEventLoop.processSelectedKey(NioEventLoop.java:702) ~[netty-transport-4.1.51.Final.jar:4.1.51.Final]
		at io.netty.channel.nio.NioEventLoop.processSelectedKeysOptimized(NioEventLoop.java:650) ~[netty-transport-4.1.51.Final.jar:4.1.51.Final]
		at io.netty.channel.nio.NioEventLoop.processSelectedKeys(NioEventLoop.java:576) ~[netty-transport-4.1.51.Final.jar:4.1.51.Final]
		at io.netty.channel.nio.NioEventLoop.run(NioEventLoop.java:493) ~[netty-transport-4.1.51.Final.jar:4.1.51.Final]
		at io.netty.util.concurrent.SingleThreadEventExecutor$4.run(SingleThreadEventExecutor.java:989) ~[netty-common-4.1.51.Final.jar:4.1.51.Final]
		at io.netty.util.internal.ThreadExecutorMap$2.run(ThreadExecutorMap.java:74) ~[netty-common-4.1.51.Final.jar:4.1.51.Final]
		at io.netty.util.concurrent.FastThreadLocalRunnable.run(FastThreadLocalRunnable.java:30) ~[netty-common-4.1.51.Final.jar:4.1.51.Final]
		at java.lang.Thread.run(Thread.java:750) [na:1.8.0_452]

]]></system-out>
  </testcase>
  <testcase name="testPathCaseSensitivity" classname="com.example.gateway.RoutePathMatchingPropertiesTest" time="0.022">
    <error message="Error while extracting response for type [class java.lang.String] and content type [application/json]; nested exception is org.apache.http.MalformedChunkCodingException: CRLF expected at end of chunk" type="org.springframework.web.client.RestClientException"><![CDATA[org.springframework.web.client.RestClientException: Error while extracting response for type [class java.lang.String] and content type [application/json]; nested exception is org.apache.http.MalformedChunkCodingException: CRLF expected at end of chunk
	at org.springframework.web.client.HttpMessageConverterExtractor.extractData(HttpMessageConverterExtractor.java:120)
	at org.springframework.web.client.RestTemplate$ResponseEntityResponseExtractor.extractData(RestTemplate.java:998)
	at org.springframework.web.client.RestTemplate$ResponseEntityResponseExtractor.extractData(RestTemplate.java:981)
	at org.springframework.web.client.RestTemplate.doExecute(RestTemplate.java:741)
	at org.springframework.web.client.RestTemplate.execute(RestTemplate.java:674)
	at org.springframework.web.client.RestTemplate.getForEntity(RestTemplate.java:342)
	at org.springframework.boot.test.web.client.TestRestTemplate.getForEntity(TestRestTemplate.java:233)
	at com.example.gateway.RoutePathMatchingPropertiesTest.testPathCaseSensitivity(RoutePathMatchingPropertiesTest.java:233)
	at sun.reflect.NativeMethodAccessorImpl.invoke0(Native Method)
	at sun.reflect.NativeMethodAccessorImpl.invoke(NativeMethodAccessorImpl.java:62)
	at sun.reflect.DelegatingMethodAccessorImpl.invoke(DelegatingMethodAccessorImpl.java:43)
	at java.lang.reflect.Method.invoke(Method.java:498)
	at org.junit.platform.commons.util.ReflectionUtils.invokeMethod(ReflectionUtils.java:686)
	at org.junit.jupiter.engine.execution.MethodInvocation.proceed(MethodInvocation.java:60)
	at org.junit.jupiter.engine.execution.InvocationInterceptorChain$ValidatingInvocation.proceed(InvocationInterceptorChain.java:131)
	at org.junit.jupiter.engine.extension.TimeoutExtension.intercept(TimeoutExtension.java:149)
	at org.junit.jupiter.engine.extension.TimeoutExtension.interceptTestableMethod(TimeoutExtension.java:140)
	at org.junit.jupiter.engine.extension.TimeoutExtension.interceptTestMethod(TimeoutExtension.java:84)
	at org.junit.jupiter.engine.execution.ExecutableInvoker$ReflectiveInterceptorCall.lambda$ofVoidMethod$0(ExecutableInvoker.java:115)
	at org.junit.jupiter.engine.execution.ExecutableInvoker.lambda$invoke$0(ExecutableInvoker.java:105)
	at org.junit.jupiter.engine.execution.InvocationInterceptorChain$InterceptedInvocation.proceed(InvocationInterceptorChain.java:106)
	at org.junit.jupiter.engine.execution.InvocationInterceptorChain.proceed(InvocationInterceptorChain.java:64)
	at org.junit.jupiter.engine.execution.InvocationInterceptorChain.chainAndInvoke(InvocationInterceptorChain.java:45)
	at org.junit.jupiter.engine.execution.InvocationInterceptorChain.invoke(InvocationInterceptorChain.java:37)
	at org.junit.jupiter.engine.execution.ExecutableInvoker.invoke(ExecutableInvoker.java:104)
	at org.junit.jupiter.engine.execution.ExecutableInvoker.invoke(ExecutableInvoker.java:98)
	at org.junit.jupiter.engine.descriptor.TestMethodTestDescriptor.lambda$invokeTestMethod$6(TestMethodTestDescriptor.java:212)
	at org.junit.platform.engine.support.hierarchical.ThrowableCollector.execute(ThrowableCollector.java:73)
	at org.junit.jupiter.engine.descriptor.TestMethodTestDescriptor.invokeTestMethod(TestMethodTestDescriptor.java:208)
	at org.junit.jupiter.engine.descriptor.TestMethodTestDescriptor.execute(TestMethodTestDescriptor.java:137)
	at org.junit.jupiter.engine.descriptor.TestMethodTestDescriptor.execute(TestMethodTestDescriptor.java:71)
	at org.junit.platform.engine.support.hierarchical.NodeTestTask.lambda$executeRecursively$5(NodeTestTask.java:135)
	at org.junit.platform.engine.support.hierarchical.ThrowableCollector.execute(ThrowableCollector.java:73)
	at org.junit.platform.engine.support.hierarchical.NodeTestTask.lambda$executeRecursively$7(NodeTestTask.java:125)
	at org.junit.platform.engine.support.hierarchical.Node.around(Node.java:135)
	at org.junit.platform.engine.support.hierarchical.NodeTestTask.lambda$executeRecursively$8(NodeTestTask.java:123)
	at org.junit.platform.engine.support.hierarchical.ThrowableCollector.execute(ThrowableCollector.java:73)
	at org.junit.platform.engine.support.hierarchical.NodeTestTask.executeRecursively(NodeTestTask.java:122)
	at org.junit.platform.engine.support.hierarchical.NodeTestTask.execute(NodeTestTask.java:80)
	at java.util.ArrayList.forEach(ArrayList.java:1259)
	at org.junit.platform.engine.support.hierarchical.SameThreadHierarchicalTestExecutorService.invokeAll(SameThreadHierarchicalTestExecutorService.java:38)
	at org.junit.platform.engine.support.hierarchical.NodeTestTask.lambda$executeRecursively$5(NodeTestTask.java:139)
	at org.junit.platform.engine.support.hierarchical.ThrowableCollector.execute(ThrowableCollector.java:73)
	at org.junit.platform.engine.support.hierarchical.NodeTestTask.lambda$executeRecursively$7(NodeTestTask.java:125)
	at org.junit.platform.engine.support.hierarchical.Node.around(Node.java:135)
	at org.junit.platform.engine.support.hierarchical.NodeTestTask.lambda$executeRecursively$8(NodeTestTask.java:123)
	at org.junit.platform.engine.support.hierarchical.ThrowableCollector.execute(ThrowableCollector.java:73)
	at org.junit.platform.engine.support.hierarchical.NodeTestTask.executeRecursively(NodeTestTask.java:122)
	at org.junit.platform.engine.support.hierarchical.NodeTestTask.execute(NodeTestTask.java:80)
	at java.util.ArrayList.forEach(ArrayList.java:1259)
	at org.junit.platform.engine.support.hierarchical.SameThreadHierarchicalTestExecutorService.invokeAll(SameThreadHierarchicalTestExecutorService.java:38)
	at org.junit.platform.engine.support.hierarchical.NodeTestTask.lambda$executeRecursively$5(NodeTestTask.java:139)
	at org.junit.platform.engine.support.hierarchical.ThrowableCollector.execute(ThrowableCollector.java:73)
	at org.junit.platform.engine.support.hierarchical.NodeTestTask.lambda$executeRecursively$7(NodeTestTask.java:125)
	at org.junit.platform.engine.support.hierarchical.Node.around(Node.java:135)
	at org.junit.platform.engine.support.hierarchical.NodeTestTask.lambda$executeRecursively$8(NodeTestTask.java:123)
	at org.junit.platform.engine.support.hierarchical.ThrowableCollector.execute(ThrowableCollector.java:73)
	at org.junit.platform.engine.support.hierarchical.NodeTestTask.executeRecursively(NodeTestTask.java:122)
	at org.junit.platform.engine.support.hierarchical.NodeTestTask.execute(NodeTestTask.java:80)
	at org.junit.platform.engine.support.hierarchical.SameThreadHierarchicalTestExecutorService.submit(SameThreadHierarchicalTestExecutorService.java:32)
	at org.junit.platform.engine.support.hierarchical.HierarchicalTestExecutor.execute(HierarchicalTestExecutor.java:57)
	at org.junit.platform.engine.support.hierarchical.HierarchicalTestEngine.execute(HierarchicalTestEngine.java:51)
	at org.junit.platform.launcher.core.DefaultLauncher.execute(DefaultLauncher.java:248)
	at org.junit.platform.launcher.core.DefaultLauncher.lambda$execute$5(DefaultLauncher.java:211)
	at org.junit.platform.launcher.core.DefaultLauncher.withInterceptedStreams(DefaultLauncher.java:226)
	at org.junit.platform.launcher.core.DefaultLauncher.execute(DefaultLauncher.java:199)
	at org.junit.platform.launcher.core.DefaultLauncher.execute(DefaultLauncher.java:132)
	at org.apache.maven.surefire.junitplatform.LazyLauncher.execute(LazyLauncher.java:56)
	at org.apache.maven.surefire.junitplatform.JUnitPlatformProvider.execute(JUnitPlatformProvider.java:184)
	at org.apache.maven.surefire.junitplatform.JUnitPlatformProvider.invokeAllTests(JUnitPlatformProvider.java:148)
	at org.apache.maven.surefire.junitplatform.JUnitPlatformProvider.invoke(JUnitPlatformProvider.java:122)
	at org.apache.maven.surefire.booter.ForkedBooter.runSuitesInProcess(ForkedBooter.java:385)
	at org.apache.maven.surefire.booter.ForkedBooter.execute(ForkedBooter.java:162)
	at org.apache.maven.surefire.booter.ForkedBooter.run(ForkedBooter.java:507)
	at org.apache.maven.surefire.booter.ForkedBooter.main(ForkedBooter.java:495)
Caused by: org.apache.http.MalformedChunkCodingException: CRLF expected at end of chunk
	at org.apache.http.impl.io.ChunkedInputStream.getChunkSize(ChunkedInputStream.java:250)
	at org.apache.http.impl.io.ChunkedInputStream.nextChunk(ChunkedInputStream.java:222)
	at org.apache.http.impl.io.ChunkedInputStream.read(ChunkedInputStream.java:183)
	at org.apache.http.conn.EofSensorInputStream.read(EofSensorInputStream.java:135)
	at java.io.FilterInputStream.read(FilterInputStream.java:133)
	at java.io.PushbackInputStream.read(PushbackInputStream.java:186)
	at sun.nio.cs.StreamDecoder.readBytes(StreamDecoder.java:284)
	at sun.nio.cs.StreamDecoder.implRead(StreamDecoder.java:326)
	at sun.nio.cs.StreamDecoder.read(StreamDecoder.java:178)
	at java.io.InputStreamReader.read(InputStreamReader.java:184)
	at java.io.Reader.read(Reader.java:140)
	at org.springframework.util.StreamUtils.copyToString(StreamUtils.java:91)
	at org.springframework.http.converter.StringHttpMessageConverter.readInternal(StringHttpMessageConverter.java:96)
	at org.springframework.http.converter.StringHttpMessageConverter.readInternal(StringHttpMessageConverter.java:44)
	at org.springframework.http.converter.AbstractHttpMessageConverter.read(AbstractHttpMessageConverter.java:199)
	at org.springframework.web.client.HttpMessageConverterExtractor.extractData(HttpMessageConverterExtractor.java:114)
	... 74 more
]]></error>
    <system-out><![CDATA[2025-09-06 23:31:19.424  INFO 14839 --- [http@fcc6023-22] c.e.gateway.filter.RequestLoggingFilter  : Request: GET /user/profile
2025-09-06 23:31:19.429 ERROR 14839 --- [ctor-http-nio-4] c.e.gateway.filter.ErrorHandlingFilter   : Gateway error occurred: 503 SERVICE_UNAVAILABLE - Service temporarily unavailable

io.netty.channel.AbstractChannel$AnnotatedConnectException: Connection refused: localhost/127.0.0.1:8081
Caused by: java.net.ConnectException: Connection refused
	at sun.nio.ch.SocketChannelImpl.checkConnect(Native Method) ~[na:1.8.0_452]
	at sun.nio.ch.SocketChannelImpl.finishConnect(SocketChannelImpl.java:716) ~[na:1.8.0_452]
	at io.netty.channel.socket.nio.NioSocketChannel.doFinishConnect(NioSocketChannel.java:330) ~[netty-transport-4.1.51.Final.jar:4.1.51.Final]
	at io.netty.channel.nio.AbstractNioChannel$AbstractNioUnsafe.finishConnect(AbstractNioChannel.java:334) ~[netty-transport-4.1.51.Final.jar:4.1.51.Final]
	at io.netty.channel.nio.NioEventLoop.processSelectedKey(NioEventLoop.java:702) ~[netty-transport-4.1.51.Final.jar:4.1.51.Final]
	at io.netty.channel.nio.NioEventLoop.processSelectedKeysOptimized(NioEventLoop.java:650) ~[netty-transport-4.1.51.Final.jar:4.1.51.Final]
	at io.netty.channel.nio.NioEventLoop.processSelectedKeys(NioEventLoop.java:576) ~[netty-transport-4.1.51.Final.jar:4.1.51.Final]
	at io.netty.channel.nio.NioEventLoop.run(NioEventLoop.java:493) ~[netty-transport-4.1.51.Final.jar:4.1.51.Final]
	at io.netty.util.concurrent.SingleThreadEventExecutor$4.run(SingleThreadEventExecutor.java:989) ~[netty-common-4.1.51.Final.jar:4.1.51.Final]
	at io.netty.util.internal.ThreadExecutorMap$2.run(ThreadExecutorMap.java:74) ~[netty-common-4.1.51.Final.jar:4.1.51.Final]
	at io.netty.util.concurrent.FastThreadLocalRunnable.run(FastThreadLocalRunnable.java:30) ~[netty-common-4.1.51.Final.jar:4.1.51.Final]
	at java.lang.Thread.run(Thread.java:750) ~[na:1.8.0_452]

2025-09-06 23:31:19.431 ERROR 14839 --- [ctor-http-nio-4] c.e.gateway.filter.RequestLoggingFilter  : Request failed: /user/profile after 7ms - null
2025-09-06 23:31:19.432 ERROR 14839 --- [ctor-http-nio-4] o.s.w.s.adapter.HttpWebHandlerAdapter    : [446b77c8] Error [java.lang.UnsupportedOperationException] for HTTP GET "/user/profile", but ServerHttpResponse already committed (503 SERVICE_UNAVAILABLE)
2025-09-06 23:31:19.435  WARN 14839 --- [qtp816918962-31] org.eclipse.jetty.server.HttpChannel     : /user/profile

javax.servlet.ServletException: Failed to create response content
	at org.springframework.http.server.reactive.ServletHttpHandlerAdapter.service(ServletHttpHandlerAdapter.java:162) ~[spring-web-5.2.8.RELEASE.jar:5.2.8.RELEASE]
	at org.eclipse.jetty.servlet.ServletHolder.handle(ServletHolder.java:763) ~[jetty-servlet-9.4.30.v20200611.jar:9.4.30.v20200611]
	at org.eclipse.jetty.servlet.ServletHandler.doHandle(ServletHandler.java:551) ~[jetty-servlet-9.4.30.v20200611.jar:9.4.30.v20200611]
	at org.eclipse.jetty.server.handler.ScopedHandler.nextHandle(ScopedHandler.java:233) ~[jetty-server-9.4.30.v20200611.jar:9.4.30.v20200611]
	at org.eclipse.jetty.server.handler.ContextHandler.doHandle(ContextHandler.java:1369) ~[jetty-server-9.4.30.v20200611.jar:9.4.30.v20200611]
	at org.eclipse.jetty.server.handler.ScopedHandler.nextScope(ScopedHandler.java:188) ~[jetty-server-9.4.30.v20200611.jar:9.4.30.v20200611]
	at org.eclipse.jetty.servlet.ServletHandler.doScope(ServletHandler.java:489) ~[jetty-servlet-9.4.30.v20200611.jar:9.4.30.v20200611]
	at org.eclipse.jetty.server.handler.ScopedHandler.nextScope(ScopedHandler.java:186) ~[jetty-server-9.4.30.v20200611.jar:9.4.30.v20200611]
	at org.eclipse.jetty.server.handler.ContextHandler.doScope(ContextHandler.java:1284) ~[jetty-server-9.4.30.v20200611.jar:9.4.30.v20200611]
	at org.eclipse.jetty.server.handler.ScopedHandler.handle(ScopedHandler.java:141) ~[jetty-server-9.4.30.v20200611.jar:9.4.30.v20200611]
	at org.eclipse.jetty.server.handler.HandlerWrapper.handle(HandlerWrapper.java:127) ~[jetty-server-9.4.30.v20200611.jar:9.4.30.v20200611]
	at org.eclipse.jetty.server.Server.handleAsync(Server.java:544) ~[jetty-server-9.4.30.v20200611.jar:9.4.30.v20200611]
	at org.eclipse.jetty.server.HttpChannel.lambda$handle$2(HttpChannel.java:391) [jetty-server-9.4.30.v20200611.jar:9.4.30.v20200611]
	at org.eclipse.jetty.server.HttpChannel.dispatch(HttpChannel.java:556) [jetty-server-9.4.30.v20200611.jar:9.4.30.v20200611]
	at org.eclipse.jetty.server.HttpChannel.handle(HttpChannel.java:391) [jetty-server-9.4.30.v20200611.jar:9.4.30.v20200611]
	at org.eclipse.jetty.server.HttpChannel.run(HttpChannel.java:335) [jetty-server-9.4.30.v20200611.jar:9.4.30.v20200611]
	at org.eclipse.jetty.util.thread.QueuedThreadPool.runJob(QueuedThreadPool.java:806) [jetty-util-9.4.30.v20200611.jar:9.4.30.v20200611]
	at org.eclipse.jetty.util.thread.QueuedThreadPool$Runner.run(QueuedThreadPool.java:938) [jetty-util-9.4.30.v20200611.jar:9.4.30.v20200611]
	at java.lang.Thread.run(Thread.java:750) [na:1.8.0_452]
Caused by: java.lang.UnsupportedOperationException: null
	at org.springframework.http.ReadOnlyHttpHeaders.set(ReadOnlyHttpHeaders.java:106) ~[spring-web-5.2.8.RELEASE.jar:5.2.8.RELEASE]
	Suppressed: java.lang.UnsupportedOperationException: null
		at org.springframework.http.ReadOnlyHttpHeaders.set(ReadOnlyHttpHeaders.java:106) ~[spring-web-5.2.8.RELEASE.jar:5.2.8.RELEASE]
		at org.springframework.http.HttpHeaders.setOrRemove(HttpHeaders.java:1610) ~[spring-web-5.2.8.RELEASE.jar:5.2.8.RELEASE]
		at org.springframework.http.HttpHeaders.setCacheControl(HttpHeaders.java:818) ~[spring-web-5.2.8.RELEASE.jar:5.2.8.RELEASE]
		at com.example.gateway.filter.ResponseFormattingFilter.addStandardHeaders(ResponseFormattingFilter.java:74) ~[classes/:na]
		at com.example.gateway.filter.ResponseFormattingFilter.formatResponse(ResponseFormattingFilter.java:37) ~[classes/:na]
		at com.example.gateway.filter.ResponseFormattingFilter.lambda$filter$0(ResponseFormattingFilter.java:28) ~[classes/:na]
		at reactor.core.publisher.MonoPeekTerminal$MonoTerminalPeekSubscriber.onComplete(MonoPeekTerminal.java:282) ~[reactor-core-3.3.8.RELEASE.jar:3.3.8.RELEASE]
		at reactor.core.publisher.Operators$MultiSubscriptionSubscriber.onComplete(Operators.java:2016) ~[reactor-core-3.3.8.RELEASE.jar:3.3.8.RELEASE]
		at reactor.core.publisher.MonoPeekTerminal$MonoTerminalPeekSubscriber.onComplete(MonoPeekTerminal.java:292) ~[reactor-core-3.3.8.RELEASE.jar:3.3.8.RELEASE]
		at reactor.core.publisher.FluxHide$SuppressFuseableSubscriber.onComplete(FluxHide.java:137) ~[reactor-core-3.3.8.RELEASE.jar:3.3.8.RELEASE]
		at reactor.core.publisher.MonoIgnoreElements$IgnoreElementsSubscriber.onComplete(MonoIgnoreElements.java:81) ~[reactor-core-3.3.8.RELEASE.jar:3.3.8.RELEASE]
		at reactor.core.publisher.FluxConcatArray$ConcatArraySubscriber.onComplete(FluxConcatArray.java:191) ~[reactor-core-3.3.8.RELEASE.jar:3.3.8.RELEASE]
		at reactor.core.publisher.FluxConcatArray.subscribe(FluxConcatArray.java:80) ~[reactor-core-3.3.8.RELEASE.jar:3.3.8.RELEASE]
		at reactor.core.publisher.Mono.subscribe(Mono.java:4213) ~[reactor-core-3.3.8.RELEASE.jar:3.3.8.RELEASE]
		at reactor.core.publisher.FluxFlatMap.trySubscribeScalarMap(FluxFlatMap.java:202) ~[reactor-core-3.3.8.RELEASE.jar:3.3.8.RELEASE]
		at reactor.core.publisher.MonoFlatMap.subscribeOrReturn(MonoFlatMap.java:53) ~[reactor-core-3.3.8.RELEASE.jar:3.3.8.RELEASE]
		at reactor.core.publisher.Mono.subscribe(Mono.java:4198) ~[reactor-core-3.3.8.RELEASE.jar:3.3.8.RELEASE]
		at reactor.core.publisher.FluxOnErrorResume$ResumeSubscriber.onError(FluxOnErrorResume.java:97) ~[reactor-core-3.3.8.RELEASE.jar:3.3.8.RELEASE]
		at reactor.core.publisher.Operators$MonoSubscriber.onError(Operators.java:1829) ~[reactor-core-3.3.8.RELEASE.jar:3.3.8.RELEASE]
		at reactor.core.publisher.MonoIgnoreThen$ThenIgnoreInner.onError(MonoIgnoreThen.java:235) ~[reactor-core-3.3.8.RELEASE.jar:3.3.8.RELEASE]
		at reactor.core.publisher.FluxOnErrorResume$ResumeSubscriber.onError(FluxOnErrorResume.java:100) ~[reactor-core-3.3.8.RELEASE.jar:3.3.8.RELEASE]
		at reactor.core.publisher.Operators.error(Operators.java:196) ~[reactor-core-3.3.8.RELEASE.jar:3.3.8.RELEASE]
		at reactor.core.publisher.FluxError.subscribe(FluxError.java:43) ~[reactor-core-3.3.8.RELEASE.jar:3.3.8.RELEASE]
		at reactor.core.publisher.Flux.subscribe(Flux.java:8325) ~[reactor-core-3.3.8.RELEASE.jar:3.3.8.RELEASE]
		at reactor.core.publisher.FluxOnErrorResume$ResumeSubscriber.onError(FluxOnErrorResume.java:97) ~[reactor-core-3.3.8.RELEASE.jar:3.3.8.RELEASE]
		at reactor.core.publisher.SerializedSubscriber.onError(SerializedSubscriber.java:124) ~[reactor-core-3.3.8.RELEASE.jar:3.3.8.RELEASE]
		at reactor.core.publisher.FluxTimeout$TimeoutMainSubscriber.onError(FluxTimeout.java:212) ~[reactor-core-3.3.8.RELEASE.jar:3.3.8.RELEASE]
		at reactor.core.publisher.MonoFlatMapMany$FlatMapManyMain.onError(MonoFlatMapMany.java:197) ~[reactor-core-3.3.8.RELEASE.jar:3.3.8.RELEASE]
		at reactor.core.publisher.SerializedSubscriber.onError(SerializedSubscriber.java:124) ~[reactor-core-3.3.8.RELEASE.jar:3.3.8.RELEASE]
		at reactor.core.publisher.FluxRetryWhen$RetryWhenMainSubscriber.whenError(FluxRetryWhen.java:213) ~[reactor-core-3.3.8.RELEASE.jar:3.3.8.RELEASE]
		at reactor.core.publisher.FluxRetryWhen$RetryWhenOtherSubscriber.onError(FluxRetryWhen.java:255) ~[reactor-core-3.3.8.RELEASE.jar:3.3.8.RELEASE]
		at reactor.core.publisher.FluxConcatMap$ConcatMapImmediate.drain(FluxConcatMap.java:406) ~[reactor-core-3.3.8.RELEASE.jar:3.3.8.RELEASE]
		at reactor.core.publisher.FluxConcatMap$ConcatMapImmediate.onNext(FluxConcatMap.java:243) ~[reactor-core-3.3.8.RELEASE.jar:3.3.8.RELEASE]
		at reactor.core.publisher.DirectProcessor$DirectInner.onNext(DirectProcessor.java:333) ~[reactor-core-3.3.8.RELEASE.jar:3.3.8.RELEASE]
		at reactor.core.publisher.DirectProcessor.onNext(DirectProcessor.java:142) ~[reactor-core-3.3.8.RELEASE.jar:3.3.8.RELEASE]
		at reactor.core.publisher.SerializedSubscriber.onNext(SerializedSubscriber.java:99) ~[reactor-core-3.3.8.RELEASE.jar:3.3.8.RELEASE]
		at reactor.core.publisher.FluxRetryWhen$RetryWhenMainSubscriber.onError(FluxRetryWhen.java:180) ~[reactor-core-3.3.8.RELEASE.jar:3.3.8.RELEASE]
		at reactor.core.publisher.MonoCreate$DefaultMonoSink.error(MonoCreate.java:185) ~[reactor-core-3.3.8.RELEASE.jar:3.3.8.RELEASE]
		at reactor.netty.http.client.HttpClientConnect$MonoHttpConnect$TcpClientSubscriber.onError(HttpClientConnect.java:352) ~[reactor-netty-0.9.10.RELEASE.jar:0.9.10.RELEASE]
		at reactor.core.publisher.MonoCreate$DefaultMonoSink.error(MonoCreate.java:185) ~[reactor-core-3.3.8.RELEASE.jar:3.3.8.RELEASE]
		at reactor.netty.resources.PooledConnectionProvider$DisposableAcquire.onError(PooledConnectionProvider.java:500) ~[reactor-netty-0.9.10.RELEASE.jar:0.9.10.RELEASE]
		at reactor.netty.internal.shaded.reactor.pool.AbstractPool$Borrower.fail(AbstractPool.java:408) ~[reactor-netty-0.9.10.RELEASE.jar:0.9.10.RELEASE]
		at reactor.netty.internal.shaded.reactor.pool.SimplePool.lambda$drainLoop$5(SimplePool.java:233) ~[reactor-netty-0.9.10.RELEASE.jar:0.9.10.RELEASE]
		at reactor.core.publisher.FluxDoOnEach$DoOnEachSubscriber.onError(FluxDoOnEach.java:172) ~[reactor-core-3.3.8.RELEASE.jar:3.3.8.RELEASE]
		at reactor.core.publisher.MonoCreate$DefaultMonoSink.error(MonoCreate.java:185) ~[reactor-core-3.3.8.RELEASE.jar:3.3.8.RELEASE]
		at reactor.netty.resources.PooledConnectionProvider$PooledConnectionAllocator$PooledConnectionInitializer.operationComplete(PooledConnectionProvider.java:281) ~[reactor-netty-0.9.10.RELEASE.jar:0.9.10.RELEASE]
		at reactor.netty.resources.PooledConnectionProvider$PooledConnectionAllocator$PooledConnectionInitializer.operationComplete(PooledConnectionProvider.java:231) ~[reactor-netty-0.9.10.RELEASE.jar:0.9.10.RELEASE]
		at io.netty.util.concurrent.DefaultPromise.notifyListener0(DefaultPromise.java:577) ~[netty-common-4.1.51.Final.jar:4.1.51.Final]
		at io.netty.util.concurrent.DefaultPromise.notifyListeners0(DefaultPromise.java:570) ~[netty-common-4.1.51.Final.jar:4.1.51.Final]
		at io.netty.util.concurrent.DefaultPromise.notifyListenersNow(DefaultPromise.java:549) ~[netty-common-4.1.51.Final.jar:4.1.51.Final]
		at io.netty.util.concurrent.DefaultPromise.notifyListeners(DefaultPromise.java:490) ~[netty-common-4.1.51.Final.jar:4.1.51.Final]
		at io.netty.util.concurrent.DefaultPromise.setValue0(DefaultPromise.java:615) ~[netty-common-4.1.51.Final.jar:4.1.51.Final]
		at io.netty.util.concurrent.DefaultPromise.setFailure0(DefaultPromise.java:608) ~[netty-common-4.1.51.Final.jar:4.1.51.Final]
		at io.netty.util.concurrent.DefaultPromise.tryFailure(DefaultPromise.java:117) ~[netty-common-4.1.51.Final.jar:4.1.51.Final]
		at io.netty.channel.nio.AbstractNioChannel$AbstractNioUnsafe.fulfillConnectPromise(AbstractNioChannel.java:321) ~[netty-transport-4.1.51.Final.jar:4.1.51.Final]
		at io.netty.channel.nio.AbstractNioChannel$AbstractNioUnsafe.finishConnect(AbstractNioChannel.java:337) ~[netty-transport-4.1.51.Final.jar:4.1.51.Final]
		at io.netty.channel.nio.NioEventLoop.processSelectedKey(NioEventLoop.java:702) ~[netty-transport-4.1.51.Final.jar:4.1.51.Final]
		at io.netty.channel.nio.NioEventLoop.processSelectedKeysOptimized(NioEventLoop.java:650) ~[netty-transport-4.1.51.Final.jar:4.1.51.Final]
		at io.netty.channel.nio.NioEventLoop.processSelectedKeys(NioEventLoop.java:576) ~[netty-transport-4.1.51.Final.jar:4.1.51.Final]
		at io.netty.channel.nio.NioEventLoop.run(NioEventLoop.java:493) ~[netty-transport-4.1.51.Final.jar:4.1.51.Final]
		at io.netty.util.concurrent.SingleThreadEventExecutor$4.run(SingleThreadEventExecutor.java:989) ~[netty-common-4.1.51.Final.jar:4.1.51.Final]
		at io.netty.util.internal.ThreadExecutorMap$2.run(ThreadExecutorMap.java:74) ~[netty-common-4.1.51.Final.jar:4.1.51.Final]
		at io.netty.util.concurrent.FastThreadLocalRunnable.run(FastThreadLocalRunnable.java:30) ~[netty-common-4.1.51.Final.jar:4.1.51.Final]
		at java.lang.Thread.run(Thread.java:750) [na:1.8.0_452]
	Suppressed: reactor.core.publisher.FluxOnAssembly$OnAssemblyException: 
Error has been observed at the following site(s):
	|_ checkpoint ⇢ org.springframework.cloud.gateway.filter.WeightCalculatorWebFilter [DefaultWebFilterChain]
	|_ checkpoint ⇢ org.springframework.boot.actuate.metrics.web.reactive.server.MetricsWebFilter [DefaultWebFilterChain]
	|_ checkpoint ⇢ HTTP GET "/user/profile" [ExceptionHandlingWebHandler]
Stack trace:
		at org.springframework.http.ReadOnlyHttpHeaders.set(ReadOnlyHttpHeaders.java:106) ~[spring-web-5.2.8.RELEASE.jar:5.2.8.RELEASE]
		at org.springframework.http.HttpHeaders.setOrRemove(HttpHeaders.java:1610) ~[spring-web-5.2.8.RELEASE.jar:5.2.8.RELEASE]
		at org.springframework.http.HttpHeaders.setCacheControl(HttpHeaders.java:818) ~[spring-web-5.2.8.RELEASE.jar:5.2.8.RELEASE]
		at com.example.gateway.filter.ResponseFormattingFilter.addStandardHeaders(ResponseFormattingFilter.java:74) ~[classes/:na]
		at com.example.gateway.filter.ResponseFormattingFilter.formatErrorResponse(ResponseFormattingFilter.java:56) ~[classes/:na]
		at com.example.gateway.filter.ResponseFormattingFilter.lambda$filter$1(ResponseFormattingFilter.java:29) ~[classes/:na]
		at reactor.core.publisher.MonoPeekTerminal$MonoTerminalPeekSubscriber.onError(MonoPeekTerminal.java:243) ~[reactor-core-3.3.8.RELEASE.jar:3.3.8.RELEASE]
		at reactor.core.publisher.MonoPeekTerminal$MonoTerminalPeekSubscriber.onError(MonoPeekTerminal.java:251) ~[reactor-core-3.3.8.RELEASE.jar:3.3.8.RELEASE]
		at reactor.core.publisher.MonoPeekTerminal$MonoTerminalPeekSubscriber.onComplete(MonoPeekTerminal.java:285) ~[reactor-core-3.3.8.RELEASE.jar:3.3.8.RELEASE]
		at reactor.core.publisher.Operators$MultiSubscriptionSubscriber.onComplete(Operators.java:2016) ~[reactor-core-3.3.8.RELEASE.jar:3.3.8.RELEASE]
		at reactor.core.publisher.MonoPeekTerminal$MonoTerminalPeekSubscriber.onComplete(MonoPeekTerminal.java:292) ~[reactor-core-3.3.8.RELEASE.jar:3.3.8.RELEASE]
		at reactor.core.publisher.FluxHide$SuppressFuseableSubscriber.onComplete(FluxHide.java:137) ~[reactor-core-3.3.8.RELEASE.jar:3.3.8.RELEASE]
		at reactor.core.publisher.MonoIgnoreElements$IgnoreElementsSubscriber.onComplete(MonoIgnoreElements.java:81) ~[reactor-core-3.3.8.RELEASE.jar:3.3.8.RELEASE]
		at reactor.core.publisher.FluxConcatArray$ConcatArraySubscriber.onComplete(FluxConcatArray.java:191) ~[reactor-core-3.3.8.RELEASE.jar:3.3.8.RELEASE]
		at reactor.core.publisher.FluxConcatArray.subscribe(FluxConcatArray.java:80) ~[reactor-core-3.3.8.RELEASE.jar:3.3.8.RELEASE]
		at reactor.core.publisher.Mono.subscribe(Mono.java:4213) ~[reactor-core-3.3.8.RELEASE.jar:3.3.8.RELEASE]
		at reactor.core.publisher.FluxFlatMap.trySubscribeScalarMap(FluxFlatMap.java:202) ~[reactor-core-3.3.8.RELEASE.jar:3.3.8.RELEASE]
		at reactor.core.publisher.MonoFlatMap.subscribeOrReturn(MonoFlatMap.java:53) ~[reactor-core-3.3.8.RELEASE.jar:3.3.8.RELEASE]
		at reactor.core.publisher.Mono.subscribe(Mono.java:4198) ~[reactor-core-3.3.8.RELEASE.jar:3.3.8.RELEASE]
		at reactor.core.publisher.FluxOnErrorResume$ResumeSubscriber.onError(FluxOnErrorResume.java:97) ~[reactor-core-3.3.8.RELEASE.jar:3.3.8.RELEASE]
		at reactor.core.publisher.Operators$MonoSubscriber.onError(Operators.java:1829) ~[reactor-core-3.3.8.RELEASE.jar:3.3.8.RELEASE]
		at reactor.core.publisher.MonoIgnoreThen$ThenIgnoreInner.onError(MonoIgnoreThen.java:235) ~[reactor-core-3.3.8.RELEASE.jar:3.3.8.RELEASE]
		at reactor.core.publisher.FluxOnErrorResume$ResumeSubscriber.onError(FluxOnErrorResume.java:100) ~[reactor-core-3.3.8.RELEASE.jar:3.3.8.RELEASE]
		at reactor.core.publisher.Operators.error(Operators.java:196) ~[reactor-core-3.3.8.RELEASE.jar:3.3.8.RELEASE]
		at reactor.core.publisher.FluxError.subscribe(FluxError.java:43) ~[reactor-core-3.3.8.RELEASE.jar:3.3.8.RELEASE]
		at reactor.core.publisher.Flux.subscribe(Flux.java:8325) ~[reactor-core-3.3.8.RELEASE.jar:3.3.8.RELEASE]
		at reactor.core.publisher.FluxOnErrorResume$ResumeSubscriber.onError(FluxOnErrorResume.java:97) ~[reactor-core-3.3.8.RELEASE.jar:3.3.8.RELEASE]
		at reactor.core.publisher.SerializedSubscriber.onError(SerializedSubscriber.java:124) ~[reactor-core-3.3.8.RELEASE.jar:3.3.8.RELEASE]
		at reactor.core.publisher.FluxTimeout$TimeoutMainSubscriber.onError(FluxTimeout.java:212) ~[reactor-core-3.3.8.RELEASE.jar:3.3.8.RELEASE]
		at reactor.core.publisher.MonoFlatMapMany$FlatMapManyMain.onError(MonoFlatMapMany.java:197) ~[reactor-core-3.3.8.RELEASE.jar:3.3.8.RELEASE]
		at reactor.core.publisher.SerializedSubscriber.onError(SerializedSubscriber.java:124) ~[reactor-core-3.3.8.RELEASE.jar:3.3.8.RELEASE]
		at reactor.core.publisher.FluxRetryWhen$RetryWhenMainSubscriber.whenError(FluxRetryWhen.java:213) ~[reactor-core-3.3.8.RELEASE.jar:3.3.8.RELEASE]
		at reactor.core.publisher.FluxRetryWhen$RetryWhenOtherSubscriber.onError(FluxRetryWhen.java:255) ~[reactor-core-3.3.8.RELEASE.jar:3.3.8.RELEASE]
		at reactor.core.publisher.FluxConcatMap$ConcatMapImmediate.drain(FluxConcatMap.java:406) ~[reactor-core-3.3.8.RELEASE.jar:3.3.8.RELEASE]
		at reactor.core.publisher.FluxConcatMap$ConcatMapImmediate.onNext(FluxConcatMap.java:243) ~[reactor-core-3.3.8.RELEASE.jar:3.3.8.RELEASE]
		at reactor.core.publisher.DirectProcessor$DirectInner.onNext(DirectProcessor.java:333) ~[reactor-core-3.3.8.RELEASE.jar:3.3.8.RELEASE]
		at reactor.core.publisher.DirectProcessor.onNext(DirectProcessor.java:142) ~[reactor-core-3.3.8.RELEASE.jar:3.3.8.RELEASE]
		at reactor.core.publisher.SerializedSubscriber.onNext(SerializedSubscriber.java:99) ~[reactor-core-3.3.8.RELEASE.jar:3.3.8.RELEASE]
		at reactor.core.publisher.FluxRetryWhen$RetryWhenMainSubscriber.onError(FluxRetryWhen.java:180) ~[reactor-core-3.3.8.RELEASE.jar:3.3.8.RELEASE]
		at reactor.core.publisher.MonoCreate$DefaultMonoSink.error(MonoCreate.java:185) ~[reactor-core-3.3.8.RELEASE.jar:3.3.8.RELEASE]
		at reactor.netty.http.client.HttpClientConnect$MonoHttpConnect$TcpClientSubscriber.onError(HttpClientConnect.java:352) ~[reactor-netty-0.9.10.RELEASE.jar:0.9.10.RELEASE]
		at reactor.core.publisher.MonoCreate$DefaultMonoSink.error(MonoCreate.java:185) ~[reactor-core-3.3.8.RELEASE.jar:3.3.8.RELEASE]
		at reactor.netty.resources.PooledConnectionProvider$DisposableAcquire.onError(PooledConnectionProvider.java:500) ~[reactor-netty-0.9.10.RELEASE.jar:0.9.10.RELEASE]
		at reactor.netty.internal.shaded.reactor.pool.AbstractPool$Borrower.fail(AbstractPool.java:408) ~[reactor-netty-0.9.10.RELEASE.jar:0.9.10.RELEASE]
		at reactor.netty.internal.shaded.reactor.pool.SimplePool.lambda$drainLoop$5(SimplePool.java:233) ~[reactor-netty-0.9.10.RELEASE.jar:0.9.10.RELEASE]
		at reactor.core.publisher.FluxDoOnEach$DoOnEachSubscriber.onError(FluxDoOnEach.java:172) ~[reactor-core-3.3.8.RELEASE.jar:3.3.8.RELEASE]
		at reactor.core.publisher.MonoCreate$DefaultMonoSink.error(MonoCreate.java:185) ~[reactor-core-3.3.8.RELEASE.jar:3.3.8.RELEASE]
		at reactor.netty.resources.PooledConnectionProvider$PooledConnectionAllocator$PooledConnectionInitializer.operationComplete(PooledConnectionProvider.java:281) ~[reactor-netty-0.9.10.RELEASE.jar:0.9.10.RELEASE]
		at reactor.netty.resources.PooledConnectionProvider$PooledConnectionAllocator$PooledConnectionInitializer.operationComplete(PooledConnectionProvider.java:231) ~[reactor-netty-0.9.10.RELEASE.jar:0.9.10.RELEASE]
		at io.netty.util.concurrent.DefaultPromise.notifyListener0(DefaultPromise.java:577) ~[netty-common-4.1.51.Final.jar:4.1.51.Final]
		at io.netty.util.concurrent.DefaultPromise.notifyListeners0(DefaultPromise.java:570) ~[netty-common-4.1.51.Final.jar:4.1.51.Final]
		at io.netty.util.concurrent.DefaultPromise.notifyListenersNow(DefaultPromise.java:549) ~[netty-common-4.1.51.Final.jar:4.1.51.Final]
		at io.netty.util.concurrent.DefaultPromise.notifyListeners(DefaultPromise.java:490) ~[netty-common-4.1.51.Final.jar:4.1.51.Final]
		at io.netty.util.concurrent.DefaultPromise.setValue0(DefaultPromise.java:615) ~[netty-common-4.1.51.Final.jar:4.1.51.Final]
		at io.netty.util.concurrent.DefaultPromise.setFailure0(DefaultPromise.java:608) ~[netty-common-4.1.51.Final.jar:4.1.51.Final]
		at io.netty.util.concurrent.DefaultPromise.tryFailure(DefaultPromise.java:117) ~[netty-common-4.1.51.Final.jar:4.1.51.Final]
		at io.netty.channel.nio.AbstractNioChannel$AbstractNioUnsafe.fulfillConnectPromise(AbstractNioChannel.java:321) ~[netty-transport-4.1.51.Final.jar:4.1.51.Final]
		at io.netty.channel.nio.AbstractNioChannel$AbstractNioUnsafe.finishConnect(AbstractNioChannel.java:337) ~[netty-transport-4.1.51.Final.jar:4.1.51.Final]
		at io.netty.channel.nio.NioEventLoop.processSelectedKey(NioEventLoop.java:702) ~[netty-transport-4.1.51.Final.jar:4.1.51.Final]
		at io.netty.channel.nio.NioEventLoop.processSelectedKeysOptimized(NioEventLoop.java:650) ~[netty-transport-4.1.51.Final.jar:4.1.51.Final]
		at io.netty.channel.nio.NioEventLoop.processSelectedKeys(NioEventLoop.java:576) ~[netty-transport-4.1.51.Final.jar:4.1.51.Final]
		at io.netty.channel.nio.NioEventLoop.run(NioEventLoop.java:493) ~[netty-transport-4.1.51.Final.jar:4.1.51.Final]
		at io.netty.util.concurrent.SingleThreadEventExecutor$4.run(SingleThreadEventExecutor.java:989) ~[netty-common-4.1.51.Final.jar:4.1.51.Final]
		at io.netty.util.internal.ThreadExecutorMap$2.run(ThreadExecutorMap.java:74) ~[netty-common-4.1.51.Final.jar:4.1.51.Final]
		at io.netty.util.concurrent.FastThreadLocalRunnable.run(FastThreadLocalRunnable.java:30) ~[netty-common-4.1.51.Final.jar:4.1.51.Final]
		at java.lang.Thread.run(Thread.java:750) [na:1.8.0_452]

]]></system-out>
  </testcase>
  <testcase name="testRouteConfigurationLoading" classname="com.example.gateway.RoutePathMatchingPropertiesTest" time="0.021"/>
  <testcase name="testComplexPathPatterns" classname="com.example.gateway.RoutePathMatchingPropertiesTest" time="0.045">
    <error message="Error while extracting response for type [class java.lang.String] and content type [application/json]; nested exception is org.apache.http.MalformedChunkCodingException: CRLF expected at end of chunk" type="org.springframework.web.client.RestClientException"><![CDATA[org.springframework.web.client.RestClientException: Error while extracting response for type [class java.lang.String] and content type [application/json]; nested exception is org.apache.http.MalformedChunkCodingException: CRLF expected at end of chunk
	at org.springframework.web.client.HttpMessageConverterExtractor.extractData(HttpMessageConverterExtractor.java:120)
	at org.springframework.web.client.RestTemplate$ResponseEntityResponseExtractor.extractData(RestTemplate.java:998)
	at org.springframework.web.client.RestTemplate$ResponseEntityResponseExtractor.extractData(RestTemplate.java:981)
	at org.springframework.web.client.RestTemplate.doExecute(RestTemplate.java:741)
	at org.springframework.web.client.RestTemplate.execute(RestTemplate.java:674)
	at org.springframework.web.client.RestTemplate.getForEntity(RestTemplate.java:342)
	at org.springframework.boot.test.web.client.TestRestTemplate.getForEntity(TestRestTemplate.java:233)
	at com.example.gateway.RoutePathMatchingPropertiesTest.testComplexPathPatterns(RoutePathMatchingPropertiesTest.java:151)
	at sun.reflect.NativeMethodAccessorImpl.invoke0(Native Method)
	at sun.reflect.NativeMethodAccessorImpl.invoke(NativeMethodAccessorImpl.java:62)
	at sun.reflect.DelegatingMethodAccessorImpl.invoke(DelegatingMethodAccessorImpl.java:43)
	at java.lang.reflect.Method.invoke(Method.java:498)
	at org.junit.platform.commons.util.ReflectionUtils.invokeMethod(ReflectionUtils.java:686)
	at org.junit.jupiter.engine.execution.MethodInvocation.proceed(MethodInvocation.java:60)
	at org.junit.jupiter.engine.execution.InvocationInterceptorChain$ValidatingInvocation.proceed(InvocationInterceptorChain.java:131)
	at org.junit.jupiter.engine.extension.TimeoutExtension.intercept(TimeoutExtension.java:149)
	at org.junit.jupiter.engine.extension.TimeoutExtension.interceptTestableMethod(TimeoutExtension.java:140)
	at org.junit.jupiter.engine.extension.TimeoutExtension.interceptTestMethod(TimeoutExtension.java:84)
	at org.junit.jupiter.engine.execution.ExecutableInvoker$ReflectiveInterceptorCall.lambda$ofVoidMethod$0(ExecutableInvoker.java:115)
	at org.junit.jupiter.engine.execution.ExecutableInvoker.lambda$invoke$0(ExecutableInvoker.java:105)
	at org.junit.jupiter.engine.execution.InvocationInterceptorChain$InterceptedInvocation.proceed(InvocationInterceptorChain.java:106)
	at org.junit.jupiter.engine.execution.InvocationInterceptorChain.proceed(InvocationInterceptorChain.java:64)
	at org.junit.jupiter.engine.execution.InvocationInterceptorChain.chainAndInvoke(InvocationInterceptorChain.java:45)
	at org.junit.jupiter.engine.execution.InvocationInterceptorChain.invoke(InvocationInterceptorChain.java:37)
	at org.junit.jupiter.engine.execution.ExecutableInvoker.invoke(ExecutableInvoker.java:104)
	at org.junit.jupiter.engine.execution.ExecutableInvoker.invoke(ExecutableInvoker.java:98)
	at org.junit.jupiter.engine.descriptor.TestMethodTestDescriptor.lambda$invokeTestMethod$6(TestMethodTestDescriptor.java:212)
	at org.junit.platform.engine.support.hierarchical.ThrowableCollector.execute(ThrowableCollector.java:73)
	at org.junit.jupiter.engine.descriptor.TestMethodTestDescriptor.invokeTestMethod(TestMethodTestDescriptor.java:208)
	at org.junit.jupiter.engine.descriptor.TestMethodTestDescriptor.execute(TestMethodTestDescriptor.java:137)
	at org.junit.jupiter.engine.descriptor.TestMethodTestDescriptor.execute(TestMethodTestDescriptor.java:71)
	at org.junit.platform.engine.support.hierarchical.NodeTestTask.lambda$executeRecursively$5(NodeTestTask.java:135)
	at org.junit.platform.engine.support.hierarchical.ThrowableCollector.execute(ThrowableCollector.java:73)
	at org.junit.platform.engine.support.hierarchical.NodeTestTask.lambda$executeRecursively$7(NodeTestTask.java:125)
	at org.junit.platform.engine.support.hierarchical.Node.around(Node.java:135)
	at org.junit.platform.engine.support.hierarchical.NodeTestTask.lambda$executeRecursively$8(NodeTestTask.java:123)
	at org.junit.platform.engine.support.hierarchical.ThrowableCollector.execute(ThrowableCollector.java:73)
	at org.junit.platform.engine.support.hierarchical.NodeTestTask.executeRecursively(NodeTestTask.java:122)
	at org.junit.platform.engine.support.hierarchical.NodeTestTask.execute(NodeTestTask.java:80)
	at java.util.ArrayList.forEach(ArrayList.java:1259)
	at org.junit.platform.engine.support.hierarchical.SameThreadHierarchicalTestExecutorService.invokeAll(SameThreadHierarchicalTestExecutorService.java:38)
	at org.junit.platform.engine.support.hierarchical.NodeTestTask.lambda$executeRecursively$5(NodeTestTask.java:139)
	at org.junit.platform.engine.support.hierarchical.ThrowableCollector.execute(ThrowableCollector.java:73)
	at org.junit.platform.engine.support.hierarchical.NodeTestTask.lambda$executeRecursively$7(NodeTestTask.java:125)
	at org.junit.platform.engine.support.hierarchical.Node.around(Node.java:135)
	at org.junit.platform.engine.support.hierarchical.NodeTestTask.lambda$executeRecursively$8(NodeTestTask.java:123)
	at org.junit.platform.engine.support.hierarchical.ThrowableCollector.execute(ThrowableCollector.java:73)
	at org.junit.platform.engine.support.hierarchical.NodeTestTask.executeRecursively(NodeTestTask.java:122)
	at org.junit.platform.engine.support.hierarchical.NodeTestTask.execute(NodeTestTask.java:80)
	at java.util.ArrayList.forEach(ArrayList.java:1259)
	at org.junit.platform.engine.support.hierarchical.SameThreadHierarchicalTestExecutorService.invokeAll(SameThreadHierarchicalTestExecutorService.java:38)
	at org.junit.platform.engine.support.hierarchical.NodeTestTask.lambda$executeRecursively$5(NodeTestTask.java:139)
	at org.junit.platform.engine.support.hierarchical.ThrowableCollector.execute(ThrowableCollector.java:73)
	at org.junit.platform.engine.support.hierarchical.NodeTestTask.lambda$executeRecursively$7(NodeTestTask.java:125)
	at org.junit.platform.engine.support.hierarchical.Node.around(Node.java:135)
	at org.junit.platform.engine.support.hierarchical.NodeTestTask.lambda$executeRecursively$8(NodeTestTask.java:123)
	at org.junit.platform.engine.support.hierarchical.ThrowableCollector.execute(ThrowableCollector.java:73)
	at org.junit.platform.engine.support.hierarchical.NodeTestTask.executeRecursively(NodeTestTask.java:122)
	at org.junit.platform.engine.support.hierarchical.NodeTestTask.execute(NodeTestTask.java:80)
	at org.junit.platform.engine.support.hierarchical.SameThreadHierarchicalTestExecutorService.submit(SameThreadHierarchicalTestExecutorService.java:32)
	at org.junit.platform.engine.support.hierarchical.HierarchicalTestExecutor.execute(HierarchicalTestExecutor.java:57)
	at org.junit.platform.engine.support.hierarchical.HierarchicalTestEngine.execute(HierarchicalTestEngine.java:51)
	at org.junit.platform.launcher.core.DefaultLauncher.execute(DefaultLauncher.java:248)
	at org.junit.platform.launcher.core.DefaultLauncher.lambda$execute$5(DefaultLauncher.java:211)
	at org.junit.platform.launcher.core.DefaultLauncher.withInterceptedStreams(DefaultLauncher.java:226)
	at org.junit.platform.launcher.core.DefaultLauncher.execute(DefaultLauncher.java:199)
	at org.junit.platform.launcher.core.DefaultLauncher.execute(DefaultLauncher.java:132)
	at org.apache.maven.surefire.junitplatform.LazyLauncher.execute(LazyLauncher.java:56)
	at org.apache.maven.surefire.junitplatform.JUnitPlatformProvider.execute(JUnitPlatformProvider.java:184)
	at org.apache.maven.surefire.junitplatform.JUnitPlatformProvider.invokeAllTests(JUnitPlatformProvider.java:148)
	at org.apache.maven.surefire.junitplatform.JUnitPlatformProvider.invoke(JUnitPlatformProvider.java:122)
	at org.apache.maven.surefire.booter.ForkedBooter.runSuitesInProcess(ForkedBooter.java:385)
	at org.apache.maven.surefire.booter.ForkedBooter.execute(ForkedBooter.java:162)
	at org.apache.maven.surefire.booter.ForkedBooter.run(ForkedBooter.java:507)
	at org.apache.maven.surefire.booter.ForkedBooter.main(ForkedBooter.java:495)
Caused by: org.apache.http.MalformedChunkCodingException: CRLF expected at end of chunk
	at org.apache.http.impl.io.ChunkedInputStream.getChunkSize(ChunkedInputStream.java:250)
	at org.apache.http.impl.io.ChunkedInputStream.nextChunk(ChunkedInputStream.java:222)
	at org.apache.http.impl.io.ChunkedInputStream.read(ChunkedInputStream.java:183)
	at org.apache.http.conn.EofSensorInputStream.read(EofSensorInputStream.java:135)
	at java.io.FilterInputStream.read(FilterInputStream.java:133)
	at java.io.PushbackInputStream.read(PushbackInputStream.java:186)
	at sun.nio.cs.StreamDecoder.readBytes(StreamDecoder.java:284)
	at sun.nio.cs.StreamDecoder.implRead(StreamDecoder.java:326)
	at sun.nio.cs.StreamDecoder.read(StreamDecoder.java:178)
	at java.io.InputStreamReader.read(InputStreamReader.java:184)
	at java.io.Reader.read(Reader.java:140)
	at org.springframework.util.StreamUtils.copyToString(StreamUtils.java:91)
	at org.springframework.http.converter.StringHttpMessageConverter.readInternal(StringHttpMessageConverter.java:96)
	at org.springframework.http.converter.StringHttpMessageConverter.readInternal(StringHttpMessageConverter.java:44)
	at org.springframework.http.converter.AbstractHttpMessageConverter.read(AbstractHttpMessageConverter.java:199)
	at org.springframework.web.client.HttpMessageConverterExtractor.extractData(HttpMessageConverterExtractor.java:114)
	... 74 more
]]></error>
    <system-out><![CDATA[2025-09-06 23:31:19.487  INFO 14839 --- [http@fcc6023-18] c.e.gateway.filter.RequestLoggingFilter  : Request: GET /admin/users/management/list
2025-09-06 23:31:19.500 ERROR 14839 --- [ctor-http-nio-5] c.e.gateway.filter.ErrorHandlingFilter   : Gateway error occurred: 503 SERVICE_UNAVAILABLE - Service temporarily unavailable

io.netty.channel.AbstractChannel$AnnotatedConnectException: Connection refused: localhost/127.0.0.1:8084
Caused by: java.net.ConnectException: Connection refused
	at sun.nio.ch.SocketChannelImpl.checkConnect(Native Method) ~[na:1.8.0_452]
	at sun.nio.ch.SocketChannelImpl.finishConnect(SocketChannelImpl.java:716) ~[na:1.8.0_452]
	at io.netty.channel.socket.nio.NioSocketChannel.doFinishConnect(NioSocketChannel.java:330) ~[netty-transport-4.1.51.Final.jar:4.1.51.Final]
	at io.netty.channel.nio.AbstractNioChannel$AbstractNioUnsafe.finishConnect(AbstractNioChannel.java:334) ~[netty-transport-4.1.51.Final.jar:4.1.51.Final]
	at io.netty.channel.nio.NioEventLoop.processSelectedKey(NioEventLoop.java:702) ~[netty-transport-4.1.51.Final.jar:4.1.51.Final]
	at io.netty.channel.nio.NioEventLoop.processSelectedKeysOptimized(NioEventLoop.java:650) ~[netty-transport-4.1.51.Final.jar:4.1.51.Final]
	at io.netty.channel.nio.NioEventLoop.processSelectedKeys(NioEventLoop.java:576) ~[netty-transport-4.1.51.Final.jar:4.1.51.Final]
	at io.netty.channel.nio.NioEventLoop.run(NioEventLoop.java:493) ~[netty-transport-4.1.51.Final.jar:4.1.51.Final]
	at io.netty.util.concurrent.SingleThreadEventExecutor$4.run(SingleThreadEventExecutor.java:989) ~[netty-common-4.1.51.Final.jar:4.1.51.Final]
	at io.netty.util.internal.ThreadExecutorMap$2.run(ThreadExecutorMap.java:74) ~[netty-common-4.1.51.Final.jar:4.1.51.Final]
	at io.netty.util.concurrent.FastThreadLocalRunnable.run(FastThreadLocalRunnable.java:30) ~[netty-common-4.1.51.Final.jar:4.1.51.Final]
	at java.lang.Thread.run(Thread.java:750) ~[na:1.8.0_452]

2025-09-06 23:31:19.507 ERROR 14839 --- [ctor-http-nio-5] c.e.gateway.filter.RequestLoggingFilter  : Request failed: /admin/users/management/list after 19ms - null
2025-09-06 23:31:19.510 ERROR 14839 --- [ctor-http-nio-5] o.s.w.s.adapter.HttpWebHandlerAdapter    : [4cd52006] Error [java.lang.UnsupportedOperationException] for HTTP GET "/admin/users/management/list", but ServerHttpResponse already committed (503 SERVICE_UNAVAILABLE)
2025-09-06 23:31:19.511  WARN 14839 --- [qtp816918962-32] org.eclipse.jetty.server.HttpChannel     : /admin/users/management/list

javax.servlet.ServletException: Failed to create response content
	at org.springframework.http.server.reactive.ServletHttpHandlerAdapter.service(ServletHttpHandlerAdapter.java:162) ~[spring-web-5.2.8.RELEASE.jar:5.2.8.RELEASE]
	at org.eclipse.jetty.servlet.ServletHolder.handle(ServletHolder.java:763) ~[jetty-servlet-9.4.30.v20200611.jar:9.4.30.v20200611]
	at org.eclipse.jetty.servlet.ServletHandler.doHandle(ServletHandler.java:551) ~[jetty-servlet-9.4.30.v20200611.jar:9.4.30.v20200611]
	at org.eclipse.jetty.server.handler.ScopedHandler.nextHandle(ScopedHandler.java:233) ~[jetty-server-9.4.30.v20200611.jar:9.4.30.v20200611]
	at org.eclipse.jetty.server.handler.ContextHandler.doHandle(ContextHandler.java:1369) ~[jetty-server-9.4.30.v20200611.jar:9.4.30.v20200611]
	at org.eclipse.jetty.server.handler.ScopedHandler.nextScope(ScopedHandler.java:188) ~[jetty-server-9.4.30.v20200611.jar:9.4.30.v20200611]
	at org.eclipse.jetty.servlet.ServletHandler.doScope(ServletHandler.java:489) ~[jetty-servlet-9.4.30.v20200611.jar:9.4.30.v20200611]
	at org.eclipse.jetty.server.handler.ScopedHandler.nextScope(ScopedHandler.java:186) ~[jetty-server-9.4.30.v20200611.jar:9.4.30.v20200611]
	at org.eclipse.jetty.server.handler.ContextHandler.doScope(ContextHandler.java:1284) ~[jetty-server-9.4.30.v20200611.jar:9.4.30.v20200611]
	at org.eclipse.jetty.server.handler.ScopedHandler.handle(ScopedHandler.java:141) ~[jetty-server-9.4.30.v20200611.jar:9.4.30.v20200611]
	at org.eclipse.jetty.server.handler.HandlerWrapper.handle(HandlerWrapper.java:127) ~[jetty-server-9.4.30.v20200611.jar:9.4.30.v20200611]
	at org.eclipse.jetty.server.Server.handleAsync(Server.java:544) ~[jetty-server-9.4.30.v20200611.jar:9.4.30.v20200611]
	at org.eclipse.jetty.server.HttpChannel.lambda$handle$2(HttpChannel.java:391) [jetty-server-9.4.30.v20200611.jar:9.4.30.v20200611]
	at org.eclipse.jetty.server.HttpChannel.dispatch(HttpChannel.java:556) [jetty-server-9.4.30.v20200611.jar:9.4.30.v20200611]
	at org.eclipse.jetty.server.HttpChannel.handle(HttpChannel.java:391) [jetty-server-9.4.30.v20200611.jar:9.4.30.v20200611]
	at org.eclipse.jetty.server.HttpChannel.run(HttpChannel.java:335) [jetty-server-9.4.30.v20200611.jar:9.4.30.v20200611]
	at org.eclipse.jetty.util.thread.QueuedThreadPool.runJob(QueuedThreadPool.java:806) [jetty-util-9.4.30.v20200611.jar:9.4.30.v20200611]
	at org.eclipse.jetty.util.thread.QueuedThreadPool$Runner.run(QueuedThreadPool.java:938) [jetty-util-9.4.30.v20200611.jar:9.4.30.v20200611]
	at java.lang.Thread.run(Thread.java:750) [na:1.8.0_452]
Caused by: java.lang.UnsupportedOperationException: null
	at org.springframework.http.ReadOnlyHttpHeaders.set(ReadOnlyHttpHeaders.java:106) ~[spring-web-5.2.8.RELEASE.jar:5.2.8.RELEASE]
	Suppressed: java.lang.UnsupportedOperationException: null
		at org.springframework.http.ReadOnlyHttpHeaders.set(ReadOnlyHttpHeaders.java:106) ~[spring-web-5.2.8.RELEASE.jar:5.2.8.RELEASE]
		at org.springframework.http.HttpHeaders.setOrRemove(HttpHeaders.java:1610) ~[spring-web-5.2.8.RELEASE.jar:5.2.8.RELEASE]
		at org.springframework.http.HttpHeaders.setCacheControl(HttpHeaders.java:818) ~[spring-web-5.2.8.RELEASE.jar:5.2.8.RELEASE]
		at com.example.gateway.filter.ResponseFormattingFilter.addStandardHeaders(ResponseFormattingFilter.java:74) ~[classes/:na]
		at com.example.gateway.filter.ResponseFormattingFilter.formatResponse(ResponseFormattingFilter.java:37) ~[classes/:na]
		at com.example.gateway.filter.ResponseFormattingFilter.lambda$filter$0(ResponseFormattingFilter.java:28) ~[classes/:na]
		at reactor.core.publisher.MonoPeekTerminal$MonoTerminalPeekSubscriber.onComplete(MonoPeekTerminal.java:282) ~[reactor-core-3.3.8.RELEASE.jar:3.3.8.RELEASE]
		at reactor.core.publisher.Operators$MultiSubscriptionSubscriber.onComplete(Operators.java:2016) ~[reactor-core-3.3.8.RELEASE.jar:3.3.8.RELEASE]
		at reactor.core.publisher.MonoPeekTerminal$MonoTerminalPeekSubscriber.onComplete(MonoPeekTerminal.java:292) ~[reactor-core-3.3.8.RELEASE.jar:3.3.8.RELEASE]
		at reactor.core.publisher.FluxHide$SuppressFuseableSubscriber.onComplete(FluxHide.java:137) ~[reactor-core-3.3.8.RELEASE.jar:3.3.8.RELEASE]
		at reactor.core.publisher.MonoIgnoreElements$IgnoreElementsSubscriber.onComplete(MonoIgnoreElements.java:81) ~[reactor-core-3.3.8.RELEASE.jar:3.3.8.RELEASE]
		at reactor.core.publisher.FluxConcatArray$ConcatArraySubscriber.onComplete(FluxConcatArray.java:191) ~[reactor-core-3.3.8.RELEASE.jar:3.3.8.RELEASE]
		at reactor.core.publisher.FluxConcatArray.subscribe(FluxConcatArray.java:80) ~[reactor-core-3.3.8.RELEASE.jar:3.3.8.RELEASE]
		at reactor.core.publisher.Mono.subscribe(Mono.java:4213) ~[reactor-core-3.3.8.RELEASE.jar:3.3.8.RELEASE]
		at reactor.core.publisher.FluxFlatMap.trySubscribeScalarMap(FluxFlatMap.java:202) ~[reactor-core-3.3.8.RELEASE.jar:3.3.8.RELEASE]
		at reactor.core.publisher.MonoFlatMap.subscribeOrReturn(MonoFlatMap.java:53) ~[reactor-core-3.3.8.RELEASE.jar:3.3.8.RELEASE]
		at reactor.core.publisher.Mono.subscribe(Mono.java:4198) ~[reactor-core-3.3.8.RELEASE.jar:3.3.8.RELEASE]
		at reactor.core.publisher.FluxOnErrorResume$ResumeSubscriber.onError(FluxOnErrorResume.java:97) ~[reactor-core-3.3.8.RELEASE.jar:3.3.8.RELEASE]
		at reactor.core.publisher.Operators$MonoSubscriber.onError(Operators.java:1829) ~[reactor-core-3.3.8.RELEASE.jar:3.3.8.RELEASE]
		at reactor.core.publisher.MonoIgnoreThen$ThenIgnoreInner.onError(MonoIgnoreThen.java:235) ~[reactor-core-3.3.8.RELEASE.jar:3.3.8.RELEASE]
		at reactor.core.publisher.FluxOnErrorResume$ResumeSubscriber.onError(FluxOnErrorResume.java:100) ~[reactor-core-3.3.8.RELEASE.jar:3.3.8.RELEASE]
		at reactor.core.publisher.Operators.error(Operators.java:196) ~[reactor-core-3.3.8.RELEASE.jar:3.3.8.RELEASE]
		at reactor.core.publisher.FluxError.subscribe(FluxError.java:43) ~[reactor-core-3.3.8.RELEASE.jar:3.3.8.RELEASE]
		at reactor.core.publisher.Flux.subscribe(Flux.java:8325) ~[reactor-core-3.3.8.RELEASE.jar:3.3.8.RELEASE]
		at reactor.core.publisher.FluxOnErrorResume$ResumeSubscriber.onError(FluxOnErrorResume.java:97) ~[reactor-core-3.3.8.RELEASE.jar:3.3.8.RELEASE]
		at reactor.core.publisher.SerializedSubscriber.onError(SerializedSubscriber.java:124) ~[reactor-core-3.3.8.RELEASE.jar:3.3.8.RELEASE]
		at reactor.core.publisher.FluxTimeout$TimeoutMainSubscriber.onError(FluxTimeout.java:212) ~[reactor-core-3.3.8.RELEASE.jar:3.3.8.RELEASE]
		at reactor.core.publisher.MonoFlatMapMany$FlatMapManyMain.onError(MonoFlatMapMany.java:197) ~[reactor-core-3.3.8.RELEASE.jar:3.3.8.RELEASE]
		at reactor.core.publisher.SerializedSubscriber.onError(SerializedSubscriber.java:124) ~[reactor-core-3.3.8.RELEASE.jar:3.3.8.RELEASE]
		at reactor.core.publisher.FluxRetryWhen$RetryWhenMainSubscriber.whenError(FluxRetryWhen.java:213) ~[reactor-core-3.3.8.RELEASE.jar:3.3.8.RELEASE]
		at reactor.core.publisher.FluxRetryWhen$RetryWhenOtherSubscriber.onError(FluxRetryWhen.java:255) ~[reactor-core-3.3.8.RELEASE.jar:3.3.8.RELEASE]
		at reactor.core.publisher.FluxConcatMap$ConcatMapImmediate.drain(FluxConcatMap.java:406) ~[reactor-core-3.3.8.RELEASE.jar:3.3.8.RELEASE]
		at reactor.core.publisher.FluxConcatMap$ConcatMapImmediate.onNext(FluxConcatMap.java:243) ~[reactor-core-3.3.8.RELEASE.jar:3.3.8.RELEASE]
		at reactor.core.publisher.DirectProcessor$DirectInner.onNext(DirectProcessor.java:333) ~[reactor-core-3.3.8.RELEASE.jar:3.3.8.RELEASE]
		at reactor.core.publisher.DirectProcessor.onNext(DirectProcessor.java:142) ~[reactor-core-3.3.8.RELEASE.jar:3.3.8.RELEASE]
		at reactor.core.publisher.SerializedSubscriber.onNext(SerializedSubscriber.java:99) ~[reactor-core-3.3.8.RELEASE.jar:3.3.8.RELEASE]
		at reactor.core.publisher.FluxRetryWhen$RetryWhenMainSubscriber.onError(FluxRetryWhen.java:180) ~[reactor-core-3.3.8.RELEASE.jar:3.3.8.RELEASE]
		at reactor.core.publisher.MonoCreate$DefaultMonoSink.error(MonoCreate.java:185) ~[reactor-core-3.3.8.RELEASE.jar:3.3.8.RELEASE]
		at reactor.netty.http.client.HttpClientConnect$MonoHttpConnect$TcpClientSubscriber.onError(HttpClientConnect.java:352) ~[reactor-netty-0.9.10.RELEASE.jar:0.9.10.RELEASE]
		at reactor.core.publisher.MonoCreate$DefaultMonoSink.error(MonoCreate.java:185) ~[reactor-core-3.3.8.RELEASE.jar:3.3.8.RELEASE]
		at reactor.netty.resources.PooledConnectionProvider$DisposableAcquire.onError(PooledConnectionProvider.java:500) ~[reactor-netty-0.9.10.RELEASE.jar:0.9.10.RELEASE]
		at reactor.netty.internal.shaded.reactor.pool.AbstractPool$Borrower.fail(AbstractPool.java:408) ~[reactor-netty-0.9.10.RELEASE.jar:0.9.10.RELEASE]
		at reactor.netty.internal.shaded.reactor.pool.SimplePool.lambda$drainLoop$5(SimplePool.java:233) ~[reactor-netty-0.9.10.RELEASE.jar:0.9.10.RELEASE]
		at reactor.core.publisher.FluxDoOnEach$DoOnEachSubscriber.onError(FluxDoOnEach.java:172) ~[reactor-core-3.3.8.RELEASE.jar:3.3.8.RELEASE]
		at reactor.core.publisher.MonoCreate$DefaultMonoSink.error(MonoCreate.java:185) ~[reactor-core-3.3.8.RELEASE.jar:3.3.8.RELEASE]
		at reactor.netty.resources.PooledConnectionProvider$PooledConnectionAllocator$PooledConnectionInitializer.operationComplete(PooledConnectionProvider.java:281) ~[reactor-netty-0.9.10.RELEASE.jar:0.9.10.RELEASE]
		at reactor.netty.resources.PooledConnectionProvider$PooledConnectionAllocator$PooledConnectionInitializer.operationComplete(PooledConnectionProvider.java:231) ~[reactor-netty-0.9.10.RELEASE.jar:0.9.10.RELEASE]
		at io.netty.util.concurrent.DefaultPromise.notifyListener0(DefaultPromise.java:577) ~[netty-common-4.1.51.Final.jar:4.1.51.Final]
		at io.netty.util.concurrent.DefaultPromise.notifyListeners0(DefaultPromise.java:570) ~[netty-common-4.1.51.Final.jar:4.1.51.Final]
		at io.netty.util.concurrent.DefaultPromise.notifyListenersNow(DefaultPromise.java:549) ~[netty-common-4.1.51.Final.jar:4.1.51.Final]
		at io.netty.util.concurrent.DefaultPromise.notifyListeners(DefaultPromise.java:490) ~[netty-common-4.1.51.Final.jar:4.1.51.Final]
		at io.netty.util.concurrent.DefaultPromise.setValue0(DefaultPromise.java:615) ~[netty-common-4.1.51.Final.jar:4.1.51.Final]
		at io.netty.util.concurrent.DefaultPromise.setFailure0(DefaultPromise.java:608) ~[netty-common-4.1.51.Final.jar:4.1.51.Final]
		at io.netty.util.concurrent.DefaultPromise.tryFailure(DefaultPromise.java:117) ~[netty-common-4.1.51.Final.jar:4.1.51.Final]
		at io.netty.channel.nio.AbstractNioChannel$AbstractNioUnsafe.fulfillConnectPromise(AbstractNioChannel.java:321) ~[netty-transport-4.1.51.Final.jar:4.1.51.Final]
		at io.netty.channel.nio.AbstractNioChannel$AbstractNioUnsafe.finishConnect(AbstractNioChannel.java:337) ~[netty-transport-4.1.51.Final.jar:4.1.51.Final]
		at io.netty.channel.nio.NioEventLoop.processSelectedKey(NioEventLoop.java:702) ~[netty-transport-4.1.51.Final.jar:4.1.51.Final]
		at io.netty.channel.nio.NioEventLoop.processSelectedKeysOptimized(NioEventLoop.java:650) ~[netty-transport-4.1.51.Final.jar:4.1.51.Final]
		at io.netty.channel.nio.NioEventLoop.processSelectedKeys(NioEventLoop.java:576) ~[netty-transport-4.1.51.Final.jar:4.1.51.Final]
		at io.netty.channel.nio.NioEventLoop.run(NioEventLoop.java:493) ~[netty-transport-4.1.51.Final.jar:4.1.51.Final]
		at io.netty.util.concurrent.SingleThreadEventExecutor$4.run(SingleThreadEventExecutor.java:989) ~[netty-common-4.1.51.Final.jar:4.1.51.Final]
		at io.netty.util.internal.ThreadExecutorMap$2.run(ThreadExecutorMap.java:74) ~[netty-common-4.1.51.Final.jar:4.1.51.Final]
		at io.netty.util.concurrent.FastThreadLocalRunnable.run(FastThreadLocalRunnable.java:30) ~[netty-common-4.1.51.Final.jar:4.1.51.Final]
		at java.lang.Thread.run(Thread.java:750) [na:1.8.0_452]
	Suppressed: reactor.core.publisher.FluxOnAssembly$OnAssemblyException: 
Error has been observed at the following site(s):
	|_ checkpoint ⇢ org.springframework.cloud.gateway.filter.WeightCalculatorWebFilter [DefaultWebFilterChain]
	|_ checkpoint ⇢ org.springframework.boot.actuate.metrics.web.reactive.server.MetricsWebFilter [DefaultWebFilterChain]
	|_ checkpoint ⇢ HTTP GET "/admin/users/management/list" [ExceptionHandlingWebHandler]
Stack trace:
		at org.springframework.http.ReadOnlyHttpHeaders.set(ReadOnlyHttpHeaders.java:106) ~[spring-web-5.2.8.RELEASE.jar:5.2.8.RELEASE]
		at org.springframework.http.HttpHeaders.setOrRemove(HttpHeaders.java:1610) ~[spring-web-5.2.8.RELEASE.jar:5.2.8.RELEASE]
		at org.springframework.http.HttpHeaders.setCacheControl(HttpHeaders.java:818) ~[spring-web-5.2.8.RELEASE.jar:5.2.8.RELEASE]
		at com.example.gateway.filter.ResponseFormattingFilter.addStandardHeaders(ResponseFormattingFilter.java:74) ~[classes/:na]
		at com.example.gateway.filter.ResponseFormattingFilter.formatErrorResponse(ResponseFormattingFilter.java:56) ~[classes/:na]
		at com.example.gateway.filter.ResponseFormattingFilter.lambda$filter$1(ResponseFormattingFilter.java:29) ~[classes/:na]
		at reactor.core.publisher.MonoPeekTerminal$MonoTerminalPeekSubscriber.onError(MonoPeekTerminal.java:243) ~[reactor-core-3.3.8.RELEASE.jar:3.3.8.RELEASE]
		at reactor.core.publisher.MonoPeekTerminal$MonoTerminalPeekSubscriber.onError(MonoPeekTerminal.java:251) ~[reactor-core-3.3.8.RELEASE.jar:3.3.8.RELEASE]
		at reactor.core.publisher.MonoPeekTerminal$MonoTerminalPeekSubscriber.onComplete(MonoPeekTerminal.java:285) ~[reactor-core-3.3.8.RELEASE.jar:3.3.8.RELEASE]
		at reactor.core.publisher.Operators$MultiSubscriptionSubscriber.onComplete(Operators.java:2016) ~[reactor-core-3.3.8.RELEASE.jar:3.3.8.RELEASE]
		at reactor.core.publisher.MonoPeekTerminal$MonoTerminalPeekSubscriber.onComplete(MonoPeekTerminal.java:292) ~[reactor-core-3.3.8.RELEASE.jar:3.3.8.RELEASE]
		at reactor.core.publisher.FluxHide$SuppressFuseableSubscriber.onComplete(FluxHide.java:137) ~[reactor-core-3.3.8.RELEASE.jar:3.3.8.RELEASE]
		at reactor.core.publisher.MonoIgnoreElements$IgnoreElementsSubscriber.onComplete(MonoIgnoreElements.java:81) ~[reactor-core-3.3.8.RELEASE.jar:3.3.8.RELEASE]
		at reactor.core.publisher.FluxConcatArray$ConcatArraySubscriber.onComplete(FluxConcatArray.java:191) ~[reactor-core-3.3.8.RELEASE.jar:3.3.8.RELEASE]
		at reactor.core.publisher.FluxConcatArray.subscribe(FluxConcatArray.java:80) ~[reactor-core-3.3.8.RELEASE.jar:3.3.8.RELEASE]
		at reactor.core.publisher.Mono.subscribe(Mono.java:4213) ~[reactor-core-3.3.8.RELEASE.jar:3.3.8.RELEASE]
		at reactor.core.publisher.FluxFlatMap.trySubscribeScalarMap(FluxFlatMap.java:202) ~[reactor-core-3.3.8.RELEASE.jar:3.3.8.RELEASE]
		at reactor.core.publisher.MonoFlatMap.subscribeOrReturn(MonoFlatMap.java:53) ~[reactor-core-3.3.8.RELEASE.jar:3.3.8.RELEASE]
		at reactor.core.publisher.Mono.subscribe(Mono.java:4198) ~[reactor-core-3.3.8.RELEASE.jar:3.3.8.RELEASE]
		at reactor.core.publisher.FluxOnErrorResume$ResumeSubscriber.onError(FluxOnErrorResume.java:97) ~[reactor-core-3.3.8.RELEASE.jar:3.3.8.RELEASE]
		at reactor.core.publisher.Operators$MonoSubscriber.onError(Operators.java:1829) ~[reactor-core-3.3.8.RELEASE.jar:3.3.8.RELEASE]
		at reactor.core.publisher.MonoIgnoreThen$ThenIgnoreInner.onError(MonoIgnoreThen.java:235) ~[reactor-core-3.3.8.RELEASE.jar:3.3.8.RELEASE]
		at reactor.core.publisher.FluxOnErrorResume$ResumeSubscriber.onError(FluxOnErrorResume.java:100) ~[reactor-core-3.3.8.RELEASE.jar:3.3.8.RELEASE]
		at reactor.core.publisher.Operators.error(Operators.java:196) ~[reactor-core-3.3.8.RELEASE.jar:3.3.8.RELEASE]
		at reactor.core.publisher.FluxError.subscribe(FluxError.java:43) ~[reactor-core-3.3.8.RELEASE.jar:3.3.8.RELEASE]
		at reactor.core.publisher.Flux.subscribe(Flux.java:8325) ~[reactor-core-3.3.8.RELEASE.jar:3.3.8.RELEASE]
		at reactor.core.publisher.FluxOnErrorResume$ResumeSubscriber.onError(FluxOnErrorResume.java:97) ~[reactor-core-3.3.8.RELEASE.jar:3.3.8.RELEASE]
		at reactor.core.publisher.SerializedSubscriber.onError(SerializedSubscriber.java:124) ~[reactor-core-3.3.8.RELEASE.jar:3.3.8.RELEASE]
		at reactor.core.publisher.FluxTimeout$TimeoutMainSubscriber.onError(FluxTimeout.java:212) ~[reactor-core-3.3.8.RELEASE.jar:3.3.8.RELEASE]
		at reactor.core.publisher.MonoFlatMapMany$FlatMapManyMain.onError(MonoFlatMapMany.java:197) ~[reactor-core-3.3.8.RELEASE.jar:3.3.8.RELEASE]
		at reactor.core.publisher.SerializedSubscriber.onError(SerializedSubscriber.java:124) ~[reactor-core-3.3.8.RELEASE.jar:3.3.8.RELEASE]
		at reactor.core.publisher.FluxRetryWhen$RetryWhenMainSubscriber.whenError(FluxRetryWhen.java:213) ~[reactor-core-3.3.8.RELEASE.jar:3.3.8.RELEASE]
		at reactor.core.publisher.FluxRetryWhen$RetryWhenOtherSubscriber.onError(FluxRetryWhen.java:255) ~[reactor-core-3.3.8.RELEASE.jar:3.3.8.RELEASE]
		at reactor.core.publisher.FluxConcatMap$ConcatMapImmediate.drain(FluxConcatMap.java:406) ~[reactor-core-3.3.8.RELEASE.jar:3.3.8.RELEASE]
		at reactor.core.publisher.FluxConcatMap$ConcatMapImmediate.onNext(FluxConcatMap.java:243) ~[reactor-core-3.3.8.RELEASE.jar:3.3.8.RELEASE]
		at reactor.core.publisher.DirectProcessor$DirectInner.onNext(DirectProcessor.java:333) ~[reactor-core-3.3.8.RELEASE.jar:3.3.8.RELEASE]
		at reactor.core.publisher.DirectProcessor.onNext(DirectProcessor.java:142) ~[reactor-core-3.3.8.RELEASE.jar:3.3.8.RELEASE]
		at reactor.core.publisher.SerializedSubscriber.onNext(SerializedSubscriber.java:99) ~[reactor-core-3.3.8.RELEASE.jar:3.3.8.RELEASE]
		at reactor.core.publisher.FluxRetryWhen$RetryWhenMainSubscriber.onError(FluxRetryWhen.java:180) ~[reactor-core-3.3.8.RELEASE.jar:3.3.8.RELEASE]
		at reactor.core.publisher.MonoCreate$DefaultMonoSink.error(MonoCreate.java:185) ~[reactor-core-3.3.8.RELEASE.jar:3.3.8.RELEASE]
		at reactor.netty.http.client.HttpClientConnect$MonoHttpConnect$TcpClientSubscriber.onError(HttpClientConnect.java:352) ~[reactor-netty-0.9.10.RELEASE.jar:0.9.10.RELEASE]
		at reactor.core.publisher.MonoCreate$DefaultMonoSink.error(MonoCreate.java:185) ~[reactor-core-3.3.8.RELEASE.jar:3.3.8.RELEASE]
		at reactor.netty.resources.PooledConnectionProvider$DisposableAcquire.onError(PooledConnectionProvider.java:500) ~[reactor-netty-0.9.10.RELEASE.jar:0.9.10.RELEASE]
		at reactor.netty.internal.shaded.reactor.pool.AbstractPool$Borrower.fail(AbstractPool.java:408) ~[reactor-netty-0.9.10.RELEASE.jar:0.9.10.RELEASE]
		at reactor.netty.internal.shaded.reactor.pool.SimplePool.lambda$drainLoop$5(SimplePool.java:233) ~[reactor-netty-0.9.10.RELEASE.jar:0.9.10.RELEASE]
		at reactor.core.publisher.FluxDoOnEach$DoOnEachSubscriber.onError(FluxDoOnEach.java:172) ~[reactor-core-3.3.8.RELEASE.jar:3.3.8.RELEASE]
		at reactor.core.publisher.MonoCreate$DefaultMonoSink.error(MonoCreate.java:185) ~[reactor-core-3.3.8.RELEASE.jar:3.3.8.RELEASE]
		at reactor.netty.resources.PooledConnectionProvider$PooledConnectionAllocator$PooledConnectionInitializer.operationComplete(PooledConnectionProvider.java:281) ~[reactor-netty-0.9.10.RELEASE.jar:0.9.10.RELEASE]
		at reactor.netty.resources.PooledConnectionProvider$PooledConnectionAllocator$PooledConnectionInitializer.operationComplete(PooledConnectionProvider.java:231) ~[reactor-netty-0.9.10.RELEASE.jar:0.9.10.RELEASE]
		at io.netty.util.concurrent.DefaultPromise.notifyListener0(DefaultPromise.java:577) ~[netty-common-4.1.51.Final.jar:4.1.51.Final]
		at io.netty.util.concurrent.DefaultPromise.notifyListeners0(DefaultPromise.java:570) ~[netty-common-4.1.51.Final.jar:4.1.51.Final]
		at io.netty.util.concurrent.DefaultPromise.notifyListenersNow(DefaultPromise.java:549) ~[netty-common-4.1.51.Final.jar:4.1.51.Final]
		at io.netty.util.concurrent.DefaultPromise.notifyListeners(DefaultPromise.java:490) ~[netty-common-4.1.51.Final.jar:4.1.51.Final]
		at io.netty.util.concurrent.DefaultPromise.setValue0(DefaultPromise.java:615) ~[netty-common-4.1.51.Final.jar:4.1.51.Final]
		at io.netty.util.concurrent.DefaultPromise.setFailure0(DefaultPromise.java:608) ~[netty-common-4.1.51.Final.jar:4.1.51.Final]
		at io.netty.util.concurrent.DefaultPromise.tryFailure(DefaultPromise.java:117) ~[netty-common-4.1.51.Final.jar:4.1.51.Final]
		at io.netty.channel.nio.AbstractNioChannel$AbstractNioUnsafe.fulfillConnectPromise(AbstractNioChannel.java:321) ~[netty-transport-4.1.51.Final.jar:4.1.51.Final]
		at io.netty.channel.nio.AbstractNioChannel$AbstractNioUnsafe.finishConnect(AbstractNioChannel.java:337) ~[netty-transport-4.1.51.Final.jar:4.1.51.Final]
		at io.netty.channel.nio.NioEventLoop.processSelectedKey(NioEventLoop.java:702) ~[netty-transport-4.1.51.Final.jar:4.1.51.Final]
		at io.netty.channel.nio.NioEventLoop.processSelectedKeysOptimized(NioEventLoop.java:650) ~[netty-transport-4.1.51.Final.jar:4.1.51.Final]
		at io.netty.channel.nio.NioEventLoop.processSelectedKeys(NioEventLoop.java:576) ~[netty-transport-4.1.51.Final.jar:4.1.51.Final]
		at io.netty.channel.nio.NioEventLoop.run(NioEventLoop.java:493) ~[netty-transport-4.1.51.Final.jar:4.1.51.Final]
		at io.netty.util.concurrent.SingleThreadEventExecutor$4.run(SingleThreadEventExecutor.java:989) ~[netty-common-4.1.51.Final.jar:4.1.51.Final]
		at io.netty.util.internal.ThreadExecutorMap$2.run(ThreadExecutorMap.java:74) ~[netty-common-4.1.51.Final.jar:4.1.51.Final]
		at io.netty.util.concurrent.FastThreadLocalRunnable.run(FastThreadLocalRunnable.java:30) ~[netty-common-4.1.51.Final.jar:4.1.51.Final]
		at java.lang.Thread.run(Thread.java:750) [na:1.8.0_452]

2025-09-06 23:31:19.513  WARN 14839 --- [qtp816918962-32] org.eclipse.jetty.server.HttpChannel     : /admin/users/management/list

java.lang.IllegalStateException: org.eclipse.jetty.server.HttpConnection$SendCallback@516acb12[CLOSED][i=null,cb=org.eclipse.jetty.server.HttpChannel$SendCallback@5fad3f4f]
	at org.eclipse.jetty.util.IteratingCallback.iterate(IteratingCallback.java:218) ~[jetty-util-9.4.30.v20200611.jar:9.4.30.v20200611]
	at org.eclipse.jetty.server.HttpConnection.send(HttpConnection.java:543) ~[jetty-server-9.4.30.v20200611.jar:9.4.30.v20200611]
	at org.eclipse.jetty.server.HttpChannel.sendResponse(HttpChannel.java:838) [jetty-server-9.4.30.v20200611.jar:9.4.30.v20200611]
	at org.eclipse.jetty.server.HttpChannel.write(HttpChannel.java:910) [jetty-server-9.4.30.v20200611.jar:9.4.30.v20200611]
	at org.eclipse.jetty.server.HttpOutput.channelWrite(HttpOutput.java:283) ~[jetty-server-9.4.30.v20200611.jar:9.4.30.v20200611]
	at org.eclipse.jetty.server.HttpOutput.complete(HttpOutput.java:479) ~[jetty-server-9.4.30.v20200611.jar:9.4.30.v20200611]
	at org.eclipse.jetty.server.Response.completeOutput(Response.java:889) ~[jetty-server-9.4.30.v20200611.jar:9.4.30.v20200611]
	at org.eclipse.jetty.server.HttpChannel.handle(HttpChannel.java:521) [jetty-server-9.4.30.v20200611.jar:9.4.30.v20200611]
	at org.eclipse.jetty.server.HttpChannel.run(HttpChannel.java:335) [jetty-server-9.4.30.v20200611.jar:9.4.30.v20200611]
	at org.eclipse.jetty.util.thread.QueuedThreadPool.runJob(QueuedThreadPool.java:806) [jetty-util-9.4.30.v20200611.jar:9.4.30.v20200611]
	at org.eclipse.jetty.util.thread.QueuedThreadPool$Runner.run(QueuedThreadPool.java:938) [jetty-util-9.4.30.v20200611.jar:9.4.30.v20200611]
	at java.lang.Thread.run(Thread.java:750) [na:1.8.0_452]

]]></system-out>
  </testcase>
  <testcase name="testExactPathMatching" classname="com.example.gateway.RoutePathMatchingPropertiesTest" time="0.016">
    <error message="Error while extracting response for type [class java.lang.String] and content type [application/json]; nested exception is org.apache.http.MalformedChunkCodingException: CRLF expected at end of chunk" type="org.springframework.web.client.RestClientException"><![CDATA[org.springframework.web.client.RestClientException: Error while extracting response for type [class java.lang.String] and content type [application/json]; nested exception is org.apache.http.MalformedChunkCodingException: CRLF expected at end of chunk
	at org.springframework.web.client.HttpMessageConverterExtractor.extractData(HttpMessageConverterExtractor.java:120)
	at org.springframework.web.client.RestTemplate$ResponseEntityResponseExtractor.extractData(RestTemplate.java:998)
	at org.springframework.web.client.RestTemplate$ResponseEntityResponseExtractor.extractData(RestTemplate.java:981)
	at org.springframework.web.client.RestTemplate.doExecute(RestTemplate.java:741)
	at org.springframework.web.client.RestTemplate.execute(RestTemplate.java:674)
	at org.springframework.web.client.RestTemplate.getForEntity(RestTemplate.java:342)
	at org.springframework.boot.test.web.client.TestRestTemplate.getForEntity(TestRestTemplate.java:233)
	at com.example.gateway.RoutePathMatchingPropertiesTest.testExactPathMatching(RoutePathMatchingPropertiesTest.java:65)
	at sun.reflect.NativeMethodAccessorImpl.invoke0(Native Method)
	at sun.reflect.NativeMethodAccessorImpl.invoke(NativeMethodAccessorImpl.java:62)
	at sun.reflect.DelegatingMethodAccessorImpl.invoke(DelegatingMethodAccessorImpl.java:43)
	at java.lang.reflect.Method.invoke(Method.java:498)
	at org.junit.platform.commons.util.ReflectionUtils.invokeMethod(ReflectionUtils.java:686)
	at org.junit.jupiter.engine.execution.MethodInvocation.proceed(MethodInvocation.java:60)
	at org.junit.jupiter.engine.execution.InvocationInterceptorChain$ValidatingInvocation.proceed(InvocationInterceptorChain.java:131)
	at org.junit.jupiter.engine.extension.TimeoutExtension.intercept(TimeoutExtension.java:149)
	at org.junit.jupiter.engine.extension.TimeoutExtension.interceptTestableMethod(TimeoutExtension.java:140)
	at org.junit.jupiter.engine.extension.TimeoutExtension.interceptTestMethod(TimeoutExtension.java:84)
	at org.junit.jupiter.engine.execution.ExecutableInvoker$ReflectiveInterceptorCall.lambda$ofVoidMethod$0(ExecutableInvoker.java:115)
	at org.junit.jupiter.engine.execution.ExecutableInvoker.lambda$invoke$0(ExecutableInvoker.java:105)
	at org.junit.jupiter.engine.execution.InvocationInterceptorChain$InterceptedInvocation.proceed(InvocationInterceptorChain.java:106)
	at org.junit.jupiter.engine.execution.InvocationInterceptorChain.proceed(InvocationInterceptorChain.java:64)
	at org.junit.jupiter.engine.execution.InvocationInterceptorChain.chainAndInvoke(InvocationInterceptorChain.java:45)
	at org.junit.jupiter.engine.execution.InvocationInterceptorChain.invoke(InvocationInterceptorChain.java:37)
	at org.junit.jupiter.engine.execution.ExecutableInvoker.invoke(ExecutableInvoker.java:104)
	at org.junit.jupiter.engine.execution.ExecutableInvoker.invoke(ExecutableInvoker.java:98)
	at org.junit.jupiter.engine.descriptor.TestMethodTestDescriptor.lambda$invokeTestMethod$6(TestMethodTestDescriptor.java:212)
	at org.junit.platform.engine.support.hierarchical.ThrowableCollector.execute(ThrowableCollector.java:73)
	at org.junit.jupiter.engine.descriptor.TestMethodTestDescriptor.invokeTestMethod(TestMethodTestDescriptor.java:208)
	at org.junit.jupiter.engine.descriptor.TestMethodTestDescriptor.execute(TestMethodTestDescriptor.java:137)
	at org.junit.jupiter.engine.descriptor.TestMethodTestDescriptor.execute(TestMethodTestDescriptor.java:71)
	at org.junit.platform.engine.support.hierarchical.NodeTestTask.lambda$executeRecursively$5(NodeTestTask.java:135)
	at org.junit.platform.engine.support.hierarchical.ThrowableCollector.execute(ThrowableCollector.java:73)
	at org.junit.platform.engine.support.hierarchical.NodeTestTask.lambda$executeRecursively$7(NodeTestTask.java:125)
	at org.junit.platform.engine.support.hierarchical.Node.around(Node.java:135)
	at org.junit.platform.engine.support.hierarchical.NodeTestTask.lambda$executeRecursively$8(NodeTestTask.java:123)
	at org.junit.platform.engine.support.hierarchical.ThrowableCollector.execute(ThrowableCollector.java:73)
	at org.junit.platform.engine.support.hierarchical.NodeTestTask.executeRecursively(NodeTestTask.java:122)
	at org.junit.platform.engine.support.hierarchical.NodeTestTask.execute(NodeTestTask.java:80)
	at java.util.ArrayList.forEach(ArrayList.java:1259)
	at org.junit.platform.engine.support.hierarchical.SameThreadHierarchicalTestExecutorService.invokeAll(SameThreadHierarchicalTestExecutorService.java:38)
	at org.junit.platform.engine.support.hierarchical.NodeTestTask.lambda$executeRecursively$5(NodeTestTask.java:139)
	at org.junit.platform.engine.support.hierarchical.ThrowableCollector.execute(ThrowableCollector.java:73)
	at org.junit.platform.engine.support.hierarchical.NodeTestTask.lambda$executeRecursively$7(NodeTestTask.java:125)
	at org.junit.platform.engine.support.hierarchical.Node.around(Node.java:135)
	at org.junit.platform.engine.support.hierarchical.NodeTestTask.lambda$executeRecursively$8(NodeTestTask.java:123)
	at org.junit.platform.engine.support.hierarchical.ThrowableCollector.execute(ThrowableCollector.java:73)
	at org.junit.platform.engine.support.hierarchical.NodeTestTask.executeRecursively(NodeTestTask.java:122)
	at org.junit.platform.engine.support.hierarchical.NodeTestTask.execute(NodeTestTask.java:80)
	at java.util.ArrayList.forEach(ArrayList.java:1259)
	at org.junit.platform.engine.support.hierarchical.SameThreadHierarchicalTestExecutorService.invokeAll(SameThreadHierarchicalTestExecutorService.java:38)
	at org.junit.platform.engine.support.hierarchical.NodeTestTask.lambda$executeRecursively$5(NodeTestTask.java:139)
	at org.junit.platform.engine.support.hierarchical.ThrowableCollector.execute(ThrowableCollector.java:73)
	at org.junit.platform.engine.support.hierarchical.NodeTestTask.lambda$executeRecursively$7(NodeTestTask.java:125)
	at org.junit.platform.engine.support.hierarchical.Node.around(Node.java:135)
	at org.junit.platform.engine.support.hierarchical.NodeTestTask.lambda$executeRecursively$8(NodeTestTask.java:123)
	at org.junit.platform.engine.support.hierarchical.ThrowableCollector.execute(ThrowableCollector.java:73)
	at org.junit.platform.engine.support.hierarchical.NodeTestTask.executeRecursively(NodeTestTask.java:122)
	at org.junit.platform.engine.support.hierarchical.NodeTestTask.execute(NodeTestTask.java:80)
	at org.junit.platform.engine.support.hierarchical.SameThreadHierarchicalTestExecutorService.submit(SameThreadHierarchicalTestExecutorService.java:32)
	at org.junit.platform.engine.support.hierarchical.HierarchicalTestExecutor.execute(HierarchicalTestExecutor.java:57)
	at org.junit.platform.engine.support.hierarchical.HierarchicalTestEngine.execute(HierarchicalTestEngine.java:51)
	at org.junit.platform.launcher.core.DefaultLauncher.execute(DefaultLauncher.java:248)
	at org.junit.platform.launcher.core.DefaultLauncher.lambda$execute$5(DefaultLauncher.java:211)
	at org.junit.platform.launcher.core.DefaultLauncher.withInterceptedStreams(DefaultLauncher.java:226)
	at org.junit.platform.launcher.core.DefaultLauncher.execute(DefaultLauncher.java:199)
	at org.junit.platform.launcher.core.DefaultLauncher.execute(DefaultLauncher.java:132)
	at org.apache.maven.surefire.junitplatform.LazyLauncher.execute(LazyLauncher.java:56)
	at org.apache.maven.surefire.junitplatform.JUnitPlatformProvider.execute(JUnitPlatformProvider.java:184)
	at org.apache.maven.surefire.junitplatform.JUnitPlatformProvider.invokeAllTests(JUnitPlatformProvider.java:148)
	at org.apache.maven.surefire.junitplatform.JUnitPlatformProvider.invoke(JUnitPlatformProvider.java:122)
	at org.apache.maven.surefire.booter.ForkedBooter.runSuitesInProcess(ForkedBooter.java:385)
	at org.apache.maven.surefire.booter.ForkedBooter.execute(ForkedBooter.java:162)
	at org.apache.maven.surefire.booter.ForkedBooter.run(ForkedBooter.java:507)
	at org.apache.maven.surefire.booter.ForkedBooter.main(ForkedBooter.java:495)
Caused by: org.apache.http.MalformedChunkCodingException: CRLF expected at end of chunk
	at org.apache.http.impl.io.ChunkedInputStream.getChunkSize(ChunkedInputStream.java:250)
	at org.apache.http.impl.io.ChunkedInputStream.nextChunk(ChunkedInputStream.java:222)
	at org.apache.http.impl.io.ChunkedInputStream.read(ChunkedInputStream.java:183)
	at org.apache.http.conn.EofSensorInputStream.read(EofSensorInputStream.java:135)
	at java.io.FilterInputStream.read(FilterInputStream.java:133)
	at java.io.PushbackInputStream.read(PushbackInputStream.java:186)
	at sun.nio.cs.StreamDecoder.readBytes(StreamDecoder.java:284)
	at sun.nio.cs.StreamDecoder.implRead(StreamDecoder.java:326)
	at sun.nio.cs.StreamDecoder.read(StreamDecoder.java:178)
	at java.io.InputStreamReader.read(InputStreamReader.java:184)
	at java.io.Reader.read(Reader.java:140)
	at org.springframework.util.StreamUtils.copyToString(StreamUtils.java:91)
	at org.springframework.http.converter.StringHttpMessageConverter.readInternal(StringHttpMessageConverter.java:96)
	at org.springframework.http.converter.StringHttpMessageConverter.readInternal(StringHttpMessageConverter.java:44)
	at org.springframework.http.converter.AbstractHttpMessageConverter.read(AbstractHttpMessageConverter.java:199)
	at org.springframework.web.client.HttpMessageConverterExtractor.extractData(HttpMessageConverterExtractor.java:114)
	... 74 more
]]></error>
    <system-out><![CDATA[2025-09-06 23:31:19.527  INFO 14839 --- [http@fcc6023-24] c.e.gateway.filter.RequestLoggingFilter  : Request: GET /user/profile
2025-09-06 23:31:19.531 ERROR 14839 --- [ctor-http-nio-6] c.e.gateway.filter.ErrorHandlingFilter   : Gateway error occurred: 503 SERVICE_UNAVAILABLE - Service temporarily unavailable

io.netty.channel.AbstractChannel$AnnotatedConnectException: Connection refused: localhost/127.0.0.1:8081
Caused by: java.net.ConnectException: Connection refused
	at sun.nio.ch.SocketChannelImpl.checkConnect(Native Method) ~[na:1.8.0_452]
	at sun.nio.ch.SocketChannelImpl.finishConnect(SocketChannelImpl.java:716) ~[na:1.8.0_452]
	at io.netty.channel.socket.nio.NioSocketChannel.doFinishConnect(NioSocketChannel.java:330) ~[netty-transport-4.1.51.Final.jar:4.1.51.Final]
	at io.netty.channel.nio.AbstractNioChannel$AbstractNioUnsafe.finishConnect(AbstractNioChannel.java:334) ~[netty-transport-4.1.51.Final.jar:4.1.51.Final]
	at io.netty.channel.nio.NioEventLoop.processSelectedKey(NioEventLoop.java:702) ~[netty-transport-4.1.51.Final.jar:4.1.51.Final]
	at io.netty.channel.nio.NioEventLoop.processSelectedKeysOptimized(NioEventLoop.java:650) ~[netty-transport-4.1.51.Final.jar:4.1.51.Final]
	at io.netty.channel.nio.NioEventLoop.processSelectedKeys(NioEventLoop.java:576) ~[netty-transport-4.1.51.Final.jar:4.1.51.Final]
	at io.netty.channel.nio.NioEventLoop.run(NioEventLoop.java:493) ~[netty-transport-4.1.51.Final.jar:4.1.51.Final]
	at io.netty.util.concurrent.SingleThreadEventExecutor$4.run(SingleThreadEventExecutor.java:989) ~[netty-common-4.1.51.Final.jar:4.1.51.Final]
	at io.netty.util.internal.ThreadExecutorMap$2.run(ThreadExecutorMap.java:74) ~[netty-common-4.1.51.Final.jar:4.1.51.Final]
	at io.netty.util.concurrent.FastThreadLocalRunnable.run(FastThreadLocalRunnable.java:30) ~[netty-common-4.1.51.Final.jar:4.1.51.Final]
	at java.lang.Thread.run(Thread.java:750) ~[na:1.8.0_452]

2025-09-06 23:31:19.532 ERROR 14839 --- [ctor-http-nio-6] c.e.gateway.filter.RequestLoggingFilter  : Request failed: /user/profile after 4ms - null
2025-09-06 23:31:19.533 ERROR 14839 --- [ctor-http-nio-6] o.s.w.s.adapter.HttpWebHandlerAdapter    : [69aae18e] Error [java.lang.UnsupportedOperationException] for HTTP GET "/user/profile", but ServerHttpResponse already committed (503 SERVICE_UNAVAILABLE)
2025-09-06 23:31:19.535  WARN 14839 --- [qtp816918962-33] org.eclipse.jetty.server.HttpChannel     : /user/profile

javax.servlet.ServletException: Failed to create response content
	at org.springframework.http.server.reactive.ServletHttpHandlerAdapter.service(ServletHttpHandlerAdapter.java:162) ~[spring-web-5.2.8.RELEASE.jar:5.2.8.RELEASE]
	at org.eclipse.jetty.servlet.ServletHolder.handle(ServletHolder.java:763) ~[jetty-servlet-9.4.30.v20200611.jar:9.4.30.v20200611]
	at org.eclipse.jetty.servlet.ServletHandler.doHandle(ServletHandler.java:551) ~[jetty-servlet-9.4.30.v20200611.jar:9.4.30.v20200611]
	at org.eclipse.jetty.server.handler.ScopedHandler.nextHandle(ScopedHandler.java:233) ~[jetty-server-9.4.30.v20200611.jar:9.4.30.v20200611]
	at org.eclipse.jetty.server.handler.ContextHandler.doHandle(ContextHandler.java:1369) ~[jetty-server-9.4.30.v20200611.jar:9.4.30.v20200611]
	at org.eclipse.jetty.server.handler.ScopedHandler.nextScope(ScopedHandler.java:188) ~[jetty-server-9.4.30.v20200611.jar:9.4.30.v20200611]
	at org.eclipse.jetty.servlet.ServletHandler.doScope(ServletHandler.java:489) ~[jetty-servlet-9.4.30.v20200611.jar:9.4.30.v20200611]
	at org.eclipse.jetty.server.handler.ScopedHandler.nextScope(ScopedHandler.java:186) ~[jetty-server-9.4.30.v20200611.jar:9.4.30.v20200611]
	at org.eclipse.jetty.server.handler.ContextHandler.doScope(ContextHandler.java:1284) ~[jetty-server-9.4.30.v20200611.jar:9.4.30.v20200611]
	at org.eclipse.jetty.server.handler.ScopedHandler.handle(ScopedHandler.java:141) ~[jetty-server-9.4.30.v20200611.jar:9.4.30.v20200611]
	at org.eclipse.jetty.server.handler.HandlerWrapper.handle(HandlerWrapper.java:127) ~[jetty-server-9.4.30.v20200611.jar:9.4.30.v20200611]
	at org.eclipse.jetty.server.Server.handleAsync(Server.java:544) ~[jetty-server-9.4.30.v20200611.jar:9.4.30.v20200611]
	at org.eclipse.jetty.server.HttpChannel.lambda$handle$2(HttpChannel.java:391) [jetty-server-9.4.30.v20200611.jar:9.4.30.v20200611]
	at org.eclipse.jetty.server.HttpChannel.dispatch(HttpChannel.java:556) [jetty-server-9.4.30.v20200611.jar:9.4.30.v20200611]
	at org.eclipse.jetty.server.HttpChannel.handle(HttpChannel.java:391) [jetty-server-9.4.30.v20200611.jar:9.4.30.v20200611]
	at org.eclipse.jetty.server.HttpChannel.run(HttpChannel.java:335) [jetty-server-9.4.30.v20200611.jar:9.4.30.v20200611]
	at org.eclipse.jetty.util.thread.QueuedThreadPool.runJob(QueuedThreadPool.java:806) [jetty-util-9.4.30.v20200611.jar:9.4.30.v20200611]
	at org.eclipse.jetty.util.thread.QueuedThreadPool$Runner.run(QueuedThreadPool.java:938) [jetty-util-9.4.30.v20200611.jar:9.4.30.v20200611]
	at java.lang.Thread.run(Thread.java:750) [na:1.8.0_452]
Caused by: java.lang.UnsupportedOperationException: null
	at org.springframework.http.ReadOnlyHttpHeaders.set(ReadOnlyHttpHeaders.java:106) ~[spring-web-5.2.8.RELEASE.jar:5.2.8.RELEASE]
	Suppressed: java.lang.UnsupportedOperationException: null
		at org.springframework.http.ReadOnlyHttpHeaders.set(ReadOnlyHttpHeaders.java:106) ~[spring-web-5.2.8.RELEASE.jar:5.2.8.RELEASE]
		at org.springframework.http.HttpHeaders.setOrRemove(HttpHeaders.java:1610) ~[spring-web-5.2.8.RELEASE.jar:5.2.8.RELEASE]
		at org.springframework.http.HttpHeaders.setCacheControl(HttpHeaders.java:818) ~[spring-web-5.2.8.RELEASE.jar:5.2.8.RELEASE]
		at com.example.gateway.filter.ResponseFormattingFilter.addStandardHeaders(ResponseFormattingFilter.java:74) ~[classes/:na]
		at com.example.gateway.filter.ResponseFormattingFilter.formatResponse(ResponseFormattingFilter.java:37) ~[classes/:na]
		at com.example.gateway.filter.ResponseFormattingFilter.lambda$filter$0(ResponseFormattingFilter.java:28) ~[classes/:na]
		at reactor.core.publisher.MonoPeekTerminal$MonoTerminalPeekSubscriber.onComplete(MonoPeekTerminal.java:282) ~[reactor-core-3.3.8.RELEASE.jar:3.3.8.RELEASE]
		at reactor.core.publisher.Operators$MultiSubscriptionSubscriber.onComplete(Operators.java:2016) ~[reactor-core-3.3.8.RELEASE.jar:3.3.8.RELEASE]
		at reactor.core.publisher.MonoPeekTerminal$MonoTerminalPeekSubscriber.onComplete(MonoPeekTerminal.java:292) ~[reactor-core-3.3.8.RELEASE.jar:3.3.8.RELEASE]
		at reactor.core.publisher.FluxHide$SuppressFuseableSubscriber.onComplete(FluxHide.java:137) ~[reactor-core-3.3.8.RELEASE.jar:3.3.8.RELEASE]
		at reactor.core.publisher.MonoIgnoreElements$IgnoreElementsSubscriber.onComplete(MonoIgnoreElements.java:81) ~[reactor-core-3.3.8.RELEASE.jar:3.3.8.RELEASE]
		at reactor.core.publisher.FluxConcatArray$ConcatArraySubscriber.onComplete(FluxConcatArray.java:191) ~[reactor-core-3.3.8.RELEASE.jar:3.3.8.RELEASE]
		at reactor.core.publisher.FluxConcatArray.subscribe(FluxConcatArray.java:80) ~[reactor-core-3.3.8.RELEASE.jar:3.3.8.RELEASE]
		at reactor.core.publisher.Mono.subscribe(Mono.java:4213) ~[reactor-core-3.3.8.RELEASE.jar:3.3.8.RELEASE]
		at reactor.core.publisher.FluxFlatMap.trySubscribeScalarMap(FluxFlatMap.java:202) ~[reactor-core-3.3.8.RELEASE.jar:3.3.8.RELEASE]
		at reactor.core.publisher.MonoFlatMap.subscribeOrReturn(MonoFlatMap.java:53) ~[reactor-core-3.3.8.RELEASE.jar:3.3.8.RELEASE]
		at reactor.core.publisher.Mono.subscribe(Mono.java:4198) ~[reactor-core-3.3.8.RELEASE.jar:3.3.8.RELEASE]
		at reactor.core.publisher.FluxOnErrorResume$ResumeSubscriber.onError(FluxOnErrorResume.java:97) ~[reactor-core-3.3.8.RELEASE.jar:3.3.8.RELEASE]
		at reactor.core.publisher.Operators$MonoSubscriber.onError(Operators.java:1829) ~[reactor-core-3.3.8.RELEASE.jar:3.3.8.RELEASE]
		at reactor.core.publisher.MonoIgnoreThen$ThenIgnoreInner.onError(MonoIgnoreThen.java:235) ~[reactor-core-3.3.8.RELEASE.jar:3.3.8.RELEASE]
		at reactor.core.publisher.FluxOnErrorResume$ResumeSubscriber.onError(FluxOnErrorResume.java:100) ~[reactor-core-3.3.8.RELEASE.jar:3.3.8.RELEASE]
		at reactor.core.publisher.Operators.error(Operators.java:196) ~[reactor-core-3.3.8.RELEASE.jar:3.3.8.RELEASE]
		at reactor.core.publisher.FluxError.subscribe(FluxError.java:43) ~[reactor-core-3.3.8.RELEASE.jar:3.3.8.RELEASE]
		at reactor.core.publisher.Flux.subscribe(Flux.java:8325) ~[reactor-core-3.3.8.RELEASE.jar:3.3.8.RELEASE]
		at reactor.core.publisher.FluxOnErrorResume$ResumeSubscriber.onError(FluxOnErrorResume.java:97) ~[reactor-core-3.3.8.RELEASE.jar:3.3.8.RELEASE]
		at reactor.core.publisher.SerializedSubscriber.onError(SerializedSubscriber.java:124) ~[reactor-core-3.3.8.RELEASE.jar:3.3.8.RELEASE]
		at reactor.core.publisher.FluxTimeout$TimeoutMainSubscriber.onError(FluxTimeout.java:212) ~[reactor-core-3.3.8.RELEASE.jar:3.3.8.RELEASE]
		at reactor.core.publisher.MonoFlatMapMany$FlatMapManyMain.onError(MonoFlatMapMany.java:197) ~[reactor-core-3.3.8.RELEASE.jar:3.3.8.RELEASE]
		at reactor.core.publisher.SerializedSubscriber.onError(SerializedSubscriber.java:124) ~[reactor-core-3.3.8.RELEASE.jar:3.3.8.RELEASE]
		at reactor.core.publisher.FluxRetryWhen$RetryWhenMainSubscriber.whenError(FluxRetryWhen.java:213) ~[reactor-core-3.3.8.RELEASE.jar:3.3.8.RELEASE]
		at reactor.core.publisher.FluxRetryWhen$RetryWhenOtherSubscriber.onError(FluxRetryWhen.java:255) ~[reactor-core-3.3.8.RELEASE.jar:3.3.8.RELEASE]
		at reactor.core.publisher.FluxConcatMap$ConcatMapImmediate.drain(FluxConcatMap.java:406) ~[reactor-core-3.3.8.RELEASE.jar:3.3.8.RELEASE]
		at reactor.core.publisher.FluxConcatMap$ConcatMapImmediate.onNext(FluxConcatMap.java:243) ~[reactor-core-3.3.8.RELEASE.jar:3.3.8.RELEASE]
		at reactor.core.publisher.DirectProcessor$DirectInner.onNext(DirectProcessor.java:333) ~[reactor-core-3.3.8.RELEASE.jar:3.3.8.RELEASE]
		at reactor.core.publisher.DirectProcessor.onNext(DirectProcessor.java:142) ~[reactor-core-3.3.8.RELEASE.jar:3.3.8.RELEASE]
		at reactor.core.publisher.SerializedSubscriber.onNext(SerializedSubscriber.java:99) ~[reactor-core-3.3.8.RELEASE.jar:3.3.8.RELEASE]
		at reactor.core.publisher.FluxRetryWhen$RetryWhenMainSubscriber.onError(FluxRetryWhen.java:180) ~[reactor-core-3.3.8.RELEASE.jar:3.3.8.RELEASE]
		at reactor.core.publisher.MonoCreate$DefaultMonoSink.error(MonoCreate.java:185) ~[reactor-core-3.3.8.RELEASE.jar:3.3.8.RELEASE]
		at reactor.netty.http.client.HttpClientConnect$MonoHttpConnect$TcpClientSubscriber.onError(HttpClientConnect.java:352) ~[reactor-netty-0.9.10.RELEASE.jar:0.9.10.RELEASE]
		at reactor.core.publisher.MonoCreate$DefaultMonoSink.error(MonoCreate.java:185) ~[reactor-core-3.3.8.RELEASE.jar:3.3.8.RELEASE]
		at reactor.netty.resources.PooledConnectionProvider$DisposableAcquire.onError(PooledConnectionProvider.java:500) ~[reactor-netty-0.9.10.RELEASE.jar:0.9.10.RELEASE]
		at reactor.netty.internal.shaded.reactor.pool.AbstractPool$Borrower.fail(AbstractPool.java:408) ~[reactor-netty-0.9.10.RELEASE.jar:0.9.10.RELEASE]
		at reactor.netty.internal.shaded.reactor.pool.SimplePool.lambda$drainLoop$5(SimplePool.java:233) ~[reactor-netty-0.9.10.RELEASE.jar:0.9.10.RELEASE]
		at reactor.core.publisher.FluxDoOnEach$DoOnEachSubscriber.onError(FluxDoOnEach.java:172) ~[reactor-core-3.3.8.RELEASE.jar:3.3.8.RELEASE]
		at reactor.core.publisher.MonoCreate$DefaultMonoSink.error(MonoCreate.java:185) ~[reactor-core-3.3.8.RELEASE.jar:3.3.8.RELEASE]
		at reactor.netty.resources.PooledConnectionProvider$PooledConnectionAllocator$PooledConnectionInitializer.operationComplete(PooledConnectionProvider.java:281) ~[reactor-netty-0.9.10.RELEASE.jar:0.9.10.RELEASE]
		at reactor.netty.resources.PooledConnectionProvider$PooledConnectionAllocator$PooledConnectionInitializer.operationComplete(PooledConnectionProvider.java:231) ~[reactor-netty-0.9.10.RELEASE.jar:0.9.10.RELEASE]
		at io.netty.util.concurrent.DefaultPromise.notifyListener0(DefaultPromise.java:577) ~[netty-common-4.1.51.Final.jar:4.1.51.Final]
		at io.netty.util.concurrent.DefaultPromise.notifyListeners0(DefaultPromise.java:570) ~[netty-common-4.1.51.Final.jar:4.1.51.Final]
		at io.netty.util.concurrent.DefaultPromise.notifyListenersNow(DefaultPromise.java:549) ~[netty-common-4.1.51.Final.jar:4.1.51.Final]
		at io.netty.util.concurrent.DefaultPromise.notifyListeners(DefaultPromise.java:490) ~[netty-common-4.1.51.Final.jar:4.1.51.Final]
		at io.netty.util.concurrent.DefaultPromise.setValue0(DefaultPromise.java:615) ~[netty-common-4.1.51.Final.jar:4.1.51.Final]
		at io.netty.util.concurrent.DefaultPromise.setFailure0(DefaultPromise.java:608) ~[netty-common-4.1.51.Final.jar:4.1.51.Final]
		at io.netty.util.concurrent.DefaultPromise.tryFailure(DefaultPromise.java:117) ~[netty-common-4.1.51.Final.jar:4.1.51.Final]
		at io.netty.channel.nio.AbstractNioChannel$AbstractNioUnsafe.fulfillConnectPromise(AbstractNioChannel.java:321) ~[netty-transport-4.1.51.Final.jar:4.1.51.Final]
		at io.netty.channel.nio.AbstractNioChannel$AbstractNioUnsafe.finishConnect(AbstractNioChannel.java:337) ~[netty-transport-4.1.51.Final.jar:4.1.51.Final]
		at io.netty.channel.nio.NioEventLoop.processSelectedKey(NioEventLoop.java:702) ~[netty-transport-4.1.51.Final.jar:4.1.51.Final]
		at io.netty.channel.nio.NioEventLoop.processSelectedKeysOptimized(NioEventLoop.java:650) ~[netty-transport-4.1.51.Final.jar:4.1.51.Final]
		at io.netty.channel.nio.NioEventLoop.processSelectedKeys(NioEventLoop.java:576) ~[netty-transport-4.1.51.Final.jar:4.1.51.Final]
		at io.netty.channel.nio.NioEventLoop.run(NioEventLoop.java:493) ~[netty-transport-4.1.51.Final.jar:4.1.51.Final]
		at io.netty.util.concurrent.SingleThreadEventExecutor$4.run(SingleThreadEventExecutor.java:989) ~[netty-common-4.1.51.Final.jar:4.1.51.Final]
		at io.netty.util.internal.ThreadExecutorMap$2.run(ThreadExecutorMap.java:74) ~[netty-common-4.1.51.Final.jar:4.1.51.Final]
		at io.netty.util.concurrent.FastThreadLocalRunnable.run(FastThreadLocalRunnable.java:30) ~[netty-common-4.1.51.Final.jar:4.1.51.Final]
		at java.lang.Thread.run(Thread.java:750) [na:1.8.0_452]
	Suppressed: reactor.core.publisher.FluxOnAssembly$OnAssemblyException: 
Error has been observed at the following site(s):
	|_ checkpoint ⇢ org.springframework.cloud.gateway.filter.WeightCalculatorWebFilter [DefaultWebFilterChain]
	|_ checkpoint ⇢ org.springframework.boot.actuate.metrics.web.reactive.server.MetricsWebFilter [DefaultWebFilterChain]
	|_ checkpoint ⇢ HTTP GET "/user/profile" [ExceptionHandlingWebHandler]
Stack trace:
		at org.springframework.http.ReadOnlyHttpHeaders.set(ReadOnlyHttpHeaders.java:106) ~[spring-web-5.2.8.RELEASE.jar:5.2.8.RELEASE]
		at org.springframework.http.HttpHeaders.setOrRemove(HttpHeaders.java:1610) ~[spring-web-5.2.8.RELEASE.jar:5.2.8.RELEASE]
		at org.springframework.http.HttpHeaders.setCacheControl(HttpHeaders.java:818) ~[spring-web-5.2.8.RELEASE.jar:5.2.8.RELEASE]
		at com.example.gateway.filter.ResponseFormattingFilter.addStandardHeaders(ResponseFormattingFilter.java:74) ~[classes/:na]
		at com.example.gateway.filter.ResponseFormattingFilter.formatErrorResponse(ResponseFormattingFilter.java:56) ~[classes/:na]
		at com.example.gateway.filter.ResponseFormattingFilter.lambda$filter$1(ResponseFormattingFilter.java:29) ~[classes/:na]
		at reactor.core.publisher.MonoPeekTerminal$MonoTerminalPeekSubscriber.onError(MonoPeekTerminal.java:243) ~[reactor-core-3.3.8.RELEASE.jar:3.3.8.RELEASE]
		at reactor.core.publisher.MonoPeekTerminal$MonoTerminalPeekSubscriber.onError(MonoPeekTerminal.java:251) ~[reactor-core-3.3.8.RELEASE.jar:3.3.8.RELEASE]
		at reactor.core.publisher.MonoPeekTerminal$MonoTerminalPeekSubscriber.onComplete(MonoPeekTerminal.java:285) ~[reactor-core-3.3.8.RELEASE.jar:3.3.8.RELEASE]
		at reactor.core.publisher.Operators$MultiSubscriptionSubscriber.onComplete(Operators.java:2016) ~[reactor-core-3.3.8.RELEASE.jar:3.3.8.RELEASE]
		at reactor.core.publisher.MonoPeekTerminal$MonoTerminalPeekSubscriber.onComplete(MonoPeekTerminal.java:292) ~[reactor-core-3.3.8.RELEASE.jar:3.3.8.RELEASE]
		at reactor.core.publisher.FluxHide$SuppressFuseableSubscriber.onComplete(FluxHide.java:137) ~[reactor-core-3.3.8.RELEASE.jar:3.3.8.RELEASE]
		at reactor.core.publisher.MonoIgnoreElements$IgnoreElementsSubscriber.onComplete(MonoIgnoreElements.java:81) ~[reactor-core-3.3.8.RELEASE.jar:3.3.8.RELEASE]
		at reactor.core.publisher.FluxConcatArray$ConcatArraySubscriber.onComplete(FluxConcatArray.java:191) ~[reactor-core-3.3.8.RELEASE.jar:3.3.8.RELEASE]
		at reactor.core.publisher.FluxConcatArray.subscribe(FluxConcatArray.java:80) ~[reactor-core-3.3.8.RELEASE.jar:3.3.8.RELEASE]
		at reactor.core.publisher.Mono.subscribe(Mono.java:4213) ~[reactor-core-3.3.8.RELEASE.jar:3.3.8.RELEASE]
		at reactor.core.publisher.FluxFlatMap.trySubscribeScalarMap(FluxFlatMap.java:202) ~[reactor-core-3.3.8.RELEASE.jar:3.3.8.RELEASE]
		at reactor.core.publisher.MonoFlatMap.subscribeOrReturn(MonoFlatMap.java:53) ~[reactor-core-3.3.8.RELEASE.jar:3.3.8.RELEASE]
		at reactor.core.publisher.Mono.subscribe(Mono.java:4198) ~[reactor-core-3.3.8.RELEASE.jar:3.3.8.RELEASE]
		at reactor.core.publisher.FluxOnErrorResume$ResumeSubscriber.onError(FluxOnErrorResume.java:97) ~[reactor-core-3.3.8.RELEASE.jar:3.3.8.RELEASE]
		at reactor.core.publisher.Operators$MonoSubscriber.onError(Operators.java:1829) ~[reactor-core-3.3.8.RELEASE.jar:3.3.8.RELEASE]
		at reactor.core.publisher.MonoIgnoreThen$ThenIgnoreInner.onError(MonoIgnoreThen.java:235) ~[reactor-core-3.3.8.RELEASE.jar:3.3.8.RELEASE]
		at reactor.core.publisher.FluxOnErrorResume$ResumeSubscriber.onError(FluxOnErrorResume.java:100) ~[reactor-core-3.3.8.RELEASE.jar:3.3.8.RELEASE]
		at reactor.core.publisher.Operators.error(Operators.java:196) ~[reactor-core-3.3.8.RELEASE.jar:3.3.8.RELEASE]
		at reactor.core.publisher.FluxError.subscribe(FluxError.java:43) ~[reactor-core-3.3.8.RELEASE.jar:3.3.8.RELEASE]
		at reactor.core.publisher.Flux.subscribe(Flux.java:8325) ~[reactor-core-3.3.8.RELEASE.jar:3.3.8.RELEASE]
		at reactor.core.publisher.FluxOnErrorResume$ResumeSubscriber.onError(FluxOnErrorResume.java:97) ~[reactor-core-3.3.8.RELEASE.jar:3.3.8.RELEASE]
		at reactor.core.publisher.SerializedSubscriber.onError(SerializedSubscriber.java:124) ~[reactor-core-3.3.8.RELEASE.jar:3.3.8.RELEASE]
		at reactor.core.publisher.FluxTimeout$TimeoutMainSubscriber.onError(FluxTimeout.java:212) ~[reactor-core-3.3.8.RELEASE.jar:3.3.8.RELEASE]
		at reactor.core.publisher.MonoFlatMapMany$FlatMapManyMain.onError(MonoFlatMapMany.java:197) ~[reactor-core-3.3.8.RELEASE.jar:3.3.8.RELEASE]
		at reactor.core.publisher.SerializedSubscriber.onError(SerializedSubscriber.java:124) ~[reactor-core-3.3.8.RELEASE.jar:3.3.8.RELEASE]
		at reactor.core.publisher.FluxRetryWhen$RetryWhenMainSubscriber.whenError(FluxRetryWhen.java:213) ~[reactor-core-3.3.8.RELEASE.jar:3.3.8.RELEASE]
		at reactor.core.publisher.FluxRetryWhen$RetryWhenOtherSubscriber.onError(FluxRetryWhen.java:255) ~[reactor-core-3.3.8.RELEASE.jar:3.3.8.RELEASE]
		at reactor.core.publisher.FluxConcatMap$ConcatMapImmediate.drain(FluxConcatMap.java:406) ~[reactor-core-3.3.8.RELEASE.jar:3.3.8.RELEASE]
		at reactor.core.publisher.FluxConcatMap$ConcatMapImmediate.onNext(FluxConcatMap.java:243) ~[reactor-core-3.3.8.RELEASE.jar:3.3.8.RELEASE]
		at reactor.core.publisher.DirectProcessor$DirectInner.onNext(DirectProcessor.java:333) ~[reactor-core-3.3.8.RELEASE.jar:3.3.8.RELEASE]
		at reactor.core.publisher.DirectProcessor.onNext(DirectProcessor.java:142) ~[reactor-core-3.3.8.RELEASE.jar:3.3.8.RELEASE]
		at reactor.core.publisher.SerializedSubscriber.onNext(SerializedSubscriber.java:99) ~[reactor-core-3.3.8.RELEASE.jar:3.3.8.RELEASE]
		at reactor.core.publisher.FluxRetryWhen$RetryWhenMainSubscriber.onError(FluxRetryWhen.java:180) ~[reactor-core-3.3.8.RELEASE.jar:3.3.8.RELEASE]
		at reactor.core.publisher.MonoCreate$DefaultMonoSink.error(MonoCreate.java:185) ~[reactor-core-3.3.8.RELEASE.jar:3.3.8.RELEASE]
		at reactor.netty.http.client.HttpClientConnect$MonoHttpConnect$TcpClientSubscriber.onError(HttpClientConnect.java:352) ~[reactor-netty-0.9.10.RELEASE.jar:0.9.10.RELEASE]
		at reactor.core.publisher.MonoCreate$DefaultMonoSink.error(MonoCreate.java:185) ~[reactor-core-3.3.8.RELEASE.jar:3.3.8.RELEASE]
		at reactor.netty.resources.PooledConnectionProvider$DisposableAcquire.onError(PooledConnectionProvider.java:500) ~[reactor-netty-0.9.10.RELEASE.jar:0.9.10.RELEASE]
		at reactor.netty.internal.shaded.reactor.pool.AbstractPool$Borrower.fail(AbstractPool.java:408) ~[reactor-netty-0.9.10.RELEASE.jar:0.9.10.RELEASE]
		at reactor.netty.internal.shaded.reactor.pool.SimplePool.lambda$drainLoop$5(SimplePool.java:233) ~[reactor-netty-0.9.10.RELEASE.jar:0.9.10.RELEASE]
		at reactor.core.publisher.FluxDoOnEach$DoOnEachSubscriber.onError(FluxDoOnEach.java:172) ~[reactor-core-3.3.8.RELEASE.jar:3.3.8.RELEASE]
		at reactor.core.publisher.MonoCreate$DefaultMonoSink.error(MonoCreate.java:185) ~[reactor-core-3.3.8.RELEASE.jar:3.3.8.RELEASE]
		at reactor.netty.resources.PooledConnectionProvider$PooledConnectionAllocator$PooledConnectionInitializer.operationComplete(PooledConnectionProvider.java:281) ~[reactor-netty-0.9.10.RELEASE.jar:0.9.10.RELEASE]
		at reactor.netty.resources.PooledConnectionProvider$PooledConnectionAllocator$PooledConnectionInitializer.operationComplete(PooledConnectionProvider.java:231) ~[reactor-netty-0.9.10.RELEASE.jar:0.9.10.RELEASE]
		at io.netty.util.concurrent.DefaultPromise.notifyListener0(DefaultPromise.java:577) ~[netty-common-4.1.51.Final.jar:4.1.51.Final]
		at io.netty.util.concurrent.DefaultPromise.notifyListeners0(DefaultPromise.java:570) ~[netty-common-4.1.51.Final.jar:4.1.51.Final]
		at io.netty.util.concurrent.DefaultPromise.notifyListenersNow(DefaultPromise.java:549) ~[netty-common-4.1.51.Final.jar:4.1.51.Final]
		at io.netty.util.concurrent.DefaultPromise.notifyListeners(DefaultPromise.java:490) ~[netty-common-4.1.51.Final.jar:4.1.51.Final]
		at io.netty.util.concurrent.DefaultPromise.setValue0(DefaultPromise.java:615) ~[netty-common-4.1.51.Final.jar:4.1.51.Final]
		at io.netty.util.concurrent.DefaultPromise.setFailure0(DefaultPromise.java:608) ~[netty-common-4.1.51.Final.jar:4.1.51.Final]
		at io.netty.util.concurrent.DefaultPromise.tryFailure(DefaultPromise.java:117) ~[netty-common-4.1.51.Final.jar:4.1.51.Final]
		at io.netty.channel.nio.AbstractNioChannel$AbstractNioUnsafe.fulfillConnectPromise(AbstractNioChannel.java:321) ~[netty-transport-4.1.51.Final.jar:4.1.51.Final]
		at io.netty.channel.nio.AbstractNioChannel$AbstractNioUnsafe.finishConnect(AbstractNioChannel.java:337) ~[netty-transport-4.1.51.Final.jar:4.1.51.Final]
		at io.netty.channel.nio.NioEventLoop.processSelectedKey(NioEventLoop.java:702) ~[netty-transport-4.1.51.Final.jar:4.1.51.Final]
		at io.netty.channel.nio.NioEventLoop.processSelectedKeysOptimized(NioEventLoop.java:650) ~[netty-transport-4.1.51.Final.jar:4.1.51.Final]
		at io.netty.channel.nio.NioEventLoop.processSelectedKeys(NioEventLoop.java:576) ~[netty-transport-4.1.51.Final.jar:4.1.51.Final]
		at io.netty.channel.nio.NioEventLoop.run(NioEventLoop.java:493) ~[netty-transport-4.1.51.Final.jar:4.1.51.Final]
		at io.netty.util.concurrent.SingleThreadEventExecutor$4.run(SingleThreadEventExecutor.java:989) ~[netty-common-4.1.51.Final.jar:4.1.51.Final]
		at io.netty.util.internal.ThreadExecutorMap$2.run(ThreadExecutorMap.java:74) ~[netty-common-4.1.51.Final.jar:4.1.51.Final]
		at io.netty.util.concurrent.FastThreadLocalRunnable.run(FastThreadLocalRunnable.java:30) ~[netty-common-4.1.51.Final.jar:4.1.51.Final]
		at java.lang.Thread.run(Thread.java:750) [na:1.8.0_452]

]]></system-out>
  </testcase>
</testsuite>