<?xml version="1.0" encoding="UTF-8"?>
<testsuite xmlns:xsi="http://www.w3.org/2001/XMLSchema-instance" xsi:noNamespaceSchemaLocation="https://maven.apache.org/surefire/maven-surefire-plugin/xsd/surefire-test-report-3.0.xsd" version="3.0" name="com.example.gateway.EndToEndIntegrationTest" time="7.39" tests="9" errors="0" skipped="1" failures="7">
  <properties>
    <property name="gopherProxySet" value="false"/>
    <property name="awt.toolkit" value="sun.lwawt.macosx.LWCToolkit"/>
    <property name="socksProxyHost" value="127.0.0.1"/>
    <property name="http.proxyHost" value="127.0.0.1"/>
    <property name="java.specification.version" value="1.8"/>
    <property name="file.encoding.pkg" value="sun.io"/>
    <property name="sun.cpu.isalist" value=""/>
    <property name="sun.jnu.encoding" value="UTF-8"/>
    <property name="java.class.path" value="/Users/ip192/work/Projects/java/gateway-demo/gateway-service/target/test-classes:/Users/ip192/work/Projects/java/gateway-demo/gateway-service/target/classes:/Users/ip192/.m2/repository/org/springframework/cloud/spring-cloud-starter-gateway/2.2.4.RELEASE/spring-cloud-starter-gateway-2.2.4.RELEASE.jar:/Users/ip192/.m2/repository/org/springframework/cloud/spring-cloud-starter/2.2.4.RELEASE/spring-cloud-starter-2.2.4.RELEASE.jar:/Users/ip192/.m2/repository/org/springframework/cloud/spring-cloud-context/2.2.4.RELEASE/spring-cloud-context-2.2.4.RELEASE.jar:/Users/ip192/.m2/repository/org/springframework/security/spring-security-crypto/5.3.3.RELEASE/spring-security-crypto-5.3.3.RELEASE.jar:/Users/ip192/.m2/repository/org/springframework/cloud/spring-cloud-commons/2.2.4.RELEASE/spring-cloud-commons-2.2.4.RELEASE.jar:/Users/ip192/.m2/repository/org/springframework/security/spring-security-rsa/1.0.9.RELEASE/spring-security-rsa-1.0.9.RELEASE.jar:/Users/ip192/.m2/repository/org/bouncycastle/bcpkix-jdk15on/1.64/bcpkix-jdk15on-1.64.jar:/Users/ip192/.m2/repository/org/bouncycastle/bcprov-jdk15on/1.64/bcprov-jdk15on-1.64.jar:/Users/ip192/.m2/repository/org/springframework/cloud/spring-cloud-gateway-core/2.2.4.RELEASE/spring-cloud-gateway-core-2.2.4.RELEASE.jar:/Users/ip192/.m2/repository/org/springframework/boot/spring-boot-starter-validation/2.3.2.RELEASE/spring-boot-starter-validation-2.3.2.RELEASE.jar:/Users/ip192/.m2/repository/org/glassfish/jakarta.el/3.0.3/jakarta.el-3.0.3.jar:/Users/ip192/.m2/repository/org/hibernate/validator/hibernate-validator/6.1.5.Final/hibernate-validator-6.1.5.Final.jar:/Users/ip192/.m2/repository/jakarta/validation/jakarta.validation-api/2.0.2/jakarta.validation-api-2.0.2.jar:/Users/ip192/.m2/repository/org/jboss/logging/jboss-logging/3.4.1.Final/jboss-logging-3.4.1.Final.jar:/Users/ip192/.m2/repository/com/fasterxml/classmate/1.5.1/classmate-1.5.1.jar:/Users/ip192/.m2/repository/io/projectreactor/addons/reactor-extra/3.3.3.RELEASE/reactor-extra-3.3.3.RELEASE.jar:/Users/ip192/.m2/repository/org/springframework/boot/spring-boot-starter-webflux/2.3.2.RELEASE/spring-boot-starter-webflux-2.3.2.RELEASE.jar:/Users/ip192/.m2/repository/org/springframework/boot/spring-boot-starter/2.3.2.RELEASE/spring-boot-starter-2.3.2.RELEASE.jar:/Users/ip192/.m2/repository/org/springframework/boot/spring-boot/2.3.2.RELEASE/spring-boot-2.3.2.RELEASE.jar:/Users/ip192/.m2/repository/org/springframework/spring-context/5.2.8.RELEASE/spring-context-5.2.8.RELEASE.jar:/Users/ip192/.m2/repository/org/springframework/spring-aop/5.2.8.RELEASE/spring-aop-5.2.8.RELEASE.jar:/Users/ip192/.m2/repository/org/springframework/spring-expression/5.2.8.RELEASE/spring-expression-5.2.8.RELEASE.jar:/Users/ip192/.m2/repository/org/springframework/boot/spring-boot-autoconfigure/2.3.2.RELEASE/spring-boot-autoconfigure-2.3.2.RELEASE.jar:/Users/ip192/.m2/repository/org/springframework/boot/spring-boot-starter-logging/2.3.2.RELEASE/spring-boot-starter-logging-2.3.2.RELEASE.jar:/Users/ip192/.m2/repository/ch/qos/logback/logback-classic/1.2.3/logback-classic-1.2.3.jar:/Users/ip192/.m2/repository/ch/qos/logback/logback-core/1.2.3/logback-core-1.2.3.jar:/Users/ip192/.m2/repository/org/apache/logging/log4j/log4j-to-slf4j/2.13.3/log4j-to-slf4j-2.13.3.jar:/Users/ip192/.m2/repository/org/apache/logging/log4j/log4j-api/2.13.3/log4j-api-2.13.3.jar:/Users/ip192/.m2/repository/org/slf4j/jul-to-slf4j/1.7.30/jul-to-slf4j-1.7.30.jar:/Users/ip192/.m2/repository/jakarta/annotation/jakarta.annotation-api/1.3.5/jakarta.annotation-api-1.3.5.jar:/Users/ip192/.m2/repository/org/yaml/snakeyaml/1.26/snakeyaml-1.26.jar:/Users/ip192/.m2/repository/org/springframework/boot/spring-boot-starter-json/2.3.2.RELEASE/spring-boot-starter-json-2.3.2.RELEASE.jar:/Users/ip192/.m2/repository/com/fasterxml/jackson/datatype/jackson-datatype-jdk8/2.11.1/jackson-datatype-jdk8-2.11.1.jar:/Users/ip192/.m2/repository/com/fasterxml/jackson/datatype/jackson-datatype-jsr310/2.11.1/jackson-datatype-jsr310-2.11.1.jar:/Users/ip192/.m2/repository/com/fasterxml/jackson/module/jackson-module-parameter-names/2.11.1/jackson-module-parameter-names-2.11.1.jar:/Users/ip192/.m2/repository/org/springframework/boot/spring-boot-starter-reactor-netty/2.3.2.RELEASE/spring-boot-starter-reactor-netty-2.3.2.RELEASE.jar:/Users/ip192/.m2/repository/io/projectreactor/netty/reactor-netty/0.9.10.RELEASE/reactor-netty-0.9.10.RELEASE.jar:/Users/ip192/.m2/repository/io/netty/netty-codec-http/4.1.51.Final/netty-codec-http-4.1.51.Final.jar:/Users/ip192/.m2/repository/io/netty/netty-common/4.1.51.Final/netty-common-4.1.51.Final.jar:/Users/ip192/.m2/repository/io/netty/netty-buffer/4.1.51.Final/netty-buffer-4.1.51.Final.jar:/Users/ip192/.m2/repository/io/netty/netty-transport/4.1.51.Final/netty-transport-4.1.51.Final.jar:/Users/ip192/.m2/repository/io/netty/netty-codec/4.1.51.Final/netty-codec-4.1.51.Final.jar:/Users/ip192/.m2/repository/io/netty/netty-codec-http2/4.1.51.Final/netty-codec-http2-4.1.51.Final.jar:/Users/ip192/.m2/repository/io/netty/netty-handler/4.1.51.Final/netty-handler-4.1.51.Final.jar:/Users/ip192/.m2/repository/io/netty/netty-resolver/4.1.51.Final/netty-resolver-4.1.51.Final.jar:/Users/ip192/.m2/repository/io/netty/netty-handler-proxy/4.1.51.Final/netty-handler-proxy-4.1.51.Final.jar:/Users/ip192/.m2/repository/io/netty/netty-codec-socks/4.1.51.Final/netty-codec-socks-4.1.51.Final.jar:/Users/ip192/.m2/repository/io/netty/netty-transport-native-epoll/4.1.51.Final/netty-transport-native-epoll-4.1.51.Final-linux-x86_64.jar:/Users/ip192/.m2/repository/io/netty/netty-transport-native-unix-common/4.1.51.Final/netty-transport-native-unix-common-4.1.51.Final.jar:/Users/ip192/.m2/repository/org/springframework/spring-web/5.2.8.RELEASE/spring-web-5.2.8.RELEASE.jar:/Users/ip192/.m2/repository/org/springframework/spring-beans/5.2.8.RELEASE/spring-beans-5.2.8.RELEASE.jar:/Users/ip192/.m2/repository/org/springframework/spring-webflux/5.2.8.RELEASE/spring-webflux-5.2.8.RELEASE.jar:/Users/ip192/.m2/repository/org/synchronoss/cloud/nio-multipart-parser/1.1.0/nio-multipart-parser-1.1.0.jar:/Users/ip192/.m2/repository/org/synchronoss/cloud/nio-stream-storage/1.1.3/nio-stream-storage-1.1.3.jar:/Users/ip192/.m2/repository/org/springframework/boot/spring-boot-starter-actuator/2.3.2.RELEASE/spring-boot-starter-actuator-2.3.2.RELEASE.jar:/Users/ip192/.m2/repository/org/springframework/boot/spring-boot-actuator-autoconfigure/2.3.2.RELEASE/spring-boot-actuator-autoconfigure-2.3.2.RELEASE.jar:/Users/ip192/.m2/repository/org/springframework/boot/spring-boot-actuator/2.3.2.RELEASE/spring-boot-actuator-2.3.2.RELEASE.jar:/Users/ip192/.m2/repository/org/springframework/cloud/spring-cloud-starter-circuitbreaker-reactor-resilience4j/1.0.4.RELEASE/spring-cloud-starter-circuitbreaker-reactor-resilience4j-1.0.4.RELEASE.jar:/Users/ip192/.m2/repository/org/springframework/cloud/spring-cloud-circuitbreaker-resilience4j/1.0.4.RELEASE/spring-cloud-circuitbreaker-resilience4j-1.0.4.RELEASE.jar:/Users/ip192/.m2/repository/io/github/resilience4j/resilience4j-circuitbreaker/1.3.1/resilience4j-circuitbreaker-1.3.1.jar:/Users/ip192/.m2/repository/io/vavr/vavr/0.10.2/vavr-0.10.2.jar:/Users/ip192/.m2/repository/io/vavr/vavr-match/0.10.2/vavr-match-0.10.2.jar:/Users/ip192/.m2/repository/io/github/resilience4j/resilience4j-core/1.3.1/resilience4j-core-1.3.1.jar:/Users/ip192/.m2/repository/io/github/resilience4j/resilience4j-timelimiter/1.3.1/resilience4j-timelimiter-1.3.1.jar:/Users/ip192/.m2/repository/io/github/resilience4j/resilience4j-reactor/1.3.1/resilience4j-reactor-1.3.1.jar:/Users/ip192/.m2/repository/org/springframework/boot/spring-boot-configuration-processor/2.3.2.RELEASE/spring-boot-configuration-processor-2.3.2.RELEASE.jar:/Users/ip192/.m2/repository/org/springframework/boot/spring-boot-starter-test/2.3.2.RELEASE/spring-boot-starter-test-2.3.2.RELEASE.jar:/Users/ip192/.m2/repository/org/springframework/boot/spring-boot-test/2.3.2.RELEASE/spring-boot-test-2.3.2.RELEASE.jar:/Users/ip192/.m2/repository/org/springframework/boot/spring-boot-test-autoconfigure/2.3.2.RELEASE/spring-boot-test-autoconfigure-2.3.2.RELEASE.jar:/Users/ip192/.m2/repository/com/jayway/jsonpath/json-path/2.4.0/json-path-2.4.0.jar:/Users/ip192/.m2/repository/net/minidev/json-smart/2.3/json-smart-2.3.jar:/Users/ip192/.m2/repository/net/minidev/accessors-smart/1.2/accessors-smart-1.2.jar:/Users/ip192/.m2/repository/jakarta/xml/bind/jakarta.xml.bind-api/2.3.3/jakarta.xml.bind-api-2.3.3.jar:/Users/ip192/.m2/repository/jakarta/activation/jakarta.activation-api/1.2.2/jakarta.activation-api-1.2.2.jar:/Users/ip192/.m2/repository/org/assertj/assertj-core/3.16.1/assertj-core-3.16.1.jar:/Users/ip192/.m2/repository/org/hamcrest/hamcrest/2.2/hamcrest-2.2.jar:/Users/ip192/.m2/repository/org/junit/jupiter/junit-jupiter/5.6.2/junit-jupiter-5.6.2.jar:/Users/ip192/.m2/repository/org/junit/jupiter/junit-jupiter-api/5.6.2/junit-jupiter-api-5.6.2.jar:/Users/ip192/.m2/repository/org/junit/platform/junit-platform-commons/1.6.2/junit-platform-commons-1.6.2.jar:/Users/ip192/.m2/repository/org/junit/jupiter/junit-jupiter-params/5.6.2/junit-jupiter-params-5.6.2.jar:/Users/ip192/.m2/repository/org/junit/jupiter/junit-jupiter-engine/5.6.2/junit-jupiter-engine-5.6.2.jar:/Users/ip192/.m2/repository/org/junit/vintage/junit-vintage-engine/5.6.2/junit-vintage-engine-5.6.2.jar:/Users/ip192/.m2/repository/org/apiguardian/apiguardian-api/1.1.0/apiguardian-api-1.1.0.jar:/Users/ip192/.m2/repository/org/junit/platform/junit-platform-engine/1.6.2/junit-platform-engine-1.6.2.jar:/Users/ip192/.m2/repository/junit/junit/4.13/junit-4.13.jar:/Users/ip192/.m2/repository/org/mockito/mockito-core/3.3.3/mockito-core-3.3.3.jar:/Users/ip192/.m2/repository/net/bytebuddy/byte-buddy/1.10.13/byte-buddy-1.10.13.jar:/Users/ip192/.m2/repository/net/bytebuddy/byte-buddy-agent/1.10.13/byte-buddy-agent-1.10.13.jar:/Users/ip192/.m2/repository/org/objenesis/objenesis/2.6/objenesis-2.6.jar:/Users/ip192/.m2/repository/org/mockito/mockito-junit-jupiter/3.3.3/mockito-junit-jupiter-3.3.3.jar:/Users/ip192/.m2/repository/org/skyscreamer/jsonassert/1.5.0/jsonassert-1.5.0.jar:/Users/ip192/.m2/repository/com/vaadin/external/google/android-json/0.0.20131108.vaadin1/android-json-0.0.20131108.vaadin1.jar:/Users/ip192/.m2/repository/org/springframework/spring-core/5.2.8.RELEASE/spring-core-5.2.8.RELEASE.jar:/Users/ip192/.m2/repository/org/springframework/spring-jcl/5.2.8.RELEASE/spring-jcl-5.2.8.RELEASE.jar:/Users/ip192/.m2/repository/org/springframework/spring-test/5.2.8.RELEASE/spring-test-5.2.8.RELEASE.jar:/Users/ip192/.m2/repository/org/xmlunit/xmlunit-core/2.7.0/xmlunit-core-2.7.0.jar:/Users/ip192/.m2/repository/com/github/tomakehurst/wiremock-jre8/2.27.2/wiremock-jre8-2.27.2.jar:/Users/ip192/.m2/repository/org/eclipse/jetty/jetty-server/9.4.30.v20200611/jetty-server-9.4.30.v20200611.jar:/Users/ip192/.m2/repository/javax/servlet/javax.servlet-api/4.0.1/javax.servlet-api-4.0.1.jar:/Users/ip192/.m2/repository/org/eclipse/jetty/jetty-http/9.4.30.v20200611/jetty-http-9.4.30.v20200611.jar:/Users/ip192/.m2/repository/org/eclipse/jetty/jetty-io/9.4.30.v20200611/jetty-io-9.4.30.v20200611.jar:/Users/ip192/.m2/repository/org/eclipse/jetty/jetty-servlet/9.4.30.v20200611/jetty-servlet-9.4.30.v20200611.jar:/Users/ip192/.m2/repository/org/eclipse/jetty/jetty-security/9.4.30.v20200611/jetty-security-9.4.30.v20200611.jar:/Users/ip192/.m2/repository/org/eclipse/jetty/jetty-servlets/9.4.30.v20200611/jetty-servlets-9.4.30.v20200611.jar:/Users/ip192/.m2/repository/org/eclipse/jetty/jetty-continuation/9.4.30.v20200611/jetty-continuation-9.4.30.v20200611.jar:/Users/ip192/.m2/repository/org/eclipse/jetty/jetty-util/9.4.30.v20200611/jetty-util-9.4.30.v20200611.jar:/Users/ip192/.m2/repository/org/eclipse/jetty/jetty-webapp/9.4.30.v20200611/jetty-webapp-9.4.30.v20200611.jar:/Users/ip192/.m2/repository/org/eclipse/jetty/jetty-xml/9.4.30.v20200611/jetty-xml-9.4.30.v20200611.jar:/Users/ip192/.m2/repository/org/eclipse/jetty/jetty-proxy/9.4.30.v20200611/jetty-proxy-9.4.30.v20200611.jar:/Users/ip192/.m2/repository/org/eclipse/jetty/jetty-client/9.4.30.v20200611/jetty-client-9.4.30.v20200611.jar:/Users/ip192/.m2/repository/com/google/guava/guava/29.0-jre/guava-29.0-jre.jar:/Users/ip192/.m2/repository/com/google/guava/failureaccess/1.0.1/failureaccess-1.0.1.jar:/Users/ip192/.m2/repository/com/google/guava/listenablefuture/9999.0-empty-to-avoid-conflict-with-guava/listenablefuture-9999.0-empty-to-avoid-conflict-with-guava.jar:/Users/ip192/.m2/repository/com/google/code/findbugs/jsr305/3.0.2/jsr305-3.0.2.jar:/Users/ip192/.m2/repository/org/checkerframework/checker-qual/2.11.1/checker-qual-2.11.1.jar:/Users/ip192/.m2/repository/com/google/errorprone/error_prone_annotations/2.3.4/error_prone_annotations-2.3.4.jar:/Users/ip192/.m2/repository/com/google/j2objc/j2objc-annotations/1.3/j2objc-annotations-1.3.jar:/Users/ip192/.m2/repository/com/fasterxml/jackson/core/jackson-core/2.11.1/jackson-core-2.11.1.jar:/Users/ip192/.m2/repository/com/fasterxml/jackson/core/jackson-annotations/2.11.1/jackson-annotations-2.11.1.jar:/Users/ip192/.m2/repository/com/fasterxml/jackson/core/jackson-databind/2.11.1/jackson-databind-2.11.1.jar:/Users/ip192/.m2/repository/org/xmlunit/xmlunit-legacy/2.7.0/xmlunit-legacy-2.7.0.jar:/Users/ip192/.m2/repository/org/xmlunit/xmlunit-placeholders/2.7.0/xmlunit-placeholders-2.7.0.jar:/Users/ip192/.m2/repository/org/ow2/asm/asm/7.0/asm-7.0.jar:/Users/ip192/.m2/repository/org/slf4j/slf4j-api/1.7.30/slf4j-api-1.7.30.jar:/Users/ip192/.m2/repository/net/sf/jopt-simple/jopt-simple/5.0.3/jopt-simple-5.0.3.jar:/Users/ip192/.m2/repository/org/apache/commons/commons-lang3/3.10/commons-lang3-3.10.jar:/Users/ip192/.m2/repository/com/github/jknack/handlebars/4.2.0/handlebars-4.2.0.jar:/Users/ip192/.m2/repository/com/github/jknack/handlebars-helpers/4.2.0/handlebars-helpers-4.2.0.jar:/Users/ip192/.m2/repository/com/flipkart/zjsonpatch/zjsonpatch/0.4.4/zjsonpatch-0.4.4.jar:/Users/ip192/.m2/repository/commons-fileupload/commons-fileupload/1.4/commons-fileupload-1.4.jar:/Users/ip192/.m2/repository/commons-io/commons-io/2.2/commons-io-2.2.jar:/Users/ip192/.m2/repository/org/eclipse/jetty/http2/http2-server/9.4.30.v20200611/http2-server-9.4.30.v20200611.jar:/Users/ip192/.m2/repository/org/eclipse/jetty/http2/http2-common/9.4.30.v20200611/http2-common-9.4.30.v20200611.jar:/Users/ip192/.m2/repository/org/eclipse/jetty/http2/http2-hpack/9.4.30.v20200611/http2-hpack-9.4.30.v20200611.jar:/Users/ip192/.m2/repository/org/eclipse/jetty/jetty-alpn-server/9.4.30.v20200611/jetty-alpn-server-9.4.30.v20200611.jar:/Users/ip192/.m2/repository/org/eclipse/jetty/jetty-alpn-conscrypt-server/9.4.30.v20200611/jetty-alpn-conscrypt-server-9.4.30.v20200611.jar:/Users/ip192/.m2/repository/org/eclipse/jetty/jetty-alpn-conscrypt-client/9.4.30.v20200611/jetty-alpn-conscrypt-client-9.4.30.v20200611.jar:/Users/ip192/.m2/repository/org/eclipse/jetty/jetty-alpn-client/9.4.30.v20200611/jetty-alpn-client-9.4.30.v20200611.jar:/Users/ip192/.m2/repository/org/conscrypt/conscrypt-openjdk-uber/2.2.1/conscrypt-openjdk-uber-2.2.1.jar:/Users/ip192/.m2/repository/net/javacrumbs/json-unit/json-unit-core/2.12.0/json-unit-core-2.12.0.jar:/Users/ip192/.m2/repository/org/opentest4j/opentest4j/1.1.1/opentest4j-1.1.1.jar:/Users/ip192/.m2/repository/org/hamcrest/hamcrest-core/2.2/hamcrest-core-2.2.jar:/Users/ip192/.m2/repository/org/awaitility/awaitility/4.0.3/awaitility-4.0.3.jar:/Users/ip192/.m2/repository/io/projectreactor/reactor-test/3.3.8.RELEASE/reactor-test-3.3.8.RELEASE.jar:/Users/ip192/.m2/repository/io/projectreactor/reactor-core/3.3.8.RELEASE/reactor-core-3.3.8.RELEASE.jar:/Users/ip192/.m2/repository/org/reactivestreams/reactive-streams/1.0.3/reactive-streams-1.0.3.jar:/Users/ip192/.m2/repository/io/micrometer/micrometer-core/1.5.3/micrometer-core-1.5.3.jar:/Users/ip192/.m2/repository/org/hdrhistogram/HdrHistogram/2.1.12/HdrHistogram-2.1.12.jar:/Users/ip192/.m2/repository/org/latencyutils/LatencyUtils/2.0.3/LatencyUtils-2.0.3.jar:/Users/ip192/.m2/repository/io/micrometer/micrometer-registry-prometheus/1.5.3/micrometer-registry-prometheus-1.5.3.jar:/Users/ip192/.m2/repository/io/prometheus/simpleclient_common/0.8.1/simpleclient_common-0.8.1.jar:/Users/ip192/.m2/repository/io/prometheus/simpleclient/0.8.1/simpleclient-0.8.1.jar:/Users/ip192/.m2/repository/org/apache/httpcomponents/httpclient/4.5.12/httpclient-4.5.12.jar:/Users/ip192/.m2/repository/org/apache/httpcomponents/httpcore/4.4.13/httpcore-4.4.13.jar:/Users/ip192/.m2/repository/commons-codec/commons-codec/1.14/commons-codec-1.14.jar:"/>
    <property name="https.proxyPort" value="7897"/>
    <property name="java.vm.vendor" value="Temurin"/>
    <property name="sun.arch.data.model" value="64"/>
    <property name="java.vendor.url" value="https://adoptium.net/"/>
    <property name="user.timezone" value="Asia/Shanghai"/>
    <property name="os.name" value="Mac OS X"/>
    <property name="java.vm.specification.version" value="1.8"/>
    <property name="sun.java.launcher" value="SUN_STANDARD"/>
    <property name="user.country" value="CN"/>
    <property name="sun.boot.library.path" value="/Library/Java/JavaVirtualMachines/temurin-8.jdk/Contents/Home/jre/lib"/>
    <property name="sun.java.command" value="/Users/ip192/work/Projects/java/gateway-demo/gateway-service/target/surefire/surefirebooter-20250905151853570_3.jar /Users/ip192/work/Projects/java/gateway-demo/gateway-service/target/surefire 2025-09-05T15-18-53_410-jvmRun1 surefire-20250905151853570_1tmp surefire_0-20250905151853570_2tmp"/>
    <property name="http.nonProxyHosts" value="127.0.0.1|192.168.0.0/16|*.192.168.0.0/16|10.0.0.0/8|*.10.0.0.0/8|172.16.0.0/12|*.172.16.0.0/12|172.29.0.0/16|*.172.29.0.0/16|localhost|*.localhost|local|*.local|crashlytics.com|*.crashlytics.com|&lt;local&gt;|*.&lt;local&gt;"/>
    <property name="test" value="EndToEndIntegrationTest"/>
    <property name="surefire.test.class.path" value="/Users/ip192/work/Projects/java/gateway-demo/gateway-service/target/test-classes:/Users/ip192/work/Projects/java/gateway-demo/gateway-service/target/classes:/Users/ip192/.m2/repository/org/springframework/cloud/spring-cloud-starter-gateway/2.2.4.RELEASE/spring-cloud-starter-gateway-2.2.4.RELEASE.jar:/Users/ip192/.m2/repository/org/springframework/cloud/spring-cloud-starter/2.2.4.RELEASE/spring-cloud-starter-2.2.4.RELEASE.jar:/Users/ip192/.m2/repository/org/springframework/cloud/spring-cloud-context/2.2.4.RELEASE/spring-cloud-context-2.2.4.RELEASE.jar:/Users/ip192/.m2/repository/org/springframework/security/spring-security-crypto/5.3.3.RELEASE/spring-security-crypto-5.3.3.RELEASE.jar:/Users/ip192/.m2/repository/org/springframework/cloud/spring-cloud-commons/2.2.4.RELEASE/spring-cloud-commons-2.2.4.RELEASE.jar:/Users/ip192/.m2/repository/org/springframework/security/spring-security-rsa/1.0.9.RELEASE/spring-security-rsa-1.0.9.RELEASE.jar:/Users/ip192/.m2/repository/org/bouncycastle/bcpkix-jdk15on/1.64/bcpkix-jdk15on-1.64.jar:/Users/ip192/.m2/repository/org/bouncycastle/bcprov-jdk15on/1.64/bcprov-jdk15on-1.64.jar:/Users/ip192/.m2/repository/org/springframework/cloud/spring-cloud-gateway-core/2.2.4.RELEASE/spring-cloud-gateway-core-2.2.4.RELEASE.jar:/Users/ip192/.m2/repository/org/springframework/boot/spring-boot-starter-validation/2.3.2.RELEASE/spring-boot-starter-validation-2.3.2.RELEASE.jar:/Users/ip192/.m2/repository/org/glassfish/jakarta.el/3.0.3/jakarta.el-3.0.3.jar:/Users/ip192/.m2/repository/org/hibernate/validator/hibernate-validator/6.1.5.Final/hibernate-validator-6.1.5.Final.jar:/Users/ip192/.m2/repository/jakarta/validation/jakarta.validation-api/2.0.2/jakarta.validation-api-2.0.2.jar:/Users/ip192/.m2/repository/org/jboss/logging/jboss-logging/3.4.1.Final/jboss-logging-3.4.1.Final.jar:/Users/ip192/.m2/repository/com/fasterxml/classmate/1.5.1/classmate-1.5.1.jar:/Users/ip192/.m2/repository/io/projectreactor/addons/reactor-extra/3.3.3.RELEASE/reactor-extra-3.3.3.RELEASE.jar:/Users/ip192/.m2/repository/org/springframework/boot/spring-boot-starter-webflux/2.3.2.RELEASE/spring-boot-starter-webflux-2.3.2.RELEASE.jar:/Users/ip192/.m2/repository/org/springframework/boot/spring-boot-starter/2.3.2.RELEASE/spring-boot-starter-2.3.2.RELEASE.jar:/Users/ip192/.m2/repository/org/springframework/boot/spring-boot/2.3.2.RELEASE/spring-boot-2.3.2.RELEASE.jar:/Users/ip192/.m2/repository/org/springframework/spring-context/5.2.8.RELEASE/spring-context-5.2.8.RELEASE.jar:/Users/ip192/.m2/repository/org/springframework/spring-aop/5.2.8.RELEASE/spring-aop-5.2.8.RELEASE.jar:/Users/ip192/.m2/repository/org/springframework/spring-expression/5.2.8.RELEASE/spring-expression-5.2.8.RELEASE.jar:/Users/ip192/.m2/repository/org/springframework/boot/spring-boot-autoconfigure/2.3.2.RELEASE/spring-boot-autoconfigure-2.3.2.RELEASE.jar:/Users/ip192/.m2/repository/org/springframework/boot/spring-boot-starter-logging/2.3.2.RELEASE/spring-boot-starter-logging-2.3.2.RELEASE.jar:/Users/ip192/.m2/repository/ch/qos/logback/logback-classic/1.2.3/logback-classic-1.2.3.jar:/Users/ip192/.m2/repository/ch/qos/logback/logback-core/1.2.3/logback-core-1.2.3.jar:/Users/ip192/.m2/repository/org/apache/logging/log4j/log4j-to-slf4j/2.13.3/log4j-to-slf4j-2.13.3.jar:/Users/ip192/.m2/repository/org/apache/logging/log4j/log4j-api/2.13.3/log4j-api-2.13.3.jar:/Users/ip192/.m2/repository/org/slf4j/jul-to-slf4j/1.7.30/jul-to-slf4j-1.7.30.jar:/Users/ip192/.m2/repository/jakarta/annotation/jakarta.annotation-api/1.3.5/jakarta.annotation-api-1.3.5.jar:/Users/ip192/.m2/repository/org/yaml/snakeyaml/1.26/snakeyaml-1.26.jar:/Users/ip192/.m2/repository/org/springframework/boot/spring-boot-starter-json/2.3.2.RELEASE/spring-boot-starter-json-2.3.2.RELEASE.jar:/Users/ip192/.m2/repository/com/fasterxml/jackson/datatype/jackson-datatype-jdk8/2.11.1/jackson-datatype-jdk8-2.11.1.jar:/Users/ip192/.m2/repository/com/fasterxml/jackson/datatype/jackson-datatype-jsr310/2.11.1/jackson-datatype-jsr310-2.11.1.jar:/Users/ip192/.m2/repository/com/fasterxml/jackson/module/jackson-module-parameter-names/2.11.1/jackson-module-parameter-names-2.11.1.jar:/Users/ip192/.m2/repository/org/springframework/boot/spring-boot-starter-reactor-netty/2.3.2.RELEASE/spring-boot-starter-reactor-netty-2.3.2.RELEASE.jar:/Users/ip192/.m2/repository/io/projectreactor/netty/reactor-netty/0.9.10.RELEASE/reactor-netty-0.9.10.RELEASE.jar:/Users/ip192/.m2/repository/io/netty/netty-codec-http/4.1.51.Final/netty-codec-http-4.1.51.Final.jar:/Users/ip192/.m2/repository/io/netty/netty-common/4.1.51.Final/netty-common-4.1.51.Final.jar:/Users/ip192/.m2/repository/io/netty/netty-buffer/4.1.51.Final/netty-buffer-4.1.51.Final.jar:/Users/ip192/.m2/repository/io/netty/netty-transport/4.1.51.Final/netty-transport-4.1.51.Final.jar:/Users/ip192/.m2/repository/io/netty/netty-codec/4.1.51.Final/netty-codec-4.1.51.Final.jar:/Users/ip192/.m2/repository/io/netty/netty-codec-http2/4.1.51.Final/netty-codec-http2-4.1.51.Final.jar:/Users/ip192/.m2/repository/io/netty/netty-handler/4.1.51.Final/netty-handler-4.1.51.Final.jar:/Users/ip192/.m2/repository/io/netty/netty-resolver/4.1.51.Final/netty-resolver-4.1.51.Final.jar:/Users/ip192/.m2/repository/io/netty/netty-handler-proxy/4.1.51.Final/netty-handler-proxy-4.1.51.Final.jar:/Users/ip192/.m2/repository/io/netty/netty-codec-socks/4.1.51.Final/netty-codec-socks-4.1.51.Final.jar:/Users/ip192/.m2/repository/io/netty/netty-transport-native-epoll/4.1.51.Final/netty-transport-native-epoll-4.1.51.Final-linux-x86_64.jar:/Users/ip192/.m2/repository/io/netty/netty-transport-native-unix-common/4.1.51.Final/netty-transport-native-unix-common-4.1.51.Final.jar:/Users/ip192/.m2/repository/org/springframework/spring-web/5.2.8.RELEASE/spring-web-5.2.8.RELEASE.jar:/Users/ip192/.m2/repository/org/springframework/spring-beans/5.2.8.RELEASE/spring-beans-5.2.8.RELEASE.jar:/Users/ip192/.m2/repository/org/springframework/spring-webflux/5.2.8.RELEASE/spring-webflux-5.2.8.RELEASE.jar:/Users/ip192/.m2/repository/org/synchronoss/cloud/nio-multipart-parser/1.1.0/nio-multipart-parser-1.1.0.jar:/Users/ip192/.m2/repository/org/synchronoss/cloud/nio-stream-storage/1.1.3/nio-stream-storage-1.1.3.jar:/Users/ip192/.m2/repository/org/springframework/boot/spring-boot-starter-actuator/2.3.2.RELEASE/spring-boot-starter-actuator-2.3.2.RELEASE.jar:/Users/ip192/.m2/repository/org/springframework/boot/spring-boot-actuator-autoconfigure/2.3.2.RELEASE/spring-boot-actuator-autoconfigure-2.3.2.RELEASE.jar:/Users/ip192/.m2/repository/org/springframework/boot/spring-boot-actuator/2.3.2.RELEASE/spring-boot-actuator-2.3.2.RELEASE.jar:/Users/ip192/.m2/repository/org/springframework/cloud/spring-cloud-starter-circuitbreaker-reactor-resilience4j/1.0.4.RELEASE/spring-cloud-starter-circuitbreaker-reactor-resilience4j-1.0.4.RELEASE.jar:/Users/ip192/.m2/repository/org/springframework/cloud/spring-cloud-circuitbreaker-resilience4j/1.0.4.RELEASE/spring-cloud-circuitbreaker-resilience4j-1.0.4.RELEASE.jar:/Users/ip192/.m2/repository/io/github/resilience4j/resilience4j-circuitbreaker/1.3.1/resilience4j-circuitbreaker-1.3.1.jar:/Users/ip192/.m2/repository/io/vavr/vavr/0.10.2/vavr-0.10.2.jar:/Users/ip192/.m2/repository/io/vavr/vavr-match/0.10.2/vavr-match-0.10.2.jar:/Users/ip192/.m2/repository/io/github/resilience4j/resilience4j-core/1.3.1/resilience4j-core-1.3.1.jar:/Users/ip192/.m2/repository/io/github/resilience4j/resilience4j-timelimiter/1.3.1/resilience4j-timelimiter-1.3.1.jar:/Users/ip192/.m2/repository/io/github/resilience4j/resilience4j-reactor/1.3.1/resilience4j-reactor-1.3.1.jar:/Users/ip192/.m2/repository/org/springframework/boot/spring-boot-configuration-processor/2.3.2.RELEASE/spring-boot-configuration-processor-2.3.2.RELEASE.jar:/Users/ip192/.m2/repository/org/springframework/boot/spring-boot-starter-test/2.3.2.RELEASE/spring-boot-starter-test-2.3.2.RELEASE.jar:/Users/ip192/.m2/repository/org/springframework/boot/spring-boot-test/2.3.2.RELEASE/spring-boot-test-2.3.2.RELEASE.jar:/Users/ip192/.m2/repository/org/springframework/boot/spring-boot-test-autoconfigure/2.3.2.RELEASE/spring-boot-test-autoconfigure-2.3.2.RELEASE.jar:/Users/ip192/.m2/repository/com/jayway/jsonpath/json-path/2.4.0/json-path-2.4.0.jar:/Users/ip192/.m2/repository/net/minidev/json-smart/2.3/json-smart-2.3.jar:/Users/ip192/.m2/repository/net/minidev/accessors-smart/1.2/accessors-smart-1.2.jar:/Users/ip192/.m2/repository/jakarta/xml/bind/jakarta.xml.bind-api/2.3.3/jakarta.xml.bind-api-2.3.3.jar:/Users/ip192/.m2/repository/jakarta/activation/jakarta.activation-api/1.2.2/jakarta.activation-api-1.2.2.jar:/Users/ip192/.m2/repository/org/assertj/assertj-core/3.16.1/assertj-core-3.16.1.jar:/Users/ip192/.m2/repository/org/hamcrest/hamcrest/2.2/hamcrest-2.2.jar:/Users/ip192/.m2/repository/org/junit/jupiter/junit-jupiter/5.6.2/junit-jupiter-5.6.2.jar:/Users/ip192/.m2/repository/org/junit/jupiter/junit-jupiter-api/5.6.2/junit-jupiter-api-5.6.2.jar:/Users/ip192/.m2/repository/org/junit/platform/junit-platform-commons/1.6.2/junit-platform-commons-1.6.2.jar:/Users/ip192/.m2/repository/org/junit/jupiter/junit-jupiter-params/5.6.2/junit-jupiter-params-5.6.2.jar:/Users/ip192/.m2/repository/org/junit/jupiter/junit-jupiter-engine/5.6.2/junit-jupiter-engine-5.6.2.jar:/Users/ip192/.m2/repository/org/junit/vintage/junit-vintage-engine/5.6.2/junit-vintage-engine-5.6.2.jar:/Users/ip192/.m2/repository/org/apiguardian/apiguardian-api/1.1.0/apiguardian-api-1.1.0.jar:/Users/ip192/.m2/repository/org/junit/platform/junit-platform-engine/1.6.2/junit-platform-engine-1.6.2.jar:/Users/ip192/.m2/repository/junit/junit/4.13/junit-4.13.jar:/Users/ip192/.m2/repository/org/mockito/mockito-core/3.3.3/mockito-core-3.3.3.jar:/Users/ip192/.m2/repository/net/bytebuddy/byte-buddy/1.10.13/byte-buddy-1.10.13.jar:/Users/ip192/.m2/repository/net/bytebuddy/byte-buddy-agent/1.10.13/byte-buddy-agent-1.10.13.jar:/Users/ip192/.m2/repository/org/objenesis/objenesis/2.6/objenesis-2.6.jar:/Users/ip192/.m2/repository/org/mockito/mockito-junit-jupiter/3.3.3/mockito-junit-jupiter-3.3.3.jar:/Users/ip192/.m2/repository/org/skyscreamer/jsonassert/1.5.0/jsonassert-1.5.0.jar:/Users/ip192/.m2/repository/com/vaadin/external/google/android-json/0.0.20131108.vaadin1/android-json-0.0.20131108.vaadin1.jar:/Users/ip192/.m2/repository/org/springframework/spring-core/5.2.8.RELEASE/spring-core-5.2.8.RELEASE.jar:/Users/ip192/.m2/repository/org/springframework/spring-jcl/5.2.8.RELEASE/spring-jcl-5.2.8.RELEASE.jar:/Users/ip192/.m2/repository/org/springframework/spring-test/5.2.8.RELEASE/spring-test-5.2.8.RELEASE.jar:/Users/ip192/.m2/repository/org/xmlunit/xmlunit-core/2.7.0/xmlunit-core-2.7.0.jar:/Users/ip192/.m2/repository/com/github/tomakehurst/wiremock-jre8/2.27.2/wiremock-jre8-2.27.2.jar:/Users/ip192/.m2/repository/org/eclipse/jetty/jetty-server/9.4.30.v20200611/jetty-server-9.4.30.v20200611.jar:/Users/ip192/.m2/repository/javax/servlet/javax.servlet-api/4.0.1/javax.servlet-api-4.0.1.jar:/Users/ip192/.m2/repository/org/eclipse/jetty/jetty-http/9.4.30.v20200611/jetty-http-9.4.30.v20200611.jar:/Users/ip192/.m2/repository/org/eclipse/jetty/jetty-io/9.4.30.v20200611/jetty-io-9.4.30.v20200611.jar:/Users/ip192/.m2/repository/org/eclipse/jetty/jetty-servlet/9.4.30.v20200611/jetty-servlet-9.4.30.v20200611.jar:/Users/ip192/.m2/repository/org/eclipse/jetty/jetty-security/9.4.30.v20200611/jetty-security-9.4.30.v20200611.jar:/Users/ip192/.m2/repository/org/eclipse/jetty/jetty-servlets/9.4.30.v20200611/jetty-servlets-9.4.30.v20200611.jar:/Users/ip192/.m2/repository/org/eclipse/jetty/jetty-continuation/9.4.30.v20200611/jetty-continuation-9.4.30.v20200611.jar:/Users/ip192/.m2/repository/org/eclipse/jetty/jetty-util/9.4.30.v20200611/jetty-util-9.4.30.v20200611.jar:/Users/ip192/.m2/repository/org/eclipse/jetty/jetty-webapp/9.4.30.v20200611/jetty-webapp-9.4.30.v20200611.jar:/Users/ip192/.m2/repository/org/eclipse/jetty/jetty-xml/9.4.30.v20200611/jetty-xml-9.4.30.v20200611.jar:/Users/ip192/.m2/repository/org/eclipse/jetty/jetty-proxy/9.4.30.v20200611/jetty-proxy-9.4.30.v20200611.jar:/Users/ip192/.m2/repository/org/eclipse/jetty/jetty-client/9.4.30.v20200611/jetty-client-9.4.30.v20200611.jar:/Users/ip192/.m2/repository/com/google/guava/guava/29.0-jre/guava-29.0-jre.jar:/Users/ip192/.m2/repository/com/google/guava/failureaccess/1.0.1/failureaccess-1.0.1.jar:/Users/ip192/.m2/repository/com/google/guava/listenablefuture/9999.0-empty-to-avoid-conflict-with-guava/listenablefuture-9999.0-empty-to-avoid-conflict-with-guava.jar:/Users/ip192/.m2/repository/com/google/code/findbugs/jsr305/3.0.2/jsr305-3.0.2.jar:/Users/ip192/.m2/repository/org/checkerframework/checker-qual/2.11.1/checker-qual-2.11.1.jar:/Users/ip192/.m2/repository/com/google/errorprone/error_prone_annotations/2.3.4/error_prone_annotations-2.3.4.jar:/Users/ip192/.m2/repository/com/google/j2objc/j2objc-annotations/1.3/j2objc-annotations-1.3.jar:/Users/ip192/.m2/repository/com/fasterxml/jackson/core/jackson-core/2.11.1/jackson-core-2.11.1.jar:/Users/ip192/.m2/repository/com/fasterxml/jackson/core/jackson-annotations/2.11.1/jackson-annotations-2.11.1.jar:/Users/ip192/.m2/repository/com/fasterxml/jackson/core/jackson-databind/2.11.1/jackson-databind-2.11.1.jar:/Users/ip192/.m2/repository/org/xmlunit/xmlunit-legacy/2.7.0/xmlunit-legacy-2.7.0.jar:/Users/ip192/.m2/repository/org/xmlunit/xmlunit-placeholders/2.7.0/xmlunit-placeholders-2.7.0.jar:/Users/ip192/.m2/repository/org/ow2/asm/asm/7.0/asm-7.0.jar:/Users/ip192/.m2/repository/org/slf4j/slf4j-api/1.7.30/slf4j-api-1.7.30.jar:/Users/ip192/.m2/repository/net/sf/jopt-simple/jopt-simple/5.0.3/jopt-simple-5.0.3.jar:/Users/ip192/.m2/repository/org/apache/commons/commons-lang3/3.10/commons-lang3-3.10.jar:/Users/ip192/.m2/repository/com/github/jknack/handlebars/4.2.0/handlebars-4.2.0.jar:/Users/ip192/.m2/repository/com/github/jknack/handlebars-helpers/4.2.0/handlebars-helpers-4.2.0.jar:/Users/ip192/.m2/repository/com/flipkart/zjsonpatch/zjsonpatch/0.4.4/zjsonpatch-0.4.4.jar:/Users/ip192/.m2/repository/commons-fileupload/commons-fileupload/1.4/commons-fileupload-1.4.jar:/Users/ip192/.m2/repository/commons-io/commons-io/2.2/commons-io-2.2.jar:/Users/ip192/.m2/repository/org/eclipse/jetty/http2/http2-server/9.4.30.v20200611/http2-server-9.4.30.v20200611.jar:/Users/ip192/.m2/repository/org/eclipse/jetty/http2/http2-common/9.4.30.v20200611/http2-common-9.4.30.v20200611.jar:/Users/ip192/.m2/repository/org/eclipse/jetty/http2/http2-hpack/9.4.30.v20200611/http2-hpack-9.4.30.v20200611.jar:/Users/ip192/.m2/repository/org/eclipse/jetty/jetty-alpn-server/9.4.30.v20200611/jetty-alpn-server-9.4.30.v20200611.jar:/Users/ip192/.m2/repository/org/eclipse/jetty/jetty-alpn-conscrypt-server/9.4.30.v20200611/jetty-alpn-conscrypt-server-9.4.30.v20200611.jar:/Users/ip192/.m2/repository/org/eclipse/jetty/jetty-alpn-conscrypt-client/9.4.30.v20200611/jetty-alpn-conscrypt-client-9.4.30.v20200611.jar:/Users/ip192/.m2/repository/org/eclipse/jetty/jetty-alpn-client/9.4.30.v20200611/jetty-alpn-client-9.4.30.v20200611.jar:/Users/ip192/.m2/repository/org/conscrypt/conscrypt-openjdk-uber/2.2.1/conscrypt-openjdk-uber-2.2.1.jar:/Users/ip192/.m2/repository/net/javacrumbs/json-unit/json-unit-core/2.12.0/json-unit-core-2.12.0.jar:/Users/ip192/.m2/repository/org/opentest4j/opentest4j/1.1.1/opentest4j-1.1.1.jar:/Users/ip192/.m2/repository/org/hamcrest/hamcrest-core/2.2/hamcrest-core-2.2.jar:/Users/ip192/.m2/repository/org/awaitility/awaitility/4.0.3/awaitility-4.0.3.jar:/Users/ip192/.m2/repository/io/projectreactor/reactor-test/3.3.8.RELEASE/reactor-test-3.3.8.RELEASE.jar:/Users/ip192/.m2/repository/io/projectreactor/reactor-core/3.3.8.RELEASE/reactor-core-3.3.8.RELEASE.jar:/Users/ip192/.m2/repository/org/reactivestreams/reactive-streams/1.0.3/reactive-streams-1.0.3.jar:/Users/ip192/.m2/repository/io/micrometer/micrometer-core/1.5.3/micrometer-core-1.5.3.jar:/Users/ip192/.m2/repository/org/hdrhistogram/HdrHistogram/2.1.12/HdrHistogram-2.1.12.jar:/Users/ip192/.m2/repository/org/latencyutils/LatencyUtils/2.0.3/LatencyUtils-2.0.3.jar:/Users/ip192/.m2/repository/io/micrometer/micrometer-registry-prometheus/1.5.3/micrometer-registry-prometheus-1.5.3.jar:/Users/ip192/.m2/repository/io/prometheus/simpleclient_common/0.8.1/simpleclient_common-0.8.1.jar:/Users/ip192/.m2/repository/io/prometheus/simpleclient/0.8.1/simpleclient-0.8.1.jar:/Users/ip192/.m2/repository/org/apache/httpcomponents/httpclient/4.5.12/httpclient-4.5.12.jar:/Users/ip192/.m2/repository/org/apache/httpcomponents/httpcore/4.4.13/httpcore-4.4.13.jar:/Users/ip192/.m2/repository/commons-codec/commons-codec/1.14/commons-codec-1.14.jar:"/>
    <property name="sun.cpu.endian" value="little"/>
    <property name="user.home" value="/Users/ip192"/>
    <property name="user.language" value="zh"/>
    <property name="java.specification.vendor" value="Oracle Corporation"/>
    <property name="java.home" value="/Library/Java/JavaVirtualMachines/temurin-8.jdk/Contents/Home/jre"/>
    <property name="https.proxyHost" value="127.0.0.1"/>
    <property name="file.separator" value="/"/>
    <property name="basedir" value="/Users/ip192/work/Projects/java/gateway-demo/gateway-service"/>
    <property name="line.separator" value="&#10;"/>
    <property name="java.vm.specification.vendor" value="Oracle Corporation"/>
    <property name="java.specification.name" value="Java Platform API Specification"/>
    <property name="java.awt.graphicsenv" value="sun.awt.CGraphicsEnvironment"/>
    <property name="java.awt.headless" value="true"/>
    <property name="surefire.real.class.path" value="/Users/ip192/work/Projects/java/gateway-demo/gateway-service/target/surefire/surefirebooter-20250905151853570_3.jar"/>
    <property name="sun.boot.class.path" value="/Library/Java/JavaVirtualMachines/temurin-8.jdk/Contents/Home/jre/lib/resources.jar:/Library/Java/JavaVirtualMachines/temurin-8.jdk/Contents/Home/jre/lib/rt.jar:/Library/Java/JavaVirtualMachines/temurin-8.jdk/Contents/Home/jre/lib/sunrsasign.jar:/Library/Java/JavaVirtualMachines/temurin-8.jdk/Contents/Home/jre/lib/jsse.jar:/Library/Java/JavaVirtualMachines/temurin-8.jdk/Contents/Home/jre/lib/jce.jar:/Library/Java/JavaVirtualMachines/temurin-8.jdk/Contents/Home/jre/lib/charsets.jar:/Library/Java/JavaVirtualMachines/temurin-8.jdk/Contents/Home/jre/lib/jfr.jar:/Library/Java/JavaVirtualMachines/temurin-8.jdk/Contents/Home/jre/classes"/>
    <property name="sun.management.compiler" value="HotSpot 64-Bit Tiered Compilers"/>
    <property name="ftp.nonProxyHosts" value="127.0.0.1|192.168.0.0/16|*.192.168.0.0/16|10.0.0.0/8|*.10.0.0.0/8|172.16.0.0/12|*.172.16.0.0/12|172.29.0.0/16|*.172.29.0.0/16|localhost|*.localhost|local|*.local|crashlytics.com|*.crashlytics.com|&lt;local&gt;|*.&lt;local&gt;"/>
    <property name="java.runtime.version" value="1.8.0_452-b09"/>
    <property name="user.name" value="ip192"/>
    <property name="path.separator" value=":"/>
    <property name="os.version" value="15.6.1"/>
    <property name="java.endorsed.dirs" value="/Library/Java/JavaVirtualMachines/temurin-8.jdk/Contents/Home/jre/lib/endorsed"/>
    <property name="java.runtime.name" value="OpenJDK Runtime Environment"/>
    <property name="org.eclipse.jetty.server.HttpChannelState.DEFAULT_TIMEOUT" value="300000"/>
    <property name="file.encoding" value="UTF-8"/>
    <property name="spring.beaninfo.ignore" value="true"/>
    <property name="java.vm.name" value="OpenJDK 64-Bit Server VM"/>
    <property name="localRepository" value="/Users/ip192/.m2/repository"/>
    <property name="javax.xml.xpath.XPathFactory:http://java.sun.com/jaxp/xpath/dom" value="com.sun.org.apache.xpath.internal.jaxp.XPathFactoryImpl"/>
    <property name="jetty.git.hash" value="271836e4c1f4612f12b7bb13ef5a92a927634b0d"/>
    <property name="java.vendor.url.bug" value="https://github.com/adoptium/adoptium-support/issues"/>
    <property name="java.io.tmpdir" value="/var/folders/3m/1c0_y67s1dz0zfp5gwv7rn5c0000gn/T/"/>
    <property name="java.version" value="1.8.0_452"/>
    <property name="user.dir" value="/Users/ip192/work/Projects/java/gateway-demo/gateway-service"/>
    <property name="os.arch" value="x86_64"/>
    <property name="socksProxyPort" value="7897"/>
    <property name="PID" value="3440"/>
    <property name="java.vm.specification.name" value="Java Virtual Machine Specification"/>
    <property name="java.awt.printerjob" value="sun.lwawt.macosx.CPrinterJob"/>
    <property name="sun.os.patch.level" value="unknown"/>
    <property name="java.library.path" value="/Users/ip192/Library/Java/Extensions:/Library/Java/Extensions:/Network/Library/Java/Extensions:/System/Library/Java/Extensions:/usr/lib/java:."/>
    <property name="java.vendor" value="Temurin"/>
    <property name="java.vm.info" value="mixed mode"/>
    <property name="java.vm.version" value="25.452-b09"/>
    <property name="java.specification.maintenance.version" value="6"/>
    <property name="sun.io.unicode.encoding" value="UnicodeBig"/>
    <property name="java.ext.dirs" value="/Users/ip192/Library/Java/Extensions:/Library/Java/JavaVirtualMachines/temurin-8.jdk/Contents/Home/jre/lib/ext:/Library/Java/Extensions:/Network/Library/Java/Extensions:/System/Library/Java/Extensions:/usr/lib/java"/>
    <property name="javax.xml.transform.TransformerFactory" value="com.sun.org.apache.xalan.internal.xsltc.trax.TransformerFactoryImpl"/>
    <property name="java.class.version" value="52.0"/>
    <property name="socksNonProxyHosts" value="127.0.0.1|192.168.0.0/16|*.192.168.0.0/16|10.0.0.0/8|*.10.0.0.0/8|172.16.0.0/12|*.172.16.0.0/12|172.29.0.0/16|*.172.29.0.0/16|localhost|*.localhost|local|*.local|crashlytics.com|*.crashlytics.com|&lt;local&gt;|*.&lt;local&gt;"/>
    <property name="http.proxyPort" value="7897"/>
  </properties>
  <testcase name="testCompleteLogoutFlow_ThroughGateway" classname="com.example.gateway.EndToEndIntegrationTest" time="0.606">
    <failure message="expected: &lt;200 OK&gt; but was: &lt;500 INTERNAL_SERVER_ERROR&gt;" type="org.opentest4j.AssertionFailedError"><![CDATA[org.opentest4j.AssertionFailedError: expected: <200 OK> but was: <500 INTERNAL_SERVER_ERROR>
	at org.junit.jupiter.api.AssertionUtils.fail(AssertionUtils.java:55)
	at org.junit.jupiter.api.AssertionUtils.failNotEqual(AssertionUtils.java:62)
	at org.junit.jupiter.api.AssertEquals.assertEquals(AssertEquals.java:182)
	at org.junit.jupiter.api.AssertEquals.assertEquals(AssertEquals.java:177)
	at org.junit.jupiter.api.Assertions.assertEquals(Assertions.java:1124)
	at com.example.gateway.EndToEndIntegrationTest.testCompleteLogoutFlow_ThroughGateway(EndToEndIntegrationTest.java:100)
	at sun.reflect.NativeMethodAccessorImpl.invoke0(Native Method)
	at sun.reflect.NativeMethodAccessorImpl.invoke(NativeMethodAccessorImpl.java:62)
	at sun.reflect.DelegatingMethodAccessorImpl.invoke(DelegatingMethodAccessorImpl.java:43)
	at java.lang.reflect.Method.invoke(Method.java:498)
	at org.junit.platform.commons.util.ReflectionUtils.invokeMethod(ReflectionUtils.java:686)
	at org.junit.jupiter.engine.execution.MethodInvocation.proceed(MethodInvocation.java:60)
	at org.junit.jupiter.engine.execution.InvocationInterceptorChain$ValidatingInvocation.proceed(InvocationInterceptorChain.java:131)
	at org.junit.jupiter.engine.extension.TimeoutExtension.intercept(TimeoutExtension.java:149)
	at org.junit.jupiter.engine.extension.TimeoutExtension.interceptTestableMethod(TimeoutExtension.java:140)
	at org.junit.jupiter.engine.extension.TimeoutExtension.interceptTestMethod(TimeoutExtension.java:84)
	at org.junit.jupiter.engine.execution.ExecutableInvoker$ReflectiveInterceptorCall.lambda$ofVoidMethod$0(ExecutableInvoker.java:115)
	at org.junit.jupiter.engine.execution.ExecutableInvoker.lambda$invoke$0(ExecutableInvoker.java:105)
	at org.junit.jupiter.engine.execution.InvocationInterceptorChain$InterceptedInvocation.proceed(InvocationInterceptorChain.java:106)
	at org.junit.jupiter.engine.execution.InvocationInterceptorChain.proceed(InvocationInterceptorChain.java:64)
	at org.junit.jupiter.engine.execution.InvocationInterceptorChain.chainAndInvoke(InvocationInterceptorChain.java:45)
	at org.junit.jupiter.engine.execution.InvocationInterceptorChain.invoke(InvocationInterceptorChain.java:37)
	at org.junit.jupiter.engine.execution.ExecutableInvoker.invoke(ExecutableInvoker.java:104)
	at org.junit.jupiter.engine.execution.ExecutableInvoker.invoke(ExecutableInvoker.java:98)
	at org.junit.jupiter.engine.descriptor.TestMethodTestDescriptor.lambda$invokeTestMethod$6(TestMethodTestDescriptor.java:212)
	at org.junit.platform.engine.support.hierarchical.ThrowableCollector.execute(ThrowableCollector.java:73)
	at org.junit.jupiter.engine.descriptor.TestMethodTestDescriptor.invokeTestMethod(TestMethodTestDescriptor.java:208)
	at org.junit.jupiter.engine.descriptor.TestMethodTestDescriptor.execute(TestMethodTestDescriptor.java:137)
	at org.junit.jupiter.engine.descriptor.TestMethodTestDescriptor.execute(TestMethodTestDescriptor.java:71)
	at org.junit.platform.engine.support.hierarchical.NodeTestTask.lambda$executeRecursively$5(NodeTestTask.java:135)
	at org.junit.platform.engine.support.hierarchical.ThrowableCollector.execute(ThrowableCollector.java:73)
	at org.junit.platform.engine.support.hierarchical.NodeTestTask.lambda$executeRecursively$7(NodeTestTask.java:125)
	at org.junit.platform.engine.support.hierarchical.Node.around(Node.java:135)
	at org.junit.platform.engine.support.hierarchical.NodeTestTask.lambda$executeRecursively$8(NodeTestTask.java:123)
	at org.junit.platform.engine.support.hierarchical.ThrowableCollector.execute(ThrowableCollector.java:73)
	at org.junit.platform.engine.support.hierarchical.NodeTestTask.executeRecursively(NodeTestTask.java:122)
	at org.junit.platform.engine.support.hierarchical.NodeTestTask.execute(NodeTestTask.java:80)
	at java.util.ArrayList.forEach(ArrayList.java:1259)
	at org.junit.platform.engine.support.hierarchical.SameThreadHierarchicalTestExecutorService.invokeAll(SameThreadHierarchicalTestExecutorService.java:38)
	at org.junit.platform.engine.support.hierarchical.NodeTestTask.lambda$executeRecursively$5(NodeTestTask.java:139)
	at org.junit.platform.engine.support.hierarchical.ThrowableCollector.execute(ThrowableCollector.java:73)
	at org.junit.platform.engine.support.hierarchical.NodeTestTask.lambda$executeRecursively$7(NodeTestTask.java:125)
	at org.junit.platform.engine.support.hierarchical.Node.around(Node.java:135)
	at org.junit.platform.engine.support.hierarchical.NodeTestTask.lambda$executeRecursively$8(NodeTestTask.java:123)
	at org.junit.platform.engine.support.hierarchical.ThrowableCollector.execute(ThrowableCollector.java:73)
	at org.junit.platform.engine.support.hierarchical.NodeTestTask.executeRecursively(NodeTestTask.java:122)
	at org.junit.platform.engine.support.hierarchical.NodeTestTask.execute(NodeTestTask.java:80)
	at java.util.ArrayList.forEach(ArrayList.java:1259)
	at org.junit.platform.engine.support.hierarchical.SameThreadHierarchicalTestExecutorService.invokeAll(SameThreadHierarchicalTestExecutorService.java:38)
	at org.junit.platform.engine.support.hierarchical.NodeTestTask.lambda$executeRecursively$5(NodeTestTask.java:139)
	at org.junit.platform.engine.support.hierarchical.ThrowableCollector.execute(ThrowableCollector.java:73)
	at org.junit.platform.engine.support.hierarchical.NodeTestTask.lambda$executeRecursively$7(NodeTestTask.java:125)
	at org.junit.platform.engine.support.hierarchical.Node.around(Node.java:135)
	at org.junit.platform.engine.support.hierarchical.NodeTestTask.lambda$executeRecursively$8(NodeTestTask.java:123)
	at org.junit.platform.engine.support.hierarchical.ThrowableCollector.execute(ThrowableCollector.java:73)
	at org.junit.platform.engine.support.hierarchical.NodeTestTask.executeRecursively(NodeTestTask.java:122)
	at org.junit.platform.engine.support.hierarchical.NodeTestTask.execute(NodeTestTask.java:80)
	at org.junit.platform.engine.support.hierarchical.SameThreadHierarchicalTestExecutorService.submit(SameThreadHierarchicalTestExecutorService.java:32)
	at org.junit.platform.engine.support.hierarchical.HierarchicalTestExecutor.execute(HierarchicalTestExecutor.java:57)
	at org.junit.platform.engine.support.hierarchical.HierarchicalTestEngine.execute(HierarchicalTestEngine.java:51)
	at org.junit.platform.launcher.core.DefaultLauncher.execute(DefaultLauncher.java:248)
	at org.junit.platform.launcher.core.DefaultLauncher.lambda$execute$5(DefaultLauncher.java:211)
	at org.junit.platform.launcher.core.DefaultLauncher.withInterceptedStreams(DefaultLauncher.java:226)
	at org.junit.platform.launcher.core.DefaultLauncher.execute(DefaultLauncher.java:199)
	at org.junit.platform.launcher.core.DefaultLauncher.execute(DefaultLauncher.java:132)
	at org.apache.maven.surefire.junitplatform.LazyLauncher.execute(LazyLauncher.java:56)
	at org.apache.maven.surefire.junitplatform.JUnitPlatformProvider.execute(JUnitPlatformProvider.java:184)
	at org.apache.maven.surefire.junitplatform.JUnitPlatformProvider.invokeAllTests(JUnitPlatformProvider.java:148)
	at org.apache.maven.surefire.junitplatform.JUnitPlatformProvider.invoke(JUnitPlatformProvider.java:122)
	at org.apache.maven.surefire.booter.ForkedBooter.runSuitesInProcess(ForkedBooter.java:385)
	at org.apache.maven.surefire.booter.ForkedBooter.execute(ForkedBooter.java:162)
	at org.apache.maven.surefire.booter.ForkedBooter.run(ForkedBooter.java:507)
	at org.apache.maven.surefire.booter.ForkedBooter.main(ForkedBooter.java:495)
]]></failure>
    <system-out><![CDATA[15:18:54.454 [main] DEBUG org.springframework.test.context.BootstrapUtils - Instantiating CacheAwareContextLoaderDelegate from class [org.springframework.test.context.cache.DefaultCacheAwareContextLoaderDelegate]
15:18:54.461 [main] DEBUG org.springframework.test.context.BootstrapUtils - Instantiating BootstrapContext using constructor [public org.springframework.test.context.support.DefaultBootstrapContext(java.lang.Class,org.springframework.test.context.CacheAwareContextLoaderDelegate)]
15:18:54.493 [main] DEBUG org.springframework.test.context.BootstrapUtils - Instantiating TestContextBootstrapper for test class [com.example.gateway.EndToEndIntegrationTest] from class [org.springframework.boot.test.context.SpringBootTestContextBootstrapper]
15:18:54.514 [main] INFO org.springframework.boot.test.context.SpringBootTestContextBootstrapper - Neither @ContextConfiguration nor @ContextHierarchy found for test class [com.example.gateway.EndToEndIntegrationTest], using SpringBootContextLoader
15:18:54.517 [main] DEBUG org.springframework.test.context.support.AbstractContextLoader - Did not detect default resource location for test class [com.example.gateway.EndToEndIntegrationTest]: class path resource [com/example/gateway/EndToEndIntegrationTest-context.xml] does not exist
15:18:54.517 [main] DEBUG org.springframework.test.context.support.AbstractContextLoader - Did not detect default resource location for test class [com.example.gateway.EndToEndIntegrationTest]: class path resource [com/example/gateway/EndToEndIntegrationTestContext.groovy] does not exist
15:18:54.518 [main] INFO org.springframework.test.context.support.AbstractContextLoader - Could not detect default resource locations for test class [com.example.gateway.EndToEndIntegrationTest]: no resource found for suffixes {-context.xml, Context.groovy}.
15:18:54.518 [main] INFO org.springframework.test.context.support.AnnotationConfigContextLoaderUtils - Could not detect default configuration classes for test class [com.example.gateway.EndToEndIntegrationTest]: EndToEndIntegrationTest does not declare any static, non-private, non-final, nested classes annotated with @Configuration.
15:18:54.563 [main] DEBUG org.springframework.test.context.support.ActiveProfilesUtils - Could not find an 'annotation declaring class' for annotation type [org.springframework.test.context.ActiveProfiles] and class [com.example.gateway.EndToEndIntegrationTest]
15:18:54.652 [main] DEBUG org.springframework.context.annotation.ClassPathScanningCandidateComponentProvider - Identified candidate component class: file [/Users/ip192/work/Projects/java/gateway-demo/gateway-service/target/classes/com/example/gateway/GatewayApplication.class]
15:18:54.654 [main] INFO org.springframework.boot.test.context.SpringBootTestContextBootstrapper - Found @SpringBootConfiguration com.example.gateway.GatewayApplication for test class com.example.gateway.EndToEndIntegrationTest
15:18:54.722 [main] DEBUG org.springframework.boot.test.context.SpringBootTestContextBootstrapper - @TestExecutionListeners is not present for class [com.example.gateway.EndToEndIntegrationTest]: using defaults.
15:18:54.723 [main] INFO org.springframework.boot.test.context.SpringBootTestContextBootstrapper - Loaded default TestExecutionListener class names from location [META-INF/spring.factories]: [org.springframework.boot.test.mock.mockito.MockitoTestExecutionListener, org.springframework.boot.test.mock.mockito.ResetMocksTestExecutionListener, org.springframework.boot.test.autoconfigure.restdocs.RestDocsTestExecutionListener, org.springframework.boot.test.autoconfigure.web.client.MockRestServiceServerResetTestExecutionListener, org.springframework.boot.test.autoconfigure.web.servlet.MockMvcPrintOnlyOnFailureTestExecutionListener, org.springframework.boot.test.autoconfigure.web.servlet.WebDriverTestExecutionListener, org.springframework.boot.test.autoconfigure.webservices.client.MockWebServiceServerTestExecutionListener, org.springframework.test.context.web.ServletTestExecutionListener, org.springframework.test.context.support.DirtiesContextBeforeModesTestExecutionListener, org.springframework.test.context.support.DependencyInjectionTestExecutionListener, org.springframework.test.context.support.DirtiesContextTestExecutionListener, org.springframework.test.context.transaction.TransactionalTestExecutionListener, org.springframework.test.context.jdbc.SqlScriptsTestExecutionListener, org.springframework.test.context.event.EventPublishingTestExecutionListener]
15:18:54.735 [main] DEBUG org.springframework.boot.test.context.SpringBootTestContextBootstrapper - Skipping candidate TestExecutionListener [org.springframework.test.context.transaction.TransactionalTestExecutionListener] due to a missing dependency. Specify custom listener classes or make the default listener classes and their required dependencies available. Offending class: [org/springframework/transaction/interceptor/TransactionAttributeSource]
15:18:54.735 [main] DEBUG org.springframework.boot.test.context.SpringBootTestContextBootstrapper - Skipping candidate TestExecutionListener [org.springframework.test.context.jdbc.SqlScriptsTestExecutionListener] due to a missing dependency. Specify custom listener classes or make the default listener classes and their required dependencies available. Offending class: [org/springframework/transaction/interceptor/TransactionAttribute]
15:18:54.736 [main] INFO org.springframework.boot.test.context.SpringBootTestContextBootstrapper - Using TestExecutionListeners: [org.springframework.test.context.web.ServletTestExecutionListener@7d7758be, org.springframework.test.context.support.DirtiesContextBeforeModesTestExecutionListener@2bdd8394, org.springframework.boot.test.mock.mockito.MockitoTestExecutionListener@5f9edf14, org.springframework.boot.test.autoconfigure.SpringBootDependencyInjectionTestExecutionListener@68746f22, org.springframework.test.context.support.DirtiesContextTestExecutionListener@2f01783a, org.springframework.test.context.event.EventPublishingTestExecutionListener@68878f6d, org.springframework.boot.test.mock.mockito.ResetMocksTestExecutionListener@41488b16, org.springframework.boot.test.autoconfigure.restdocs.RestDocsTestExecutionListener@a8ef162, org.springframework.boot.test.autoconfigure.web.client.MockRestServiceServerResetTestExecutionListener@2eea88a1, org.springframework.boot.test.autoconfigure.web.servlet.MockMvcPrintOnlyOnFailureTestExecutionListener@7ac296f6, org.springframework.boot.test.autoconfigure.web.servlet.WebDriverTestExecutionListener@7fd7a283, org.springframework.boot.test.autoconfigure.webservices.client.MockWebServiceServerTestExecutionListener@22f59fa]
15:18:54.739 [main] DEBUG org.springframework.test.context.support.AbstractDirtiesContextTestExecutionListener - Before test class: context [DefaultTestContext@53f3bdbd testClass = EndToEndIntegrationTest, testInstance = [null], testMethod = [null], testException = [null], mergedContextConfiguration = [ReactiveWebMergedContextConfiguration@34129c78 testClass = EndToEndIntegrationTest, locations = '{}', classes = '{class com.example.gateway.GatewayApplication}', contextInitializerClasses = '[]', activeProfiles = '{}', propertySourceLocations = '{}', propertySourceProperties = '{org.springframework.boot.test.context.SpringBootTestContextBootstrapper=true, server.port=0}', contextCustomizers = set[org.springframework.boot.test.context.filter.ExcludeFilterContextCustomizer@707194ba, org.springframework.boot.test.json.DuplicateJsonObjectContextCustomizerFactory$DuplicateJsonObjectContextCustomizer@45b4c3a9, org.springframework.boot.test.mock.mockito.MockitoContextCustomizer@0, org.springframework.boot.test.web.client.TestRestTemplateContextCustomizer@6ab778a, org.springframework.boot.test.web.reactive.server.WebTestClientContextCustomizer@63070bab, org.springframework.boot.test.autoconfigure.properties.PropertyMappingContextCustomizer@0, org.springframework.boot.test.autoconfigure.web.servlet.WebDriverContextCustomizerFactory$Customizer@5609159b, org.springframework.boot.test.context.SpringBootTestArgs@1], contextLoader = 'org.springframework.boot.test.context.SpringBootContextLoader', parent = [null]], attributes = map['org.springframework.test.context.web.ServletTestExecutionListener.activateListener' -> false]], class annotated with @DirtiesContext [false] with mode [null].
15:18:54.757 [main] DEBUG org.springframework.test.context.support.DependencyInjectionTestExecutionListener - Performing dependency injection for test context [[DefaultTestContext@53f3bdbd testClass = EndToEndIntegrationTest, testInstance = com.example.gateway.EndToEndIntegrationTest@15f47664, testMethod = [null], testException = [null], mergedContextConfiguration = [ReactiveWebMergedContextConfiguration@34129c78 testClass = EndToEndIntegrationTest, locations = '{}', classes = '{class com.example.gateway.GatewayApplication}', contextInitializerClasses = '[]', activeProfiles = '{}', propertySourceLocations = '{}', propertySourceProperties = '{org.springframework.boot.test.context.SpringBootTestContextBootstrapper=true, server.port=0}', contextCustomizers = set[org.springframework.boot.test.context.filter.ExcludeFilterContextCustomizer@707194ba, org.springframework.boot.test.json.DuplicateJsonObjectContextCustomizerFactory$DuplicateJsonObjectContextCustomizer@45b4c3a9, org.springframework.boot.test.mock.mockito.MockitoContextCustomizer@0, org.springframework.boot.test.web.client.TestRestTemplateContextCustomizer@6ab778a, org.springframework.boot.test.web.reactive.server.WebTestClientContextCustomizer@63070bab, org.springframework.boot.test.autoconfigure.properties.PropertyMappingContextCustomizer@0, org.springframework.boot.test.autoconfigure.web.servlet.WebDriverContextCustomizerFactory$Customizer@5609159b, org.springframework.boot.test.context.SpringBootTestArgs@1], contextLoader = 'org.springframework.boot.test.context.SpringBootContextLoader', parent = [null]], attributes = map['org.springframework.test.context.web.ServletTestExecutionListener.activateListener' -> false]]].
15:18:54.821 [main] DEBUG org.springframework.test.context.support.TestPropertySourceUtils - Adding inlined properties to environment: {spring.jmx.enabled=false, org.springframework.boot.test.context.SpringBootTestContextBootstrapper=true, server.port=0}

  .   ____          _            __ _ _
 /\\ / ___'_ __ _ _(_)_ __  __ _ \ \ \ \
( ( )\___ | '_ | '_| | '_ \/ _` | \ \ \ \
 \\/  ___)| |_)| | | | | || (_| |  ) ) ) )
  '  |____| .__|_| |_|_| |_\__, | / / / /
 =========|_|==============|___/=/_/_/_/
 :: Spring Boot ::        (v2.3.2.RELEASE)

2025-09-05 15:18:55.647  INFO 3440 --- [           main] c.e.gateway.EndToEndIntegrationTest      : No active profile set, falling back to default profiles: default
2025-09-05 15:18:56.580  INFO 3440 --- [           main] o.s.cloud.context.scope.GenericScope     : BeanFactory id=812e22ee-09bf-3d6b-9fd4-f61f02dbd001
2025-09-05 15:18:56.726  INFO 3440 --- [           main] org.eclipse.jetty.util.log               : Logging initialized @3024ms to org.eclipse.jetty.util.log.Slf4jLog
2025-09-05 15:18:56.958  INFO 3440 --- [           main] .s.b.w.e.j.JettyReactiveWebServerFactory : Server initialized with port: 0
2025-09-05 15:18:56.965  INFO 3440 --- [           main] org.eclipse.jetty.server.Server          : jetty-9.4.30.v20200611; built: 2020-06-11T12:34:51.929Z; git: 271836e4c1f4612f12b7bb13ef5a92a927634b0d; jvm 1.8.0_452-b09
2025-09-05 15:18:57.000  INFO 3440 --- [           main] o.e.jetty.server.handler.ContextHandler  : Started o.e.j.s.ServletContextHandler@5a08efdc{/,null,AVAILABLE}
2025-09-05 15:18:57.001  INFO 3440 --- [           main] org.eclipse.jetty.server.Server          : Started @3299ms
2025-09-05 15:18:57.079  INFO 3440 --- [           main] c.e.g.c.DynamicRoutingConfiguration      : Dynamic routing configuration initialized with circuit breaker and retry support
2025-09-05 15:18:58.765  INFO 3440 --- [           main] o.s.c.g.r.RouteDefinitionRouteLocator    : Loaded RoutePredicateFactory [After]
2025-09-05 15:18:58.766  INFO 3440 --- [           main] o.s.c.g.r.RouteDefinitionRouteLocator    : Loaded RoutePredicateFactory [Before]
2025-09-05 15:18:58.766  INFO 3440 --- [           main] o.s.c.g.r.RouteDefinitionRouteLocator    : Loaded RoutePredicateFactory [Between]
2025-09-05 15:18:58.766  INFO 3440 --- [           main] o.s.c.g.r.RouteDefinitionRouteLocator    : Loaded RoutePredicateFactory [Cookie]
2025-09-05 15:18:58.766  INFO 3440 --- [           main] o.s.c.g.r.RouteDefinitionRouteLocator    : Loaded RoutePredicateFactory [Header]
2025-09-05 15:18:58.766  INFO 3440 --- [           main] o.s.c.g.r.RouteDefinitionRouteLocator    : Loaded RoutePredicateFactory [Host]
2025-09-05 15:18:58.766  INFO 3440 --- [           main] o.s.c.g.r.RouteDefinitionRouteLocator    : Loaded RoutePredicateFactory [Method]
2025-09-05 15:18:58.766  INFO 3440 --- [           main] o.s.c.g.r.RouteDefinitionRouteLocator    : Loaded RoutePredicateFactory [Path]
2025-09-05 15:18:58.766  INFO 3440 --- [           main] o.s.c.g.r.RouteDefinitionRouteLocator    : Loaded RoutePredicateFactory [Query]
2025-09-05 15:18:58.766  INFO 3440 --- [           main] o.s.c.g.r.RouteDefinitionRouteLocator    : Loaded RoutePredicateFactory [ReadBodyPredicateFactory]
2025-09-05 15:18:58.766  INFO 3440 --- [           main] o.s.c.g.r.RouteDefinitionRouteLocator    : Loaded RoutePredicateFactory [RemoteAddr]
2025-09-05 15:18:58.766  INFO 3440 --- [           main] o.s.c.g.r.RouteDefinitionRouteLocator    : Loaded RoutePredicateFactory [Weight]
2025-09-05 15:18:58.766  INFO 3440 --- [           main] o.s.c.g.r.RouteDefinitionRouteLocator    : Loaded RoutePredicateFactory [CloudFoundryRouteService]
2025-09-05 15:18:59.450  INFO 3440 --- [           main] o.s.b.a.e.web.EndpointLinksResolver      : Exposing 2 endpoint(s) beneath base path '/actuator'
2025-09-05 15:18:59.970  INFO 3440 --- [           main] o.e.jetty.server.AbstractConnector       : Started ServerConnector@70818ab8{HTTP/1.1, (http/1.1)}{0.0.0.0:53315}
2025-09-05 15:18:59.972  INFO 3440 --- [           main] o.s.b.web.embedded.jetty.JettyWebServer  : Jetty started on port(s) 53315 (http/1.1) with context path '/'
2025-09-05 15:19:00.035  INFO 3440 --- [           main] c.e.gateway.config.DynamicRouteLocator   : Loading dynamic routes from configuration
2025-09-05 15:19:00.035  INFO 3440 --- [           main] c.e.gateway.config.DynamicRouteLocator   : No route configurations found
2025-09-05 15:19:00.036  INFO 3440 --- [           main] c.e.g.config.OptimizedRouteLocator       : Route configuration changed, rebuilding cache
2025-09-05 15:19:00.037  INFO 3440 --- [           main] c.e.g.config.OptimizedRouteLocator       : No route configurations found
2025-09-05 15:19:00.255  INFO 3440 --- [           main] c.e.gateway.service.RouteRefreshService  : Received RefreshRoutesEvent, routes will be reloaded
2025-09-05 15:19:00.256  WARN 3440 --- [           main] c.e.gateway.service.RouteRefreshService  : No routes found in current configuration
2025-09-05 15:19:00.261  INFO 3440 --- [           main] c.e.gateway.EndToEndIntegrationTest      : Started EndToEndIntegrationTest in 5.437 seconds (JVM running for 6.56)
2025-09-05 15:19:00.269  INFO 3440 --- [           main] c.e.g.c.GatewayRoutingConfiguration      : Validating gateway routing configuration...
2025-09-05 15:19:00.269  WARN 3440 --- [           main] c.e.g.c.GatewayRoutingConfiguration      : No routes configured in gateway.routes property
2025-09-05 15:19:00.541  INFO 3440 --- [           main] org.eclipse.jetty.server.Server          : jetty-9.4.30.v20200611; built: 2020-06-11T12:34:51.929Z; git: 271836e4c1f4612f12b7bb13ef5a92a927634b0d; jvm 1.8.0_452-b09
2025-09-05 15:19:00.549  INFO 3440 --- [           main] o.e.jetty.server.handler.ContextHandler  : Started o.e.j.s.ServletContextHandler@7f8c48f3{/__admin,null,AVAILABLE}
2025-09-05 15:19:00.550  INFO 3440 --- [           main] o.e.jetty.server.handler.ContextHandler  : Started o.e.j.s.ServletContextHandler@7cca31fc{/,null,AVAILABLE}
2025-09-05 15:19:00.554  INFO 3440 --- [           main] o.e.jetty.server.AbstractConnector       : Started NetworkTrafficServerConnector@6d815fb7{HTTP/1.1, (http/1.1)}{0.0.0.0:8081}
2025-09-05 15:19:00.555  INFO 3440 --- [           main] org.eclipse.jetty.server.Server          : Started @6853ms
2025-09-05 15:19:00.555  INFO 3440 --- [           main] org.eclipse.jetty.server.Server          : jetty-9.4.30.v20200611; built: 2020-06-11T12:34:51.929Z; git: 271836e4c1f4612f12b7bb13ef5a92a927634b0d; jvm 1.8.0_452-b09
2025-09-05 15:19:00.557  INFO 3440 --- [           main] o.e.jetty.server.handler.ContextHandler  : Started o.e.j.s.ServletContextHandler@34f23816{/__admin,null,AVAILABLE}
2025-09-05 15:19:00.558  INFO 3440 --- [           main] o.e.jetty.server.handler.ContextHandler  : Started o.e.j.s.ServletContextHandler@6736f40f{/,null,AVAILABLE}
2025-09-05 15:19:00.560  INFO 3440 --- [           main] o.e.jetty.server.AbstractConnector       : Started NetworkTrafficServerConnector@3d1c52f5{HTTP/1.1, (http/1.1)}{0.0.0.0:8082}
2025-09-05 15:19:00.560  INFO 3440 --- [           main] org.eclipse.jetty.server.Server          : Started @6859ms
2025-09-05 15:19:00.734  INFO 3440 --- [ttp@6daf7d37-24] c.e.gateway.filter.RequestLoggingFilter  : Request: POST /user/logout
2025-09-05 15:19:00.738 ERROR 3440 --- [ttp@6daf7d37-24] c.e.gateway.filter.RequestLoggingFilter  : Request failed: /user/logout after 4ms - org.springframework.core.io.buffer.DefaultDataBufferFactory cannot be cast to org.springframework.core.io.buffer.NettyDataBufferFactory
2025-09-05 15:19:00.763 ERROR 3440 --- [ttp@6daf7d37-24] a.w.r.e.AbstractErrorWebExceptionHandler : [36800953]  500 Server Error for HTTP POST "/user/logout"

java.lang.ClassCastException: org.springframework.core.io.buffer.DefaultDataBufferFactory cannot be cast to org.springframework.core.io.buffer.NettyDataBufferFactory
	at org.springframework.cloud.gateway.support.ServerWebExchangeUtils.cacheRequestBody(ServerWebExchangeUtils.java:362) ~[spring-cloud-gateway-core-2.2.4.RELEASE.jar:2.2.4.RELEASE]
	Suppressed: reactor.core.publisher.FluxOnAssembly$OnAssemblyException: 
Error has been observed at the following site(s):
	|_ checkpoint ⇢ org.springframework.cloud.gateway.filter.WeightCalculatorWebFilter [DefaultWebFilterChain]
	|_ checkpoint ⇢ org.springframework.boot.actuate.metrics.web.reactive.server.MetricsWebFilter [DefaultWebFilterChain]
	|_ checkpoint ⇢ HTTP POST "/user/logout" [ExceptionHandlingWebHandler]
Stack trace:
		at org.springframework.cloud.gateway.support.ServerWebExchangeUtils.cacheRequestBody(ServerWebExchangeUtils.java:362) ~[spring-cloud-gateway-core-2.2.4.RELEASE.jar:2.2.4.RELEASE]
		at org.springframework.cloud.gateway.support.ServerWebExchangeUtils.cacheRequestBody(ServerWebExchangeUtils.java:340) ~[spring-cloud-gateway-core-2.2.4.RELEASE.jar:2.2.4.RELEASE]
		at org.springframework.cloud.gateway.filter.AdaptCachedBodyGlobalFilter.filter(AdaptCachedBodyGlobalFilter.java:73) ~[spring-cloud-gateway-core-2.2.4.RELEASE.jar:2.2.4.RELEASE]
		at org.springframework.cloud.gateway.handler.FilteringWebHandler$GatewayFilterAdapter.filter(FilteringWebHandler.java:138) ~[spring-cloud-gateway-core-2.2.4.RELEASE.jar:2.2.4.RELEASE]
		at org.springframework.cloud.gateway.filter.OrderedGatewayFilter.filter(OrderedGatewayFilter.java:44) ~[spring-cloud-gateway-core-2.2.4.RELEASE.jar:2.2.4.RELEASE]
		at org.springframework.cloud.gateway.handler.FilteringWebHandler$DefaultGatewayFilterChain.lambda$filter$0(FilteringWebHandler.java:118) ~[spring-cloud-gateway-core-2.2.4.RELEASE.jar:2.2.4.RELEASE]
		at reactor.core.publisher.MonoDefer.subscribe(MonoDefer.java:44) [reactor-core-3.3.8.RELEASE.jar:3.3.8.RELEASE]
		at reactor.core.publisher.InternalMonoOperator.subscribe(InternalMonoOperator.java:64) ~[reactor-core-3.3.8.RELEASE.jar:3.3.8.RELEASE]
		at reactor.core.publisher.MonoDefer.subscribe(MonoDefer.java:52) [reactor-core-3.3.8.RELEASE.jar:3.3.8.RELEASE]
		at reactor.core.publisher.InternalMonoOperator.subscribe(InternalMonoOperator.java:64) ~[reactor-core-3.3.8.RELEASE.jar:3.3.8.RELEASE]
		at reactor.core.publisher.MonoDefer.subscribe(MonoDefer.java:52) [reactor-core-3.3.8.RELEASE.jar:3.3.8.RELEASE]
		at reactor.core.publisher.InternalMonoOperator.subscribe(InternalMonoOperator.java:64) ~[reactor-core-3.3.8.RELEASE.jar:3.3.8.RELEASE]
		at reactor.core.publisher.MonoDefer.subscribe(MonoDefer.java:52) [reactor-core-3.3.8.RELEASE.jar:3.3.8.RELEASE]
		at reactor.core.publisher.Mono.subscribe(Mono.java:4213) ~[reactor-core-3.3.8.RELEASE.jar:3.3.8.RELEASE]
		at reactor.core.publisher.MonoIgnoreThen$ThenIgnoreMain.drain(MonoIgnoreThen.java:172) ~[reactor-core-3.3.8.RELEASE.jar:3.3.8.RELEASE]
		at reactor.core.publisher.MonoIgnoreThen.subscribe(MonoIgnoreThen.java:56) ~[reactor-core-3.3.8.RELEASE.jar:3.3.8.RELEASE]
		at reactor.core.publisher.MonoFlatMap$FlatMapMain.onNext(MonoFlatMap.java:150) ~[reactor-core-3.3.8.RELEASE.jar:3.3.8.RELEASE]
		at reactor.core.publisher.FluxSwitchIfEmpty$SwitchIfEmptySubscriber.onNext(FluxSwitchIfEmpty.java:67) ~[reactor-core-3.3.8.RELEASE.jar:3.3.8.RELEASE]
		at reactor.core.publisher.MonoNext$NextSubscriber.onNext(MonoNext.java:76) ~[reactor-core-3.3.8.RELEASE.jar:3.3.8.RELEASE]
		at reactor.core.publisher.FluxConcatMap$ConcatMapImmediate.innerNext(FluxConcatMap.java:274) ~[reactor-core-3.3.8.RELEASE.jar:3.3.8.RELEASE]
		at reactor.core.publisher.FluxConcatMap$ConcatMapInner.onNext(FluxConcatMap.java:851) ~[reactor-core-3.3.8.RELEASE.jar:3.3.8.RELEASE]
		at reactor.core.publisher.FluxMap$MapSubscriber.onNext(FluxMap.java:114) ~[reactor-core-3.3.8.RELEASE.jar:3.3.8.RELEASE]
		at reactor.core.publisher.FluxSwitchIfEmpty$SwitchIfEmptySubscriber.onNext(FluxSwitchIfEmpty.java:67) ~[reactor-core-3.3.8.RELEASE.jar:3.3.8.RELEASE]
		at reactor.core.publisher.Operators$MonoSubscriber.complete(Operators.java:1782) ~[reactor-core-3.3.8.RELEASE.jar:3.3.8.RELEASE]
		at reactor.core.publisher.MonoFlatMap$FlatMapMain.onNext(MonoFlatMap.java:144) ~[reactor-core-3.3.8.RELEASE.jar:3.3.8.RELEASE]
		at reactor.core.publisher.FluxMap$MapSubscriber.onNext(FluxMap.java:114) ~[reactor-core-3.3.8.RELEASE.jar:3.3.8.RELEASE]
		at reactor.core.publisher.MonoNext$NextSubscriber.onNext(MonoNext.java:76) ~[reactor-core-3.3.8.RELEASE.jar:3.3.8.RELEASE]
		at reactor.core.publisher.FluxConcatMap$ConcatMapImmediate.innerNext(FluxConcatMap.java:274) ~[reactor-core-3.3.8.RELEASE.jar:3.3.8.RELEASE]
		at reactor.core.publisher.FluxConcatMap$ConcatMapInner.onNext(FluxConcatMap.java:851) ~[reactor-core-3.3.8.RELEASE.jar:3.3.8.RELEASE]
		at reactor.core.publisher.FluxOnErrorResume$ResumeSubscriber.onNext(FluxOnErrorResume.java:73) ~[reactor-core-3.3.8.RELEASE.jar:3.3.8.RELEASE]
		at reactor.core.publisher.MonoPeekTerminal$MonoTerminalPeekSubscriber.onNext(MonoPeekTerminal.java:173) ~[reactor-core-3.3.8.RELEASE.jar:3.3.8.RELEASE]
		at reactor.core.publisher.Operators$MonoSubscriber.complete(Operators.java:1782) ~[reactor-core-3.3.8.RELEASE.jar:3.3.8.RELEASE]
		at reactor.core.publisher.MonoFilterWhen$MonoFilterWhenMain.onNext(MonoFilterWhen.java:140) ~[reactor-core-3.3.8.RELEASE.jar:3.3.8.RELEASE]
		at reactor.core.publisher.Operators$ScalarSubscription.request(Operators.java:2344) ~[reactor-core-3.3.8.RELEASE.jar:3.3.8.RELEASE]
		at reactor.core.publisher.MonoFilterWhen$MonoFilterWhenMain.onSubscribe(MonoFilterWhen.java:103) ~[reactor-core-3.3.8.RELEASE.jar:3.3.8.RELEASE]
		at reactor.core.publisher.MonoJust.subscribe(MonoJust.java:54) ~[reactor-core-3.3.8.RELEASE.jar:3.3.8.RELEASE]
		at reactor.core.publisher.Mono.subscribe(Mono.java:4213) ~[reactor-core-3.3.8.RELEASE.jar:3.3.8.RELEASE]
		at reactor.core.publisher.FluxConcatMap$ConcatMapImmediate.drain(FluxConcatMap.java:441) ~[reactor-core-3.3.8.RELEASE.jar:3.3.8.RELEASE]
		at reactor.core.publisher.FluxConcatMap$ConcatMapImmediate.onNext(FluxConcatMap.java:243) ~[reactor-core-3.3.8.RELEASE.jar:3.3.8.RELEASE]
		at reactor.core.publisher.FluxDematerialize$DematerializeSubscriber.onNext(FluxDematerialize.java:91) ~[reactor-core-3.3.8.RELEASE.jar:3.3.8.RELEASE]
		at reactor.core.publisher.FluxDematerialize$DematerializeSubscriber.onNext(FluxDematerialize.java:38) ~[reactor-core-3.3.8.RELEASE.jar:3.3.8.RELEASE]
		at reactor.core.publisher.FluxIterable$IterableSubscription.slowPath(FluxIterable.java:267) ~[reactor-core-3.3.8.RELEASE.jar:3.3.8.RELEASE]
		at reactor.core.publisher.FluxIterable$IterableSubscription.request(FluxIterable.java:225) ~[reactor-core-3.3.8.RELEASE.jar:3.3.8.RELEASE]
		at reactor.core.publisher.FluxDematerialize$DematerializeSubscriber.request(FluxDematerialize.java:120) ~[reactor-core-3.3.8.RELEASE.jar:3.3.8.RELEASE]
		at reactor.core.publisher.FluxConcatMap$ConcatMapImmediate.onSubscribe(FluxConcatMap.java:228) ~[reactor-core-3.3.8.RELEASE.jar:3.3.8.RELEASE]
		at reactor.core.publisher.FluxDematerialize$DematerializeSubscriber.onSubscribe(FluxDematerialize.java:70) ~[reactor-core-3.3.8.RELEASE.jar:3.3.8.RELEASE]
		at reactor.core.publisher.FluxIterable.subscribe(FluxIterable.java:161) ~[reactor-core-3.3.8.RELEASE.jar:3.3.8.RELEASE]
		at reactor.core.publisher.FluxIterable.subscribe(FluxIterable.java:86) ~[reactor-core-3.3.8.RELEASE.jar:3.3.8.RELEASE]
		at reactor.core.publisher.InternalFluxOperator.subscribe(InternalFluxOperator.java:62) ~[reactor-core-3.3.8.RELEASE.jar:3.3.8.RELEASE]
		at reactor.core.publisher.FluxDefer.subscribe(FluxDefer.java:54) ~[reactor-core-3.3.8.RELEASE.jar:3.3.8.RELEASE]
		at reactor.core.publisher.Mono.subscribe(Mono.java:4213) ~[reactor-core-3.3.8.RELEASE.jar:3.3.8.RELEASE]
		at reactor.core.publisher.FluxConcatMap$ConcatMapImmediate.drain(FluxConcatMap.java:441) ~[reactor-core-3.3.8.RELEASE.jar:3.3.8.RELEASE]
		at reactor.core.publisher.FluxConcatMap$ConcatMapImmediate.onSubscribe(FluxConcatMap.java:211) ~[reactor-core-3.3.8.RELEASE.jar:3.3.8.RELEASE]
		at reactor.core.publisher.FluxIterable.subscribe(FluxIterable.java:161) ~[reactor-core-3.3.8.RELEASE.jar:3.3.8.RELEASE]
		at reactor.core.publisher.FluxIterable.subscribe(FluxIterable.java:86) ~[reactor-core-3.3.8.RELEASE.jar:3.3.8.RELEASE]
		at reactor.core.publisher.InternalMonoOperator.subscribe(InternalMonoOperator.java:64) ~[reactor-core-3.3.8.RELEASE.jar:3.3.8.RELEASE]
		at reactor.core.publisher.MonoDefer.subscribe(MonoDefer.java:52) [reactor-core-3.3.8.RELEASE.jar:3.3.8.RELEASE]
		at reactor.core.publisher.InternalMonoOperator.subscribe(InternalMonoOperator.java:64) ~[reactor-core-3.3.8.RELEASE.jar:3.3.8.RELEASE]
		at reactor.core.publisher.MonoDefer.subscribe(MonoDefer.java:52) [reactor-core-3.3.8.RELEASE.jar:3.3.8.RELEASE]
		at reactor.core.publisher.InternalMonoOperator.subscribe(InternalMonoOperator.java:64) ~[reactor-core-3.3.8.RELEASE.jar:3.3.8.RELEASE]
		at reactor.core.publisher.MonoDefer.subscribe(MonoDefer.java:52) [reactor-core-3.3.8.RELEASE.jar:3.3.8.RELEASE]
		at reactor.core.publisher.InternalMonoOperator.subscribe(InternalMonoOperator.java:64) ~[reactor-core-3.3.8.RELEASE.jar:3.3.8.RELEASE]
		at reactor.core.publisher.MonoDefer.subscribe(MonoDefer.java:52) [reactor-core-3.3.8.RELEASE.jar:3.3.8.RELEASE]
		at reactor.core.publisher.Mono.subscribe(Mono.java:4213) ~[reactor-core-3.3.8.RELEASE.jar:3.3.8.RELEASE]
		at reactor.core.publisher.MonoIgnoreThen$ThenIgnoreMain.drain(MonoIgnoreThen.java:172) ~[reactor-core-3.3.8.RELEASE.jar:3.3.8.RELEASE]
		at reactor.core.publisher.MonoIgnoreThen.subscribe(MonoIgnoreThen.java:56) ~[reactor-core-3.3.8.RELEASE.jar:3.3.8.RELEASE]
		at reactor.core.publisher.Mono.subscribe(Mono.java:4213) ~[reactor-core-3.3.8.RELEASE.jar:3.3.8.RELEASE]
		at org.springframework.http.server.reactive.ServletHttpHandlerAdapter.service(ServletHttpHandlerAdapter.java:192) ~[spring-web-5.2.8.RELEASE.jar:5.2.8.RELEASE]
		at org.eclipse.jetty.servlet.ServletHolder.handle(ServletHolder.java:763) ~[jetty-servlet-9.4.30.v20200611.jar:9.4.30.v20200611]
		at org.eclipse.jetty.servlet.ServletHandler.doHandle(ServletHandler.java:551) ~[jetty-servlet-9.4.30.v20200611.jar:9.4.30.v20200611]
		at org.eclipse.jetty.server.handler.ScopedHandler.nextHandle(ScopedHandler.java:233) ~[jetty-server-9.4.30.v20200611.jar:9.4.30.v20200611]
		at org.eclipse.jetty.server.handler.ContextHandler.doHandle(ContextHandler.java:1369) ~[jetty-server-9.4.30.v20200611.jar:9.4.30.v20200611]
		at org.eclipse.jetty.server.handler.ScopedHandler.nextScope(ScopedHandler.java:188) ~[jetty-server-9.4.30.v20200611.jar:9.4.30.v20200611]
		at org.eclipse.jetty.servlet.ServletHandler.doScope(ServletHandler.java:489) ~[jetty-servlet-9.4.30.v20200611.jar:9.4.30.v20200611]
		at org.eclipse.jetty.server.handler.ScopedHandler.nextScope(ScopedHandler.java:186) ~[jetty-server-9.4.30.v20200611.jar:9.4.30.v20200611]
		at org.eclipse.jetty.server.handler.ContextHandler.doScope(ContextHandler.java:1284) ~[jetty-server-9.4.30.v20200611.jar:9.4.30.v20200611]
		at org.eclipse.jetty.server.handler.ScopedHandler.handle(ScopedHandler.java:141) ~[jetty-server-9.4.30.v20200611.jar:9.4.30.v20200611]
		at org.eclipse.jetty.server.handler.HandlerWrapper.handle(HandlerWrapper.java:127) ~[jetty-server-9.4.30.v20200611.jar:9.4.30.v20200611]
		at org.eclipse.jetty.server.Server.handle(Server.java:501) ~[jetty-server-9.4.30.v20200611.jar:9.4.30.v20200611]
		at org.eclipse.jetty.server.HttpChannel.lambda$handle$1(HttpChannel.java:383) ~[jetty-server-9.4.30.v20200611.jar:9.4.30.v20200611]
		at org.eclipse.jetty.server.HttpChannel.dispatch(HttpChannel.java:556) ~[jetty-server-9.4.30.v20200611.jar:9.4.30.v20200611]
		at org.eclipse.jetty.server.HttpChannel.handle(HttpChannel.java:375) ~[jetty-server-9.4.30.v20200611.jar:9.4.30.v20200611]
		at org.eclipse.jetty.server.HttpConnection.onFillable(HttpConnection.java:272) ~[jetty-server-9.4.30.v20200611.jar:9.4.30.v20200611]
		at org.eclipse.jetty.io.AbstractConnection$ReadCallback.succeeded(AbstractConnection.java:311) ~[jetty-io-9.4.30.v20200611.jar:9.4.30.v20200611]
		at org.eclipse.jetty.io.FillInterest.fillable(FillInterest.java:103) ~[jetty-io-9.4.30.v20200611.jar:9.4.30.v20200611]
		at org.eclipse.jetty.io.ChannelEndPoint$1.run(ChannelEndPoint.java:104) ~[jetty-io-9.4.30.v20200611.jar:9.4.30.v20200611]
		at org.eclipse.jetty.util.thread.QueuedThreadPool.runJob(QueuedThreadPool.java:806) ~[jetty-util-9.4.30.v20200611.jar:9.4.30.v20200611]
		at org.eclipse.jetty.util.thread.QueuedThreadPool$Runner.run(QueuedThreadPool.java:938) ~[jetty-util-9.4.30.v20200611.jar:9.4.30.v20200611]
		at java.lang.Thread.run(Thread.java:750) ~[na:1.8.0_452]

2025-09-05 15:19:00.870  INFO 3440 --- [           main] o.e.jetty.server.AbstractConnector       : Stopped NetworkTrafficServerConnector@6d815fb7{HTTP/1.1, (http/1.1)}{0.0.0.0:8081}
2025-09-05 15:19:00.871  INFO 3440 --- [           main] o.e.jetty.server.handler.ContextHandler  : Stopped o.e.j.s.ServletContextHandler@7cca31fc{/,null,UNAVAILABLE}
2025-09-05 15:19:00.872  INFO 3440 --- [           main] o.e.jetty.server.handler.ContextHandler  : Stopped o.e.j.s.ServletContextHandler@7f8c48f3{/__admin,null,UNAVAILABLE}
2025-09-05 15:19:00.873  INFO 3440 --- [           main] o.e.jetty.server.AbstractConnector       : Stopped NetworkTrafficServerConnector@3d1c52f5{HTTP/1.1, (http/1.1)}{0.0.0.0:8082}
2025-09-05 15:19:00.874  INFO 3440 --- [           main] o.e.jetty.server.handler.ContextHandler  : Stopped o.e.j.s.ServletContextHandler@6736f40f{/,null,UNAVAILABLE}
2025-09-05 15:19:00.875  INFO 3440 --- [           main] o.e.jetty.server.handler.ContextHandler  : Stopped o.e.j.s.ServletContextHandler@34f23816{/__admin,null,UNAVAILABLE}
]]></system-out>
  </testcase>
  <testcase name="testProductServiceFlow_ThroughGateway" classname="com.example.gateway.EndToEndIntegrationTest" time="0.092">
    <failure message="expected: &lt;200 OK&gt; but was: &lt;500 INTERNAL_SERVER_ERROR&gt;" type="org.opentest4j.AssertionFailedError"><![CDATA[org.opentest4j.AssertionFailedError: expected: <200 OK> but was: <500 INTERNAL_SERVER_ERROR>
	at org.junit.jupiter.api.AssertionUtils.fail(AssertionUtils.java:55)
	at org.junit.jupiter.api.AssertionUtils.failNotEqual(AssertionUtils.java:62)
	at org.junit.jupiter.api.AssertEquals.assertEquals(AssertEquals.java:182)
	at org.junit.jupiter.api.AssertEquals.assertEquals(AssertEquals.java:177)
	at org.junit.jupiter.api.Assertions.assertEquals(Assertions.java:1124)
	at com.example.gateway.EndToEndIntegrationTest.testProductServiceFlow_ThroughGateway(EndToEndIntegrationTest.java:143)
	at sun.reflect.NativeMethodAccessorImpl.invoke0(Native Method)
	at sun.reflect.NativeMethodAccessorImpl.invoke(NativeMethodAccessorImpl.java:62)
	at sun.reflect.DelegatingMethodAccessorImpl.invoke(DelegatingMethodAccessorImpl.java:43)
	at java.lang.reflect.Method.invoke(Method.java:498)
	at org.junit.platform.commons.util.ReflectionUtils.invokeMethod(ReflectionUtils.java:686)
	at org.junit.jupiter.engine.execution.MethodInvocation.proceed(MethodInvocation.java:60)
	at org.junit.jupiter.engine.execution.InvocationInterceptorChain$ValidatingInvocation.proceed(InvocationInterceptorChain.java:131)
	at org.junit.jupiter.engine.extension.TimeoutExtension.intercept(TimeoutExtension.java:149)
	at org.junit.jupiter.engine.extension.TimeoutExtension.interceptTestableMethod(TimeoutExtension.java:140)
	at org.junit.jupiter.engine.extension.TimeoutExtension.interceptTestMethod(TimeoutExtension.java:84)
	at org.junit.jupiter.engine.execution.ExecutableInvoker$ReflectiveInterceptorCall.lambda$ofVoidMethod$0(ExecutableInvoker.java:115)
	at org.junit.jupiter.engine.execution.ExecutableInvoker.lambda$invoke$0(ExecutableInvoker.java:105)
	at org.junit.jupiter.engine.execution.InvocationInterceptorChain$InterceptedInvocation.proceed(InvocationInterceptorChain.java:106)
	at org.junit.jupiter.engine.execution.InvocationInterceptorChain.proceed(InvocationInterceptorChain.java:64)
	at org.junit.jupiter.engine.execution.InvocationInterceptorChain.chainAndInvoke(InvocationInterceptorChain.java:45)
	at org.junit.jupiter.engine.execution.InvocationInterceptorChain.invoke(InvocationInterceptorChain.java:37)
	at org.junit.jupiter.engine.execution.ExecutableInvoker.invoke(ExecutableInvoker.java:104)
	at org.junit.jupiter.engine.execution.ExecutableInvoker.invoke(ExecutableInvoker.java:98)
	at org.junit.jupiter.engine.descriptor.TestMethodTestDescriptor.lambda$invokeTestMethod$6(TestMethodTestDescriptor.java:212)
	at org.junit.platform.engine.support.hierarchical.ThrowableCollector.execute(ThrowableCollector.java:73)
	at org.junit.jupiter.engine.descriptor.TestMethodTestDescriptor.invokeTestMethod(TestMethodTestDescriptor.java:208)
	at org.junit.jupiter.engine.descriptor.TestMethodTestDescriptor.execute(TestMethodTestDescriptor.java:137)
	at org.junit.jupiter.engine.descriptor.TestMethodTestDescriptor.execute(TestMethodTestDescriptor.java:71)
	at org.junit.platform.engine.support.hierarchical.NodeTestTask.lambda$executeRecursively$5(NodeTestTask.java:135)
	at org.junit.platform.engine.support.hierarchical.ThrowableCollector.execute(ThrowableCollector.java:73)
	at org.junit.platform.engine.support.hierarchical.NodeTestTask.lambda$executeRecursively$7(NodeTestTask.java:125)
	at org.junit.platform.engine.support.hierarchical.Node.around(Node.java:135)
	at org.junit.platform.engine.support.hierarchical.NodeTestTask.lambda$executeRecursively$8(NodeTestTask.java:123)
	at org.junit.platform.engine.support.hierarchical.ThrowableCollector.execute(ThrowableCollector.java:73)
	at org.junit.platform.engine.support.hierarchical.NodeTestTask.executeRecursively(NodeTestTask.java:122)
	at org.junit.platform.engine.support.hierarchical.NodeTestTask.execute(NodeTestTask.java:80)
	at java.util.ArrayList.forEach(ArrayList.java:1259)
	at org.junit.platform.engine.support.hierarchical.SameThreadHierarchicalTestExecutorService.invokeAll(SameThreadHierarchicalTestExecutorService.java:38)
	at org.junit.platform.engine.support.hierarchical.NodeTestTask.lambda$executeRecursively$5(NodeTestTask.java:139)
	at org.junit.platform.engine.support.hierarchical.ThrowableCollector.execute(ThrowableCollector.java:73)
	at org.junit.platform.engine.support.hierarchical.NodeTestTask.lambda$executeRecursively$7(NodeTestTask.java:125)
	at org.junit.platform.engine.support.hierarchical.Node.around(Node.java:135)
	at org.junit.platform.engine.support.hierarchical.NodeTestTask.lambda$executeRecursively$8(NodeTestTask.java:123)
	at org.junit.platform.engine.support.hierarchical.ThrowableCollector.execute(ThrowableCollector.java:73)
	at org.junit.platform.engine.support.hierarchical.NodeTestTask.executeRecursively(NodeTestTask.java:122)
	at org.junit.platform.engine.support.hierarchical.NodeTestTask.execute(NodeTestTask.java:80)
	at java.util.ArrayList.forEach(ArrayList.java:1259)
	at org.junit.platform.engine.support.hierarchical.SameThreadHierarchicalTestExecutorService.invokeAll(SameThreadHierarchicalTestExecutorService.java:38)
	at org.junit.platform.engine.support.hierarchical.NodeTestTask.lambda$executeRecursively$5(NodeTestTask.java:139)
	at org.junit.platform.engine.support.hierarchical.ThrowableCollector.execute(ThrowableCollector.java:73)
	at org.junit.platform.engine.support.hierarchical.NodeTestTask.lambda$executeRecursively$7(NodeTestTask.java:125)
	at org.junit.platform.engine.support.hierarchical.Node.around(Node.java:135)
	at org.junit.platform.engine.support.hierarchical.NodeTestTask.lambda$executeRecursively$8(NodeTestTask.java:123)
	at org.junit.platform.engine.support.hierarchical.ThrowableCollector.execute(ThrowableCollector.java:73)
	at org.junit.platform.engine.support.hierarchical.NodeTestTask.executeRecursively(NodeTestTask.java:122)
	at org.junit.platform.engine.support.hierarchical.NodeTestTask.execute(NodeTestTask.java:80)
	at org.junit.platform.engine.support.hierarchical.SameThreadHierarchicalTestExecutorService.submit(SameThreadHierarchicalTestExecutorService.java:32)
	at org.junit.platform.engine.support.hierarchical.HierarchicalTestExecutor.execute(HierarchicalTestExecutor.java:57)
	at org.junit.platform.engine.support.hierarchical.HierarchicalTestEngine.execute(HierarchicalTestEngine.java:51)
	at org.junit.platform.launcher.core.DefaultLauncher.execute(DefaultLauncher.java:248)
	at org.junit.platform.launcher.core.DefaultLauncher.lambda$execute$5(DefaultLauncher.java:211)
	at org.junit.platform.launcher.core.DefaultLauncher.withInterceptedStreams(DefaultLauncher.java:226)
	at org.junit.platform.launcher.core.DefaultLauncher.execute(DefaultLauncher.java:199)
	at org.junit.platform.launcher.core.DefaultLauncher.execute(DefaultLauncher.java:132)
	at org.apache.maven.surefire.junitplatform.LazyLauncher.execute(LazyLauncher.java:56)
	at org.apache.maven.surefire.junitplatform.JUnitPlatformProvider.execute(JUnitPlatformProvider.java:184)
	at org.apache.maven.surefire.junitplatform.JUnitPlatformProvider.invokeAllTests(JUnitPlatformProvider.java:148)
	at org.apache.maven.surefire.junitplatform.JUnitPlatformProvider.invoke(JUnitPlatformProvider.java:122)
	at org.apache.maven.surefire.booter.ForkedBooter.runSuitesInProcess(ForkedBooter.java:385)
	at org.apache.maven.surefire.booter.ForkedBooter.execute(ForkedBooter.java:162)
	at org.apache.maven.surefire.booter.ForkedBooter.run(ForkedBooter.java:507)
	at org.apache.maven.surefire.booter.ForkedBooter.main(ForkedBooter.java:495)
]]></failure>
    <system-out><![CDATA[2025-09-05 15:19:00.939  INFO 3440 --- [           main] org.eclipse.jetty.server.Server          : jetty-9.4.30.v20200611; built: 2020-06-11T12:34:51.929Z; git: 271836e4c1f4612f12b7bb13ef5a92a927634b0d; jvm 1.8.0_452-b09
2025-09-05 15:19:00.945  INFO 3440 --- [           main] o.e.jetty.server.handler.ContextHandler  : Started o.e.j.s.ServletContextHandler@74fc3fc7{/__admin,null,AVAILABLE}
2025-09-05 15:19:00.945  INFO 3440 --- [           main] o.e.jetty.server.handler.ContextHandler  : Started o.e.j.s.ServletContextHandler@491893f8{/,null,AVAILABLE}
2025-09-05 15:19:00.948  INFO 3440 --- [           main] o.e.jetty.server.AbstractConnector       : Started NetworkTrafficServerConnector@4afcae7{HTTP/1.1, (http/1.1)}{0.0.0.0:8081}
2025-09-05 15:19:00.950  INFO 3440 --- [           main] org.eclipse.jetty.server.Server          : Started @7249ms
2025-09-05 15:19:00.951  INFO 3440 --- [           main] org.eclipse.jetty.server.Server          : jetty-9.4.30.v20200611; built: 2020-06-11T12:34:51.929Z; git: 271836e4c1f4612f12b7bb13ef5a92a927634b0d; jvm 1.8.0_452-b09
2025-09-05 15:19:00.952  INFO 3440 --- [           main] o.e.jetty.server.handler.ContextHandler  : Started o.e.j.s.ServletContextHandler@6c5ae8fd{/__admin,null,AVAILABLE}
2025-09-05 15:19:00.953  INFO 3440 --- [           main] o.e.jetty.server.handler.ContextHandler  : Started o.e.j.s.ServletContextHandler@17354708{/,null,AVAILABLE}
2025-09-05 15:19:00.957  INFO 3440 --- [           main] o.e.jetty.server.AbstractConnector       : Started NetworkTrafficServerConnector@41167ded{HTTP/1.1, (http/1.1)}{0.0.0.0:8082}
2025-09-05 15:19:00.959  INFO 3440 --- [           main] org.eclipse.jetty.server.Server          : Started @7257ms
2025-09-05 15:19:00.974  INFO 3440 --- [ttp@6daf7d37-19] c.e.gateway.filter.RequestLoggingFilter  : Request: GET /product/list
2025-09-05 15:19:00.978 ERROR 3440 --- [ttp@6daf7d37-19] c.e.gateway.filter.RequestLoggingFilter  : Request failed: /product/list after 3ms - org.springframework.core.io.buffer.DefaultDataBufferFactory cannot be cast to org.springframework.core.io.buffer.NettyDataBufferFactory
2025-09-05 15:19:00.987 ERROR 3440 --- [ttp@6daf7d37-19] a.w.r.e.AbstractErrorWebExceptionHandler : [35b75d3b]  500 Server Error for HTTP GET "/product/list"

java.lang.ClassCastException: org.springframework.core.io.buffer.DefaultDataBufferFactory cannot be cast to org.springframework.core.io.buffer.NettyDataBufferFactory
	at org.springframework.cloud.gateway.support.ServerWebExchangeUtils.cacheRequestBody(ServerWebExchangeUtils.java:362) ~[spring-cloud-gateway-core-2.2.4.RELEASE.jar:2.2.4.RELEASE]
	Suppressed: reactor.core.publisher.FluxOnAssembly$OnAssemblyException: 
Error has been observed at the following site(s):
	|_ checkpoint ⇢ org.springframework.cloud.gateway.filter.WeightCalculatorWebFilter [DefaultWebFilterChain]
	|_ checkpoint ⇢ org.springframework.boot.actuate.metrics.web.reactive.server.MetricsWebFilter [DefaultWebFilterChain]
	|_ checkpoint ⇢ HTTP GET "/product/list" [ExceptionHandlingWebHandler]
Stack trace:
		at org.springframework.cloud.gateway.support.ServerWebExchangeUtils.cacheRequestBody(ServerWebExchangeUtils.java:362) ~[spring-cloud-gateway-core-2.2.4.RELEASE.jar:2.2.4.RELEASE]
		at org.springframework.cloud.gateway.support.ServerWebExchangeUtils.cacheRequestBody(ServerWebExchangeUtils.java:340) ~[spring-cloud-gateway-core-2.2.4.RELEASE.jar:2.2.4.RELEASE]
		at org.springframework.cloud.gateway.filter.AdaptCachedBodyGlobalFilter.filter(AdaptCachedBodyGlobalFilter.java:73) ~[spring-cloud-gateway-core-2.2.4.RELEASE.jar:2.2.4.RELEASE]
		at org.springframework.cloud.gateway.handler.FilteringWebHandler$GatewayFilterAdapter.filter(FilteringWebHandler.java:138) ~[spring-cloud-gateway-core-2.2.4.RELEASE.jar:2.2.4.RELEASE]
		at org.springframework.cloud.gateway.filter.OrderedGatewayFilter.filter(OrderedGatewayFilter.java:44) ~[spring-cloud-gateway-core-2.2.4.RELEASE.jar:2.2.4.RELEASE]
		at org.springframework.cloud.gateway.handler.FilteringWebHandler$DefaultGatewayFilterChain.lambda$filter$0(FilteringWebHandler.java:118) ~[spring-cloud-gateway-core-2.2.4.RELEASE.jar:2.2.4.RELEASE]
		at reactor.core.publisher.MonoDefer.subscribe(MonoDefer.java:44) [reactor-core-3.3.8.RELEASE.jar:3.3.8.RELEASE]
		at reactor.core.publisher.InternalMonoOperator.subscribe(InternalMonoOperator.java:64) ~[reactor-core-3.3.8.RELEASE.jar:3.3.8.RELEASE]
		at reactor.core.publisher.MonoDefer.subscribe(MonoDefer.java:52) [reactor-core-3.3.8.RELEASE.jar:3.3.8.RELEASE]
		at reactor.core.publisher.InternalMonoOperator.subscribe(InternalMonoOperator.java:64) ~[reactor-core-3.3.8.RELEASE.jar:3.3.8.RELEASE]
		at reactor.core.publisher.MonoDefer.subscribe(MonoDefer.java:52) [reactor-core-3.3.8.RELEASE.jar:3.3.8.RELEASE]
		at reactor.core.publisher.InternalMonoOperator.subscribe(InternalMonoOperator.java:64) ~[reactor-core-3.3.8.RELEASE.jar:3.3.8.RELEASE]
		at reactor.core.publisher.MonoDefer.subscribe(MonoDefer.java:52) [reactor-core-3.3.8.RELEASE.jar:3.3.8.RELEASE]
		at reactor.core.publisher.Mono.subscribe(Mono.java:4213) ~[reactor-core-3.3.8.RELEASE.jar:3.3.8.RELEASE]
		at reactor.core.publisher.MonoIgnoreThen$ThenIgnoreMain.drain(MonoIgnoreThen.java:172) ~[reactor-core-3.3.8.RELEASE.jar:3.3.8.RELEASE]
		at reactor.core.publisher.MonoIgnoreThen.subscribe(MonoIgnoreThen.java:56) ~[reactor-core-3.3.8.RELEASE.jar:3.3.8.RELEASE]
		at reactor.core.publisher.MonoFlatMap$FlatMapMain.onNext(MonoFlatMap.java:150) ~[reactor-core-3.3.8.RELEASE.jar:3.3.8.RELEASE]
		at reactor.core.publisher.FluxSwitchIfEmpty$SwitchIfEmptySubscriber.onNext(FluxSwitchIfEmpty.java:67) ~[reactor-core-3.3.8.RELEASE.jar:3.3.8.RELEASE]
		at reactor.core.publisher.MonoNext$NextSubscriber.onNext(MonoNext.java:76) ~[reactor-core-3.3.8.RELEASE.jar:3.3.8.RELEASE]
		at reactor.core.publisher.FluxConcatMap$ConcatMapImmediate.innerNext(FluxConcatMap.java:274) ~[reactor-core-3.3.8.RELEASE.jar:3.3.8.RELEASE]
		at reactor.core.publisher.FluxConcatMap$ConcatMapInner.onNext(FluxConcatMap.java:851) ~[reactor-core-3.3.8.RELEASE.jar:3.3.8.RELEASE]
		at reactor.core.publisher.FluxMap$MapSubscriber.onNext(FluxMap.java:114) ~[reactor-core-3.3.8.RELEASE.jar:3.3.8.RELEASE]
		at reactor.core.publisher.FluxSwitchIfEmpty$SwitchIfEmptySubscriber.onNext(FluxSwitchIfEmpty.java:67) ~[reactor-core-3.3.8.RELEASE.jar:3.3.8.RELEASE]
		at reactor.core.publisher.Operators$MonoSubscriber.complete(Operators.java:1782) ~[reactor-core-3.3.8.RELEASE.jar:3.3.8.RELEASE]
		at reactor.core.publisher.MonoFlatMap$FlatMapMain.onNext(MonoFlatMap.java:144) ~[reactor-core-3.3.8.RELEASE.jar:3.3.8.RELEASE]
		at reactor.core.publisher.FluxMap$MapSubscriber.onNext(FluxMap.java:114) ~[reactor-core-3.3.8.RELEASE.jar:3.3.8.RELEASE]
		at reactor.core.publisher.MonoNext$NextSubscriber.onNext(MonoNext.java:76) ~[reactor-core-3.3.8.RELEASE.jar:3.3.8.RELEASE]
		at reactor.core.publisher.FluxConcatMap$ConcatMapImmediate.innerNext(FluxConcatMap.java:274) ~[reactor-core-3.3.8.RELEASE.jar:3.3.8.RELEASE]
		at reactor.core.publisher.FluxConcatMap$ConcatMapInner.onNext(FluxConcatMap.java:851) ~[reactor-core-3.3.8.RELEASE.jar:3.3.8.RELEASE]
		at reactor.core.publisher.FluxOnErrorResume$ResumeSubscriber.onNext(FluxOnErrorResume.java:73) ~[reactor-core-3.3.8.RELEASE.jar:3.3.8.RELEASE]
		at reactor.core.publisher.MonoPeekTerminal$MonoTerminalPeekSubscriber.onNext(MonoPeekTerminal.java:173) ~[reactor-core-3.3.8.RELEASE.jar:3.3.8.RELEASE]
		at reactor.core.publisher.Operators$MonoSubscriber.complete(Operators.java:1782) ~[reactor-core-3.3.8.RELEASE.jar:3.3.8.RELEASE]
		at reactor.core.publisher.MonoFilterWhen$MonoFilterWhenMain.onNext(MonoFilterWhen.java:140) ~[reactor-core-3.3.8.RELEASE.jar:3.3.8.RELEASE]
		at reactor.core.publisher.Operators$ScalarSubscription.request(Operators.java:2344) ~[reactor-core-3.3.8.RELEASE.jar:3.3.8.RELEASE]
		at reactor.core.publisher.MonoFilterWhen$MonoFilterWhenMain.onSubscribe(MonoFilterWhen.java:103) ~[reactor-core-3.3.8.RELEASE.jar:3.3.8.RELEASE]
		at reactor.core.publisher.MonoJust.subscribe(MonoJust.java:54) ~[reactor-core-3.3.8.RELEASE.jar:3.3.8.RELEASE]
		at reactor.core.publisher.Mono.subscribe(Mono.java:4213) ~[reactor-core-3.3.8.RELEASE.jar:3.3.8.RELEASE]
		at reactor.core.publisher.FluxConcatMap$ConcatMapImmediate.drain(FluxConcatMap.java:441) ~[reactor-core-3.3.8.RELEASE.jar:3.3.8.RELEASE]
		at reactor.core.publisher.FluxConcatMap$ConcatMapImmediate.onNext(FluxConcatMap.java:243) ~[reactor-core-3.3.8.RELEASE.jar:3.3.8.RELEASE]
		at reactor.core.publisher.FluxDematerialize$DematerializeSubscriber.onNext(FluxDematerialize.java:91) ~[reactor-core-3.3.8.RELEASE.jar:3.3.8.RELEASE]
		at reactor.core.publisher.FluxDematerialize$DematerializeSubscriber.onNext(FluxDematerialize.java:38) ~[reactor-core-3.3.8.RELEASE.jar:3.3.8.RELEASE]
		at reactor.core.publisher.FluxIterable$IterableSubscription.slowPath(FluxIterable.java:267) ~[reactor-core-3.3.8.RELEASE.jar:3.3.8.RELEASE]
		at reactor.core.publisher.FluxIterable$IterableSubscription.request(FluxIterable.java:225) ~[reactor-core-3.3.8.RELEASE.jar:3.3.8.RELEASE]
		at reactor.core.publisher.FluxDematerialize$DematerializeSubscriber.request(FluxDematerialize.java:120) ~[reactor-core-3.3.8.RELEASE.jar:3.3.8.RELEASE]
		at reactor.core.publisher.FluxConcatMap$ConcatMapImmediate.onSubscribe(FluxConcatMap.java:228) ~[reactor-core-3.3.8.RELEASE.jar:3.3.8.RELEASE]
		at reactor.core.publisher.FluxDematerialize$DematerializeSubscriber.onSubscribe(FluxDematerialize.java:70) ~[reactor-core-3.3.8.RELEASE.jar:3.3.8.RELEASE]
		at reactor.core.publisher.FluxIterable.subscribe(FluxIterable.java:161) ~[reactor-core-3.3.8.RELEASE.jar:3.3.8.RELEASE]
		at reactor.core.publisher.FluxIterable.subscribe(FluxIterable.java:86) ~[reactor-core-3.3.8.RELEASE.jar:3.3.8.RELEASE]
		at reactor.core.publisher.InternalFluxOperator.subscribe(InternalFluxOperator.java:62) ~[reactor-core-3.3.8.RELEASE.jar:3.3.8.RELEASE]
		at reactor.core.publisher.FluxDefer.subscribe(FluxDefer.java:54) ~[reactor-core-3.3.8.RELEASE.jar:3.3.8.RELEASE]
		at reactor.core.publisher.Mono.subscribe(Mono.java:4213) ~[reactor-core-3.3.8.RELEASE.jar:3.3.8.RELEASE]
		at reactor.core.publisher.FluxConcatMap$ConcatMapImmediate.drain(FluxConcatMap.java:441) ~[reactor-core-3.3.8.RELEASE.jar:3.3.8.RELEASE]
		at reactor.core.publisher.FluxConcatMap$ConcatMapImmediate.onSubscribe(FluxConcatMap.java:211) ~[reactor-core-3.3.8.RELEASE.jar:3.3.8.RELEASE]
		at reactor.core.publisher.FluxIterable.subscribe(FluxIterable.java:161) ~[reactor-core-3.3.8.RELEASE.jar:3.3.8.RELEASE]
		at reactor.core.publisher.FluxIterable.subscribe(FluxIterable.java:86) ~[reactor-core-3.3.8.RELEASE.jar:3.3.8.RELEASE]
		at reactor.core.publisher.InternalMonoOperator.subscribe(InternalMonoOperator.java:64) ~[reactor-core-3.3.8.RELEASE.jar:3.3.8.RELEASE]
		at reactor.core.publisher.MonoDefer.subscribe(MonoDefer.java:52) [reactor-core-3.3.8.RELEASE.jar:3.3.8.RELEASE]
		at reactor.core.publisher.InternalMonoOperator.subscribe(InternalMonoOperator.java:64) ~[reactor-core-3.3.8.RELEASE.jar:3.3.8.RELEASE]
		at reactor.core.publisher.MonoDefer.subscribe(MonoDefer.java:52) [reactor-core-3.3.8.RELEASE.jar:3.3.8.RELEASE]
		at reactor.core.publisher.InternalMonoOperator.subscribe(InternalMonoOperator.java:64) ~[reactor-core-3.3.8.RELEASE.jar:3.3.8.RELEASE]
		at reactor.core.publisher.MonoDefer.subscribe(MonoDefer.java:52) [reactor-core-3.3.8.RELEASE.jar:3.3.8.RELEASE]
		at reactor.core.publisher.InternalMonoOperator.subscribe(InternalMonoOperator.java:64) ~[reactor-core-3.3.8.RELEASE.jar:3.3.8.RELEASE]
		at reactor.core.publisher.MonoDefer.subscribe(MonoDefer.java:52) [reactor-core-3.3.8.RELEASE.jar:3.3.8.RELEASE]
		at reactor.core.publisher.Mono.subscribe(Mono.java:4213) ~[reactor-core-3.3.8.RELEASE.jar:3.3.8.RELEASE]
		at reactor.core.publisher.MonoIgnoreThen$ThenIgnoreMain.drain(MonoIgnoreThen.java:172) ~[reactor-core-3.3.8.RELEASE.jar:3.3.8.RELEASE]
		at reactor.core.publisher.MonoIgnoreThen.subscribe(MonoIgnoreThen.java:56) ~[reactor-core-3.3.8.RELEASE.jar:3.3.8.RELEASE]
		at reactor.core.publisher.Mono.subscribe(Mono.java:4213) ~[reactor-core-3.3.8.RELEASE.jar:3.3.8.RELEASE]
		at org.springframework.http.server.reactive.ServletHttpHandlerAdapter.service(ServletHttpHandlerAdapter.java:192) ~[spring-web-5.2.8.RELEASE.jar:5.2.8.RELEASE]
		at org.eclipse.jetty.servlet.ServletHolder.handle(ServletHolder.java:763) ~[jetty-servlet-9.4.30.v20200611.jar:9.4.30.v20200611]
		at org.eclipse.jetty.servlet.ServletHandler.doHandle(ServletHandler.java:551) ~[jetty-servlet-9.4.30.v20200611.jar:9.4.30.v20200611]
		at org.eclipse.jetty.server.handler.ScopedHandler.nextHandle(ScopedHandler.java:233) ~[jetty-server-9.4.30.v20200611.jar:9.4.30.v20200611]
		at org.eclipse.jetty.server.handler.ContextHandler.doHandle(ContextHandler.java:1369) ~[jetty-server-9.4.30.v20200611.jar:9.4.30.v20200611]
		at org.eclipse.jetty.server.handler.ScopedHandler.nextScope(ScopedHandler.java:188) ~[jetty-server-9.4.30.v20200611.jar:9.4.30.v20200611]
		at org.eclipse.jetty.servlet.ServletHandler.doScope(ServletHandler.java:489) ~[jetty-servlet-9.4.30.v20200611.jar:9.4.30.v20200611]
		at org.eclipse.jetty.server.handler.ScopedHandler.nextScope(ScopedHandler.java:186) ~[jetty-server-9.4.30.v20200611.jar:9.4.30.v20200611]
		at org.eclipse.jetty.server.handler.ContextHandler.doScope(ContextHandler.java:1284) ~[jetty-server-9.4.30.v20200611.jar:9.4.30.v20200611]
		at org.eclipse.jetty.server.handler.ScopedHandler.handle(ScopedHandler.java:141) ~[jetty-server-9.4.30.v20200611.jar:9.4.30.v20200611]
		at org.eclipse.jetty.server.handler.HandlerWrapper.handle(HandlerWrapper.java:127) ~[jetty-server-9.4.30.v20200611.jar:9.4.30.v20200611]
		at org.eclipse.jetty.server.Server.handle(Server.java:501) ~[jetty-server-9.4.30.v20200611.jar:9.4.30.v20200611]
		at org.eclipse.jetty.server.HttpChannel.lambda$handle$1(HttpChannel.java:383) ~[jetty-server-9.4.30.v20200611.jar:9.4.30.v20200611]
		at org.eclipse.jetty.server.HttpChannel.dispatch(HttpChannel.java:556) ~[jetty-server-9.4.30.v20200611.jar:9.4.30.v20200611]
		at org.eclipse.jetty.server.HttpChannel.handle(HttpChannel.java:375) ~[jetty-server-9.4.30.v20200611.jar:9.4.30.v20200611]
		at org.eclipse.jetty.server.HttpConnection.onFillable(HttpConnection.java:272) ~[jetty-server-9.4.30.v20200611.jar:9.4.30.v20200611]
		at org.eclipse.jetty.io.AbstractConnection$ReadCallback.succeeded(AbstractConnection.java:311) ~[jetty-io-9.4.30.v20200611.jar:9.4.30.v20200611]
		at org.eclipse.jetty.io.FillInterest.fillable(FillInterest.java:103) ~[jetty-io-9.4.30.v20200611.jar:9.4.30.v20200611]
		at org.eclipse.jetty.io.ChannelEndPoint$1.run(ChannelEndPoint.java:104) ~[jetty-io-9.4.30.v20200611.jar:9.4.30.v20200611]
		at org.eclipse.jetty.util.thread.strategy.EatWhatYouKill.runTask(EatWhatYouKill.java:336) ~[jetty-util-9.4.30.v20200611.jar:9.4.30.v20200611]
		at org.eclipse.jetty.util.thread.strategy.EatWhatYouKill.doProduce(EatWhatYouKill.java:313) ~[jetty-util-9.4.30.v20200611.jar:9.4.30.v20200611]
		at org.eclipse.jetty.util.thread.strategy.EatWhatYouKill.tryProduce(EatWhatYouKill.java:171) ~[jetty-util-9.4.30.v20200611.jar:9.4.30.v20200611]
		at org.eclipse.jetty.util.thread.strategy.EatWhatYouKill.produce(EatWhatYouKill.java:135) ~[jetty-util-9.4.30.v20200611.jar:9.4.30.v20200611]
		at org.eclipse.jetty.util.thread.QueuedThreadPool.runJob(QueuedThreadPool.java:806) ~[jetty-util-9.4.30.v20200611.jar:9.4.30.v20200611]
		at org.eclipse.jetty.util.thread.QueuedThreadPool$Runner.run(QueuedThreadPool.java:938) ~[jetty-util-9.4.30.v20200611.jar:9.4.30.v20200611]
		at java.lang.Thread.run(Thread.java:750) ~[na:1.8.0_452]

2025-09-05 15:19:00.999  INFO 3440 --- [           main] o.e.jetty.server.AbstractConnector       : Stopped NetworkTrafficServerConnector@4afcae7{HTTP/1.1, (http/1.1)}{0.0.0.0:8081}
2025-09-05 15:19:01.001  INFO 3440 --- [           main] o.e.jetty.server.handler.ContextHandler  : Stopped o.e.j.s.ServletContextHandler@491893f8{/,null,UNAVAILABLE}
2025-09-05 15:19:01.001  INFO 3440 --- [           main] o.e.jetty.server.handler.ContextHandler  : Stopped o.e.j.s.ServletContextHandler@74fc3fc7{/__admin,null,UNAVAILABLE}
2025-09-05 15:19:01.004  INFO 3440 --- [           main] o.e.jetty.server.AbstractConnector       : Stopped NetworkTrafficServerConnector@41167ded{HTTP/1.1, (http/1.1)}{0.0.0.0:8082}
2025-09-05 15:19:01.004  INFO 3440 --- [           main] o.e.jetty.server.handler.ContextHandler  : Stopped o.e.j.s.ServletContextHandler@17354708{/,null,UNAVAILABLE}
2025-09-05 15:19:01.004  INFO 3440 --- [           main] o.e.jetty.server.handler.ContextHandler  : Stopped o.e.j.s.ServletContextHandler@6c5ae8fd{/__admin,null,UNAVAILABLE}
]]></system-out>
  </testcase>
  <testcase name="testGatewayHealthCheck" classname="com.example.gateway.EndToEndIntegrationTest" time="0.176">
    <system-out><![CDATA[2025-09-05 15:19:01.045  INFO 3440 --- [           main] org.eclipse.jetty.server.Server          : jetty-9.4.30.v20200611; built: 2020-06-11T12:34:51.929Z; git: 271836e4c1f4612f12b7bb13ef5a92a927634b0d; jvm 1.8.0_452-b09
2025-09-05 15:19:01.050  INFO 3440 --- [           main] o.e.jetty.server.handler.ContextHandler  : Started o.e.j.s.ServletContextHandler@65db548{/__admin,null,AVAILABLE}
2025-09-05 15:19:01.050  INFO 3440 --- [           main] o.e.jetty.server.handler.ContextHandler  : Started o.e.j.s.ServletContextHandler@150f41b9{/,null,AVAILABLE}
2025-09-05 15:19:01.052  INFO 3440 --- [           main] o.e.jetty.server.AbstractConnector       : Started NetworkTrafficServerConnector@68f776ee{HTTP/1.1, (http/1.1)}{0.0.0.0:8081}
2025-09-05 15:19:01.053  INFO 3440 --- [           main] org.eclipse.jetty.server.Server          : Started @7351ms
2025-09-05 15:19:01.053  INFO 3440 --- [           main] org.eclipse.jetty.server.Server          : jetty-9.4.30.v20200611; built: 2020-06-11T12:34:51.929Z; git: 271836e4c1f4612f12b7bb13ef5a92a927634b0d; jvm 1.8.0_452-b09
2025-09-05 15:19:01.054  INFO 3440 --- [           main] o.e.jetty.server.handler.ContextHandler  : Started o.e.j.s.ServletContextHandler@258a8584{/__admin,null,AVAILABLE}
2025-09-05 15:19:01.055  INFO 3440 --- [           main] o.e.jetty.server.handler.ContextHandler  : Started o.e.j.s.ServletContextHandler@59127611{/,null,AVAILABLE}
2025-09-05 15:19:01.059  INFO 3440 --- [           main] o.e.jetty.server.AbstractConnector       : Started NetworkTrafficServerConnector@cae2a97{HTTP/1.1, (http/1.1)}{0.0.0.0:8082}
2025-09-05 15:19:01.060  INFO 3440 --- [           main] org.eclipse.jetty.server.Server          : Started @7358ms
2025-09-05 15:19:01.182  INFO 3440 --- [           main] o.e.jetty.server.AbstractConnector       : Stopped NetworkTrafficServerConnector@68f776ee{HTTP/1.1, (http/1.1)}{0.0.0.0:8081}
2025-09-05 15:19:01.184  INFO 3440 --- [           main] o.e.jetty.server.handler.ContextHandler  : Stopped o.e.j.s.ServletContextHandler@150f41b9{/,null,UNAVAILABLE}
2025-09-05 15:19:01.185  INFO 3440 --- [           main] o.e.jetty.server.handler.ContextHandler  : Stopped o.e.j.s.ServletContextHandler@65db548{/__admin,null,UNAVAILABLE}
2025-09-05 15:19:01.186  INFO 3440 --- [           main] o.e.jetty.server.AbstractConnector       : Stopped NetworkTrafficServerConnector@cae2a97{HTTP/1.1, (http/1.1)}{0.0.0.0:8082}
2025-09-05 15:19:01.186  INFO 3440 --- [           main] o.e.jetty.server.handler.ContextHandler  : Stopped o.e.j.s.ServletContextHandler@59127611{/,null,UNAVAILABLE}
2025-09-05 15:19:01.186  INFO 3440 --- [           main] o.e.jetty.server.handler.ContextHandler  : Stopped o.e.j.s.ServletContextHandler@258a8584{/__admin,null,UNAVAILABLE}
]]></system-out>
  </testcase>
  <testcase name="testCompleteLoginFlow_ThroughGateway" classname="com.example.gateway.EndToEndIntegrationTest" time="0.191">
    <failure message="expected: &lt;200 OK&gt; but was: &lt;500 INTERNAL_SERVER_ERROR&gt;" type="org.opentest4j.AssertionFailedError"><![CDATA[org.opentest4j.AssertionFailedError: expected: <200 OK> but was: <500 INTERNAL_SERVER_ERROR>
	at org.junit.jupiter.api.AssertionUtils.fail(AssertionUtils.java:55)
	at org.junit.jupiter.api.AssertionUtils.failNotEqual(AssertionUtils.java:62)
	at org.junit.jupiter.api.AssertEquals.assertEquals(AssertEquals.java:182)
	at org.junit.jupiter.api.AssertEquals.assertEquals(AssertEquals.java:177)
	at org.junit.jupiter.api.Assertions.assertEquals(Assertions.java:1124)
	at com.example.gateway.EndToEndIntegrationTest.testCompleteLoginFlow_ThroughGateway(EndToEndIntegrationTest.java:78)
	at sun.reflect.NativeMethodAccessorImpl.invoke0(Native Method)
	at sun.reflect.NativeMethodAccessorImpl.invoke(NativeMethodAccessorImpl.java:62)
	at sun.reflect.DelegatingMethodAccessorImpl.invoke(DelegatingMethodAccessorImpl.java:43)
	at java.lang.reflect.Method.invoke(Method.java:498)
	at org.junit.platform.commons.util.ReflectionUtils.invokeMethod(ReflectionUtils.java:686)
	at org.junit.jupiter.engine.execution.MethodInvocation.proceed(MethodInvocation.java:60)
	at org.junit.jupiter.engine.execution.InvocationInterceptorChain$ValidatingInvocation.proceed(InvocationInterceptorChain.java:131)
	at org.junit.jupiter.engine.extension.TimeoutExtension.intercept(TimeoutExtension.java:149)
	at org.junit.jupiter.engine.extension.TimeoutExtension.interceptTestableMethod(TimeoutExtension.java:140)
	at org.junit.jupiter.engine.extension.TimeoutExtension.interceptTestMethod(TimeoutExtension.java:84)
	at org.junit.jupiter.engine.execution.ExecutableInvoker$ReflectiveInterceptorCall.lambda$ofVoidMethod$0(ExecutableInvoker.java:115)
	at org.junit.jupiter.engine.execution.ExecutableInvoker.lambda$invoke$0(ExecutableInvoker.java:105)
	at org.junit.jupiter.engine.execution.InvocationInterceptorChain$InterceptedInvocation.proceed(InvocationInterceptorChain.java:106)
	at org.junit.jupiter.engine.execution.InvocationInterceptorChain.proceed(InvocationInterceptorChain.java:64)
	at org.junit.jupiter.engine.execution.InvocationInterceptorChain.chainAndInvoke(InvocationInterceptorChain.java:45)
	at org.junit.jupiter.engine.execution.InvocationInterceptorChain.invoke(InvocationInterceptorChain.java:37)
	at org.junit.jupiter.engine.execution.ExecutableInvoker.invoke(ExecutableInvoker.java:104)
	at org.junit.jupiter.engine.execution.ExecutableInvoker.invoke(ExecutableInvoker.java:98)
	at org.junit.jupiter.engine.descriptor.TestMethodTestDescriptor.lambda$invokeTestMethod$6(TestMethodTestDescriptor.java:212)
	at org.junit.platform.engine.support.hierarchical.ThrowableCollector.execute(ThrowableCollector.java:73)
	at org.junit.jupiter.engine.descriptor.TestMethodTestDescriptor.invokeTestMethod(TestMethodTestDescriptor.java:208)
	at org.junit.jupiter.engine.descriptor.TestMethodTestDescriptor.execute(TestMethodTestDescriptor.java:137)
	at org.junit.jupiter.engine.descriptor.TestMethodTestDescriptor.execute(TestMethodTestDescriptor.java:71)
	at org.junit.platform.engine.support.hierarchical.NodeTestTask.lambda$executeRecursively$5(NodeTestTask.java:135)
	at org.junit.platform.engine.support.hierarchical.ThrowableCollector.execute(ThrowableCollector.java:73)
	at org.junit.platform.engine.support.hierarchical.NodeTestTask.lambda$executeRecursively$7(NodeTestTask.java:125)
	at org.junit.platform.engine.support.hierarchical.Node.around(Node.java:135)
	at org.junit.platform.engine.support.hierarchical.NodeTestTask.lambda$executeRecursively$8(NodeTestTask.java:123)
	at org.junit.platform.engine.support.hierarchical.ThrowableCollector.execute(ThrowableCollector.java:73)
	at org.junit.platform.engine.support.hierarchical.NodeTestTask.executeRecursively(NodeTestTask.java:122)
	at org.junit.platform.engine.support.hierarchical.NodeTestTask.execute(NodeTestTask.java:80)
	at java.util.ArrayList.forEach(ArrayList.java:1259)
	at org.junit.platform.engine.support.hierarchical.SameThreadHierarchicalTestExecutorService.invokeAll(SameThreadHierarchicalTestExecutorService.java:38)
	at org.junit.platform.engine.support.hierarchical.NodeTestTask.lambda$executeRecursively$5(NodeTestTask.java:139)
	at org.junit.platform.engine.support.hierarchical.ThrowableCollector.execute(ThrowableCollector.java:73)
	at org.junit.platform.engine.support.hierarchical.NodeTestTask.lambda$executeRecursively$7(NodeTestTask.java:125)
	at org.junit.platform.engine.support.hierarchical.Node.around(Node.java:135)
	at org.junit.platform.engine.support.hierarchical.NodeTestTask.lambda$executeRecursively$8(NodeTestTask.java:123)
	at org.junit.platform.engine.support.hierarchical.ThrowableCollector.execute(ThrowableCollector.java:73)
	at org.junit.platform.engine.support.hierarchical.NodeTestTask.executeRecursively(NodeTestTask.java:122)
	at org.junit.platform.engine.support.hierarchical.NodeTestTask.execute(NodeTestTask.java:80)
	at java.util.ArrayList.forEach(ArrayList.java:1259)
	at org.junit.platform.engine.support.hierarchical.SameThreadHierarchicalTestExecutorService.invokeAll(SameThreadHierarchicalTestExecutorService.java:38)
	at org.junit.platform.engine.support.hierarchical.NodeTestTask.lambda$executeRecursively$5(NodeTestTask.java:139)
	at org.junit.platform.engine.support.hierarchical.ThrowableCollector.execute(ThrowableCollector.java:73)
	at org.junit.platform.engine.support.hierarchical.NodeTestTask.lambda$executeRecursively$7(NodeTestTask.java:125)
	at org.junit.platform.engine.support.hierarchical.Node.around(Node.java:135)
	at org.junit.platform.engine.support.hierarchical.NodeTestTask.lambda$executeRecursively$8(NodeTestTask.java:123)
	at org.junit.platform.engine.support.hierarchical.ThrowableCollector.execute(ThrowableCollector.java:73)
	at org.junit.platform.engine.support.hierarchical.NodeTestTask.executeRecursively(NodeTestTask.java:122)
	at org.junit.platform.engine.support.hierarchical.NodeTestTask.execute(NodeTestTask.java:80)
	at org.junit.platform.engine.support.hierarchical.SameThreadHierarchicalTestExecutorService.submit(SameThreadHierarchicalTestExecutorService.java:32)
	at org.junit.platform.engine.support.hierarchical.HierarchicalTestExecutor.execute(HierarchicalTestExecutor.java:57)
	at org.junit.platform.engine.support.hierarchical.HierarchicalTestEngine.execute(HierarchicalTestEngine.java:51)
	at org.junit.platform.launcher.core.DefaultLauncher.execute(DefaultLauncher.java:248)
	at org.junit.platform.launcher.core.DefaultLauncher.lambda$execute$5(DefaultLauncher.java:211)
	at org.junit.platform.launcher.core.DefaultLauncher.withInterceptedStreams(DefaultLauncher.java:226)
	at org.junit.platform.launcher.core.DefaultLauncher.execute(DefaultLauncher.java:199)
	at org.junit.platform.launcher.core.DefaultLauncher.execute(DefaultLauncher.java:132)
	at org.apache.maven.surefire.junitplatform.LazyLauncher.execute(LazyLauncher.java:56)
	at org.apache.maven.surefire.junitplatform.JUnitPlatformProvider.execute(JUnitPlatformProvider.java:184)
	at org.apache.maven.surefire.junitplatform.JUnitPlatformProvider.invokeAllTests(JUnitPlatformProvider.java:148)
	at org.apache.maven.surefire.junitplatform.JUnitPlatformProvider.invoke(JUnitPlatformProvider.java:122)
	at org.apache.maven.surefire.booter.ForkedBooter.runSuitesInProcess(ForkedBooter.java:385)
	at org.apache.maven.surefire.booter.ForkedBooter.execute(ForkedBooter.java:162)
	at org.apache.maven.surefire.booter.ForkedBooter.run(ForkedBooter.java:507)
	at org.apache.maven.surefire.booter.ForkedBooter.main(ForkedBooter.java:495)
]]></failure>
    <system-out><![CDATA[2025-09-05 15:19:01.232  INFO 3440 --- [           main] org.eclipse.jetty.server.Server          : jetty-9.4.30.v20200611; built: 2020-06-11T12:34:51.929Z; git: 271836e4c1f4612f12b7bb13ef5a92a927634b0d; jvm 1.8.0_452-b09
2025-09-05 15:19:01.234  INFO 3440 --- [           main] o.e.jetty.server.handler.ContextHandler  : Started o.e.j.s.ServletContextHandler@42b4df5a{/__admin,null,AVAILABLE}
2025-09-05 15:19:01.234  INFO 3440 --- [           main] o.e.jetty.server.handler.ContextHandler  : Started o.e.j.s.ServletContextHandler@9f1ca74{/,null,AVAILABLE}
2025-09-05 15:19:01.236  INFO 3440 --- [           main] o.e.jetty.server.AbstractConnector       : Started NetworkTrafficServerConnector@254e9709{HTTP/1.1, (http/1.1)}{0.0.0.0:8081}
2025-09-05 15:19:01.237  INFO 3440 --- [           main] org.eclipse.jetty.server.Server          : Started @7535ms
2025-09-05 15:19:01.237  INFO 3440 --- [           main] org.eclipse.jetty.server.Server          : jetty-9.4.30.v20200611; built: 2020-06-11T12:34:51.929Z; git: 271836e4c1f4612f12b7bb13ef5a92a927634b0d; jvm 1.8.0_452-b09
2025-09-05 15:19:01.238  INFO 3440 --- [           main] o.e.jetty.server.handler.ContextHandler  : Started o.e.j.s.ServletContextHandler@1008df1e{/__admin,null,AVAILABLE}
2025-09-05 15:19:01.238  INFO 3440 --- [           main] o.e.jetty.server.handler.ContextHandler  : Started o.e.j.s.ServletContextHandler@7ee12d58{/,null,AVAILABLE}
2025-09-05 15:19:01.239  INFO 3440 --- [           main] o.e.jetty.server.AbstractConnector       : Started NetworkTrafficServerConnector@44976b08{HTTP/1.1, (http/1.1)}{0.0.0.0:8082}
2025-09-05 15:19:01.240  INFO 3440 --- [           main] org.eclipse.jetty.server.Server          : Started @7538ms
2025-09-05 15:19:01.380  INFO 3440 --- [ttp@6daf7d37-24] c.e.gateway.filter.RequestLoggingFilter  : Request: POST /user/login
2025-09-05 15:19:01.382 ERROR 3440 --- [ttp@6daf7d37-24] c.e.gateway.filter.RequestLoggingFilter  : Request failed: /user/login after 1ms - org.springframework.core.io.buffer.DefaultDataBufferFactory cannot be cast to org.springframework.core.io.buffer.NettyDataBufferFactory
2025-09-05 15:19:01.387 ERROR 3440 --- [ttp@6daf7d37-24] a.w.r.e.AbstractErrorWebExceptionHandler : [3eca3fce]  500 Server Error for HTTP POST "/user/login"

java.lang.ClassCastException: org.springframework.core.io.buffer.DefaultDataBufferFactory cannot be cast to org.springframework.core.io.buffer.NettyDataBufferFactory
	at org.springframework.cloud.gateway.support.ServerWebExchangeUtils.cacheRequestBody(ServerWebExchangeUtils.java:362) ~[spring-cloud-gateway-core-2.2.4.RELEASE.jar:2.2.4.RELEASE]
	Suppressed: reactor.core.publisher.FluxOnAssembly$OnAssemblyException: 
Error has been observed at the following site(s):
	|_ checkpoint ⇢ org.springframework.cloud.gateway.filter.WeightCalculatorWebFilter [DefaultWebFilterChain]
	|_ checkpoint ⇢ org.springframework.boot.actuate.metrics.web.reactive.server.MetricsWebFilter [DefaultWebFilterChain]
	|_ checkpoint ⇢ HTTP POST "/user/login" [ExceptionHandlingWebHandler]
Stack trace:
		at org.springframework.cloud.gateway.support.ServerWebExchangeUtils.cacheRequestBody(ServerWebExchangeUtils.java:362) ~[spring-cloud-gateway-core-2.2.4.RELEASE.jar:2.2.4.RELEASE]
		at org.springframework.cloud.gateway.support.ServerWebExchangeUtils.cacheRequestBody(ServerWebExchangeUtils.java:340) ~[spring-cloud-gateway-core-2.2.4.RELEASE.jar:2.2.4.RELEASE]
		at org.springframework.cloud.gateway.filter.AdaptCachedBodyGlobalFilter.filter(AdaptCachedBodyGlobalFilter.java:73) ~[spring-cloud-gateway-core-2.2.4.RELEASE.jar:2.2.4.RELEASE]
		at org.springframework.cloud.gateway.handler.FilteringWebHandler$GatewayFilterAdapter.filter(FilteringWebHandler.java:138) ~[spring-cloud-gateway-core-2.2.4.RELEASE.jar:2.2.4.RELEASE]
		at org.springframework.cloud.gateway.filter.OrderedGatewayFilter.filter(OrderedGatewayFilter.java:44) ~[spring-cloud-gateway-core-2.2.4.RELEASE.jar:2.2.4.RELEASE]
		at org.springframework.cloud.gateway.handler.FilteringWebHandler$DefaultGatewayFilterChain.lambda$filter$0(FilteringWebHandler.java:118) ~[spring-cloud-gateway-core-2.2.4.RELEASE.jar:2.2.4.RELEASE]
		at reactor.core.publisher.MonoDefer.subscribe(MonoDefer.java:44) [reactor-core-3.3.8.RELEASE.jar:3.3.8.RELEASE]
		at reactor.core.publisher.InternalMonoOperator.subscribe(InternalMonoOperator.java:64) ~[reactor-core-3.3.8.RELEASE.jar:3.3.8.RELEASE]
		at reactor.core.publisher.MonoDefer.subscribe(MonoDefer.java:52) [reactor-core-3.3.8.RELEASE.jar:3.3.8.RELEASE]
		at reactor.core.publisher.InternalMonoOperator.subscribe(InternalMonoOperator.java:64) ~[reactor-core-3.3.8.RELEASE.jar:3.3.8.RELEASE]
		at reactor.core.publisher.MonoDefer.subscribe(MonoDefer.java:52) [reactor-core-3.3.8.RELEASE.jar:3.3.8.RELEASE]
		at reactor.core.publisher.InternalMonoOperator.subscribe(InternalMonoOperator.java:64) ~[reactor-core-3.3.8.RELEASE.jar:3.3.8.RELEASE]
		at reactor.core.publisher.MonoDefer.subscribe(MonoDefer.java:52) [reactor-core-3.3.8.RELEASE.jar:3.3.8.RELEASE]
		at reactor.core.publisher.Mono.subscribe(Mono.java:4213) ~[reactor-core-3.3.8.RELEASE.jar:3.3.8.RELEASE]
		at reactor.core.publisher.MonoIgnoreThen$ThenIgnoreMain.drain(MonoIgnoreThen.java:172) ~[reactor-core-3.3.8.RELEASE.jar:3.3.8.RELEASE]
		at reactor.core.publisher.MonoIgnoreThen.subscribe(MonoIgnoreThen.java:56) ~[reactor-core-3.3.8.RELEASE.jar:3.3.8.RELEASE]
		at reactor.core.publisher.MonoFlatMap$FlatMapMain.onNext(MonoFlatMap.java:150) ~[reactor-core-3.3.8.RELEASE.jar:3.3.8.RELEASE]
		at reactor.core.publisher.FluxSwitchIfEmpty$SwitchIfEmptySubscriber.onNext(FluxSwitchIfEmpty.java:67) ~[reactor-core-3.3.8.RELEASE.jar:3.3.8.RELEASE]
		at reactor.core.publisher.MonoNext$NextSubscriber.onNext(MonoNext.java:76) ~[reactor-core-3.3.8.RELEASE.jar:3.3.8.RELEASE]
		at reactor.core.publisher.FluxConcatMap$ConcatMapImmediate.innerNext(FluxConcatMap.java:274) ~[reactor-core-3.3.8.RELEASE.jar:3.3.8.RELEASE]
		at reactor.core.publisher.FluxConcatMap$ConcatMapInner.onNext(FluxConcatMap.java:851) ~[reactor-core-3.3.8.RELEASE.jar:3.3.8.RELEASE]
		at reactor.core.publisher.FluxMap$MapSubscriber.onNext(FluxMap.java:114) ~[reactor-core-3.3.8.RELEASE.jar:3.3.8.RELEASE]
		at reactor.core.publisher.FluxSwitchIfEmpty$SwitchIfEmptySubscriber.onNext(FluxSwitchIfEmpty.java:67) ~[reactor-core-3.3.8.RELEASE.jar:3.3.8.RELEASE]
		at reactor.core.publisher.Operators$MonoSubscriber.complete(Operators.java:1782) ~[reactor-core-3.3.8.RELEASE.jar:3.3.8.RELEASE]
		at reactor.core.publisher.MonoFlatMap$FlatMapMain.onNext(MonoFlatMap.java:144) ~[reactor-core-3.3.8.RELEASE.jar:3.3.8.RELEASE]
		at reactor.core.publisher.FluxMap$MapSubscriber.onNext(FluxMap.java:114) ~[reactor-core-3.3.8.RELEASE.jar:3.3.8.RELEASE]
		at reactor.core.publisher.MonoNext$NextSubscriber.onNext(MonoNext.java:76) ~[reactor-core-3.3.8.RELEASE.jar:3.3.8.RELEASE]
		at reactor.core.publisher.FluxConcatMap$ConcatMapImmediate.innerNext(FluxConcatMap.java:274) ~[reactor-core-3.3.8.RELEASE.jar:3.3.8.RELEASE]
		at reactor.core.publisher.FluxConcatMap$ConcatMapInner.onNext(FluxConcatMap.java:851) ~[reactor-core-3.3.8.RELEASE.jar:3.3.8.RELEASE]
		at reactor.core.publisher.FluxOnErrorResume$ResumeSubscriber.onNext(FluxOnErrorResume.java:73) ~[reactor-core-3.3.8.RELEASE.jar:3.3.8.RELEASE]
		at reactor.core.publisher.MonoPeekTerminal$MonoTerminalPeekSubscriber.onNext(MonoPeekTerminal.java:173) ~[reactor-core-3.3.8.RELEASE.jar:3.3.8.RELEASE]
		at reactor.core.publisher.Operators$MonoSubscriber.complete(Operators.java:1782) ~[reactor-core-3.3.8.RELEASE.jar:3.3.8.RELEASE]
		at reactor.core.publisher.MonoFilterWhen$MonoFilterWhenMain.onNext(MonoFilterWhen.java:140) ~[reactor-core-3.3.8.RELEASE.jar:3.3.8.RELEASE]
		at reactor.core.publisher.Operators$ScalarSubscription.request(Operators.java:2344) ~[reactor-core-3.3.8.RELEASE.jar:3.3.8.RELEASE]
		at reactor.core.publisher.MonoFilterWhen$MonoFilterWhenMain.onSubscribe(MonoFilterWhen.java:103) ~[reactor-core-3.3.8.RELEASE.jar:3.3.8.RELEASE]
		at reactor.core.publisher.MonoJust.subscribe(MonoJust.java:54) ~[reactor-core-3.3.8.RELEASE.jar:3.3.8.RELEASE]
		at reactor.core.publisher.Mono.subscribe(Mono.java:4213) ~[reactor-core-3.3.8.RELEASE.jar:3.3.8.RELEASE]
		at reactor.core.publisher.FluxConcatMap$ConcatMapImmediate.drain(FluxConcatMap.java:441) ~[reactor-core-3.3.8.RELEASE.jar:3.3.8.RELEASE]
		at reactor.core.publisher.FluxConcatMap$ConcatMapImmediate.onNext(FluxConcatMap.java:243) ~[reactor-core-3.3.8.RELEASE.jar:3.3.8.RELEASE]
		at reactor.core.publisher.FluxDematerialize$DematerializeSubscriber.onNext(FluxDematerialize.java:91) ~[reactor-core-3.3.8.RELEASE.jar:3.3.8.RELEASE]
		at reactor.core.publisher.FluxDematerialize$DematerializeSubscriber.onNext(FluxDematerialize.java:38) ~[reactor-core-3.3.8.RELEASE.jar:3.3.8.RELEASE]
		at reactor.core.publisher.FluxIterable$IterableSubscription.slowPath(FluxIterable.java:267) ~[reactor-core-3.3.8.RELEASE.jar:3.3.8.RELEASE]
		at reactor.core.publisher.FluxIterable$IterableSubscription.request(FluxIterable.java:225) ~[reactor-core-3.3.8.RELEASE.jar:3.3.8.RELEASE]
		at reactor.core.publisher.FluxDematerialize$DematerializeSubscriber.request(FluxDematerialize.java:120) ~[reactor-core-3.3.8.RELEASE.jar:3.3.8.RELEASE]
		at reactor.core.publisher.FluxConcatMap$ConcatMapImmediate.onSubscribe(FluxConcatMap.java:228) ~[reactor-core-3.3.8.RELEASE.jar:3.3.8.RELEASE]
		at reactor.core.publisher.FluxDematerialize$DematerializeSubscriber.onSubscribe(FluxDematerialize.java:70) ~[reactor-core-3.3.8.RELEASE.jar:3.3.8.RELEASE]
		at reactor.core.publisher.FluxIterable.subscribe(FluxIterable.java:161) ~[reactor-core-3.3.8.RELEASE.jar:3.3.8.RELEASE]
		at reactor.core.publisher.FluxIterable.subscribe(FluxIterable.java:86) ~[reactor-core-3.3.8.RELEASE.jar:3.3.8.RELEASE]
		at reactor.core.publisher.InternalFluxOperator.subscribe(InternalFluxOperator.java:62) ~[reactor-core-3.3.8.RELEASE.jar:3.3.8.RELEASE]
		at reactor.core.publisher.FluxDefer.subscribe(FluxDefer.java:54) ~[reactor-core-3.3.8.RELEASE.jar:3.3.8.RELEASE]
		at reactor.core.publisher.Mono.subscribe(Mono.java:4213) ~[reactor-core-3.3.8.RELEASE.jar:3.3.8.RELEASE]
		at reactor.core.publisher.FluxConcatMap$ConcatMapImmediate.drain(FluxConcatMap.java:441) ~[reactor-core-3.3.8.RELEASE.jar:3.3.8.RELEASE]
		at reactor.core.publisher.FluxConcatMap$ConcatMapImmediate.onSubscribe(FluxConcatMap.java:211) ~[reactor-core-3.3.8.RELEASE.jar:3.3.8.RELEASE]
		at reactor.core.publisher.FluxIterable.subscribe(FluxIterable.java:161) ~[reactor-core-3.3.8.RELEASE.jar:3.3.8.RELEASE]
		at reactor.core.publisher.FluxIterable.subscribe(FluxIterable.java:86) ~[reactor-core-3.3.8.RELEASE.jar:3.3.8.RELEASE]
		at reactor.core.publisher.InternalMonoOperator.subscribe(InternalMonoOperator.java:64) ~[reactor-core-3.3.8.RELEASE.jar:3.3.8.RELEASE]
		at reactor.core.publisher.MonoDefer.subscribe(MonoDefer.java:52) [reactor-core-3.3.8.RELEASE.jar:3.3.8.RELEASE]
		at reactor.core.publisher.InternalMonoOperator.subscribe(InternalMonoOperator.java:64) ~[reactor-core-3.3.8.RELEASE.jar:3.3.8.RELEASE]
		at reactor.core.publisher.MonoDefer.subscribe(MonoDefer.java:52) [reactor-core-3.3.8.RELEASE.jar:3.3.8.RELEASE]
		at reactor.core.publisher.InternalMonoOperator.subscribe(InternalMonoOperator.java:64) ~[reactor-core-3.3.8.RELEASE.jar:3.3.8.RELEASE]
		at reactor.core.publisher.MonoDefer.subscribe(MonoDefer.java:52) [reactor-core-3.3.8.RELEASE.jar:3.3.8.RELEASE]
		at reactor.core.publisher.InternalMonoOperator.subscribe(InternalMonoOperator.java:64) ~[reactor-core-3.3.8.RELEASE.jar:3.3.8.RELEASE]
		at reactor.core.publisher.MonoDefer.subscribe(MonoDefer.java:52) [reactor-core-3.3.8.RELEASE.jar:3.3.8.RELEASE]
		at reactor.core.publisher.Mono.subscribe(Mono.java:4213) ~[reactor-core-3.3.8.RELEASE.jar:3.3.8.RELEASE]
		at reactor.core.publisher.MonoIgnoreThen$ThenIgnoreMain.drain(MonoIgnoreThen.java:172) ~[reactor-core-3.3.8.RELEASE.jar:3.3.8.RELEASE]
		at reactor.core.publisher.MonoIgnoreThen.subscribe(MonoIgnoreThen.java:56) ~[reactor-core-3.3.8.RELEASE.jar:3.3.8.RELEASE]
		at reactor.core.publisher.Mono.subscribe(Mono.java:4213) ~[reactor-core-3.3.8.RELEASE.jar:3.3.8.RELEASE]
		at org.springframework.http.server.reactive.ServletHttpHandlerAdapter.service(ServletHttpHandlerAdapter.java:192) ~[spring-web-5.2.8.RELEASE.jar:5.2.8.RELEASE]
		at org.eclipse.jetty.servlet.ServletHolder.handle(ServletHolder.java:763) ~[jetty-servlet-9.4.30.v20200611.jar:9.4.30.v20200611]
		at org.eclipse.jetty.servlet.ServletHandler.doHandle(ServletHandler.java:551) ~[jetty-servlet-9.4.30.v20200611.jar:9.4.30.v20200611]
		at org.eclipse.jetty.server.handler.ScopedHandler.nextHandle(ScopedHandler.java:233) ~[jetty-server-9.4.30.v20200611.jar:9.4.30.v20200611]
		at org.eclipse.jetty.server.handler.ContextHandler.doHandle(ContextHandler.java:1369) ~[jetty-server-9.4.30.v20200611.jar:9.4.30.v20200611]
		at org.eclipse.jetty.server.handler.ScopedHandler.nextScope(ScopedHandler.java:188) ~[jetty-server-9.4.30.v20200611.jar:9.4.30.v20200611]
		at org.eclipse.jetty.servlet.ServletHandler.doScope(ServletHandler.java:489) ~[jetty-servlet-9.4.30.v20200611.jar:9.4.30.v20200611]
		at org.eclipse.jetty.server.handler.ScopedHandler.nextScope(ScopedHandler.java:186) ~[jetty-server-9.4.30.v20200611.jar:9.4.30.v20200611]
		at org.eclipse.jetty.server.handler.ContextHandler.doScope(ContextHandler.java:1284) ~[jetty-server-9.4.30.v20200611.jar:9.4.30.v20200611]
		at org.eclipse.jetty.server.handler.ScopedHandler.handle(ScopedHandler.java:141) ~[jetty-server-9.4.30.v20200611.jar:9.4.30.v20200611]
		at org.eclipse.jetty.server.handler.HandlerWrapper.handle(HandlerWrapper.java:127) ~[jetty-server-9.4.30.v20200611.jar:9.4.30.v20200611]
		at org.eclipse.jetty.server.Server.handle(Server.java:501) ~[jetty-server-9.4.30.v20200611.jar:9.4.30.v20200611]
		at org.eclipse.jetty.server.HttpChannel.lambda$handle$1(HttpChannel.java:383) ~[jetty-server-9.4.30.v20200611.jar:9.4.30.v20200611]
		at org.eclipse.jetty.server.HttpChannel.dispatch(HttpChannel.java:556) ~[jetty-server-9.4.30.v20200611.jar:9.4.30.v20200611]
		at org.eclipse.jetty.server.HttpChannel.handle(HttpChannel.java:375) ~[jetty-server-9.4.30.v20200611.jar:9.4.30.v20200611]
		at org.eclipse.jetty.server.HttpConnection.onFillable(HttpConnection.java:272) ~[jetty-server-9.4.30.v20200611.jar:9.4.30.v20200611]
		at org.eclipse.jetty.io.AbstractConnection$ReadCallback.succeeded(AbstractConnection.java:311) ~[jetty-io-9.4.30.v20200611.jar:9.4.30.v20200611]
		at org.eclipse.jetty.io.FillInterest.fillable(FillInterest.java:103) ~[jetty-io-9.4.30.v20200611.jar:9.4.30.v20200611]
		at org.eclipse.jetty.io.ChannelEndPoint$1.run(ChannelEndPoint.java:104) ~[jetty-io-9.4.30.v20200611.jar:9.4.30.v20200611]
		at org.eclipse.jetty.util.thread.strategy.EatWhatYouKill.runTask(EatWhatYouKill.java:336) ~[jetty-util-9.4.30.v20200611.jar:9.4.30.v20200611]
		at org.eclipse.jetty.util.thread.strategy.EatWhatYouKill.doProduce(EatWhatYouKill.java:313) ~[jetty-util-9.4.30.v20200611.jar:9.4.30.v20200611]
		at org.eclipse.jetty.util.thread.strategy.EatWhatYouKill.tryProduce(EatWhatYouKill.java:171) ~[jetty-util-9.4.30.v20200611.jar:9.4.30.v20200611]
		at org.eclipse.jetty.util.thread.strategy.EatWhatYouKill.run(EatWhatYouKill.java:129) ~[jetty-util-9.4.30.v20200611.jar:9.4.30.v20200611]
		at org.eclipse.jetty.util.thread.ReservedThreadExecutor$ReservedThread.run(ReservedThreadExecutor.java:375) ~[jetty-util-9.4.30.v20200611.jar:9.4.30.v20200611]
		at org.eclipse.jetty.util.thread.QueuedThreadPool.runJob(QueuedThreadPool.java:806) ~[jetty-util-9.4.30.v20200611.jar:9.4.30.v20200611]
		at org.eclipse.jetty.util.thread.QueuedThreadPool$Runner.run(QueuedThreadPool.java:938) ~[jetty-util-9.4.30.v20200611.jar:9.4.30.v20200611]
		at java.lang.Thread.run(Thread.java:750) ~[na:1.8.0_452]

2025-09-05 15:19:01.392  INFO 3440 --- [           main] o.e.jetty.server.AbstractConnector       : Stopped NetworkTrafficServerConnector@254e9709{HTTP/1.1, (http/1.1)}{0.0.0.0:8081}
2025-09-05 15:19:01.392  INFO 3440 --- [           main] o.e.jetty.server.handler.ContextHandler  : Stopped o.e.j.s.ServletContextHandler@9f1ca74{/,null,UNAVAILABLE}
2025-09-05 15:19:01.393  INFO 3440 --- [           main] o.e.jetty.server.handler.ContextHandler  : Stopped o.e.j.s.ServletContextHandler@42b4df5a{/__admin,null,UNAVAILABLE}
2025-09-05 15:19:01.396  INFO 3440 --- [           main] o.e.jetty.server.AbstractConnector       : Stopped NetworkTrafficServerConnector@44976b08{HTTP/1.1, (http/1.1)}{0.0.0.0:8082}
2025-09-05 15:19:01.396  INFO 3440 --- [           main] o.e.jetty.server.handler.ContextHandler  : Stopped o.e.j.s.ServletContextHandler@7ee12d58{/,null,UNAVAILABLE}
2025-09-05 15:19:01.397  INFO 3440 --- [           main] o.e.jetty.server.handler.ContextHandler  : Stopped o.e.j.s.ServletContextHandler@1008df1e{/__admin,null,UNAVAILABLE}
]]></system-out>
  </testcase>
  <testcase name="testConcurrentRequests_ThroughGateway" classname="com.example.gateway.EndToEndIntegrationTest" time="0.145">
    <failure message="并发请求应该都成功 ==&gt; expected: &lt;true&gt; but was: &lt;false&gt;" type="org.opentest4j.AssertionFailedError"><![CDATA[org.opentest4j.AssertionFailedError: 并发请求应该都成功 ==> expected: <true> but was: <false>
	at org.junit.jupiter.api.AssertionUtils.fail(AssertionUtils.java:55)
	at org.junit.jupiter.api.AssertTrue.assertTrue(AssertTrue.java:40)
	at org.junit.jupiter.api.Assertions.assertTrue(Assertions.java:193)
	at com.example.gateway.EndToEndIntegrationTest.testConcurrentRequests_ThroughGateway(EndToEndIntegrationTest.java:212)
	at sun.reflect.NativeMethodAccessorImpl.invoke0(Native Method)
	at sun.reflect.NativeMethodAccessorImpl.invoke(NativeMethodAccessorImpl.java:62)
	at sun.reflect.DelegatingMethodAccessorImpl.invoke(DelegatingMethodAccessorImpl.java:43)
	at java.lang.reflect.Method.invoke(Method.java:498)
	at org.junit.platform.commons.util.ReflectionUtils.invokeMethod(ReflectionUtils.java:686)
	at org.junit.jupiter.engine.execution.MethodInvocation.proceed(MethodInvocation.java:60)
	at org.junit.jupiter.engine.execution.InvocationInterceptorChain$ValidatingInvocation.proceed(InvocationInterceptorChain.java:131)
	at org.junit.jupiter.engine.extension.TimeoutExtension.intercept(TimeoutExtension.java:149)
	at org.junit.jupiter.engine.extension.TimeoutExtension.interceptTestableMethod(TimeoutExtension.java:140)
	at org.junit.jupiter.engine.extension.TimeoutExtension.interceptTestMethod(TimeoutExtension.java:84)
	at org.junit.jupiter.engine.execution.ExecutableInvoker$ReflectiveInterceptorCall.lambda$ofVoidMethod$0(ExecutableInvoker.java:115)
	at org.junit.jupiter.engine.execution.ExecutableInvoker.lambda$invoke$0(ExecutableInvoker.java:105)
	at org.junit.jupiter.engine.execution.InvocationInterceptorChain$InterceptedInvocation.proceed(InvocationInterceptorChain.java:106)
	at org.junit.jupiter.engine.execution.InvocationInterceptorChain.proceed(InvocationInterceptorChain.java:64)
	at org.junit.jupiter.engine.execution.InvocationInterceptorChain.chainAndInvoke(InvocationInterceptorChain.java:45)
	at org.junit.jupiter.engine.execution.InvocationInterceptorChain.invoke(InvocationInterceptorChain.java:37)
	at org.junit.jupiter.engine.execution.ExecutableInvoker.invoke(ExecutableInvoker.java:104)
	at org.junit.jupiter.engine.execution.ExecutableInvoker.invoke(ExecutableInvoker.java:98)
	at org.junit.jupiter.engine.descriptor.TestMethodTestDescriptor.lambda$invokeTestMethod$6(TestMethodTestDescriptor.java:212)
	at org.junit.platform.engine.support.hierarchical.ThrowableCollector.execute(ThrowableCollector.java:73)
	at org.junit.jupiter.engine.descriptor.TestMethodTestDescriptor.invokeTestMethod(TestMethodTestDescriptor.java:208)
	at org.junit.jupiter.engine.descriptor.TestMethodTestDescriptor.execute(TestMethodTestDescriptor.java:137)
	at org.junit.jupiter.engine.descriptor.TestMethodTestDescriptor.execute(TestMethodTestDescriptor.java:71)
	at org.junit.platform.engine.support.hierarchical.NodeTestTask.lambda$executeRecursively$5(NodeTestTask.java:135)
	at org.junit.platform.engine.support.hierarchical.ThrowableCollector.execute(ThrowableCollector.java:73)
	at org.junit.platform.engine.support.hierarchical.NodeTestTask.lambda$executeRecursively$7(NodeTestTask.java:125)
	at org.junit.platform.engine.support.hierarchical.Node.around(Node.java:135)
	at org.junit.platform.engine.support.hierarchical.NodeTestTask.lambda$executeRecursively$8(NodeTestTask.java:123)
	at org.junit.platform.engine.support.hierarchical.ThrowableCollector.execute(ThrowableCollector.java:73)
	at org.junit.platform.engine.support.hierarchical.NodeTestTask.executeRecursively(NodeTestTask.java:122)
	at org.junit.platform.engine.support.hierarchical.NodeTestTask.execute(NodeTestTask.java:80)
	at java.util.ArrayList.forEach(ArrayList.java:1259)
	at org.junit.platform.engine.support.hierarchical.SameThreadHierarchicalTestExecutorService.invokeAll(SameThreadHierarchicalTestExecutorService.java:38)
	at org.junit.platform.engine.support.hierarchical.NodeTestTask.lambda$executeRecursively$5(NodeTestTask.java:139)
	at org.junit.platform.engine.support.hierarchical.ThrowableCollector.execute(ThrowableCollector.java:73)
	at org.junit.platform.engine.support.hierarchical.NodeTestTask.lambda$executeRecursively$7(NodeTestTask.java:125)
	at org.junit.platform.engine.support.hierarchical.Node.around(Node.java:135)
	at org.junit.platform.engine.support.hierarchical.NodeTestTask.lambda$executeRecursively$8(NodeTestTask.java:123)
	at org.junit.platform.engine.support.hierarchical.ThrowableCollector.execute(ThrowableCollector.java:73)
	at org.junit.platform.engine.support.hierarchical.NodeTestTask.executeRecursively(NodeTestTask.java:122)
	at org.junit.platform.engine.support.hierarchical.NodeTestTask.execute(NodeTestTask.java:80)
	at java.util.ArrayList.forEach(ArrayList.java:1259)
	at org.junit.platform.engine.support.hierarchical.SameThreadHierarchicalTestExecutorService.invokeAll(SameThreadHierarchicalTestExecutorService.java:38)
	at org.junit.platform.engine.support.hierarchical.NodeTestTask.lambda$executeRecursively$5(NodeTestTask.java:139)
	at org.junit.platform.engine.support.hierarchical.ThrowableCollector.execute(ThrowableCollector.java:73)
	at org.junit.platform.engine.support.hierarchical.NodeTestTask.lambda$executeRecursively$7(NodeTestTask.java:125)
	at org.junit.platform.engine.support.hierarchical.Node.around(Node.java:135)
	at org.junit.platform.engine.support.hierarchical.NodeTestTask.lambda$executeRecursively$8(NodeTestTask.java:123)
	at org.junit.platform.engine.support.hierarchical.ThrowableCollector.execute(ThrowableCollector.java:73)
	at org.junit.platform.engine.support.hierarchical.NodeTestTask.executeRecursively(NodeTestTask.java:122)
	at org.junit.platform.engine.support.hierarchical.NodeTestTask.execute(NodeTestTask.java:80)
	at org.junit.platform.engine.support.hierarchical.SameThreadHierarchicalTestExecutorService.submit(SameThreadHierarchicalTestExecutorService.java:32)
	at org.junit.platform.engine.support.hierarchical.HierarchicalTestExecutor.execute(HierarchicalTestExecutor.java:57)
	at org.junit.platform.engine.support.hierarchical.HierarchicalTestEngine.execute(HierarchicalTestEngine.java:51)
	at org.junit.platform.launcher.core.DefaultLauncher.execute(DefaultLauncher.java:248)
	at org.junit.platform.launcher.core.DefaultLauncher.lambda$execute$5(DefaultLauncher.java:211)
	at org.junit.platform.launcher.core.DefaultLauncher.withInterceptedStreams(DefaultLauncher.java:226)
	at org.junit.platform.launcher.core.DefaultLauncher.execute(DefaultLauncher.java:199)
	at org.junit.platform.launcher.core.DefaultLauncher.execute(DefaultLauncher.java:132)
	at org.apache.maven.surefire.junitplatform.LazyLauncher.execute(LazyLauncher.java:56)
	at org.apache.maven.surefire.junitplatform.JUnitPlatformProvider.execute(JUnitPlatformProvider.java:184)
	at org.apache.maven.surefire.junitplatform.JUnitPlatformProvider.invokeAllTests(JUnitPlatformProvider.java:148)
	at org.apache.maven.surefire.junitplatform.JUnitPlatformProvider.invoke(JUnitPlatformProvider.java:122)
	at org.apache.maven.surefire.booter.ForkedBooter.runSuitesInProcess(ForkedBooter.java:385)
	at org.apache.maven.surefire.booter.ForkedBooter.execute(ForkedBooter.java:162)
	at org.apache.maven.surefire.booter.ForkedBooter.run(ForkedBooter.java:507)
	at org.apache.maven.surefire.booter.ForkedBooter.main(ForkedBooter.java:495)
]]></failure>
    <system-out><![CDATA[2025-09-05 15:19:01.442  INFO 3440 --- [           main] org.eclipse.jetty.server.Server          : jetty-9.4.30.v20200611; built: 2020-06-11T12:34:51.929Z; git: 271836e4c1f4612f12b7bb13ef5a92a927634b0d; jvm 1.8.0_452-b09
2025-09-05 15:19:01.445  INFO 3440 --- [           main] o.e.jetty.server.handler.ContextHandler  : Started o.e.j.s.ServletContextHandler@194037f9{/__admin,null,AVAILABLE}
2025-09-05 15:19:01.446  INFO 3440 --- [           main] o.e.jetty.server.handler.ContextHandler  : Started o.e.j.s.ServletContextHandler@2335aef2{/,null,AVAILABLE}
2025-09-05 15:19:01.448  INFO 3440 --- [           main] o.e.jetty.server.AbstractConnector       : Started NetworkTrafficServerConnector@780129bc{HTTP/1.1, (http/1.1)}{0.0.0.0:8081}
2025-09-05 15:19:01.448  INFO 3440 --- [           main] org.eclipse.jetty.server.Server          : Started @7747ms
2025-09-05 15:19:01.448  INFO 3440 --- [           main] org.eclipse.jetty.server.Server          : jetty-9.4.30.v20200611; built: 2020-06-11T12:34:51.929Z; git: 271836e4c1f4612f12b7bb13ef5a92a927634b0d; jvm 1.8.0_452-b09
2025-09-05 15:19:01.449  INFO 3440 --- [           main] o.e.jetty.server.handler.ContextHandler  : Started o.e.j.s.ServletContextHandler@a047bdb{/__admin,null,AVAILABLE}
2025-09-05 15:19:01.450  INFO 3440 --- [           main] o.e.jetty.server.handler.ContextHandler  : Started o.e.j.s.ServletContextHandler@14dbfdb1{/,null,AVAILABLE}
2025-09-05 15:19:01.451  INFO 3440 --- [           main] o.e.jetty.server.AbstractConnector       : Started NetworkTrafficServerConnector@ca2cd5e{HTTP/1.1, (http/1.1)}{0.0.0.0:8082}
2025-09-05 15:19:01.451  INFO 3440 --- [           main] org.eclipse.jetty.server.Server          : Started @7750ms
2025-09-05 15:19:01.499  INFO 3440 --- [ttp@6daf7d37-25] c.e.gateway.filter.RequestLoggingFilter  : Request: POST /user/login
2025-09-05 15:19:01.499  INFO 3440 --- [ttp@6daf7d37-18] c.e.gateway.filter.RequestLoggingFilter  : Request: POST /user/login
2025-09-05 15:19:01.499  INFO 3440 --- [ttp@6daf7d37-21] c.e.gateway.filter.RequestLoggingFilter  : Request: POST /user/login
2025-09-05 15:19:01.499  INFO 3440 --- [tp@6daf7d37-135] c.e.gateway.filter.RequestLoggingFilter  : Request: POST /user/login
2025-09-05 15:19:01.499  INFO 3440 --- [tp@6daf7d37-133] c.e.gateway.filter.RequestLoggingFilter  : Request: POST /user/login
2025-09-05 15:19:01.501 ERROR 3440 --- [tp@6daf7d37-133] c.e.gateway.filter.RequestLoggingFilter  : Request failed: /user/login after 1ms - org.springframework.core.io.buffer.DefaultDataBufferFactory cannot be cast to org.springframework.core.io.buffer.NettyDataBufferFactory
2025-09-05 15:19:01.501 ERROR 3440 --- [ttp@6daf7d37-21] c.e.gateway.filter.RequestLoggingFilter  : Request failed: /user/login after 1ms - org.springframework.core.io.buffer.DefaultDataBufferFactory cannot be cast to org.springframework.core.io.buffer.NettyDataBufferFactory
2025-09-05 15:19:01.501 ERROR 3440 --- [tp@6daf7d37-135] c.e.gateway.filter.RequestLoggingFilter  : Request failed: /user/login after 1ms - org.springframework.core.io.buffer.DefaultDataBufferFactory cannot be cast to org.springframework.core.io.buffer.NettyDataBufferFactory
2025-09-05 15:19:01.500 ERROR 3440 --- [ttp@6daf7d37-25] c.e.gateway.filter.RequestLoggingFilter  : Request failed: /user/login after 1ms - org.springframework.core.io.buffer.DefaultDataBufferFactory cannot be cast to org.springframework.core.io.buffer.NettyDataBufferFactory
2025-09-05 15:19:01.501 ERROR 3440 --- [ttp@6daf7d37-18] c.e.gateway.filter.RequestLoggingFilter  : Request failed: /user/login after 1ms - org.springframework.core.io.buffer.DefaultDataBufferFactory cannot be cast to org.springframework.core.io.buffer.NettyDataBufferFactory
2025-09-05 15:19:01.509 ERROR 3440 --- [ttp@6daf7d37-18] a.w.r.e.AbstractErrorWebExceptionHandler : [648b3743]  500 Server Error for HTTP POST "/user/login"

java.lang.ClassCastException: org.springframework.core.io.buffer.DefaultDataBufferFactory cannot be cast to org.springframework.core.io.buffer.NettyDataBufferFactory
	at org.springframework.cloud.gateway.support.ServerWebExchangeUtils.cacheRequestBody(ServerWebExchangeUtils.java:362) ~[spring-cloud-gateway-core-2.2.4.RELEASE.jar:2.2.4.RELEASE]
	Suppressed: reactor.core.publisher.FluxOnAssembly$OnAssemblyException: 
Error has been observed at the following site(s):
	|_ checkpoint ⇢ org.springframework.cloud.gateway.filter.WeightCalculatorWebFilter [DefaultWebFilterChain]
	|_ checkpoint ⇢ org.springframework.boot.actuate.metrics.web.reactive.server.MetricsWebFilter [DefaultWebFilterChain]
	|_ checkpoint ⇢ HTTP POST "/user/login" [ExceptionHandlingWebHandler]
Stack trace:
		at org.springframework.cloud.gateway.support.ServerWebExchangeUtils.cacheRequestBody(ServerWebExchangeUtils.java:362) ~[spring-cloud-gateway-core-2.2.4.RELEASE.jar:2.2.4.RELEASE]
		at org.springframework.cloud.gateway.support.ServerWebExchangeUtils.cacheRequestBody(ServerWebExchangeUtils.java:340) ~[spring-cloud-gateway-core-2.2.4.RELEASE.jar:2.2.4.RELEASE]
		at org.springframework.cloud.gateway.filter.AdaptCachedBodyGlobalFilter.filter(AdaptCachedBodyGlobalFilter.java:73) ~[spring-cloud-gateway-core-2.2.4.RELEASE.jar:2.2.4.RELEASE]
		at org.springframework.cloud.gateway.handler.FilteringWebHandler$GatewayFilterAdapter.filter(FilteringWebHandler.java:138) ~[spring-cloud-gateway-core-2.2.4.RELEASE.jar:2.2.4.RELEASE]
		at org.springframework.cloud.gateway.filter.OrderedGatewayFilter.filter(OrderedGatewayFilter.java:44) ~[spring-cloud-gateway-core-2.2.4.RELEASE.jar:2.2.4.RELEASE]
		at org.springframework.cloud.gateway.handler.FilteringWebHandler$DefaultGatewayFilterChain.lambda$filter$0(FilteringWebHandler.java:118) ~[spring-cloud-gateway-core-2.2.4.RELEASE.jar:2.2.4.RELEASE]
		at reactor.core.publisher.MonoDefer.subscribe(MonoDefer.java:44) [reactor-core-3.3.8.RELEASE.jar:3.3.8.RELEASE]
		at reactor.core.publisher.InternalMonoOperator.subscribe(InternalMonoOperator.java:64) ~[reactor-core-3.3.8.RELEASE.jar:3.3.8.RELEASE]
		at reactor.core.publisher.MonoDefer.subscribe(MonoDefer.java:52) [reactor-core-3.3.8.RELEASE.jar:3.3.8.RELEASE]
		at reactor.core.publisher.InternalMonoOperator.subscribe(InternalMonoOperator.java:64) ~[reactor-core-3.3.8.RELEASE.jar:3.3.8.RELEASE]
		at reactor.core.publisher.MonoDefer.subscribe(MonoDefer.java:52) [reactor-core-3.3.8.RELEASE.jar:3.3.8.RELEASE]
		at reactor.core.publisher.InternalMonoOperator.subscribe(InternalMonoOperator.java:64) ~[reactor-core-3.3.8.RELEASE.jar:3.3.8.RELEASE]
		at reactor.core.publisher.MonoDefer.subscribe(MonoDefer.java:52) [reactor-core-3.3.8.RELEASE.jar:3.3.8.RELEASE]
		at reactor.core.publisher.Mono.subscribe(Mono.java:4213) ~[reactor-core-3.3.8.RELEASE.jar:3.3.8.RELEASE]
		at reactor.core.publisher.MonoIgnoreThen$ThenIgnoreMain.drain(MonoIgnoreThen.java:172) ~[reactor-core-3.3.8.RELEASE.jar:3.3.8.RELEASE]
		at reactor.core.publisher.MonoIgnoreThen.subscribe(MonoIgnoreThen.java:56) ~[reactor-core-3.3.8.RELEASE.jar:3.3.8.RELEASE]
		at reactor.core.publisher.MonoFlatMap$FlatMapMain.onNext(MonoFlatMap.java:150) ~[reactor-core-3.3.8.RELEASE.jar:3.3.8.RELEASE]
		at reactor.core.publisher.FluxSwitchIfEmpty$SwitchIfEmptySubscriber.onNext(FluxSwitchIfEmpty.java:67) ~[reactor-core-3.3.8.RELEASE.jar:3.3.8.RELEASE]
		at reactor.core.publisher.MonoNext$NextSubscriber.onNext(MonoNext.java:76) ~[reactor-core-3.3.8.RELEASE.jar:3.3.8.RELEASE]
		at reactor.core.publisher.FluxConcatMap$ConcatMapImmediate.innerNext(FluxConcatMap.java:274) ~[reactor-core-3.3.8.RELEASE.jar:3.3.8.RELEASE]
		at reactor.core.publisher.FluxConcatMap$ConcatMapInner.onNext(FluxConcatMap.java:851) ~[reactor-core-3.3.8.RELEASE.jar:3.3.8.RELEASE]
		at reactor.core.publisher.FluxMap$MapSubscriber.onNext(FluxMap.java:114) ~[reactor-core-3.3.8.RELEASE.jar:3.3.8.RELEASE]
		at reactor.core.publisher.FluxSwitchIfEmpty$SwitchIfEmptySubscriber.onNext(FluxSwitchIfEmpty.java:67) ~[reactor-core-3.3.8.RELEASE.jar:3.3.8.RELEASE]
		at reactor.core.publisher.Operators$MonoSubscriber.complete(Operators.java:1782) ~[reactor-core-3.3.8.RELEASE.jar:3.3.8.RELEASE]
		at reactor.core.publisher.MonoFlatMap$FlatMapMain.onNext(MonoFlatMap.java:144) ~[reactor-core-3.3.8.RELEASE.jar:3.3.8.RELEASE]
		at reactor.core.publisher.FluxMap$MapSubscriber.onNext(FluxMap.java:114) ~[reactor-core-3.3.8.RELEASE.jar:3.3.8.RELEASE]
		at reactor.core.publisher.MonoNext$NextSubscriber.onNext(MonoNext.java:76) ~[reactor-core-3.3.8.RELEASE.jar:3.3.8.RELEASE]
		at reactor.core.publisher.FluxConcatMap$ConcatMapImmediate.innerNext(FluxConcatMap.java:274) ~[reactor-core-3.3.8.RELEASE.jar:3.3.8.RELEASE]
		at reactor.core.publisher.FluxConcatMap$ConcatMapInner.onNext(FluxConcatMap.java:851) ~[reactor-core-3.3.8.RELEASE.jar:3.3.8.RELEASE]
		at reactor.core.publisher.FluxOnErrorResume$ResumeSubscriber.onNext(FluxOnErrorResume.java:73) ~[reactor-core-3.3.8.RELEASE.jar:3.3.8.RELEASE]
		at reactor.core.publisher.MonoPeekTerminal$MonoTerminalPeekSubscriber.onNext(MonoPeekTerminal.java:173) ~[reactor-core-3.3.8.RELEASE.jar:3.3.8.RELEASE]
		at reactor.core.publisher.Operators$MonoSubscriber.complete(Operators.java:1782) ~[reactor-core-3.3.8.RELEASE.jar:3.3.8.RELEASE]
		at reactor.core.publisher.MonoFilterWhen$MonoFilterWhenMain.onNext(MonoFilterWhen.java:140) ~[reactor-core-3.3.8.RELEASE.jar:3.3.8.RELEASE]
		at reactor.core.publisher.Operators$ScalarSubscription.request(Operators.java:2344) ~[reactor-core-3.3.8.RELEASE.jar:3.3.8.RELEASE]
		at reactor.core.publisher.MonoFilterWhen$MonoFilterWhenMain.onSubscribe(MonoFilterWhen.java:103) ~[reactor-core-3.3.8.RELEASE.jar:3.3.8.RELEASE]
		at reactor.core.publisher.MonoJust.subscribe(MonoJust.java:54) ~[reactor-core-3.3.8.RELEASE.jar:3.3.8.RELEASE]
		at reactor.core.publisher.Mono.subscribe(Mono.java:4213) ~[reactor-core-3.3.8.RELEASE.jar:3.3.8.RELEASE]
		at reactor.core.publisher.FluxConcatMap$ConcatMapImmediate.drain(FluxConcatMap.java:441) ~[reactor-core-3.3.8.RELEASE.jar:3.3.8.RELEASE]
		at reactor.core.publisher.FluxConcatMap$ConcatMapImmediate.onNext(FluxConcatMap.java:243) ~[reactor-core-3.3.8.RELEASE.jar:3.3.8.RELEASE]
		at reactor.core.publisher.FluxDematerialize$DematerializeSubscriber.onNext(FluxDematerialize.java:91) ~[reactor-core-3.3.8.RELEASE.jar:3.3.8.RELEASE]
		at reactor.core.publisher.FluxDematerialize$DematerializeSubscriber.onNext(FluxDematerialize.java:38) ~[reactor-core-3.3.8.RELEASE.jar:3.3.8.RELEASE]
		at reactor.core.publisher.FluxIterable$IterableSubscription.slowPath(FluxIterable.java:267) ~[reactor-core-3.3.8.RELEASE.jar:3.3.8.RELEASE]
		at reactor.core.publisher.FluxIterable$IterableSubscription.request(FluxIterable.java:225) ~[reactor-core-3.3.8.RELEASE.jar:3.3.8.RELEASE]
		at reactor.core.publisher.FluxDematerialize$DematerializeSubscriber.request(FluxDematerialize.java:120) ~[reactor-core-3.3.8.RELEASE.jar:3.3.8.RELEASE]
		at reactor.core.publisher.FluxConcatMap$ConcatMapImmediate.onSubscribe(FluxConcatMap.java:228) ~[reactor-core-3.3.8.RELEASE.jar:3.3.8.RELEASE]
		at reactor.core.publisher.FluxDematerialize$DematerializeSubscriber.onSubscribe(FluxDematerialize.java:70) ~[reactor-core-3.3.8.RELEASE.jar:3.3.8.RELEASE]
		at reactor.core.publisher.FluxIterable.subscribe(FluxIterable.java:161) ~[reactor-core-3.3.8.RELEASE.jar:3.3.8.RELEASE]
		at reactor.core.publisher.FluxIterable.subscribe(FluxIterable.java:86) ~[reactor-core-3.3.8.RELEASE.jar:3.3.8.RELEASE]
		at reactor.core.publisher.InternalFluxOperator.subscribe(InternalFluxOperator.java:62) ~[reactor-core-3.3.8.RELEASE.jar:3.3.8.RELEASE]
		at reactor.core.publisher.FluxDefer.subscribe(FluxDefer.java:54) ~[reactor-core-3.3.8.RELEASE.jar:3.3.8.RELEASE]
		at reactor.core.publisher.Mono.subscribe(Mono.java:4213) ~[reactor-core-3.3.8.RELEASE.jar:3.3.8.RELEASE]
		at reactor.core.publisher.FluxConcatMap$ConcatMapImmediate.drain(FluxConcatMap.java:441) ~[reactor-core-3.3.8.RELEASE.jar:3.3.8.RELEASE]
		at reactor.core.publisher.FluxConcatMap$ConcatMapImmediate.onSubscribe(FluxConcatMap.java:211) ~[reactor-core-3.3.8.RELEASE.jar:3.3.8.RELEASE]
		at reactor.core.publisher.FluxIterable.subscribe(FluxIterable.java:161) ~[reactor-core-3.3.8.RELEASE.jar:3.3.8.RELEASE]
		at reactor.core.publisher.FluxIterable.subscribe(FluxIterable.java:86) ~[reactor-core-3.3.8.RELEASE.jar:3.3.8.RELEASE]
		at reactor.core.publisher.InternalMonoOperator.subscribe(InternalMonoOperator.java:64) ~[reactor-core-3.3.8.RELEASE.jar:3.3.8.RELEASE]
		at reactor.core.publisher.MonoDefer.subscribe(MonoDefer.java:52) [reactor-core-3.3.8.RELEASE.jar:3.3.8.RELEASE]
		at reactor.core.publisher.InternalMonoOperator.subscribe(InternalMonoOperator.java:64) ~[reactor-core-3.3.8.RELEASE.jar:3.3.8.RELEASE]
		at reactor.core.publisher.MonoDefer.subscribe(MonoDefer.java:52) [reactor-core-3.3.8.RELEASE.jar:3.3.8.RELEASE]
		at reactor.core.publisher.InternalMonoOperator.subscribe(InternalMonoOperator.java:64) ~[reactor-core-3.3.8.RELEASE.jar:3.3.8.RELEASE]
		at reactor.core.publisher.MonoDefer.subscribe(MonoDefer.java:52) [reactor-core-3.3.8.RELEASE.jar:3.3.8.RELEASE]
		at reactor.core.publisher.InternalMonoOperator.subscribe(InternalMonoOperator.java:64) ~[reactor-core-3.3.8.RELEASE.jar:3.3.8.RELEASE]
		at reactor.core.publisher.MonoDefer.subscribe(MonoDefer.java:52) [reactor-core-3.3.8.RELEASE.jar:3.3.8.RELEASE]
		at reactor.core.publisher.Mono.subscribe(Mono.java:4213) ~[reactor-core-3.3.8.RELEASE.jar:3.3.8.RELEASE]
		at reactor.core.publisher.MonoIgnoreThen$ThenIgnoreMain.drain(MonoIgnoreThen.java:172) ~[reactor-core-3.3.8.RELEASE.jar:3.3.8.RELEASE]
		at reactor.core.publisher.MonoIgnoreThen.subscribe(MonoIgnoreThen.java:56) ~[reactor-core-3.3.8.RELEASE.jar:3.3.8.RELEASE]
		at reactor.core.publisher.Mono.subscribe(Mono.java:4213) ~[reactor-core-3.3.8.RELEASE.jar:3.3.8.RELEASE]
		at org.springframework.http.server.reactive.ServletHttpHandlerAdapter.service(ServletHttpHandlerAdapter.java:192) ~[spring-web-5.2.8.RELEASE.jar:5.2.8.RELEASE]
		at org.eclipse.jetty.servlet.ServletHolder.handle(ServletHolder.java:763) ~[jetty-servlet-9.4.30.v20200611.jar:9.4.30.v20200611]
		at org.eclipse.jetty.servlet.ServletHandler.doHandle(ServletHandler.java:551) ~[jetty-servlet-9.4.30.v20200611.jar:9.4.30.v20200611]
		at org.eclipse.jetty.server.handler.ScopedHandler.nextHandle(ScopedHandler.java:233) ~[jetty-server-9.4.30.v20200611.jar:9.4.30.v20200611]
		at org.eclipse.jetty.server.handler.ContextHandler.doHandle(ContextHandler.java:1369) ~[jetty-server-9.4.30.v20200611.jar:9.4.30.v20200611]
		at org.eclipse.jetty.server.handler.ScopedHandler.nextScope(ScopedHandler.java:188) ~[jetty-server-9.4.30.v20200611.jar:9.4.30.v20200611]
		at org.eclipse.jetty.servlet.ServletHandler.doScope(ServletHandler.java:489) ~[jetty-servlet-9.4.30.v20200611.jar:9.4.30.v20200611]
		at org.eclipse.jetty.server.handler.ScopedHandler.nextScope(ScopedHandler.java:186) ~[jetty-server-9.4.30.v20200611.jar:9.4.30.v20200611]
		at org.eclipse.jetty.server.handler.ContextHandler.doScope(ContextHandler.java:1284) ~[jetty-server-9.4.30.v20200611.jar:9.4.30.v20200611]
		at org.eclipse.jetty.server.handler.ScopedHandler.handle(ScopedHandler.java:141) ~[jetty-server-9.4.30.v20200611.jar:9.4.30.v20200611]
		at org.eclipse.jetty.server.handler.HandlerWrapper.handle(HandlerWrapper.java:127) ~[jetty-server-9.4.30.v20200611.jar:9.4.30.v20200611]
		at org.eclipse.jetty.server.Server.handle(Server.java:501) ~[jetty-server-9.4.30.v20200611.jar:9.4.30.v20200611]
		at org.eclipse.jetty.server.HttpChannel.lambda$handle$1(HttpChannel.java:383) ~[jetty-server-9.4.30.v20200611.jar:9.4.30.v20200611]
		at org.eclipse.jetty.server.HttpChannel.dispatch(HttpChannel.java:556) ~[jetty-server-9.4.30.v20200611.jar:9.4.30.v20200611]
		at org.eclipse.jetty.server.HttpChannel.handle(HttpChannel.java:375) ~[jetty-server-9.4.30.v20200611.jar:9.4.30.v20200611]
		at org.eclipse.jetty.server.HttpConnection.onFillable(HttpConnection.java:272) ~[jetty-server-9.4.30.v20200611.jar:9.4.30.v20200611]
		at org.eclipse.jetty.io.AbstractConnection$ReadCallback.succeeded(AbstractConnection.java:311) ~[jetty-io-9.4.30.v20200611.jar:9.4.30.v20200611]
		at org.eclipse.jetty.io.FillInterest.fillable(FillInterest.java:103) ~[jetty-io-9.4.30.v20200611.jar:9.4.30.v20200611]
		at org.eclipse.jetty.io.ChannelEndPoint$1.run(ChannelEndPoint.java:104) ~[jetty-io-9.4.30.v20200611.jar:9.4.30.v20200611]
		at org.eclipse.jetty.util.thread.strategy.EatWhatYouKill.runTask(EatWhatYouKill.java:336) ~[jetty-util-9.4.30.v20200611.jar:9.4.30.v20200611]
		at org.eclipse.jetty.util.thread.strategy.EatWhatYouKill.doProduce(EatWhatYouKill.java:313) ~[jetty-util-9.4.30.v20200611.jar:9.4.30.v20200611]
		at org.eclipse.jetty.util.thread.strategy.EatWhatYouKill.tryProduce(EatWhatYouKill.java:171) ~[jetty-util-9.4.30.v20200611.jar:9.4.30.v20200611]
		at org.eclipse.jetty.util.thread.strategy.EatWhatYouKill.produce(EatWhatYouKill.java:135) ~[jetty-util-9.4.30.v20200611.jar:9.4.30.v20200611]
		at org.eclipse.jetty.util.thread.QueuedThreadPool.runJob(QueuedThreadPool.java:806) ~[jetty-util-9.4.30.v20200611.jar:9.4.30.v20200611]
		at org.eclipse.jetty.util.thread.QueuedThreadPool$Runner.run(QueuedThreadPool.java:938) ~[jetty-util-9.4.30.v20200611.jar:9.4.30.v20200611]
		at java.lang.Thread.run(Thread.java:750) ~[na:1.8.0_452]

2025-09-05 15:19:01.509 ERROR 3440 --- [tp@6daf7d37-133] a.w.r.e.AbstractErrorWebExceptionHandler : [7120a6a]  500 Server Error for HTTP POST "/user/login"

java.lang.ClassCastException: org.springframework.core.io.buffer.DefaultDataBufferFactory cannot be cast to org.springframework.core.io.buffer.NettyDataBufferFactory
	at org.springframework.cloud.gateway.support.ServerWebExchangeUtils.cacheRequestBody(ServerWebExchangeUtils.java:362) ~[spring-cloud-gateway-core-2.2.4.RELEASE.jar:2.2.4.RELEASE]
	Suppressed: reactor.core.publisher.FluxOnAssembly$OnAssemblyException: 
Error has been observed at the following site(s):
	|_ checkpoint ⇢ org.springframework.cloud.gateway.filter.WeightCalculatorWebFilter [DefaultWebFilterChain]
	|_ checkpoint ⇢ org.springframework.boot.actuate.metrics.web.reactive.server.MetricsWebFilter [DefaultWebFilterChain]
	|_ checkpoint ⇢ HTTP POST "/user/login" [ExceptionHandlingWebHandler]
Stack trace:
		at org.springframework.cloud.gateway.support.ServerWebExchangeUtils.cacheRequestBody(ServerWebExchangeUtils.java:362) ~[spring-cloud-gateway-core-2.2.4.RELEASE.jar:2.2.4.RELEASE]
		at org.springframework.cloud.gateway.support.ServerWebExchangeUtils.cacheRequestBody(ServerWebExchangeUtils.java:340) ~[spring-cloud-gateway-core-2.2.4.RELEASE.jar:2.2.4.RELEASE]
		at org.springframework.cloud.gateway.filter.AdaptCachedBodyGlobalFilter.filter(AdaptCachedBodyGlobalFilter.java:73) ~[spring-cloud-gateway-core-2.2.4.RELEASE.jar:2.2.4.RELEASE]
		at org.springframework.cloud.gateway.handler.FilteringWebHandler$GatewayFilterAdapter.filter(FilteringWebHandler.java:138) ~[spring-cloud-gateway-core-2.2.4.RELEASE.jar:2.2.4.RELEASE]
		at org.springframework.cloud.gateway.filter.OrderedGatewayFilter.filter(OrderedGatewayFilter.java:44) ~[spring-cloud-gateway-core-2.2.4.RELEASE.jar:2.2.4.RELEASE]
		at org.springframework.cloud.gateway.handler.FilteringWebHandler$DefaultGatewayFilterChain.lambda$filter$0(FilteringWebHandler.java:118) ~[spring-cloud-gateway-core-2.2.4.RELEASE.jar:2.2.4.RELEASE]
		at reactor.core.publisher.MonoDefer.subscribe(MonoDefer.java:44) [reactor-core-3.3.8.RELEASE.jar:3.3.8.RELEASE]
		at reactor.core.publisher.InternalMonoOperator.subscribe(InternalMonoOperator.java:64) ~[reactor-core-3.3.8.RELEASE.jar:3.3.8.RELEASE]
		at reactor.core.publisher.MonoDefer.subscribe(MonoDefer.java:52) [reactor-core-3.3.8.RELEASE.jar:3.3.8.RELEASE]
		at reactor.core.publisher.InternalMonoOperator.subscribe(InternalMonoOperator.java:64) ~[reactor-core-3.3.8.RELEASE.jar:3.3.8.RELEASE]
		at reactor.core.publisher.MonoDefer.subscribe(MonoDefer.java:52) [reactor-core-3.3.8.RELEASE.jar:3.3.8.RELEASE]
		at reactor.core.publisher.InternalMonoOperator.subscribe(InternalMonoOperator.java:64) ~[reactor-core-3.3.8.RELEASE.jar:3.3.8.RELEASE]
		at reactor.core.publisher.MonoDefer.subscribe(MonoDefer.java:52) [reactor-core-3.3.8.RELEASE.jar:3.3.8.RELEASE]
		at reactor.core.publisher.Mono.subscribe(Mono.java:4213) ~[reactor-core-3.3.8.RELEASE.jar:3.3.8.RELEASE]
		at reactor.core.publisher.MonoIgnoreThen$ThenIgnoreMain.drain(MonoIgnoreThen.java:172) ~[reactor-core-3.3.8.RELEASE.jar:3.3.8.RELEASE]
		at reactor.core.publisher.MonoIgnoreThen.subscribe(MonoIgnoreThen.java:56) ~[reactor-core-3.3.8.RELEASE.jar:3.3.8.RELEASE]
		at reactor.core.publisher.MonoFlatMap$FlatMapMain.onNext(MonoFlatMap.java:150) ~[reactor-core-3.3.8.RELEASE.jar:3.3.8.RELEASE]
		at reactor.core.publisher.FluxSwitchIfEmpty$SwitchIfEmptySubscriber.onNext(FluxSwitchIfEmpty.java:67) ~[reactor-core-3.3.8.RELEASE.jar:3.3.8.RELEASE]
		at reactor.core.publisher.MonoNext$NextSubscriber.onNext(MonoNext.java:76) ~[reactor-core-3.3.8.RELEASE.jar:3.3.8.RELEASE]
		at reactor.core.publisher.FluxConcatMap$ConcatMapImmediate.innerNext(FluxConcatMap.java:274) ~[reactor-core-3.3.8.RELEASE.jar:3.3.8.RELEASE]
		at reactor.core.publisher.FluxConcatMap$ConcatMapInner.onNext(FluxConcatMap.java:851) ~[reactor-core-3.3.8.RELEASE.jar:3.3.8.RELEASE]
		at reactor.core.publisher.FluxMap$MapSubscriber.onNext(FluxMap.java:114) ~[reactor-core-3.3.8.RELEASE.jar:3.3.8.RELEASE]
		at reactor.core.publisher.FluxSwitchIfEmpty$SwitchIfEmptySubscriber.onNext(FluxSwitchIfEmpty.java:67) ~[reactor-core-3.3.8.RELEASE.jar:3.3.8.RELEASE]
		at reactor.core.publisher.Operators$MonoSubscriber.complete(Operators.java:1782) ~[reactor-core-3.3.8.RELEASE.jar:3.3.8.RELEASE]
		at reactor.core.publisher.MonoFlatMap$FlatMapMain.onNext(MonoFlatMap.java:144) ~[reactor-core-3.3.8.RELEASE.jar:3.3.8.RELEASE]
		at reactor.core.publisher.FluxMap$MapSubscriber.onNext(FluxMap.java:114) ~[reactor-core-3.3.8.RELEASE.jar:3.3.8.RELEASE]
		at reactor.core.publisher.MonoNext$NextSubscriber.onNext(MonoNext.java:76) ~[reactor-core-3.3.8.RELEASE.jar:3.3.8.RELEASE]
		at reactor.core.publisher.FluxConcatMap$ConcatMapImmediate.innerNext(FluxConcatMap.java:274) ~[reactor-core-3.3.8.RELEASE.jar:3.3.8.RELEASE]
		at reactor.core.publisher.FluxConcatMap$ConcatMapInner.onNext(FluxConcatMap.java:851) ~[reactor-core-3.3.8.RELEASE.jar:3.3.8.RELEASE]
		at reactor.core.publisher.FluxOnErrorResume$ResumeSubscriber.onNext(FluxOnErrorResume.java:73) ~[reactor-core-3.3.8.RELEASE.jar:3.3.8.RELEASE]
		at reactor.core.publisher.MonoPeekTerminal$MonoTerminalPeekSubscriber.onNext(MonoPeekTerminal.java:173) ~[reactor-core-3.3.8.RELEASE.jar:3.3.8.RELEASE]
		at reactor.core.publisher.Operators$MonoSubscriber.complete(Operators.java:1782) ~[reactor-core-3.3.8.RELEASE.jar:3.3.8.RELEASE]
		at reactor.core.publisher.MonoFilterWhen$MonoFilterWhenMain.onNext(MonoFilterWhen.java:140) ~[reactor-core-3.3.8.RELEASE.jar:3.3.8.RELEASE]
		at reactor.core.publisher.Operators$ScalarSubscription.request(Operators.java:2344) ~[reactor-core-3.3.8.RELEASE.jar:3.3.8.RELEASE]
		at reactor.core.publisher.MonoFilterWhen$MonoFilterWhenMain.onSubscribe(MonoFilterWhen.java:103) ~[reactor-core-3.3.8.RELEASE.jar:3.3.8.RELEASE]
		at reactor.core.publisher.MonoJust.subscribe(MonoJust.java:54) ~[reactor-core-3.3.8.RELEASE.jar:3.3.8.RELEASE]
		at reactor.core.publisher.Mono.subscribe(Mono.java:4213) ~[reactor-core-3.3.8.RELEASE.jar:3.3.8.RELEASE]
		at reactor.core.publisher.FluxConcatMap$ConcatMapImmediate.drain(FluxConcatMap.java:441) ~[reactor-core-3.3.8.RELEASE.jar:3.3.8.RELEASE]
		at reactor.core.publisher.FluxConcatMap$ConcatMapImmediate.onNext(FluxConcatMap.java:243) ~[reactor-core-3.3.8.RELEASE.jar:3.3.8.RELEASE]
		at reactor.core.publisher.FluxDematerialize$DematerializeSubscriber.onNext(FluxDematerialize.java:91) ~[reactor-core-3.3.8.RELEASE.jar:3.3.8.RELEASE]
		at reactor.core.publisher.FluxDematerialize$DematerializeSubscriber.onNext(FluxDematerialize.java:38) ~[reactor-core-3.3.8.RELEASE.jar:3.3.8.RELEASE]
		at reactor.core.publisher.FluxIterable$IterableSubscription.slowPath(FluxIterable.java:267) ~[reactor-core-3.3.8.RELEASE.jar:3.3.8.RELEASE]
		at reactor.core.publisher.FluxIterable$IterableSubscription.request(FluxIterable.java:225) ~[reactor-core-3.3.8.RELEASE.jar:3.3.8.RELEASE]
		at reactor.core.publisher.FluxDematerialize$DematerializeSubscriber.request(FluxDematerialize.java:120) ~[reactor-core-3.3.8.RELEASE.jar:3.3.8.RELEASE]
		at reactor.core.publisher.FluxConcatMap$ConcatMapImmediate.onSubscribe(FluxConcatMap.java:228) ~[reactor-core-3.3.8.RELEASE.jar:3.3.8.RELEASE]
		at reactor.core.publisher.FluxDematerialize$DematerializeSubscriber.onSubscribe(FluxDematerialize.java:70) ~[reactor-core-3.3.8.RELEASE.jar:3.3.8.RELEASE]
		at reactor.core.publisher.FluxIterable.subscribe(FluxIterable.java:161) ~[reactor-core-3.3.8.RELEASE.jar:3.3.8.RELEASE]
		at reactor.core.publisher.FluxIterable.subscribe(FluxIterable.java:86) ~[reactor-core-3.3.8.RELEASE.jar:3.3.8.RELEASE]
		at reactor.core.publisher.InternalFluxOperator.subscribe(InternalFluxOperator.java:62) ~[reactor-core-3.3.8.RELEASE.jar:3.3.8.RELEASE]
		at reactor.core.publisher.FluxDefer.subscribe(FluxDefer.java:54) ~[reactor-core-3.3.8.RELEASE.jar:3.3.8.RELEASE]
		at reactor.core.publisher.Mono.subscribe(Mono.java:4213) ~[reactor-core-3.3.8.RELEASE.jar:3.3.8.RELEASE]
		at reactor.core.publisher.FluxConcatMap$ConcatMapImmediate.drain(FluxConcatMap.java:441) ~[reactor-core-3.3.8.RELEASE.jar:3.3.8.RELEASE]
		at reactor.core.publisher.FluxConcatMap$ConcatMapImmediate.onSubscribe(FluxConcatMap.java:211) ~[reactor-core-3.3.8.RELEASE.jar:3.3.8.RELEASE]
		at reactor.core.publisher.FluxIterable.subscribe(FluxIterable.java:161) ~[reactor-core-3.3.8.RELEASE.jar:3.3.8.RELEASE]
		at reactor.core.publisher.FluxIterable.subscribe(FluxIterable.java:86) ~[reactor-core-3.3.8.RELEASE.jar:3.3.8.RELEASE]
		at reactor.core.publisher.InternalMonoOperator.subscribe(InternalMonoOperator.java:64) ~[reactor-core-3.3.8.RELEASE.jar:3.3.8.RELEASE]
		at reactor.core.publisher.MonoDefer.subscribe(MonoDefer.java:52) [reactor-core-3.3.8.RELEASE.jar:3.3.8.RELEASE]
		at reactor.core.publisher.InternalMonoOperator.subscribe(InternalMonoOperator.java:64) ~[reactor-core-3.3.8.RELEASE.jar:3.3.8.RELEASE]
		at reactor.core.publisher.MonoDefer.subscribe(MonoDefer.java:52) [reactor-core-3.3.8.RELEASE.jar:3.3.8.RELEASE]
		at reactor.core.publisher.InternalMonoOperator.subscribe(InternalMonoOperator.java:64) ~[reactor-core-3.3.8.RELEASE.jar:3.3.8.RELEASE]
		at reactor.core.publisher.MonoDefer.subscribe(MonoDefer.java:52) [reactor-core-3.3.8.RELEASE.jar:3.3.8.RELEASE]
		at reactor.core.publisher.InternalMonoOperator.subscribe(InternalMonoOperator.java:64) ~[reactor-core-3.3.8.RELEASE.jar:3.3.8.RELEASE]
		at reactor.core.publisher.MonoDefer.subscribe(MonoDefer.java:52) [reactor-core-3.3.8.RELEASE.jar:3.3.8.RELEASE]
		at reactor.core.publisher.Mono.subscribe(Mono.java:4213) ~[reactor-core-3.3.8.RELEASE.jar:3.3.8.RELEASE]
		at reactor.core.publisher.MonoIgnoreThen$ThenIgnoreMain.drain(MonoIgnoreThen.java:172) ~[reactor-core-3.3.8.RELEASE.jar:3.3.8.RELEASE]
		at reactor.core.publisher.MonoIgnoreThen.subscribe(MonoIgnoreThen.java:56) ~[reactor-core-3.3.8.RELEASE.jar:3.3.8.RELEASE]
		at reactor.core.publisher.Mono.subscribe(Mono.java:4213) ~[reactor-core-3.3.8.RELEASE.jar:3.3.8.RELEASE]
		at org.springframework.http.server.reactive.ServletHttpHandlerAdapter.service(ServletHttpHandlerAdapter.java:192) ~[spring-web-5.2.8.RELEASE.jar:5.2.8.RELEASE]
		at org.eclipse.jetty.servlet.ServletHolder.handle(ServletHolder.java:763) ~[jetty-servlet-9.4.30.v20200611.jar:9.4.30.v20200611]
		at org.eclipse.jetty.servlet.ServletHandler.doHandle(ServletHandler.java:551) ~[jetty-servlet-9.4.30.v20200611.jar:9.4.30.v20200611]
		at org.eclipse.jetty.server.handler.ScopedHandler.nextHandle(ScopedHandler.java:233) ~[jetty-server-9.4.30.v20200611.jar:9.4.30.v20200611]
		at org.eclipse.jetty.server.handler.ContextHandler.doHandle(ContextHandler.java:1369) ~[jetty-server-9.4.30.v20200611.jar:9.4.30.v20200611]
		at org.eclipse.jetty.server.handler.ScopedHandler.nextScope(ScopedHandler.java:188) ~[jetty-server-9.4.30.v20200611.jar:9.4.30.v20200611]
		at org.eclipse.jetty.servlet.ServletHandler.doScope(ServletHandler.java:489) ~[jetty-servlet-9.4.30.v20200611.jar:9.4.30.v20200611]
		at org.eclipse.jetty.server.handler.ScopedHandler.nextScope(ScopedHandler.java:186) ~[jetty-server-9.4.30.v20200611.jar:9.4.30.v20200611]
		at org.eclipse.jetty.server.handler.ContextHandler.doScope(ContextHandler.java:1284) ~[jetty-server-9.4.30.v20200611.jar:9.4.30.v20200611]
		at org.eclipse.jetty.server.handler.ScopedHandler.handle(ScopedHandler.java:141) ~[jetty-server-9.4.30.v20200611.jar:9.4.30.v20200611]
		at org.eclipse.jetty.server.handler.HandlerWrapper.handle(HandlerWrapper.java:127) ~[jetty-server-9.4.30.v20200611.jar:9.4.30.v20200611]
		at org.eclipse.jetty.server.Server.handle(Server.java:501) ~[jetty-server-9.4.30.v20200611.jar:9.4.30.v20200611]
		at org.eclipse.jetty.server.HttpChannel.lambda$handle$1(HttpChannel.java:383) ~[jetty-server-9.4.30.v20200611.jar:9.4.30.v20200611]
		at org.eclipse.jetty.server.HttpChannel.dispatch(HttpChannel.java:556) ~[jetty-server-9.4.30.v20200611.jar:9.4.30.v20200611]
		at org.eclipse.jetty.server.HttpChannel.handle(HttpChannel.java:375) ~[jetty-server-9.4.30.v20200611.jar:9.4.30.v20200611]
		at org.eclipse.jetty.server.HttpConnection.onFillable(HttpConnection.java:272) ~[jetty-server-9.4.30.v20200611.jar:9.4.30.v20200611]
		at org.eclipse.jetty.io.AbstractConnection$ReadCallback.succeeded(AbstractConnection.java:311) ~[jetty-io-9.4.30.v20200611.jar:9.4.30.v20200611]
		at org.eclipse.jetty.io.FillInterest.fillable(FillInterest.java:103) ~[jetty-io-9.4.30.v20200611.jar:9.4.30.v20200611]
		at org.eclipse.jetty.io.ChannelEndPoint$1.run(ChannelEndPoint.java:104) ~[jetty-io-9.4.30.v20200611.jar:9.4.30.v20200611]
		at org.eclipse.jetty.util.thread.QueuedThreadPool.runJob(QueuedThreadPool.java:806) ~[jetty-util-9.4.30.v20200611.jar:9.4.30.v20200611]
		at org.eclipse.jetty.util.thread.QueuedThreadPool$Runner.run(QueuedThreadPool.java:938) ~[jetty-util-9.4.30.v20200611.jar:9.4.30.v20200611]
		at java.lang.Thread.run(Thread.java:750) ~[na:1.8.0_452]

2025-09-05 15:19:01.515 ERROR 3440 --- [ttp@6daf7d37-21] a.w.r.e.AbstractErrorWebExceptionHandler : [3209b0ff]  500 Server Error for HTTP POST "/user/login"

java.lang.ClassCastException: org.springframework.core.io.buffer.DefaultDataBufferFactory cannot be cast to org.springframework.core.io.buffer.NettyDataBufferFactory
	at org.springframework.cloud.gateway.support.ServerWebExchangeUtils.cacheRequestBody(ServerWebExchangeUtils.java:362) ~[spring-cloud-gateway-core-2.2.4.RELEASE.jar:2.2.4.RELEASE]
	Suppressed: reactor.core.publisher.FluxOnAssembly$OnAssemblyException: 
Error has been observed at the following site(s):
	|_ checkpoint ⇢ org.springframework.cloud.gateway.filter.WeightCalculatorWebFilter [DefaultWebFilterChain]
	|_ checkpoint ⇢ org.springframework.boot.actuate.metrics.web.reactive.server.MetricsWebFilter [DefaultWebFilterChain]
	|_ checkpoint ⇢ HTTP POST "/user/login" [ExceptionHandlingWebHandler]
Stack trace:
		at org.springframework.cloud.gateway.support.ServerWebExchangeUtils.cacheRequestBody(ServerWebExchangeUtils.java:362) ~[spring-cloud-gateway-core-2.2.4.RELEASE.jar:2.2.4.RELEASE]
		at org.springframework.cloud.gateway.support.ServerWebExchangeUtils.cacheRequestBody(ServerWebExchangeUtils.java:340) ~[spring-cloud-gateway-core-2.2.4.RELEASE.jar:2.2.4.RELEASE]
		at org.springframework.cloud.gateway.filter.AdaptCachedBodyGlobalFilter.filter(AdaptCachedBodyGlobalFilter.java:73) ~[spring-cloud-gateway-core-2.2.4.RELEASE.jar:2.2.4.RELEASE]
		at org.springframework.cloud.gateway.handler.FilteringWebHandler$GatewayFilterAdapter.filter(FilteringWebHandler.java:138) ~[spring-cloud-gateway-core-2.2.4.RELEASE.jar:2.2.4.RELEASE]
		at org.springframework.cloud.gateway.filter.OrderedGatewayFilter.filter(OrderedGatewayFilter.java:44) ~[spring-cloud-gateway-core-2.2.4.RELEASE.jar:2.2.4.RELEASE]
		at org.springframework.cloud.gateway.handler.FilteringWebHandler$DefaultGatewayFilterChain.lambda$filter$0(FilteringWebHandler.java:118) ~[spring-cloud-gateway-core-2.2.4.RELEASE.jar:2.2.4.RELEASE]
		at reactor.core.publisher.MonoDefer.subscribe(MonoDefer.java:44) [reactor-core-3.3.8.RELEASE.jar:3.3.8.RELEASE]
		at reactor.core.publisher.InternalMonoOperator.subscribe(InternalMonoOperator.java:64) ~[reactor-core-3.3.8.RELEASE.jar:3.3.8.RELEASE]
		at reactor.core.publisher.MonoDefer.subscribe(MonoDefer.java:52) [reactor-core-3.3.8.RELEASE.jar:3.3.8.RELEASE]
		at reactor.core.publisher.InternalMonoOperator.subscribe(InternalMonoOperator.java:64) ~[reactor-core-3.3.8.RELEASE.jar:3.3.8.RELEASE]
		at reactor.core.publisher.MonoDefer.subscribe(MonoDefer.java:52) [reactor-core-3.3.8.RELEASE.jar:3.3.8.RELEASE]
		at reactor.core.publisher.InternalMonoOperator.subscribe(InternalMonoOperator.java:64) ~[reactor-core-3.3.8.RELEASE.jar:3.3.8.RELEASE]
		at reactor.core.publisher.MonoDefer.subscribe(MonoDefer.java:52) [reactor-core-3.3.8.RELEASE.jar:3.3.8.RELEASE]
		at reactor.core.publisher.Mono.subscribe(Mono.java:4213) ~[reactor-core-3.3.8.RELEASE.jar:3.3.8.RELEASE]
		at reactor.core.publisher.MonoIgnoreThen$ThenIgnoreMain.drain(MonoIgnoreThen.java:172) ~[reactor-core-3.3.8.RELEASE.jar:3.3.8.RELEASE]
		at reactor.core.publisher.MonoIgnoreThen.subscribe(MonoIgnoreThen.java:56) ~[reactor-core-3.3.8.RELEASE.jar:3.3.8.RELEASE]
		at reactor.core.publisher.MonoFlatMap$FlatMapMain.onNext(MonoFlatMap.java:150) ~[reactor-core-3.3.8.RELEASE.jar:3.3.8.RELEASE]
		at reactor.core.publisher.FluxSwitchIfEmpty$SwitchIfEmptySubscriber.onNext(FluxSwitchIfEmpty.java:67) ~[reactor-core-3.3.8.RELEASE.jar:3.3.8.RELEASE]
		at reactor.core.publisher.MonoNext$NextSubscriber.onNext(MonoNext.java:76) ~[reactor-core-3.3.8.RELEASE.jar:3.3.8.RELEASE]
		at reactor.core.publisher.FluxConcatMap$ConcatMapImmediate.innerNext(FluxConcatMap.java:274) ~[reactor-core-3.3.8.RELEASE.jar:3.3.8.RELEASE]
		at reactor.core.publisher.FluxConcatMap$ConcatMapInner.onNext(FluxConcatMap.java:851) ~[reactor-core-3.3.8.RELEASE.jar:3.3.8.RELEASE]
		at reactor.core.publisher.FluxMap$MapSubscriber.onNext(FluxMap.java:114) ~[reactor-core-3.3.8.RELEASE.jar:3.3.8.RELEASE]
		at reactor.core.publisher.FluxSwitchIfEmpty$SwitchIfEmptySubscriber.onNext(FluxSwitchIfEmpty.java:67) ~[reactor-core-3.3.8.RELEASE.jar:3.3.8.RELEASE]
		at reactor.core.publisher.Operators$MonoSubscriber.complete(Operators.java:1782) ~[reactor-core-3.3.8.RELEASE.jar:3.3.8.RELEASE]
		at reactor.core.publisher.MonoFlatMap$FlatMapMain.onNext(MonoFlatMap.java:144) ~[reactor-core-3.3.8.RELEASE.jar:3.3.8.RELEASE]
		at reactor.core.publisher.FluxMap$MapSubscriber.onNext(FluxMap.java:114) ~[reactor-core-3.3.8.RELEASE.jar:3.3.8.RELEASE]
		at reactor.core.publisher.MonoNext$NextSubscriber.onNext(MonoNext.java:76) ~[reactor-core-3.3.8.RELEASE.jar:3.3.8.RELEASE]
		at reactor.core.publisher.FluxConcatMap$ConcatMapImmediate.innerNext(FluxConcatMap.java:274) ~[reactor-core-3.3.8.RELEASE.jar:3.3.8.RELEASE]
		at reactor.core.publisher.FluxConcatMap$ConcatMapInner.onNext(FluxConcatMap.java:851) ~[reactor-core-3.3.8.RELEASE.jar:3.3.8.RELEASE]
		at reactor.core.publisher.FluxOnErrorResume$ResumeSubscriber.onNext(FluxOnErrorResume.java:73) ~[reactor-core-3.3.8.RELEASE.jar:3.3.8.RELEASE]
		at reactor.core.publisher.MonoPeekTerminal$MonoTerminalPeekSubscriber.onNext(MonoPeekTerminal.java:173) ~[reactor-core-3.3.8.RELEASE.jar:3.3.8.RELEASE]
		at reactor.core.publisher.Operators$MonoSubscriber.complete(Operators.java:1782) ~[reactor-core-3.3.8.RELEASE.jar:3.3.8.RELEASE]
		at reactor.core.publisher.MonoFilterWhen$MonoFilterWhenMain.onNext(MonoFilterWhen.java:140) ~[reactor-core-3.3.8.RELEASE.jar:3.3.8.RELEASE]
		at reactor.core.publisher.Operators$ScalarSubscription.request(Operators.java:2344) ~[reactor-core-3.3.8.RELEASE.jar:3.3.8.RELEASE]
		at reactor.core.publisher.MonoFilterWhen$MonoFilterWhenMain.onSubscribe(MonoFilterWhen.java:103) ~[reactor-core-3.3.8.RELEASE.jar:3.3.8.RELEASE]
		at reactor.core.publisher.MonoJust.subscribe(MonoJust.java:54) ~[reactor-core-3.3.8.RELEASE.jar:3.3.8.RELEASE]
		at reactor.core.publisher.Mono.subscribe(Mono.java:4213) ~[reactor-core-3.3.8.RELEASE.jar:3.3.8.RELEASE]
		at reactor.core.publisher.FluxConcatMap$ConcatMapImmediate.drain(FluxConcatMap.java:441) ~[reactor-core-3.3.8.RELEASE.jar:3.3.8.RELEASE]
		at reactor.core.publisher.FluxConcatMap$ConcatMapImmediate.onNext(FluxConcatMap.java:243) ~[reactor-core-3.3.8.RELEASE.jar:3.3.8.RELEASE]
		at reactor.core.publisher.FluxDematerialize$DematerializeSubscriber.onNext(FluxDematerialize.java:91) ~[reactor-core-3.3.8.RELEASE.jar:3.3.8.RELEASE]
		at reactor.core.publisher.FluxDematerialize$DematerializeSubscriber.onNext(FluxDematerialize.java:38) ~[reactor-core-3.3.8.RELEASE.jar:3.3.8.RELEASE]
		at reactor.core.publisher.FluxIterable$IterableSubscription.slowPath(FluxIterable.java:267) ~[reactor-core-3.3.8.RELEASE.jar:3.3.8.RELEASE]
		at reactor.core.publisher.FluxIterable$IterableSubscription.request(FluxIterable.java:225) ~[reactor-core-3.3.8.RELEASE.jar:3.3.8.RELEASE]
		at reactor.core.publisher.FluxDematerialize$DematerializeSubscriber.request(FluxDematerialize.java:120) ~[reactor-core-3.3.8.RELEASE.jar:3.3.8.RELEASE]
		at reactor.core.publisher.FluxConcatMap$ConcatMapImmediate.onSubscribe(FluxConcatMap.java:228) ~[reactor-core-3.3.8.RELEASE.jar:3.3.8.RELEASE]
		at reactor.core.publisher.FluxDematerialize$DematerializeSubscriber.onSubscribe(FluxDematerialize.java:70) ~[reactor-core-3.3.8.RELEASE.jar:3.3.8.RELEASE]
		at reactor.core.publisher.FluxIterable.subscribe(FluxIterable.java:161) ~[reactor-core-3.3.8.RELEASE.jar:3.3.8.RELEASE]
		at reactor.core.publisher.FluxIterable.subscribe(FluxIterable.java:86) ~[reactor-core-3.3.8.RELEASE.jar:3.3.8.RELEASE]
		at reactor.core.publisher.InternalFluxOperator.subscribe(InternalFluxOperator.java:62) ~[reactor-core-3.3.8.RELEASE.jar:3.3.8.RELEASE]
		at reactor.core.publisher.FluxDefer.subscribe(FluxDefer.java:54) ~[reactor-core-3.3.8.RELEASE.jar:3.3.8.RELEASE]
		at reactor.core.publisher.Mono.subscribe(Mono.java:4213) ~[reactor-core-3.3.8.RELEASE.jar:3.3.8.RELEASE]
		at reactor.core.publisher.FluxConcatMap$ConcatMapImmediate.drain(FluxConcatMap.java:441) ~[reactor-core-3.3.8.RELEASE.jar:3.3.8.RELEASE]
		at reactor.core.publisher.FluxConcatMap$ConcatMapImmediate.onSubscribe(FluxConcatMap.java:211) ~[reactor-core-3.3.8.RELEASE.jar:3.3.8.RELEASE]
		at reactor.core.publisher.FluxIterable.subscribe(FluxIterable.java:161) ~[reactor-core-3.3.8.RELEASE.jar:3.3.8.RELEASE]
		at reactor.core.publisher.FluxIterable.subscribe(FluxIterable.java:86) ~[reactor-core-3.3.8.RELEASE.jar:3.3.8.RELEASE]
		at reactor.core.publisher.InternalMonoOperator.subscribe(InternalMonoOperator.java:64) ~[reactor-core-3.3.8.RELEASE.jar:3.3.8.RELEASE]
		at reactor.core.publisher.MonoDefer.subscribe(MonoDefer.java:52) [reactor-core-3.3.8.RELEASE.jar:3.3.8.RELEASE]
		at reactor.core.publisher.InternalMonoOperator.subscribe(InternalMonoOperator.java:64) ~[reactor-core-3.3.8.RELEASE.jar:3.3.8.RELEASE]
		at reactor.core.publisher.MonoDefer.subscribe(MonoDefer.java:52) [reactor-core-3.3.8.RELEASE.jar:3.3.8.RELEASE]
		at reactor.core.publisher.InternalMonoOperator.subscribe(InternalMonoOperator.java:64) ~[reactor-core-3.3.8.RELEASE.jar:3.3.8.RELEASE]
		at reactor.core.publisher.MonoDefer.subscribe(MonoDefer.java:52) [reactor-core-3.3.8.RELEASE.jar:3.3.8.RELEASE]
		at reactor.core.publisher.InternalMonoOperator.subscribe(InternalMonoOperator.java:64) ~[reactor-core-3.3.8.RELEASE.jar:3.3.8.RELEASE]
		at reactor.core.publisher.MonoDefer.subscribe(MonoDefer.java:52) [reactor-core-3.3.8.RELEASE.jar:3.3.8.RELEASE]
		at reactor.core.publisher.Mono.subscribe(Mono.java:4213) ~[reactor-core-3.3.8.RELEASE.jar:3.3.8.RELEASE]
		at reactor.core.publisher.MonoIgnoreThen$ThenIgnoreMain.drain(MonoIgnoreThen.java:172) ~[reactor-core-3.3.8.RELEASE.jar:3.3.8.RELEASE]
		at reactor.core.publisher.MonoIgnoreThen.subscribe(MonoIgnoreThen.java:56) ~[reactor-core-3.3.8.RELEASE.jar:3.3.8.RELEASE]
		at reactor.core.publisher.Mono.subscribe(Mono.java:4213) ~[reactor-core-3.3.8.RELEASE.jar:3.3.8.RELEASE]
		at org.springframework.http.server.reactive.ServletHttpHandlerAdapter.service(ServletHttpHandlerAdapter.java:192) ~[spring-web-5.2.8.RELEASE.jar:5.2.8.RELEASE]
		at org.eclipse.jetty.servlet.ServletHolder.handle(ServletHolder.java:763) ~[jetty-servlet-9.4.30.v20200611.jar:9.4.30.v20200611]
		at org.eclipse.jetty.servlet.ServletHandler.doHandle(ServletHandler.java:551) ~[jetty-servlet-9.4.30.v20200611.jar:9.4.30.v20200611]
		at org.eclipse.jetty.server.handler.ScopedHandler.nextHandle(ScopedHandler.java:233) ~[jetty-server-9.4.30.v20200611.jar:9.4.30.v20200611]
		at org.eclipse.jetty.server.handler.ContextHandler.doHandle(ContextHandler.java:1369) ~[jetty-server-9.4.30.v20200611.jar:9.4.30.v20200611]
		at org.eclipse.jetty.server.handler.ScopedHandler.nextScope(ScopedHandler.java:188) ~[jetty-server-9.4.30.v20200611.jar:9.4.30.v20200611]
		at org.eclipse.jetty.servlet.ServletHandler.doScope(ServletHandler.java:489) ~[jetty-servlet-9.4.30.v20200611.jar:9.4.30.v20200611]
		at org.eclipse.jetty.server.handler.ScopedHandler.nextScope(ScopedHandler.java:186) ~[jetty-server-9.4.30.v20200611.jar:9.4.30.v20200611]
		at org.eclipse.jetty.server.handler.ContextHandler.doScope(ContextHandler.java:1284) ~[jetty-server-9.4.30.v20200611.jar:9.4.30.v20200611]
		at org.eclipse.jetty.server.handler.ScopedHandler.handle(ScopedHandler.java:141) ~[jetty-server-9.4.30.v20200611.jar:9.4.30.v20200611]
		at org.eclipse.jetty.server.handler.HandlerWrapper.handle(HandlerWrapper.java:127) ~[jetty-server-9.4.30.v20200611.jar:9.4.30.v20200611]
		at org.eclipse.jetty.server.Server.handle(Server.java:501) ~[jetty-server-9.4.30.v20200611.jar:9.4.30.v20200611]
		at org.eclipse.jetty.server.HttpChannel.lambda$handle$1(HttpChannel.java:383) ~[jetty-server-9.4.30.v20200611.jar:9.4.30.v20200611]
		at org.eclipse.jetty.server.HttpChannel.dispatch(HttpChannel.java:556) ~[jetty-server-9.4.30.v20200611.jar:9.4.30.v20200611]
		at org.eclipse.jetty.server.HttpChannel.handle(HttpChannel.java:375) ~[jetty-server-9.4.30.v20200611.jar:9.4.30.v20200611]
		at org.eclipse.jetty.server.HttpConnection.onFillable(HttpConnection.java:272) ~[jetty-server-9.4.30.v20200611.jar:9.4.30.v20200611]
		at org.eclipse.jetty.io.AbstractConnection$ReadCallback.succeeded(AbstractConnection.java:311) ~[jetty-io-9.4.30.v20200611.jar:9.4.30.v20200611]
		at org.eclipse.jetty.io.FillInterest.fillable(FillInterest.java:103) ~[jetty-io-9.4.30.v20200611.jar:9.4.30.v20200611]
		at org.eclipse.jetty.io.ChannelEndPoint$1.run(ChannelEndPoint.java:104) ~[jetty-io-9.4.30.v20200611.jar:9.4.30.v20200611]
		at org.eclipse.jetty.util.thread.strategy.EatWhatYouKill.runTask(EatWhatYouKill.java:336) ~[jetty-util-9.4.30.v20200611.jar:9.4.30.v20200611]
		at org.eclipse.jetty.util.thread.strategy.EatWhatYouKill.doProduce(EatWhatYouKill.java:313) ~[jetty-util-9.4.30.v20200611.jar:9.4.30.v20200611]
		at org.eclipse.jetty.util.thread.strategy.EatWhatYouKill.tryProduce(EatWhatYouKill.java:171) ~[jetty-util-9.4.30.v20200611.jar:9.4.30.v20200611]
		at org.eclipse.jetty.util.thread.strategy.EatWhatYouKill.produce(EatWhatYouKill.java:135) ~[jetty-util-9.4.30.v20200611.jar:9.4.30.v20200611]
		at org.eclipse.jetty.util.thread.QueuedThreadPool.runJob(QueuedThreadPool.java:806) ~[jetty-util-9.4.30.v20200611.jar:9.4.30.v20200611]
		at org.eclipse.jetty.util.thread.QueuedThreadPool$Runner.run(QueuedThreadPool.java:938) ~[jetty-util-9.4.30.v20200611.jar:9.4.30.v20200611]
		at java.lang.Thread.run(Thread.java:750) ~[na:1.8.0_452]

2025-09-05 15:19:01.513 ERROR 3440 --- [tp@6daf7d37-135] a.w.r.e.AbstractErrorWebExceptionHandler : [320f2410]  500 Server Error for HTTP POST "/user/login"

java.lang.ClassCastException: org.springframework.core.io.buffer.DefaultDataBufferFactory cannot be cast to org.springframework.core.io.buffer.NettyDataBufferFactory
	at org.springframework.cloud.gateway.support.ServerWebExchangeUtils.cacheRequestBody(ServerWebExchangeUtils.java:362) ~[spring-cloud-gateway-core-2.2.4.RELEASE.jar:2.2.4.RELEASE]
	Suppressed: reactor.core.publisher.FluxOnAssembly$OnAssemblyException: 
Error has been observed at the following site(s):
	|_ checkpoint ⇢ org.springframework.cloud.gateway.filter.WeightCalculatorWebFilter [DefaultWebFilterChain]
	|_ checkpoint ⇢ org.springframework.boot.actuate.metrics.web.reactive.server.MetricsWebFilter [DefaultWebFilterChain]
	|_ checkpoint ⇢ HTTP POST "/user/login" [ExceptionHandlingWebHandler]
Stack trace:
		at org.springframework.cloud.gateway.support.ServerWebExchangeUtils.cacheRequestBody(ServerWebExchangeUtils.java:362) ~[spring-cloud-gateway-core-2.2.4.RELEASE.jar:2.2.4.RELEASE]
		at org.springframework.cloud.gateway.support.ServerWebExchangeUtils.cacheRequestBody(ServerWebExchangeUtils.java:340) ~[spring-cloud-gateway-core-2.2.4.RELEASE.jar:2.2.4.RELEASE]
		at org.springframework.cloud.gateway.filter.AdaptCachedBodyGlobalFilter.filter(AdaptCachedBodyGlobalFilter.java:73) ~[spring-cloud-gateway-core-2.2.4.RELEASE.jar:2.2.4.RELEASE]
		at org.springframework.cloud.gateway.handler.FilteringWebHandler$GatewayFilterAdapter.filter(FilteringWebHandler.java:138) ~[spring-cloud-gateway-core-2.2.4.RELEASE.jar:2.2.4.RELEASE]
		at org.springframework.cloud.gateway.filter.OrderedGatewayFilter.filter(OrderedGatewayFilter.java:44) ~[spring-cloud-gateway-core-2.2.4.RELEASE.jar:2.2.4.RELEASE]
		at org.springframework.cloud.gateway.handler.FilteringWebHandler$DefaultGatewayFilterChain.lambda$filter$0(FilteringWebHandler.java:118) ~[spring-cloud-gateway-core-2.2.4.RELEASE.jar:2.2.4.RELEASE]
		at reactor.core.publisher.MonoDefer.subscribe(MonoDefer.java:44) [reactor-core-3.3.8.RELEASE.jar:3.3.8.RELEASE]
		at reactor.core.publisher.InternalMonoOperator.subscribe(InternalMonoOperator.java:64) ~[reactor-core-3.3.8.RELEASE.jar:3.3.8.RELEASE]
		at reactor.core.publisher.MonoDefer.subscribe(MonoDefer.java:52) [reactor-core-3.3.8.RELEASE.jar:3.3.8.RELEASE]
		at reactor.core.publisher.InternalMonoOperator.subscribe(InternalMonoOperator.java:64) ~[reactor-core-3.3.8.RELEASE.jar:3.3.8.RELEASE]
		at reactor.core.publisher.MonoDefer.subscribe(MonoDefer.java:52) [reactor-core-3.3.8.RELEASE.jar:3.3.8.RELEASE]
		at reactor.core.publisher.InternalMonoOperator.subscribe(InternalMonoOperator.java:64) ~[reactor-core-3.3.8.RELEASE.jar:3.3.8.RELEASE]
		at reactor.core.publisher.MonoDefer.subscribe(MonoDefer.java:52) [reactor-core-3.3.8.RELEASE.jar:3.3.8.RELEASE]
		at reactor.core.publisher.Mono.subscribe(Mono.java:4213) ~[reactor-core-3.3.8.RELEASE.jar:3.3.8.RELEASE]
		at reactor.core.publisher.MonoIgnoreThen$ThenIgnoreMain.drain(MonoIgnoreThen.java:172) ~[reactor-core-3.3.8.RELEASE.jar:3.3.8.RELEASE]
		at reactor.core.publisher.MonoIgnoreThen.subscribe(MonoIgnoreThen.java:56) ~[reactor-core-3.3.8.RELEASE.jar:3.3.8.RELEASE]
		at reactor.core.publisher.MonoFlatMap$FlatMapMain.onNext(MonoFlatMap.java:150) ~[reactor-core-3.3.8.RELEASE.jar:3.3.8.RELEASE]
		at reactor.core.publisher.FluxSwitchIfEmpty$SwitchIfEmptySubscriber.onNext(FluxSwitchIfEmpty.java:67) ~[reactor-core-3.3.8.RELEASE.jar:3.3.8.RELEASE]
		at reactor.core.publisher.MonoNext$NextSubscriber.onNext(MonoNext.java:76) ~[reactor-core-3.3.8.RELEASE.jar:3.3.8.RELEASE]
		at reactor.core.publisher.FluxConcatMap$ConcatMapImmediate.innerNext(FluxConcatMap.java:274) ~[reactor-core-3.3.8.RELEASE.jar:3.3.8.RELEASE]
		at reactor.core.publisher.FluxConcatMap$ConcatMapInner.onNext(FluxConcatMap.java:851) ~[reactor-core-3.3.8.RELEASE.jar:3.3.8.RELEASE]
		at reactor.core.publisher.FluxMap$MapSubscriber.onNext(FluxMap.java:114) ~[reactor-core-3.3.8.RELEASE.jar:3.3.8.RELEASE]
		at reactor.core.publisher.FluxSwitchIfEmpty$SwitchIfEmptySubscriber.onNext(FluxSwitchIfEmpty.java:67) ~[reactor-core-3.3.8.RELEASE.jar:3.3.8.RELEASE]
		at reactor.core.publisher.Operators$MonoSubscriber.complete(Operators.java:1782) ~[reactor-core-3.3.8.RELEASE.jar:3.3.8.RELEASE]
		at reactor.core.publisher.MonoFlatMap$FlatMapMain.onNext(MonoFlatMap.java:144) ~[reactor-core-3.3.8.RELEASE.jar:3.3.8.RELEASE]
		at reactor.core.publisher.FluxMap$MapSubscriber.onNext(FluxMap.java:114) ~[reactor-core-3.3.8.RELEASE.jar:3.3.8.RELEASE]
		at reactor.core.publisher.MonoNext$NextSubscriber.onNext(MonoNext.java:76) ~[reactor-core-3.3.8.RELEASE.jar:3.3.8.RELEASE]
		at reactor.core.publisher.FluxConcatMap$ConcatMapImmediate.innerNext(FluxConcatMap.java:274) ~[reactor-core-3.3.8.RELEASE.jar:3.3.8.RELEASE]
		at reactor.core.publisher.FluxConcatMap$ConcatMapInner.onNext(FluxConcatMap.java:851) ~[reactor-core-3.3.8.RELEASE.jar:3.3.8.RELEASE]
		at reactor.core.publisher.FluxOnErrorResume$ResumeSubscriber.onNext(FluxOnErrorResume.java:73) ~[reactor-core-3.3.8.RELEASE.jar:3.3.8.RELEASE]
		at reactor.core.publisher.MonoPeekTerminal$MonoTerminalPeekSubscriber.onNext(MonoPeekTerminal.java:173) ~[reactor-core-3.3.8.RELEASE.jar:3.3.8.RELEASE]
		at reactor.core.publisher.Operators$MonoSubscriber.complete(Operators.java:1782) ~[reactor-core-3.3.8.RELEASE.jar:3.3.8.RELEASE]
		at reactor.core.publisher.MonoFilterWhen$MonoFilterWhenMain.onNext(MonoFilterWhen.java:140) ~[reactor-core-3.3.8.RELEASE.jar:3.3.8.RELEASE]
		at reactor.core.publisher.Operators$ScalarSubscription.request(Operators.java:2344) ~[reactor-core-3.3.8.RELEASE.jar:3.3.8.RELEASE]
		at reactor.core.publisher.MonoFilterWhen$MonoFilterWhenMain.onSubscribe(MonoFilterWhen.java:103) ~[reactor-core-3.3.8.RELEASE.jar:3.3.8.RELEASE]
		at reactor.core.publisher.MonoJust.subscribe(MonoJust.java:54) ~[reactor-core-3.3.8.RELEASE.jar:3.3.8.RELEASE]
		at reactor.core.publisher.Mono.subscribe(Mono.java:4213) ~[reactor-core-3.3.8.RELEASE.jar:3.3.8.RELEASE]
		at reactor.core.publisher.FluxConcatMap$ConcatMapImmediate.drain(FluxConcatMap.java:441) ~[reactor-core-3.3.8.RELEASE.jar:3.3.8.RELEASE]
		at reactor.core.publisher.FluxConcatMap$ConcatMapImmediate.onNext(FluxConcatMap.java:243) ~[reactor-core-3.3.8.RELEASE.jar:3.3.8.RELEASE]
		at reactor.core.publisher.FluxDematerialize$DematerializeSubscriber.onNext(FluxDematerialize.java:91) ~[reactor-core-3.3.8.RELEASE.jar:3.3.8.RELEASE]
		at reactor.core.publisher.FluxDematerialize$DematerializeSubscriber.onNext(FluxDematerialize.java:38) ~[reactor-core-3.3.8.RELEASE.jar:3.3.8.RELEASE]
		at reactor.core.publisher.FluxIterable$IterableSubscription.slowPath(FluxIterable.java:267) ~[reactor-core-3.3.8.RELEASE.jar:3.3.8.RELEASE]
		at reactor.core.publisher.FluxIterable$IterableSubscription.request(FluxIterable.java:225) ~[reactor-core-3.3.8.RELEASE.jar:3.3.8.RELEASE]
		at reactor.core.publisher.FluxDematerialize$DematerializeSubscriber.request(FluxDematerialize.java:120) ~[reactor-core-3.3.8.RELEASE.jar:3.3.8.RELEASE]
		at reactor.core.publisher.FluxConcatMap$ConcatMapImmediate.onSubscribe(FluxConcatMap.java:228) ~[reactor-core-3.3.8.RELEASE.jar:3.3.8.RELEASE]
		at reactor.core.publisher.FluxDematerialize$DematerializeSubscriber.onSubscribe(FluxDematerialize.java:70) ~[reactor-core-3.3.8.RELEASE.jar:3.3.8.RELEASE]
		at reactor.core.publisher.FluxIterable.subscribe(FluxIterable.java:161) ~[reactor-core-3.3.8.RELEASE.jar:3.3.8.RELEASE]
		at reactor.core.publisher.FluxIterable.subscribe(FluxIterable.java:86) ~[reactor-core-3.3.8.RELEASE.jar:3.3.8.RELEASE]
		at reactor.core.publisher.InternalFluxOperator.subscribe(InternalFluxOperator.java:62) ~[reactor-core-3.3.8.RELEASE.jar:3.3.8.RELEASE]
		at reactor.core.publisher.FluxDefer.subscribe(FluxDefer.java:54) ~[reactor-core-3.3.8.RELEASE.jar:3.3.8.RELEASE]
		at reactor.core.publisher.Mono.subscribe(Mono.java:4213) ~[reactor-core-3.3.8.RELEASE.jar:3.3.8.RELEASE]
		at reactor.core.publisher.FluxConcatMap$ConcatMapImmediate.drain(FluxConcatMap.java:441) ~[reactor-core-3.3.8.RELEASE.jar:3.3.8.RELEASE]
		at reactor.core.publisher.FluxConcatMap$ConcatMapImmediate.onSubscribe(FluxConcatMap.java:211) ~[reactor-core-3.3.8.RELEASE.jar:3.3.8.RELEASE]
		at reactor.core.publisher.FluxIterable.subscribe(FluxIterable.java:161) ~[reactor-core-3.3.8.RELEASE.jar:3.3.8.RELEASE]
		at reactor.core.publisher.FluxIterable.subscribe(FluxIterable.java:86) ~[reactor-core-3.3.8.RELEASE.jar:3.3.8.RELEASE]
		at reactor.core.publisher.InternalMonoOperator.subscribe(InternalMonoOperator.java:64) ~[reactor-core-3.3.8.RELEASE.jar:3.3.8.RELEASE]
		at reactor.core.publisher.MonoDefer.subscribe(MonoDefer.java:52) [reactor-core-3.3.8.RELEASE.jar:3.3.8.RELEASE]
		at reactor.core.publisher.InternalMonoOperator.subscribe(InternalMonoOperator.java:64) ~[reactor-core-3.3.8.RELEASE.jar:3.3.8.RELEASE]
		at reactor.core.publisher.MonoDefer.subscribe(MonoDefer.java:52) [reactor-core-3.3.8.RELEASE.jar:3.3.8.RELEASE]
		at reactor.core.publisher.InternalMonoOperator.subscribe(InternalMonoOperator.java:64) ~[reactor-core-3.3.8.RELEASE.jar:3.3.8.RELEASE]
		at reactor.core.publisher.MonoDefer.subscribe(MonoDefer.java:52) [reactor-core-3.3.8.RELEASE.jar:3.3.8.RELEASE]
		at reactor.core.publisher.InternalMonoOperator.subscribe(InternalMonoOperator.java:64) ~[reactor-core-3.3.8.RELEASE.jar:3.3.8.RELEASE]
		at reactor.core.publisher.MonoDefer.subscribe(MonoDefer.java:52) [reactor-core-3.3.8.RELEASE.jar:3.3.8.RELEASE]
		at reactor.core.publisher.Mono.subscribe(Mono.java:4213) ~[reactor-core-3.3.8.RELEASE.jar:3.3.8.RELEASE]
		at reactor.core.publisher.MonoIgnoreThen$ThenIgnoreMain.drain(MonoIgnoreThen.java:172) ~[reactor-core-3.3.8.RELEASE.jar:3.3.8.RELEASE]
		at reactor.core.publisher.MonoIgnoreThen.subscribe(MonoIgnoreThen.java:56) ~[reactor-core-3.3.8.RELEASE.jar:3.3.8.RELEASE]
		at reactor.core.publisher.Mono.subscribe(Mono.java:4213) ~[reactor-core-3.3.8.RELEASE.jar:3.3.8.RELEASE]
		at org.springframework.http.server.reactive.ServletHttpHandlerAdapter.service(ServletHttpHandlerAdapter.java:192) ~[spring-web-5.2.8.RELEASE.jar:5.2.8.RELEASE]
		at org.eclipse.jetty.servlet.ServletHolder.handle(ServletHolder.java:763) ~[jetty-servlet-9.4.30.v20200611.jar:9.4.30.v20200611]
		at org.eclipse.jetty.servlet.ServletHandler.doHandle(ServletHandler.java:551) ~[jetty-servlet-9.4.30.v20200611.jar:9.4.30.v20200611]
		at org.eclipse.jetty.server.handler.ScopedHandler.nextHandle(ScopedHandler.java:233) ~[jetty-server-9.4.30.v20200611.jar:9.4.30.v20200611]
		at org.eclipse.jetty.server.handler.ContextHandler.doHandle(ContextHandler.java:1369) ~[jetty-server-9.4.30.v20200611.jar:9.4.30.v20200611]
		at org.eclipse.jetty.server.handler.ScopedHandler.nextScope(ScopedHandler.java:188) ~[jetty-server-9.4.30.v20200611.jar:9.4.30.v20200611]
		at org.eclipse.jetty.servlet.ServletHandler.doScope(ServletHandler.java:489) ~[jetty-servlet-9.4.30.v20200611.jar:9.4.30.v20200611]
		at org.eclipse.jetty.server.handler.ScopedHandler.nextScope(ScopedHandler.java:186) ~[jetty-server-9.4.30.v20200611.jar:9.4.30.v20200611]
		at org.eclipse.jetty.server.handler.ContextHandler.doScope(ContextHandler.java:1284) ~[jetty-server-9.4.30.v20200611.jar:9.4.30.v20200611]
		at org.eclipse.jetty.server.handler.ScopedHandler.handle(ScopedHandler.java:141) ~[jetty-server-9.4.30.v20200611.jar:9.4.30.v20200611]
		at org.eclipse.jetty.server.handler.HandlerWrapper.handle(HandlerWrapper.java:127) ~[jetty-server-9.4.30.v20200611.jar:9.4.30.v20200611]
		at org.eclipse.jetty.server.Server.handle(Server.java:501) ~[jetty-server-9.4.30.v20200611.jar:9.4.30.v20200611]
		at org.eclipse.jetty.server.HttpChannel.lambda$handle$1(HttpChannel.java:383) ~[jetty-server-9.4.30.v20200611.jar:9.4.30.v20200611]
		at org.eclipse.jetty.server.HttpChannel.dispatch(HttpChannel.java:556) ~[jetty-server-9.4.30.v20200611.jar:9.4.30.v20200611]
		at org.eclipse.jetty.server.HttpChannel.handle(HttpChannel.java:375) ~[jetty-server-9.4.30.v20200611.jar:9.4.30.v20200611]
		at org.eclipse.jetty.server.HttpConnection.onFillable(HttpConnection.java:272) ~[jetty-server-9.4.30.v20200611.jar:9.4.30.v20200611]
		at org.eclipse.jetty.io.AbstractConnection$ReadCallback.succeeded(AbstractConnection.java:311) ~[jetty-io-9.4.30.v20200611.jar:9.4.30.v20200611]
		at org.eclipse.jetty.io.FillInterest.fillable(FillInterest.java:103) ~[jetty-io-9.4.30.v20200611.jar:9.4.30.v20200611]
		at org.eclipse.jetty.io.ChannelEndPoint$1.run(ChannelEndPoint.java:104) ~[jetty-io-9.4.30.v20200611.jar:9.4.30.v20200611]
		at org.eclipse.jetty.util.thread.QueuedThreadPool.runJob(QueuedThreadPool.java:806) ~[jetty-util-9.4.30.v20200611.jar:9.4.30.v20200611]
		at org.eclipse.jetty.util.thread.QueuedThreadPool$Runner.run(QueuedThreadPool.java:938) ~[jetty-util-9.4.30.v20200611.jar:9.4.30.v20200611]
		at java.lang.Thread.run(Thread.java:750) ~[na:1.8.0_452]

2025-09-05 15:19:01.513 ERROR 3440 --- [ttp@6daf7d37-25] a.w.r.e.AbstractErrorWebExceptionHandler : [6be0a6c]  500 Server Error for HTTP POST "/user/login"

java.lang.ClassCastException: org.springframework.core.io.buffer.DefaultDataBufferFactory cannot be cast to org.springframework.core.io.buffer.NettyDataBufferFactory
	at org.springframework.cloud.gateway.support.ServerWebExchangeUtils.cacheRequestBody(ServerWebExchangeUtils.java:362) ~[spring-cloud-gateway-core-2.2.4.RELEASE.jar:2.2.4.RELEASE]
	Suppressed: reactor.core.publisher.FluxOnAssembly$OnAssemblyException: 
Error has been observed at the following site(s):
	|_ checkpoint ⇢ org.springframework.cloud.gateway.filter.WeightCalculatorWebFilter [DefaultWebFilterChain]
	|_ checkpoint ⇢ org.springframework.boot.actuate.metrics.web.reactive.server.MetricsWebFilter [DefaultWebFilterChain]
	|_ checkpoint ⇢ HTTP POST "/user/login" [ExceptionHandlingWebHandler]
Stack trace:
		at org.springframework.cloud.gateway.support.ServerWebExchangeUtils.cacheRequestBody(ServerWebExchangeUtils.java:362) ~[spring-cloud-gateway-core-2.2.4.RELEASE.jar:2.2.4.RELEASE]
		at org.springframework.cloud.gateway.support.ServerWebExchangeUtils.cacheRequestBody(ServerWebExchangeUtils.java:340) ~[spring-cloud-gateway-core-2.2.4.RELEASE.jar:2.2.4.RELEASE]
		at org.springframework.cloud.gateway.filter.AdaptCachedBodyGlobalFilter.filter(AdaptCachedBodyGlobalFilter.java:73) ~[spring-cloud-gateway-core-2.2.4.RELEASE.jar:2.2.4.RELEASE]
		at org.springframework.cloud.gateway.handler.FilteringWebHandler$GatewayFilterAdapter.filter(FilteringWebHandler.java:138) ~[spring-cloud-gateway-core-2.2.4.RELEASE.jar:2.2.4.RELEASE]
		at org.springframework.cloud.gateway.filter.OrderedGatewayFilter.filter(OrderedGatewayFilter.java:44) ~[spring-cloud-gateway-core-2.2.4.RELEASE.jar:2.2.4.RELEASE]
		at org.springframework.cloud.gateway.handler.FilteringWebHandler$DefaultGatewayFilterChain.lambda$filter$0(FilteringWebHandler.java:118) ~[spring-cloud-gateway-core-2.2.4.RELEASE.jar:2.2.4.RELEASE]
		at reactor.core.publisher.MonoDefer.subscribe(MonoDefer.java:44) [reactor-core-3.3.8.RELEASE.jar:3.3.8.RELEASE]
		at reactor.core.publisher.InternalMonoOperator.subscribe(InternalMonoOperator.java:64) ~[reactor-core-3.3.8.RELEASE.jar:3.3.8.RELEASE]
		at reactor.core.publisher.MonoDefer.subscribe(MonoDefer.java:52) [reactor-core-3.3.8.RELEASE.jar:3.3.8.RELEASE]
		at reactor.core.publisher.InternalMonoOperator.subscribe(InternalMonoOperator.java:64) ~[reactor-core-3.3.8.RELEASE.jar:3.3.8.RELEASE]
		at reactor.core.publisher.MonoDefer.subscribe(MonoDefer.java:52) [reactor-core-3.3.8.RELEASE.jar:3.3.8.RELEASE]
		at reactor.core.publisher.InternalMonoOperator.subscribe(InternalMonoOperator.java:64) ~[reactor-core-3.3.8.RELEASE.jar:3.3.8.RELEASE]
		at reactor.core.publisher.MonoDefer.subscribe(MonoDefer.java:52) [reactor-core-3.3.8.RELEASE.jar:3.3.8.RELEASE]
		at reactor.core.publisher.Mono.subscribe(Mono.java:4213) ~[reactor-core-3.3.8.RELEASE.jar:3.3.8.RELEASE]
		at reactor.core.publisher.MonoIgnoreThen$ThenIgnoreMain.drain(MonoIgnoreThen.java:172) ~[reactor-core-3.3.8.RELEASE.jar:3.3.8.RELEASE]
		at reactor.core.publisher.MonoIgnoreThen.subscribe(MonoIgnoreThen.java:56) ~[reactor-core-3.3.8.RELEASE.jar:3.3.8.RELEASE]
		at reactor.core.publisher.MonoFlatMap$FlatMapMain.onNext(MonoFlatMap.java:150) ~[reactor-core-3.3.8.RELEASE.jar:3.3.8.RELEASE]
		at reactor.core.publisher.FluxSwitchIfEmpty$SwitchIfEmptySubscriber.onNext(FluxSwitchIfEmpty.java:67) ~[reactor-core-3.3.8.RELEASE.jar:3.3.8.RELEASE]
		at reactor.core.publisher.MonoNext$NextSubscriber.onNext(MonoNext.java:76) ~[reactor-core-3.3.8.RELEASE.jar:3.3.8.RELEASE]
		at reactor.core.publisher.FluxConcatMap$ConcatMapImmediate.innerNext(FluxConcatMap.java:274) ~[reactor-core-3.3.8.RELEASE.jar:3.3.8.RELEASE]
		at reactor.core.publisher.FluxConcatMap$ConcatMapInner.onNext(FluxConcatMap.java:851) ~[reactor-core-3.3.8.RELEASE.jar:3.3.8.RELEASE]
		at reactor.core.publisher.FluxMap$MapSubscriber.onNext(FluxMap.java:114) ~[reactor-core-3.3.8.RELEASE.jar:3.3.8.RELEASE]
		at reactor.core.publisher.FluxSwitchIfEmpty$SwitchIfEmptySubscriber.onNext(FluxSwitchIfEmpty.java:67) ~[reactor-core-3.3.8.RELEASE.jar:3.3.8.RELEASE]
		at reactor.core.publisher.Operators$MonoSubscriber.complete(Operators.java:1782) ~[reactor-core-3.3.8.RELEASE.jar:3.3.8.RELEASE]
		at reactor.core.publisher.MonoFlatMap$FlatMapMain.onNext(MonoFlatMap.java:144) ~[reactor-core-3.3.8.RELEASE.jar:3.3.8.RELEASE]
		at reactor.core.publisher.FluxMap$MapSubscriber.onNext(FluxMap.java:114) ~[reactor-core-3.3.8.RELEASE.jar:3.3.8.RELEASE]
		at reactor.core.publisher.MonoNext$NextSubscriber.onNext(MonoNext.java:76) ~[reactor-core-3.3.8.RELEASE.jar:3.3.8.RELEASE]
		at reactor.core.publisher.FluxConcatMap$ConcatMapImmediate.innerNext(FluxConcatMap.java:274) ~[reactor-core-3.3.8.RELEASE.jar:3.3.8.RELEASE]
		at reactor.core.publisher.FluxConcatMap$ConcatMapInner.onNext(FluxConcatMap.java:851) ~[reactor-core-3.3.8.RELEASE.jar:3.3.8.RELEASE]
		at reactor.core.publisher.FluxOnErrorResume$ResumeSubscriber.onNext(FluxOnErrorResume.java:73) ~[reactor-core-3.3.8.RELEASE.jar:3.3.8.RELEASE]
		at reactor.core.publisher.MonoPeekTerminal$MonoTerminalPeekSubscriber.onNext(MonoPeekTerminal.java:173) ~[reactor-core-3.3.8.RELEASE.jar:3.3.8.RELEASE]
		at reactor.core.publisher.Operators$MonoSubscriber.complete(Operators.java:1782) ~[reactor-core-3.3.8.RELEASE.jar:3.3.8.RELEASE]
		at reactor.core.publisher.MonoFilterWhen$MonoFilterWhenMain.onNext(MonoFilterWhen.java:140) ~[reactor-core-3.3.8.RELEASE.jar:3.3.8.RELEASE]
		at reactor.core.publisher.Operators$ScalarSubscription.request(Operators.java:2344) ~[reactor-core-3.3.8.RELEASE.jar:3.3.8.RELEASE]
		at reactor.core.publisher.MonoFilterWhen$MonoFilterWhenMain.onSubscribe(MonoFilterWhen.java:103) ~[reactor-core-3.3.8.RELEASE.jar:3.3.8.RELEASE]
		at reactor.core.publisher.MonoJust.subscribe(MonoJust.java:54) ~[reactor-core-3.3.8.RELEASE.jar:3.3.8.RELEASE]
		at reactor.core.publisher.Mono.subscribe(Mono.java:4213) ~[reactor-core-3.3.8.RELEASE.jar:3.3.8.RELEASE]
		at reactor.core.publisher.FluxConcatMap$ConcatMapImmediate.drain(FluxConcatMap.java:441) ~[reactor-core-3.3.8.RELEASE.jar:3.3.8.RELEASE]
		at reactor.core.publisher.FluxConcatMap$ConcatMapImmediate.onNext(FluxConcatMap.java:243) ~[reactor-core-3.3.8.RELEASE.jar:3.3.8.RELEASE]
		at reactor.core.publisher.FluxDematerialize$DematerializeSubscriber.onNext(FluxDematerialize.java:91) ~[reactor-core-3.3.8.RELEASE.jar:3.3.8.RELEASE]
		at reactor.core.publisher.FluxDematerialize$DematerializeSubscriber.onNext(FluxDematerialize.java:38) ~[reactor-core-3.3.8.RELEASE.jar:3.3.8.RELEASE]
		at reactor.core.publisher.FluxIterable$IterableSubscription.slowPath(FluxIterable.java:267) ~[reactor-core-3.3.8.RELEASE.jar:3.3.8.RELEASE]
		at reactor.core.publisher.FluxIterable$IterableSubscription.request(FluxIterable.java:225) ~[reactor-core-3.3.8.RELEASE.jar:3.3.8.RELEASE]
		at reactor.core.publisher.FluxDematerialize$DematerializeSubscriber.request(FluxDematerialize.java:120) ~[reactor-core-3.3.8.RELEASE.jar:3.3.8.RELEASE]
		at reactor.core.publisher.FluxConcatMap$ConcatMapImmediate.onSubscribe(FluxConcatMap.java:228) ~[reactor-core-3.3.8.RELEASE.jar:3.3.8.RELEASE]
		at reactor.core.publisher.FluxDematerialize$DematerializeSubscriber.onSubscribe(FluxDematerialize.java:70) ~[reactor-core-3.3.8.RELEASE.jar:3.3.8.RELEASE]
		at reactor.core.publisher.FluxIterable.subscribe(FluxIterable.java:161) ~[reactor-core-3.3.8.RELEASE.jar:3.3.8.RELEASE]
		at reactor.core.publisher.FluxIterable.subscribe(FluxIterable.java:86) ~[reactor-core-3.3.8.RELEASE.jar:3.3.8.RELEASE]
		at reactor.core.publisher.InternalFluxOperator.subscribe(InternalFluxOperator.java:62) ~[reactor-core-3.3.8.RELEASE.jar:3.3.8.RELEASE]
		at reactor.core.publisher.FluxDefer.subscribe(FluxDefer.java:54) ~[reactor-core-3.3.8.RELEASE.jar:3.3.8.RELEASE]
		at reactor.core.publisher.Mono.subscribe(Mono.java:4213) ~[reactor-core-3.3.8.RELEASE.jar:3.3.8.RELEASE]
		at reactor.core.publisher.FluxConcatMap$ConcatMapImmediate.drain(FluxConcatMap.java:441) ~[reactor-core-3.3.8.RELEASE.jar:3.3.8.RELEASE]
		at reactor.core.publisher.FluxConcatMap$ConcatMapImmediate.onSubscribe(FluxConcatMap.java:211) ~[reactor-core-3.3.8.RELEASE.jar:3.3.8.RELEASE]
		at reactor.core.publisher.FluxIterable.subscribe(FluxIterable.java:161) ~[reactor-core-3.3.8.RELEASE.jar:3.3.8.RELEASE]
		at reactor.core.publisher.FluxIterable.subscribe(FluxIterable.java:86) ~[reactor-core-3.3.8.RELEASE.jar:3.3.8.RELEASE]
		at reactor.core.publisher.InternalMonoOperator.subscribe(InternalMonoOperator.java:64) ~[reactor-core-3.3.8.RELEASE.jar:3.3.8.RELEASE]
		at reactor.core.publisher.MonoDefer.subscribe(MonoDefer.java:52) [reactor-core-3.3.8.RELEASE.jar:3.3.8.RELEASE]
		at reactor.core.publisher.InternalMonoOperator.subscribe(InternalMonoOperator.java:64) ~[reactor-core-3.3.8.RELEASE.jar:3.3.8.RELEASE]
		at reactor.core.publisher.MonoDefer.subscribe(MonoDefer.java:52) [reactor-core-3.3.8.RELEASE.jar:3.3.8.RELEASE]
		at reactor.core.publisher.InternalMonoOperator.subscribe(InternalMonoOperator.java:64) ~[reactor-core-3.3.8.RELEASE.jar:3.3.8.RELEASE]
		at reactor.core.publisher.MonoDefer.subscribe(MonoDefer.java:52) [reactor-core-3.3.8.RELEASE.jar:3.3.8.RELEASE]
		at reactor.core.publisher.InternalMonoOperator.subscribe(InternalMonoOperator.java:64) ~[reactor-core-3.3.8.RELEASE.jar:3.3.8.RELEASE]
		at reactor.core.publisher.MonoDefer.subscribe(MonoDefer.java:52) [reactor-core-3.3.8.RELEASE.jar:3.3.8.RELEASE]
		at reactor.core.publisher.Mono.subscribe(Mono.java:4213) ~[reactor-core-3.3.8.RELEASE.jar:3.3.8.RELEASE]
		at reactor.core.publisher.MonoIgnoreThen$ThenIgnoreMain.drain(MonoIgnoreThen.java:172) ~[reactor-core-3.3.8.RELEASE.jar:3.3.8.RELEASE]
		at reactor.core.publisher.MonoIgnoreThen.subscribe(MonoIgnoreThen.java:56) ~[reactor-core-3.3.8.RELEASE.jar:3.3.8.RELEASE]
		at reactor.core.publisher.Mono.subscribe(Mono.java:4213) ~[reactor-core-3.3.8.RELEASE.jar:3.3.8.RELEASE]
		at org.springframework.http.server.reactive.ServletHttpHandlerAdapter.service(ServletHttpHandlerAdapter.java:192) ~[spring-web-5.2.8.RELEASE.jar:5.2.8.RELEASE]
		at org.eclipse.jetty.servlet.ServletHolder.handle(ServletHolder.java:763) ~[jetty-servlet-9.4.30.v20200611.jar:9.4.30.v20200611]
		at org.eclipse.jetty.servlet.ServletHandler.doHandle(ServletHandler.java:551) ~[jetty-servlet-9.4.30.v20200611.jar:9.4.30.v20200611]
		at org.eclipse.jetty.server.handler.ScopedHandler.nextHandle(ScopedHandler.java:233) ~[jetty-server-9.4.30.v20200611.jar:9.4.30.v20200611]
		at org.eclipse.jetty.server.handler.ContextHandler.doHandle(ContextHandler.java:1369) ~[jetty-server-9.4.30.v20200611.jar:9.4.30.v20200611]
		at org.eclipse.jetty.server.handler.ScopedHandler.nextScope(ScopedHandler.java:188) ~[jetty-server-9.4.30.v20200611.jar:9.4.30.v20200611]
		at org.eclipse.jetty.servlet.ServletHandler.doScope(ServletHandler.java:489) ~[jetty-servlet-9.4.30.v20200611.jar:9.4.30.v20200611]
		at org.eclipse.jetty.server.handler.ScopedHandler.nextScope(ScopedHandler.java:186) ~[jetty-server-9.4.30.v20200611.jar:9.4.30.v20200611]
		at org.eclipse.jetty.server.handler.ContextHandler.doScope(ContextHandler.java:1284) ~[jetty-server-9.4.30.v20200611.jar:9.4.30.v20200611]
		at org.eclipse.jetty.server.handler.ScopedHandler.handle(ScopedHandler.java:141) ~[jetty-server-9.4.30.v20200611.jar:9.4.30.v20200611]
		at org.eclipse.jetty.server.handler.HandlerWrapper.handle(HandlerWrapper.java:127) ~[jetty-server-9.4.30.v20200611.jar:9.4.30.v20200611]
		at org.eclipse.jetty.server.Server.handle(Server.java:501) ~[jetty-server-9.4.30.v20200611.jar:9.4.30.v20200611]
		at org.eclipse.jetty.server.HttpChannel.lambda$handle$1(HttpChannel.java:383) ~[jetty-server-9.4.30.v20200611.jar:9.4.30.v20200611]
		at org.eclipse.jetty.server.HttpChannel.dispatch(HttpChannel.java:556) ~[jetty-server-9.4.30.v20200611.jar:9.4.30.v20200611]
		at org.eclipse.jetty.server.HttpChannel.handle(HttpChannel.java:375) ~[jetty-server-9.4.30.v20200611.jar:9.4.30.v20200611]
		at org.eclipse.jetty.server.HttpConnection.onFillable(HttpConnection.java:272) ~[jetty-server-9.4.30.v20200611.jar:9.4.30.v20200611]
		at org.eclipse.jetty.io.AbstractConnection$ReadCallback.succeeded(AbstractConnection.java:311) ~[jetty-io-9.4.30.v20200611.jar:9.4.30.v20200611]
		at org.eclipse.jetty.io.FillInterest.fillable(FillInterest.java:103) ~[jetty-io-9.4.30.v20200611.jar:9.4.30.v20200611]
		at org.eclipse.jetty.io.ChannelEndPoint$1.run(ChannelEndPoint.java:104) ~[jetty-io-9.4.30.v20200611.jar:9.4.30.v20200611]
		at org.eclipse.jetty.util.thread.strategy.EatWhatYouKill.runTask(EatWhatYouKill.java:336) ~[jetty-util-9.4.30.v20200611.jar:9.4.30.v20200611]
		at org.eclipse.jetty.util.thread.strategy.EatWhatYouKill.doProduce(EatWhatYouKill.java:313) ~[jetty-util-9.4.30.v20200611.jar:9.4.30.v20200611]
		at org.eclipse.jetty.util.thread.strategy.EatWhatYouKill.tryProduce(EatWhatYouKill.java:171) ~[jetty-util-9.4.30.v20200611.jar:9.4.30.v20200611]
		at org.eclipse.jetty.util.thread.strategy.EatWhatYouKill.run(EatWhatYouKill.java:129) ~[jetty-util-9.4.30.v20200611.jar:9.4.30.v20200611]
		at org.eclipse.jetty.util.thread.ReservedThreadExecutor$ReservedThread.run(ReservedThreadExecutor.java:375) ~[jetty-util-9.4.30.v20200611.jar:9.4.30.v20200611]
		at org.eclipse.jetty.util.thread.QueuedThreadPool.runJob(QueuedThreadPool.java:806) ~[jetty-util-9.4.30.v20200611.jar:9.4.30.v20200611]
		at org.eclipse.jetty.util.thread.QueuedThreadPool$Runner.run(QueuedThreadPool.java:938) ~[jetty-util-9.4.30.v20200611.jar:9.4.30.v20200611]
		at java.lang.Thread.run(Thread.java:750) ~[na:1.8.0_452]

2025-09-05 15:19:01.535  INFO 3440 --- [ttp@6daf7d37-24] c.e.gateway.filter.RequestLoggingFilter  : Request: POST /user/login
2025-09-05 15:19:01.535  INFO 3440 --- [ttp@6daf7d37-19] c.e.gateway.filter.RequestLoggingFilter  : Request: POST /user/login
2025-09-05 15:19:01.535  INFO 3440 --- [ttp@6daf7d37-20] c.e.gateway.filter.RequestLoggingFilter  : Request: POST /user/login
2025-09-05 15:19:01.535  INFO 3440 --- [ttp@6daf7d37-22] c.e.gateway.filter.RequestLoggingFilter  : Request: POST /user/login
2025-09-05 15:19:01.535  INFO 3440 --- [tp@6daf7d37-134] c.e.gateway.filter.RequestLoggingFilter  : Request: POST /user/login
2025-09-05 15:19:01.537 ERROR 3440 --- [ttp@6daf7d37-22] c.e.gateway.filter.RequestLoggingFilter  : Request failed: /user/login after 2ms - org.springframework.core.io.buffer.DefaultDataBufferFactory cannot be cast to org.springframework.core.io.buffer.NettyDataBufferFactory
2025-09-05 15:19:01.537 ERROR 3440 --- [ttp@6daf7d37-24] c.e.gateway.filter.RequestLoggingFilter  : Request failed: /user/login after 2ms - org.springframework.core.io.buffer.DefaultDataBufferFactory cannot be cast to org.springframework.core.io.buffer.NettyDataBufferFactory
2025-09-05 15:19:01.537 ERROR 3440 --- [ttp@6daf7d37-20] c.e.gateway.filter.RequestLoggingFilter  : Request failed: /user/login after 2ms - org.springframework.core.io.buffer.DefaultDataBufferFactory cannot be cast to org.springframework.core.io.buffer.NettyDataBufferFactory
2025-09-05 15:19:01.537 ERROR 3440 --- [ttp@6daf7d37-19] c.e.gateway.filter.RequestLoggingFilter  : Request failed: /user/login after 2ms - org.springframework.core.io.buffer.DefaultDataBufferFactory cannot be cast to org.springframework.core.io.buffer.NettyDataBufferFactory
2025-09-05 15:19:01.537 ERROR 3440 --- [tp@6daf7d37-134] c.e.gateway.filter.RequestLoggingFilter  : Request failed: /user/login after 2ms - org.springframework.core.io.buffer.DefaultDataBufferFactory cannot be cast to org.springframework.core.io.buffer.NettyDataBufferFactory
2025-09-05 15:19:01.542 ERROR 3440 --- [tp@6daf7d37-134] a.w.r.e.AbstractErrorWebExceptionHandler : [132b28]  500 Server Error for HTTP POST "/user/login"

java.lang.ClassCastException: org.springframework.core.io.buffer.DefaultDataBufferFactory cannot be cast to org.springframework.core.io.buffer.NettyDataBufferFactory
	at org.springframework.cloud.gateway.support.ServerWebExchangeUtils.cacheRequestBody(ServerWebExchangeUtils.java:362) ~[spring-cloud-gateway-core-2.2.4.RELEASE.jar:2.2.4.RELEASE]
	Suppressed: reactor.core.publisher.FluxOnAssembly$OnAssemblyException: 
Error has been observed at the following site(s):
	|_ checkpoint ⇢ org.springframework.cloud.gateway.filter.WeightCalculatorWebFilter [DefaultWebFilterChain]
	|_ checkpoint ⇢ org.springframework.boot.actuate.metrics.web.reactive.server.MetricsWebFilter [DefaultWebFilterChain]
	|_ checkpoint ⇢ HTTP POST "/user/login" [ExceptionHandlingWebHandler]
Stack trace:
		at org.springframework.cloud.gateway.support.ServerWebExchangeUtils.cacheRequestBody(ServerWebExchangeUtils.java:362) ~[spring-cloud-gateway-core-2.2.4.RELEASE.jar:2.2.4.RELEASE]
		at org.springframework.cloud.gateway.support.ServerWebExchangeUtils.cacheRequestBody(ServerWebExchangeUtils.java:340) ~[spring-cloud-gateway-core-2.2.4.RELEASE.jar:2.2.4.RELEASE]
		at org.springframework.cloud.gateway.filter.AdaptCachedBodyGlobalFilter.filter(AdaptCachedBodyGlobalFilter.java:73) ~[spring-cloud-gateway-core-2.2.4.RELEASE.jar:2.2.4.RELEASE]
		at org.springframework.cloud.gateway.handler.FilteringWebHandler$GatewayFilterAdapter.filter(FilteringWebHandler.java:138) ~[spring-cloud-gateway-core-2.2.4.RELEASE.jar:2.2.4.RELEASE]
		at org.springframework.cloud.gateway.filter.OrderedGatewayFilter.filter(OrderedGatewayFilter.java:44) ~[spring-cloud-gateway-core-2.2.4.RELEASE.jar:2.2.4.RELEASE]
		at org.springframework.cloud.gateway.handler.FilteringWebHandler$DefaultGatewayFilterChain.lambda$filter$0(FilteringWebHandler.java:118) ~[spring-cloud-gateway-core-2.2.4.RELEASE.jar:2.2.4.RELEASE]
		at reactor.core.publisher.MonoDefer.subscribe(MonoDefer.java:44) [reactor-core-3.3.8.RELEASE.jar:3.3.8.RELEASE]
		at reactor.core.publisher.InternalMonoOperator.subscribe(InternalMonoOperator.java:64) ~[reactor-core-3.3.8.RELEASE.jar:3.3.8.RELEASE]
		at reactor.core.publisher.MonoDefer.subscribe(MonoDefer.java:52) [reactor-core-3.3.8.RELEASE.jar:3.3.8.RELEASE]
		at reactor.core.publisher.InternalMonoOperator.subscribe(InternalMonoOperator.java:64) ~[reactor-core-3.3.8.RELEASE.jar:3.3.8.RELEASE]
		at reactor.core.publisher.MonoDefer.subscribe(MonoDefer.java:52) [reactor-core-3.3.8.RELEASE.jar:3.3.8.RELEASE]
		at reactor.core.publisher.InternalMonoOperator.subscribe(InternalMonoOperator.java:64) ~[reactor-core-3.3.8.RELEASE.jar:3.3.8.RELEASE]
		at reactor.core.publisher.MonoDefer.subscribe(MonoDefer.java:52) [reactor-core-3.3.8.RELEASE.jar:3.3.8.RELEASE]
		at reactor.core.publisher.Mono.subscribe(Mono.java:4213) ~[reactor-core-3.3.8.RELEASE.jar:3.3.8.RELEASE]
		at reactor.core.publisher.MonoIgnoreThen$ThenIgnoreMain.drain(MonoIgnoreThen.java:172) ~[reactor-core-3.3.8.RELEASE.jar:3.3.8.RELEASE]
		at reactor.core.publisher.MonoIgnoreThen.subscribe(MonoIgnoreThen.java:56) ~[reactor-core-3.3.8.RELEASE.jar:3.3.8.RELEASE]
		at reactor.core.publisher.MonoFlatMap$FlatMapMain.onNext(MonoFlatMap.java:150) ~[reactor-core-3.3.8.RELEASE.jar:3.3.8.RELEASE]
		at reactor.core.publisher.FluxSwitchIfEmpty$SwitchIfEmptySubscriber.onNext(FluxSwitchIfEmpty.java:67) ~[reactor-core-3.3.8.RELEASE.jar:3.3.8.RELEASE]
		at reactor.core.publisher.MonoNext$NextSubscriber.onNext(MonoNext.java:76) ~[reactor-core-3.3.8.RELEASE.jar:3.3.8.RELEASE]
		at reactor.core.publisher.FluxConcatMap$ConcatMapImmediate.innerNext(FluxConcatMap.java:274) ~[reactor-core-3.3.8.RELEASE.jar:3.3.8.RELEASE]
		at reactor.core.publisher.FluxConcatMap$ConcatMapInner.onNext(FluxConcatMap.java:851) ~[reactor-core-3.3.8.RELEASE.jar:3.3.8.RELEASE]
		at reactor.core.publisher.FluxMap$MapSubscriber.onNext(FluxMap.java:114) ~[reactor-core-3.3.8.RELEASE.jar:3.3.8.RELEASE]
		at reactor.core.publisher.FluxSwitchIfEmpty$SwitchIfEmptySubscriber.onNext(FluxSwitchIfEmpty.java:67) ~[reactor-core-3.3.8.RELEASE.jar:3.3.8.RELEASE]
		at reactor.core.publisher.Operators$MonoSubscriber.complete(Operators.java:1782) ~[reactor-core-3.3.8.RELEASE.jar:3.3.8.RELEASE]
		at reactor.core.publisher.MonoFlatMap$FlatMapMain.onNext(MonoFlatMap.java:144) ~[reactor-core-3.3.8.RELEASE.jar:3.3.8.RELEASE]
		at reactor.core.publisher.FluxMap$MapSubscriber.onNext(FluxMap.java:114) ~[reactor-core-3.3.8.RELEASE.jar:3.3.8.RELEASE]
		at reactor.core.publisher.MonoNext$NextSubscriber.onNext(MonoNext.java:76) ~[reactor-core-3.3.8.RELEASE.jar:3.3.8.RELEASE]
		at reactor.core.publisher.FluxConcatMap$ConcatMapImmediate.innerNext(FluxConcatMap.java:274) ~[reactor-core-3.3.8.RELEASE.jar:3.3.8.RELEASE]
		at reactor.core.publisher.FluxConcatMap$ConcatMapInner.onNext(FluxConcatMap.java:851) ~[reactor-core-3.3.8.RELEASE.jar:3.3.8.RELEASE]
		at reactor.core.publisher.FluxOnErrorResume$ResumeSubscriber.onNext(FluxOnErrorResume.java:73) ~[reactor-core-3.3.8.RELEASE.jar:3.3.8.RELEASE]
		at reactor.core.publisher.MonoPeekTerminal$MonoTerminalPeekSubscriber.onNext(MonoPeekTerminal.java:173) ~[reactor-core-3.3.8.RELEASE.jar:3.3.8.RELEASE]
		at reactor.core.publisher.Operators$MonoSubscriber.complete(Operators.java:1782) ~[reactor-core-3.3.8.RELEASE.jar:3.3.8.RELEASE]
		at reactor.core.publisher.MonoFilterWhen$MonoFilterWhenMain.onNext(MonoFilterWhen.java:140) ~[reactor-core-3.3.8.RELEASE.jar:3.3.8.RELEASE]
		at reactor.core.publisher.Operators$ScalarSubscription.request(Operators.java:2344) ~[reactor-core-3.3.8.RELEASE.jar:3.3.8.RELEASE]
		at reactor.core.publisher.MonoFilterWhen$MonoFilterWhenMain.onSubscribe(MonoFilterWhen.java:103) ~[reactor-core-3.3.8.RELEASE.jar:3.3.8.RELEASE]
		at reactor.core.publisher.MonoJust.subscribe(MonoJust.java:54) ~[reactor-core-3.3.8.RELEASE.jar:3.3.8.RELEASE]
		at reactor.core.publisher.Mono.subscribe(Mono.java:4213) ~[reactor-core-3.3.8.RELEASE.jar:3.3.8.RELEASE]
		at reactor.core.publisher.FluxConcatMap$ConcatMapImmediate.drain(FluxConcatMap.java:441) ~[reactor-core-3.3.8.RELEASE.jar:3.3.8.RELEASE]
		at reactor.core.publisher.FluxConcatMap$ConcatMapImmediate.onNext(FluxConcatMap.java:243) ~[reactor-core-3.3.8.RELEASE.jar:3.3.8.RELEASE]
		at reactor.core.publisher.FluxDematerialize$DematerializeSubscriber.onNext(FluxDematerialize.java:91) ~[reactor-core-3.3.8.RELEASE.jar:3.3.8.RELEASE]
		at reactor.core.publisher.FluxDematerialize$DematerializeSubscriber.onNext(FluxDematerialize.java:38) ~[reactor-core-3.3.8.RELEASE.jar:3.3.8.RELEASE]
		at reactor.core.publisher.FluxIterable$IterableSubscription.slowPath(FluxIterable.java:267) ~[reactor-core-3.3.8.RELEASE.jar:3.3.8.RELEASE]
		at reactor.core.publisher.FluxIterable$IterableSubscription.request(FluxIterable.java:225) ~[reactor-core-3.3.8.RELEASE.jar:3.3.8.RELEASE]
		at reactor.core.publisher.FluxDematerialize$DematerializeSubscriber.request(FluxDematerialize.java:120) ~[reactor-core-3.3.8.RELEASE.jar:3.3.8.RELEASE]
		at reactor.core.publisher.FluxConcatMap$ConcatMapImmediate.onSubscribe(FluxConcatMap.java:228) ~[reactor-core-3.3.8.RELEASE.jar:3.3.8.RELEASE]
		at reactor.core.publisher.FluxDematerialize$DematerializeSubscriber.onSubscribe(FluxDematerialize.java:70) ~[reactor-core-3.3.8.RELEASE.jar:3.3.8.RELEASE]
		at reactor.core.publisher.FluxIterable.subscribe(FluxIterable.java:161) ~[reactor-core-3.3.8.RELEASE.jar:3.3.8.RELEASE]
		at reactor.core.publisher.FluxIterable.subscribe(FluxIterable.java:86) ~[reactor-core-3.3.8.RELEASE.jar:3.3.8.RELEASE]
		at reactor.core.publisher.InternalFluxOperator.subscribe(InternalFluxOperator.java:62) ~[reactor-core-3.3.8.RELEASE.jar:3.3.8.RELEASE]
		at reactor.core.publisher.FluxDefer.subscribe(FluxDefer.java:54) ~[reactor-core-3.3.8.RELEASE.jar:3.3.8.RELEASE]
		at reactor.core.publisher.Mono.subscribe(Mono.java:4213) ~[reactor-core-3.3.8.RELEASE.jar:3.3.8.RELEASE]
		at reactor.core.publisher.FluxConcatMap$ConcatMapImmediate.drain(FluxConcatMap.java:441) ~[reactor-core-3.3.8.RELEASE.jar:3.3.8.RELEASE]
		at reactor.core.publisher.FluxConcatMap$ConcatMapImmediate.onSubscribe(FluxConcatMap.java:211) ~[reactor-core-3.3.8.RELEASE.jar:3.3.8.RELEASE]
		at reactor.core.publisher.FluxIterable.subscribe(FluxIterable.java:161) ~[reactor-core-3.3.8.RELEASE.jar:3.3.8.RELEASE]
		at reactor.core.publisher.FluxIterable.subscribe(FluxIterable.java:86) ~[reactor-core-3.3.8.RELEASE.jar:3.3.8.RELEASE]
		at reactor.core.publisher.InternalMonoOperator.subscribe(InternalMonoOperator.java:64) ~[reactor-core-3.3.8.RELEASE.jar:3.3.8.RELEASE]
		at reactor.core.publisher.MonoDefer.subscribe(MonoDefer.java:52) [reactor-core-3.3.8.RELEASE.jar:3.3.8.RELEASE]
		at reactor.core.publisher.InternalMonoOperator.subscribe(InternalMonoOperator.java:64) ~[reactor-core-3.3.8.RELEASE.jar:3.3.8.RELEASE]
		at reactor.core.publisher.MonoDefer.subscribe(MonoDefer.java:52) [reactor-core-3.3.8.RELEASE.jar:3.3.8.RELEASE]
		at reactor.core.publisher.InternalMonoOperator.subscribe(InternalMonoOperator.java:64) ~[reactor-core-3.3.8.RELEASE.jar:3.3.8.RELEASE]
		at reactor.core.publisher.MonoDefer.subscribe(MonoDefer.java:52) [reactor-core-3.3.8.RELEASE.jar:3.3.8.RELEASE]
		at reactor.core.publisher.InternalMonoOperator.subscribe(InternalMonoOperator.java:64) ~[reactor-core-3.3.8.RELEASE.jar:3.3.8.RELEASE]
		at reactor.core.publisher.MonoDefer.subscribe(MonoDefer.java:52) [reactor-core-3.3.8.RELEASE.jar:3.3.8.RELEASE]
		at reactor.core.publisher.Mono.subscribe(Mono.java:4213) ~[reactor-core-3.3.8.RELEASE.jar:3.3.8.RELEASE]
		at reactor.core.publisher.MonoIgnoreThen$ThenIgnoreMain.drain(MonoIgnoreThen.java:172) ~[reactor-core-3.3.8.RELEASE.jar:3.3.8.RELEASE]
		at reactor.core.publisher.MonoIgnoreThen.subscribe(MonoIgnoreThen.java:56) ~[reactor-core-3.3.8.RELEASE.jar:3.3.8.RELEASE]
		at reactor.core.publisher.Mono.subscribe(Mono.java:4213) ~[reactor-core-3.3.8.RELEASE.jar:3.3.8.RELEASE]
		at org.springframework.http.server.reactive.ServletHttpHandlerAdapter.service(ServletHttpHandlerAdapter.java:192) ~[spring-web-5.2.8.RELEASE.jar:5.2.8.RELEASE]
		at org.eclipse.jetty.servlet.ServletHolder.handle(ServletHolder.java:763) ~[jetty-servlet-9.4.30.v20200611.jar:9.4.30.v20200611]
		at org.eclipse.jetty.servlet.ServletHandler.doHandle(ServletHandler.java:551) ~[jetty-servlet-9.4.30.v20200611.jar:9.4.30.v20200611]
		at org.eclipse.jetty.server.handler.ScopedHandler.nextHandle(ScopedHandler.java:233) ~[jetty-server-9.4.30.v20200611.jar:9.4.30.v20200611]
		at org.eclipse.jetty.server.handler.ContextHandler.doHandle(ContextHandler.java:1369) ~[jetty-server-9.4.30.v20200611.jar:9.4.30.v20200611]
		at org.eclipse.jetty.server.handler.ScopedHandler.nextScope(ScopedHandler.java:188) ~[jetty-server-9.4.30.v20200611.jar:9.4.30.v20200611]
		at org.eclipse.jetty.servlet.ServletHandler.doScope(ServletHandler.java:489) ~[jetty-servlet-9.4.30.v20200611.jar:9.4.30.v20200611]
		at org.eclipse.jetty.server.handler.ScopedHandler.nextScope(ScopedHandler.java:186) ~[jetty-server-9.4.30.v20200611.jar:9.4.30.v20200611]
		at org.eclipse.jetty.server.handler.ContextHandler.doScope(ContextHandler.java:1284) ~[jetty-server-9.4.30.v20200611.jar:9.4.30.v20200611]
		at org.eclipse.jetty.server.handler.ScopedHandler.handle(ScopedHandler.java:141) ~[jetty-server-9.4.30.v20200611.jar:9.4.30.v20200611]
		at org.eclipse.jetty.server.handler.HandlerWrapper.handle(HandlerWrapper.java:127) ~[jetty-server-9.4.30.v20200611.jar:9.4.30.v20200611]
		at org.eclipse.jetty.server.Server.handle(Server.java:501) ~[jetty-server-9.4.30.v20200611.jar:9.4.30.v20200611]
		at org.eclipse.jetty.server.HttpChannel.lambda$handle$1(HttpChannel.java:383) ~[jetty-server-9.4.30.v20200611.jar:9.4.30.v20200611]
		at org.eclipse.jetty.server.HttpChannel.dispatch(HttpChannel.java:556) ~[jetty-server-9.4.30.v20200611.jar:9.4.30.v20200611]
		at org.eclipse.jetty.server.HttpChannel.handle(HttpChannel.java:375) ~[jetty-server-9.4.30.v20200611.jar:9.4.30.v20200611]
		at org.eclipse.jetty.server.HttpConnection.onFillable(HttpConnection.java:272) ~[jetty-server-9.4.30.v20200611.jar:9.4.30.v20200611]
		at org.eclipse.jetty.io.AbstractConnection$ReadCallback.succeeded(AbstractConnection.java:311) ~[jetty-io-9.4.30.v20200611.jar:9.4.30.v20200611]
		at org.eclipse.jetty.io.FillInterest.fillable(FillInterest.java:103) ~[jetty-io-9.4.30.v20200611.jar:9.4.30.v20200611]
		at org.eclipse.jetty.io.ChannelEndPoint$1.run(ChannelEndPoint.java:104) ~[jetty-io-9.4.30.v20200611.jar:9.4.30.v20200611]
		at org.eclipse.jetty.util.thread.strategy.EatWhatYouKill.runTask(EatWhatYouKill.java:336) ~[jetty-util-9.4.30.v20200611.jar:9.4.30.v20200611]
		at org.eclipse.jetty.util.thread.strategy.EatWhatYouKill.doProduce(EatWhatYouKill.java:313) ~[jetty-util-9.4.30.v20200611.jar:9.4.30.v20200611]
		at org.eclipse.jetty.util.thread.strategy.EatWhatYouKill.tryProduce(EatWhatYouKill.java:171) ~[jetty-util-9.4.30.v20200611.jar:9.4.30.v20200611]
		at org.eclipse.jetty.util.thread.strategy.EatWhatYouKill.run(EatWhatYouKill.java:129) ~[jetty-util-9.4.30.v20200611.jar:9.4.30.v20200611]
		at org.eclipse.jetty.util.thread.ReservedThreadExecutor$ReservedThread.run(ReservedThreadExecutor.java:375) ~[jetty-util-9.4.30.v20200611.jar:9.4.30.v20200611]
		at org.eclipse.jetty.util.thread.QueuedThreadPool.runJob(QueuedThreadPool.java:806) ~[jetty-util-9.4.30.v20200611.jar:9.4.30.v20200611]
		at org.eclipse.jetty.util.thread.QueuedThreadPool$Runner.run(QueuedThreadPool.java:938) ~[jetty-util-9.4.30.v20200611.jar:9.4.30.v20200611]
		at java.lang.Thread.run(Thread.java:750) ~[na:1.8.0_452]

2025-09-05 15:19:01.542 ERROR 3440 --- [ttp@6daf7d37-24] a.w.r.e.AbstractErrorWebExceptionHandler : [84887e8]  500 Server Error for HTTP POST "/user/login"

java.lang.ClassCastException: org.springframework.core.io.buffer.DefaultDataBufferFactory cannot be cast to org.springframework.core.io.buffer.NettyDataBufferFactory
	at org.springframework.cloud.gateway.support.ServerWebExchangeUtils.cacheRequestBody(ServerWebExchangeUtils.java:362) ~[spring-cloud-gateway-core-2.2.4.RELEASE.jar:2.2.4.RELEASE]
	Suppressed: reactor.core.publisher.FluxOnAssembly$OnAssemblyException: 
Error has been observed at the following site(s):
	|_ checkpoint ⇢ org.springframework.cloud.gateway.filter.WeightCalculatorWebFilter [DefaultWebFilterChain]
	|_ checkpoint ⇢ org.springframework.boot.actuate.metrics.web.reactive.server.MetricsWebFilter [DefaultWebFilterChain]
	|_ checkpoint ⇢ HTTP POST "/user/login" [ExceptionHandlingWebHandler]
Stack trace:
		at org.springframework.cloud.gateway.support.ServerWebExchangeUtils.cacheRequestBody(ServerWebExchangeUtils.java:362) ~[spring-cloud-gateway-core-2.2.4.RELEASE.jar:2.2.4.RELEASE]
		at org.springframework.cloud.gateway.support.ServerWebExchangeUtils.cacheRequestBody(ServerWebExchangeUtils.java:340) ~[spring-cloud-gateway-core-2.2.4.RELEASE.jar:2.2.4.RELEASE]
		at org.springframework.cloud.gateway.filter.AdaptCachedBodyGlobalFilter.filter(AdaptCachedBodyGlobalFilter.java:73) ~[spring-cloud-gateway-core-2.2.4.RELEASE.jar:2.2.4.RELEASE]
		at org.springframework.cloud.gateway.handler.FilteringWebHandler$GatewayFilterAdapter.filter(FilteringWebHandler.java:138) ~[spring-cloud-gateway-core-2.2.4.RELEASE.jar:2.2.4.RELEASE]
		at org.springframework.cloud.gateway.filter.OrderedGatewayFilter.filter(OrderedGatewayFilter.java:44) ~[spring-cloud-gateway-core-2.2.4.RELEASE.jar:2.2.4.RELEASE]
		at org.springframework.cloud.gateway.handler.FilteringWebHandler$DefaultGatewayFilterChain.lambda$filter$0(FilteringWebHandler.java:118) ~[spring-cloud-gateway-core-2.2.4.RELEASE.jar:2.2.4.RELEASE]
		at reactor.core.publisher.MonoDefer.subscribe(MonoDefer.java:44) [reactor-core-3.3.8.RELEASE.jar:3.3.8.RELEASE]
		at reactor.core.publisher.InternalMonoOperator.subscribe(InternalMonoOperator.java:64) ~[reactor-core-3.3.8.RELEASE.jar:3.3.8.RELEASE]
		at reactor.core.publisher.MonoDefer.subscribe(MonoDefer.java:52) [reactor-core-3.3.8.RELEASE.jar:3.3.8.RELEASE]
		at reactor.core.publisher.InternalMonoOperator.subscribe(InternalMonoOperator.java:64) ~[reactor-core-3.3.8.RELEASE.jar:3.3.8.RELEASE]
		at reactor.core.publisher.MonoDefer.subscribe(MonoDefer.java:52) [reactor-core-3.3.8.RELEASE.jar:3.3.8.RELEASE]
		at reactor.core.publisher.InternalMonoOperator.subscribe(InternalMonoOperator.java:64) ~[reactor-core-3.3.8.RELEASE.jar:3.3.8.RELEASE]
		at reactor.core.publisher.MonoDefer.subscribe(MonoDefer.java:52) [reactor-core-3.3.8.RELEASE.jar:3.3.8.RELEASE]
		at reactor.core.publisher.Mono.subscribe(Mono.java:4213) ~[reactor-core-3.3.8.RELEASE.jar:3.3.8.RELEASE]
		at reactor.core.publisher.MonoIgnoreThen$ThenIgnoreMain.drain(MonoIgnoreThen.java:172) ~[reactor-core-3.3.8.RELEASE.jar:3.3.8.RELEASE]
		at reactor.core.publisher.MonoIgnoreThen.subscribe(MonoIgnoreThen.java:56) ~[reactor-core-3.3.8.RELEASE.jar:3.3.8.RELEASE]
		at reactor.core.publisher.MonoFlatMap$FlatMapMain.onNext(MonoFlatMap.java:150) ~[reactor-core-3.3.8.RELEASE.jar:3.3.8.RELEASE]
		at reactor.core.publisher.FluxSwitchIfEmpty$SwitchIfEmptySubscriber.onNext(FluxSwitchIfEmpty.java:67) ~[reactor-core-3.3.8.RELEASE.jar:3.3.8.RELEASE]
		at reactor.core.publisher.MonoNext$NextSubscriber.onNext(MonoNext.java:76) ~[reactor-core-3.3.8.RELEASE.jar:3.3.8.RELEASE]
		at reactor.core.publisher.FluxConcatMap$ConcatMapImmediate.innerNext(FluxConcatMap.java:274) ~[reactor-core-3.3.8.RELEASE.jar:3.3.8.RELEASE]
		at reactor.core.publisher.FluxConcatMap$ConcatMapInner.onNext(FluxConcatMap.java:851) ~[reactor-core-3.3.8.RELEASE.jar:3.3.8.RELEASE]
		at reactor.core.publisher.FluxMap$MapSubscriber.onNext(FluxMap.java:114) ~[reactor-core-3.3.8.RELEASE.jar:3.3.8.RELEASE]
		at reactor.core.publisher.FluxSwitchIfEmpty$SwitchIfEmptySubscriber.onNext(FluxSwitchIfEmpty.java:67) ~[reactor-core-3.3.8.RELEASE.jar:3.3.8.RELEASE]
		at reactor.core.publisher.Operators$MonoSubscriber.complete(Operators.java:1782) ~[reactor-core-3.3.8.RELEASE.jar:3.3.8.RELEASE]
		at reactor.core.publisher.MonoFlatMap$FlatMapMain.onNext(MonoFlatMap.java:144) ~[reactor-core-3.3.8.RELEASE.jar:3.3.8.RELEASE]
		at reactor.core.publisher.FluxMap$MapSubscriber.onNext(FluxMap.java:114) ~[reactor-core-3.3.8.RELEASE.jar:3.3.8.RELEASE]
		at reactor.core.publisher.MonoNext$NextSubscriber.onNext(MonoNext.java:76) ~[reactor-core-3.3.8.RELEASE.jar:3.3.8.RELEASE]
		at reactor.core.publisher.FluxConcatMap$ConcatMapImmediate.innerNext(FluxConcatMap.java:274) ~[reactor-core-3.3.8.RELEASE.jar:3.3.8.RELEASE]
		at reactor.core.publisher.FluxConcatMap$ConcatMapInner.onNext(FluxConcatMap.java:851) ~[reactor-core-3.3.8.RELEASE.jar:3.3.8.RELEASE]
		at reactor.core.publisher.FluxOnErrorResume$ResumeSubscriber.onNext(FluxOnErrorResume.java:73) ~[reactor-core-3.3.8.RELEASE.jar:3.3.8.RELEASE]
		at reactor.core.publisher.MonoPeekTerminal$MonoTerminalPeekSubscriber.onNext(MonoPeekTerminal.java:173) ~[reactor-core-3.3.8.RELEASE.jar:3.3.8.RELEASE]
		at reactor.core.publisher.Operators$MonoSubscriber.complete(Operators.java:1782) ~[reactor-core-3.3.8.RELEASE.jar:3.3.8.RELEASE]
		at reactor.core.publisher.MonoFilterWhen$MonoFilterWhenMain.onNext(MonoFilterWhen.java:140) ~[reactor-core-3.3.8.RELEASE.jar:3.3.8.RELEASE]
		at reactor.core.publisher.Operators$ScalarSubscription.request(Operators.java:2344) ~[reactor-core-3.3.8.RELEASE.jar:3.3.8.RELEASE]
		at reactor.core.publisher.MonoFilterWhen$MonoFilterWhenMain.onSubscribe(MonoFilterWhen.java:103) ~[reactor-core-3.3.8.RELEASE.jar:3.3.8.RELEASE]
		at reactor.core.publisher.MonoJust.subscribe(MonoJust.java:54) ~[reactor-core-3.3.8.RELEASE.jar:3.3.8.RELEASE]
		at reactor.core.publisher.Mono.subscribe(Mono.java:4213) ~[reactor-core-3.3.8.RELEASE.jar:3.3.8.RELEASE]
		at reactor.core.publisher.FluxConcatMap$ConcatMapImmediate.drain(FluxConcatMap.java:441) ~[reactor-core-3.3.8.RELEASE.jar:3.3.8.RELEASE]
		at reactor.core.publisher.FluxConcatMap$ConcatMapImmediate.onNext(FluxConcatMap.java:243) ~[reactor-core-3.3.8.RELEASE.jar:3.3.8.RELEASE]
		at reactor.core.publisher.FluxDematerialize$DematerializeSubscriber.onNext(FluxDematerialize.java:91) ~[reactor-core-3.3.8.RELEASE.jar:3.3.8.RELEASE]
		at reactor.core.publisher.FluxDematerialize$DematerializeSubscriber.onNext(FluxDematerialize.java:38) ~[reactor-core-3.3.8.RELEASE.jar:3.3.8.RELEASE]
		at reactor.core.publisher.FluxIterable$IterableSubscription.slowPath(FluxIterable.java:267) ~[reactor-core-3.3.8.RELEASE.jar:3.3.8.RELEASE]
		at reactor.core.publisher.FluxIterable$IterableSubscription.request(FluxIterable.java:225) ~[reactor-core-3.3.8.RELEASE.jar:3.3.8.RELEASE]
		at reactor.core.publisher.FluxDematerialize$DematerializeSubscriber.request(FluxDematerialize.java:120) ~[reactor-core-3.3.8.RELEASE.jar:3.3.8.RELEASE]
		at reactor.core.publisher.FluxConcatMap$ConcatMapImmediate.onSubscribe(FluxConcatMap.java:228) ~[reactor-core-3.3.8.RELEASE.jar:3.3.8.RELEASE]
		at reactor.core.publisher.FluxDematerialize$DematerializeSubscriber.onSubscribe(FluxDematerialize.java:70) ~[reactor-core-3.3.8.RELEASE.jar:3.3.8.RELEASE]
		at reactor.core.publisher.FluxIterable.subscribe(FluxIterable.java:161) ~[reactor-core-3.3.8.RELEASE.jar:3.3.8.RELEASE]
		at reactor.core.publisher.FluxIterable.subscribe(FluxIterable.java:86) ~[reactor-core-3.3.8.RELEASE.jar:3.3.8.RELEASE]
		at reactor.core.publisher.InternalFluxOperator.subscribe(InternalFluxOperator.java:62) ~[reactor-core-3.3.8.RELEASE.jar:3.3.8.RELEASE]
		at reactor.core.publisher.FluxDefer.subscribe(FluxDefer.java:54) ~[reactor-core-3.3.8.RELEASE.jar:3.3.8.RELEASE]
		at reactor.core.publisher.Mono.subscribe(Mono.java:4213) ~[reactor-core-3.3.8.RELEASE.jar:3.3.8.RELEASE]
		at reactor.core.publisher.FluxConcatMap$ConcatMapImmediate.drain(FluxConcatMap.java:441) ~[reactor-core-3.3.8.RELEASE.jar:3.3.8.RELEASE]
		at reactor.core.publisher.FluxConcatMap$ConcatMapImmediate.onSubscribe(FluxConcatMap.java:211) ~[reactor-core-3.3.8.RELEASE.jar:3.3.8.RELEASE]
		at reactor.core.publisher.FluxIterable.subscribe(FluxIterable.java:161) ~[reactor-core-3.3.8.RELEASE.jar:3.3.8.RELEASE]
		at reactor.core.publisher.FluxIterable.subscribe(FluxIterable.java:86) ~[reactor-core-3.3.8.RELEASE.jar:3.3.8.RELEASE]
		at reactor.core.publisher.InternalMonoOperator.subscribe(InternalMonoOperator.java:64) ~[reactor-core-3.3.8.RELEASE.jar:3.3.8.RELEASE]
		at reactor.core.publisher.MonoDefer.subscribe(MonoDefer.java:52) [reactor-core-3.3.8.RELEASE.jar:3.3.8.RELEASE]
		at reactor.core.publisher.InternalMonoOperator.subscribe(InternalMonoOperator.java:64) ~[reactor-core-3.3.8.RELEASE.jar:3.3.8.RELEASE]
		at reactor.core.publisher.MonoDefer.subscribe(MonoDefer.java:52) [reactor-core-3.3.8.RELEASE.jar:3.3.8.RELEASE]
		at reactor.core.publisher.InternalMonoOperator.subscribe(InternalMonoOperator.java:64) ~[reactor-core-3.3.8.RELEASE.jar:3.3.8.RELEASE]
		at reactor.core.publisher.MonoDefer.subscribe(MonoDefer.java:52) [reactor-core-3.3.8.RELEASE.jar:3.3.8.RELEASE]
		at reactor.core.publisher.InternalMonoOperator.subscribe(InternalMonoOperator.java:64) ~[reactor-core-3.3.8.RELEASE.jar:3.3.8.RELEASE]
		at reactor.core.publisher.MonoDefer.subscribe(MonoDefer.java:52) [reactor-core-3.3.8.RELEASE.jar:3.3.8.RELEASE]
		at reactor.core.publisher.Mono.subscribe(Mono.java:4213) ~[reactor-core-3.3.8.RELEASE.jar:3.3.8.RELEASE]
		at reactor.core.publisher.MonoIgnoreThen$ThenIgnoreMain.drain(MonoIgnoreThen.java:172) ~[reactor-core-3.3.8.RELEASE.jar:3.3.8.RELEASE]
		at reactor.core.publisher.MonoIgnoreThen.subscribe(MonoIgnoreThen.java:56) ~[reactor-core-3.3.8.RELEASE.jar:3.3.8.RELEASE]
		at reactor.core.publisher.Mono.subscribe(Mono.java:4213) ~[reactor-core-3.3.8.RELEASE.jar:3.3.8.RELEASE]
		at org.springframework.http.server.reactive.ServletHttpHandlerAdapter.service(ServletHttpHandlerAdapter.java:192) ~[spring-web-5.2.8.RELEASE.jar:5.2.8.RELEASE]
		at org.eclipse.jetty.servlet.ServletHolder.handle(ServletHolder.java:763) ~[jetty-servlet-9.4.30.v20200611.jar:9.4.30.v20200611]
		at org.eclipse.jetty.servlet.ServletHandler.doHandle(ServletHandler.java:551) ~[jetty-servlet-9.4.30.v20200611.jar:9.4.30.v20200611]
		at org.eclipse.jetty.server.handler.ScopedHandler.nextHandle(ScopedHandler.java:233) ~[jetty-server-9.4.30.v20200611.jar:9.4.30.v20200611]
		at org.eclipse.jetty.server.handler.ContextHandler.doHandle(ContextHandler.java:1369) ~[jetty-server-9.4.30.v20200611.jar:9.4.30.v20200611]
		at org.eclipse.jetty.server.handler.ScopedHandler.nextScope(ScopedHandler.java:188) ~[jetty-server-9.4.30.v20200611.jar:9.4.30.v20200611]
		at org.eclipse.jetty.servlet.ServletHandler.doScope(ServletHandler.java:489) ~[jetty-servlet-9.4.30.v20200611.jar:9.4.30.v20200611]
		at org.eclipse.jetty.server.handler.ScopedHandler.nextScope(ScopedHandler.java:186) ~[jetty-server-9.4.30.v20200611.jar:9.4.30.v20200611]
		at org.eclipse.jetty.server.handler.ContextHandler.doScope(ContextHandler.java:1284) ~[jetty-server-9.4.30.v20200611.jar:9.4.30.v20200611]
		at org.eclipse.jetty.server.handler.ScopedHandler.handle(ScopedHandler.java:141) ~[jetty-server-9.4.30.v20200611.jar:9.4.30.v20200611]
		at org.eclipse.jetty.server.handler.HandlerWrapper.handle(HandlerWrapper.java:127) ~[jetty-server-9.4.30.v20200611.jar:9.4.30.v20200611]
		at org.eclipse.jetty.server.Server.handle(Server.java:501) ~[jetty-server-9.4.30.v20200611.jar:9.4.30.v20200611]
		at org.eclipse.jetty.server.HttpChannel.lambda$handle$1(HttpChannel.java:383) ~[jetty-server-9.4.30.v20200611.jar:9.4.30.v20200611]
		at org.eclipse.jetty.server.HttpChannel.dispatch(HttpChannel.java:556) ~[jetty-server-9.4.30.v20200611.jar:9.4.30.v20200611]
		at org.eclipse.jetty.server.HttpChannel.handle(HttpChannel.java:375) ~[jetty-server-9.4.30.v20200611.jar:9.4.30.v20200611]
		at org.eclipse.jetty.server.HttpConnection.onFillable(HttpConnection.java:272) ~[jetty-server-9.4.30.v20200611.jar:9.4.30.v20200611]
		at org.eclipse.jetty.io.AbstractConnection$ReadCallback.succeeded(AbstractConnection.java:311) ~[jetty-io-9.4.30.v20200611.jar:9.4.30.v20200611]
		at org.eclipse.jetty.io.FillInterest.fillable(FillInterest.java:103) ~[jetty-io-9.4.30.v20200611.jar:9.4.30.v20200611]
		at org.eclipse.jetty.io.ChannelEndPoint$1.run(ChannelEndPoint.java:104) ~[jetty-io-9.4.30.v20200611.jar:9.4.30.v20200611]
		at org.eclipse.jetty.util.thread.strategy.EatWhatYouKill.runTask(EatWhatYouKill.java:336) ~[jetty-util-9.4.30.v20200611.jar:9.4.30.v20200611]
		at org.eclipse.jetty.util.thread.strategy.EatWhatYouKill.doProduce(EatWhatYouKill.java:313) ~[jetty-util-9.4.30.v20200611.jar:9.4.30.v20200611]
		at org.eclipse.jetty.util.thread.strategy.EatWhatYouKill.tryProduce(EatWhatYouKill.java:171) ~[jetty-util-9.4.30.v20200611.jar:9.4.30.v20200611]
		at org.eclipse.jetty.util.thread.strategy.EatWhatYouKill.run(EatWhatYouKill.java:129) ~[jetty-util-9.4.30.v20200611.jar:9.4.30.v20200611]
		at org.eclipse.jetty.util.thread.ReservedThreadExecutor$ReservedThread.run(ReservedThreadExecutor.java:375) ~[jetty-util-9.4.30.v20200611.jar:9.4.30.v20200611]
		at org.eclipse.jetty.util.thread.QueuedThreadPool.runJob(QueuedThreadPool.java:806) ~[jetty-util-9.4.30.v20200611.jar:9.4.30.v20200611]
		at org.eclipse.jetty.util.thread.QueuedThreadPool$Runner.run(QueuedThreadPool.java:938) ~[jetty-util-9.4.30.v20200611.jar:9.4.30.v20200611]
		at java.lang.Thread.run(Thread.java:750) ~[na:1.8.0_452]

2025-09-05 15:19:01.542 ERROR 3440 --- [ttp@6daf7d37-22] a.w.r.e.AbstractErrorWebExceptionHandler : [3f5f8fcf]  500 Server Error for HTTP POST "/user/login"

java.lang.ClassCastException: org.springframework.core.io.buffer.DefaultDataBufferFactory cannot be cast to org.springframework.core.io.buffer.NettyDataBufferFactory
	at org.springframework.cloud.gateway.support.ServerWebExchangeUtils.cacheRequestBody(ServerWebExchangeUtils.java:362) ~[spring-cloud-gateway-core-2.2.4.RELEASE.jar:2.2.4.RELEASE]
	Suppressed: reactor.core.publisher.FluxOnAssembly$OnAssemblyException: 
Error has been observed at the following site(s):
	|_ checkpoint ⇢ org.springframework.cloud.gateway.filter.WeightCalculatorWebFilter [DefaultWebFilterChain]
	|_ checkpoint ⇢ org.springframework.boot.actuate.metrics.web.reactive.server.MetricsWebFilter [DefaultWebFilterChain]
	|_ checkpoint ⇢ HTTP POST "/user/login" [ExceptionHandlingWebHandler]
Stack trace:
		at org.springframework.cloud.gateway.support.ServerWebExchangeUtils.cacheRequestBody(ServerWebExchangeUtils.java:362) ~[spring-cloud-gateway-core-2.2.4.RELEASE.jar:2.2.4.RELEASE]
		at org.springframework.cloud.gateway.support.ServerWebExchangeUtils.cacheRequestBody(ServerWebExchangeUtils.java:340) ~[spring-cloud-gateway-core-2.2.4.RELEASE.jar:2.2.4.RELEASE]
		at org.springframework.cloud.gateway.filter.AdaptCachedBodyGlobalFilter.filter(AdaptCachedBodyGlobalFilter.java:73) ~[spring-cloud-gateway-core-2.2.4.RELEASE.jar:2.2.4.RELEASE]
		at org.springframework.cloud.gateway.handler.FilteringWebHandler$GatewayFilterAdapter.filter(FilteringWebHandler.java:138) ~[spring-cloud-gateway-core-2.2.4.RELEASE.jar:2.2.4.RELEASE]
		at org.springframework.cloud.gateway.filter.OrderedGatewayFilter.filter(OrderedGatewayFilter.java:44) ~[spring-cloud-gateway-core-2.2.4.RELEASE.jar:2.2.4.RELEASE]
		at org.springframework.cloud.gateway.handler.FilteringWebHandler$DefaultGatewayFilterChain.lambda$filter$0(FilteringWebHandler.java:118) ~[spring-cloud-gateway-core-2.2.4.RELEASE.jar:2.2.4.RELEASE]
		at reactor.core.publisher.MonoDefer.subscribe(MonoDefer.java:44) [reactor-core-3.3.8.RELEASE.jar:3.3.8.RELEASE]
		at reactor.core.publisher.InternalMonoOperator.subscribe(InternalMonoOperator.java:64) ~[reactor-core-3.3.8.RELEASE.jar:3.3.8.RELEASE]
		at reactor.core.publisher.MonoDefer.subscribe(MonoDefer.java:52) [reactor-core-3.3.8.RELEASE.jar:3.3.8.RELEASE]
		at reactor.core.publisher.InternalMonoOperator.subscribe(InternalMonoOperator.java:64) ~[reactor-core-3.3.8.RELEASE.jar:3.3.8.RELEASE]
		at reactor.core.publisher.MonoDefer.subscribe(MonoDefer.java:52) [reactor-core-3.3.8.RELEASE.jar:3.3.8.RELEASE]
		at reactor.core.publisher.InternalMonoOperator.subscribe(InternalMonoOperator.java:64) ~[reactor-core-3.3.8.RELEASE.jar:3.3.8.RELEASE]
		at reactor.core.publisher.MonoDefer.subscribe(MonoDefer.java:52) [reactor-core-3.3.8.RELEASE.jar:3.3.8.RELEASE]
		at reactor.core.publisher.Mono.subscribe(Mono.java:4213) ~[reactor-core-3.3.8.RELEASE.jar:3.3.8.RELEASE]
		at reactor.core.publisher.MonoIgnoreThen$ThenIgnoreMain.drain(MonoIgnoreThen.java:172) ~[reactor-core-3.3.8.RELEASE.jar:3.3.8.RELEASE]
		at reactor.core.publisher.MonoIgnoreThen.subscribe(MonoIgnoreThen.java:56) ~[reactor-core-3.3.8.RELEASE.jar:3.3.8.RELEASE]
		at reactor.core.publisher.MonoFlatMap$FlatMapMain.onNext(MonoFlatMap.java:150) ~[reactor-core-3.3.8.RELEASE.jar:3.3.8.RELEASE]
		at reactor.core.publisher.FluxSwitchIfEmpty$SwitchIfEmptySubscriber.onNext(FluxSwitchIfEmpty.java:67) ~[reactor-core-3.3.8.RELEASE.jar:3.3.8.RELEASE]
		at reactor.core.publisher.MonoNext$NextSubscriber.onNext(MonoNext.java:76) ~[reactor-core-3.3.8.RELEASE.jar:3.3.8.RELEASE]
		at reactor.core.publisher.FluxConcatMap$ConcatMapImmediate.innerNext(FluxConcatMap.java:274) ~[reactor-core-3.3.8.RELEASE.jar:3.3.8.RELEASE]
		at reactor.core.publisher.FluxConcatMap$ConcatMapInner.onNext(FluxConcatMap.java:851) ~[reactor-core-3.3.8.RELEASE.jar:3.3.8.RELEASE]
		at reactor.core.publisher.FluxMap$MapSubscriber.onNext(FluxMap.java:114) ~[reactor-core-3.3.8.RELEASE.jar:3.3.8.RELEASE]
		at reactor.core.publisher.FluxSwitchIfEmpty$SwitchIfEmptySubscriber.onNext(FluxSwitchIfEmpty.java:67) ~[reactor-core-3.3.8.RELEASE.jar:3.3.8.RELEASE]
		at reactor.core.publisher.Operators$MonoSubscriber.complete(Operators.java:1782) ~[reactor-core-3.3.8.RELEASE.jar:3.3.8.RELEASE]
		at reactor.core.publisher.MonoFlatMap$FlatMapMain.onNext(MonoFlatMap.java:144) ~[reactor-core-3.3.8.RELEASE.jar:3.3.8.RELEASE]
		at reactor.core.publisher.FluxMap$MapSubscriber.onNext(FluxMap.java:114) ~[reactor-core-3.3.8.RELEASE.jar:3.3.8.RELEASE]
		at reactor.core.publisher.MonoNext$NextSubscriber.onNext(MonoNext.java:76) ~[reactor-core-3.3.8.RELEASE.jar:3.3.8.RELEASE]
		at reactor.core.publisher.FluxConcatMap$ConcatMapImmediate.innerNext(FluxConcatMap.java:274) ~[reactor-core-3.3.8.RELEASE.jar:3.3.8.RELEASE]
		at reactor.core.publisher.FluxConcatMap$ConcatMapInner.onNext(FluxConcatMap.java:851) ~[reactor-core-3.3.8.RELEASE.jar:3.3.8.RELEASE]
		at reactor.core.publisher.FluxOnErrorResume$ResumeSubscriber.onNext(FluxOnErrorResume.java:73) ~[reactor-core-3.3.8.RELEASE.jar:3.3.8.RELEASE]
		at reactor.core.publisher.MonoPeekTerminal$MonoTerminalPeekSubscriber.onNext(MonoPeekTerminal.java:173) ~[reactor-core-3.3.8.RELEASE.jar:3.3.8.RELEASE]
		at reactor.core.publisher.Operators$MonoSubscriber.complete(Operators.java:1782) ~[reactor-core-3.3.8.RELEASE.jar:3.3.8.RELEASE]
		at reactor.core.publisher.MonoFilterWhen$MonoFilterWhenMain.onNext(MonoFilterWhen.java:140) ~[reactor-core-3.3.8.RELEASE.jar:3.3.8.RELEASE]
		at reactor.core.publisher.Operators$ScalarSubscription.request(Operators.java:2344) ~[reactor-core-3.3.8.RELEASE.jar:3.3.8.RELEASE]
		at reactor.core.publisher.MonoFilterWhen$MonoFilterWhenMain.onSubscribe(MonoFilterWhen.java:103) ~[reactor-core-3.3.8.RELEASE.jar:3.3.8.RELEASE]
		at reactor.core.publisher.MonoJust.subscribe(MonoJust.java:54) ~[reactor-core-3.3.8.RELEASE.jar:3.3.8.RELEASE]
		at reactor.core.publisher.Mono.subscribe(Mono.java:4213) ~[reactor-core-3.3.8.RELEASE.jar:3.3.8.RELEASE]
		at reactor.core.publisher.FluxConcatMap$ConcatMapImmediate.drain(FluxConcatMap.java:441) ~[reactor-core-3.3.8.RELEASE.jar:3.3.8.RELEASE]
		at reactor.core.publisher.FluxConcatMap$ConcatMapImmediate.onNext(FluxConcatMap.java:243) ~[reactor-core-3.3.8.RELEASE.jar:3.3.8.RELEASE]
		at reactor.core.publisher.FluxDematerialize$DematerializeSubscriber.onNext(FluxDematerialize.java:91) ~[reactor-core-3.3.8.RELEASE.jar:3.3.8.RELEASE]
		at reactor.core.publisher.FluxDematerialize$DematerializeSubscriber.onNext(FluxDematerialize.java:38) ~[reactor-core-3.3.8.RELEASE.jar:3.3.8.RELEASE]
		at reactor.core.publisher.FluxIterable$IterableSubscription.slowPath(FluxIterable.java:267) ~[reactor-core-3.3.8.RELEASE.jar:3.3.8.RELEASE]
		at reactor.core.publisher.FluxIterable$IterableSubscription.request(FluxIterable.java:225) ~[reactor-core-3.3.8.RELEASE.jar:3.3.8.RELEASE]
		at reactor.core.publisher.FluxDematerialize$DematerializeSubscriber.request(FluxDematerialize.java:120) ~[reactor-core-3.3.8.RELEASE.jar:3.3.8.RELEASE]
		at reactor.core.publisher.FluxConcatMap$ConcatMapImmediate.onSubscribe(FluxConcatMap.java:228) ~[reactor-core-3.3.8.RELEASE.jar:3.3.8.RELEASE]
		at reactor.core.publisher.FluxDematerialize$DematerializeSubscriber.onSubscribe(FluxDematerialize.java:70) ~[reactor-core-3.3.8.RELEASE.jar:3.3.8.RELEASE]
		at reactor.core.publisher.FluxIterable.subscribe(FluxIterable.java:161) ~[reactor-core-3.3.8.RELEASE.jar:3.3.8.RELEASE]
		at reactor.core.publisher.FluxIterable.subscribe(FluxIterable.java:86) ~[reactor-core-3.3.8.RELEASE.jar:3.3.8.RELEASE]
		at reactor.core.publisher.InternalFluxOperator.subscribe(InternalFluxOperator.java:62) ~[reactor-core-3.3.8.RELEASE.jar:3.3.8.RELEASE]
		at reactor.core.publisher.FluxDefer.subscribe(FluxDefer.java:54) ~[reactor-core-3.3.8.RELEASE.jar:3.3.8.RELEASE]
		at reactor.core.publisher.Mono.subscribe(Mono.java:4213) ~[reactor-core-3.3.8.RELEASE.jar:3.3.8.RELEASE]
		at reactor.core.publisher.FluxConcatMap$ConcatMapImmediate.drain(FluxConcatMap.java:441) ~[reactor-core-3.3.8.RELEASE.jar:3.3.8.RELEASE]
		at reactor.core.publisher.FluxConcatMap$ConcatMapImmediate.onSubscribe(FluxConcatMap.java:211) ~[reactor-core-3.3.8.RELEASE.jar:3.3.8.RELEASE]
		at reactor.core.publisher.FluxIterable.subscribe(FluxIterable.java:161) ~[reactor-core-3.3.8.RELEASE.jar:3.3.8.RELEASE]
		at reactor.core.publisher.FluxIterable.subscribe(FluxIterable.java:86) ~[reactor-core-3.3.8.RELEASE.jar:3.3.8.RELEASE]
		at reactor.core.publisher.InternalMonoOperator.subscribe(InternalMonoOperator.java:64) ~[reactor-core-3.3.8.RELEASE.jar:3.3.8.RELEASE]
		at reactor.core.publisher.MonoDefer.subscribe(MonoDefer.java:52) [reactor-core-3.3.8.RELEASE.jar:3.3.8.RELEASE]
		at reactor.core.publisher.InternalMonoOperator.subscribe(InternalMonoOperator.java:64) ~[reactor-core-3.3.8.RELEASE.jar:3.3.8.RELEASE]
		at reactor.core.publisher.MonoDefer.subscribe(MonoDefer.java:52) [reactor-core-3.3.8.RELEASE.jar:3.3.8.RELEASE]
		at reactor.core.publisher.InternalMonoOperator.subscribe(InternalMonoOperator.java:64) ~[reactor-core-3.3.8.RELEASE.jar:3.3.8.RELEASE]
		at reactor.core.publisher.MonoDefer.subscribe(MonoDefer.java:52) [reactor-core-3.3.8.RELEASE.jar:3.3.8.RELEASE]
		at reactor.core.publisher.InternalMonoOperator.subscribe(InternalMonoOperator.java:64) ~[reactor-core-3.3.8.RELEASE.jar:3.3.8.RELEASE]
		at reactor.core.publisher.MonoDefer.subscribe(MonoDefer.java:52) [reactor-core-3.3.8.RELEASE.jar:3.3.8.RELEASE]
		at reactor.core.publisher.Mono.subscribe(Mono.java:4213) ~[reactor-core-3.3.8.RELEASE.jar:3.3.8.RELEASE]
		at reactor.core.publisher.MonoIgnoreThen$ThenIgnoreMain.drain(MonoIgnoreThen.java:172) ~[reactor-core-3.3.8.RELEASE.jar:3.3.8.RELEASE]
		at reactor.core.publisher.MonoIgnoreThen.subscribe(MonoIgnoreThen.java:56) ~[reactor-core-3.3.8.RELEASE.jar:3.3.8.RELEASE]
		at reactor.core.publisher.Mono.subscribe(Mono.java:4213) ~[reactor-core-3.3.8.RELEASE.jar:3.3.8.RELEASE]
		at org.springframework.http.server.reactive.ServletHttpHandlerAdapter.service(ServletHttpHandlerAdapter.java:192) ~[spring-web-5.2.8.RELEASE.jar:5.2.8.RELEASE]
		at org.eclipse.jetty.servlet.ServletHolder.handle(ServletHolder.java:763) ~[jetty-servlet-9.4.30.v20200611.jar:9.4.30.v20200611]
		at org.eclipse.jetty.servlet.ServletHandler.doHandle(ServletHandler.java:551) ~[jetty-servlet-9.4.30.v20200611.jar:9.4.30.v20200611]
		at org.eclipse.jetty.server.handler.ScopedHandler.nextHandle(ScopedHandler.java:233) ~[jetty-server-9.4.30.v20200611.jar:9.4.30.v20200611]
		at org.eclipse.jetty.server.handler.ContextHandler.doHandle(ContextHandler.java:1369) ~[jetty-server-9.4.30.v20200611.jar:9.4.30.v20200611]
		at org.eclipse.jetty.server.handler.ScopedHandler.nextScope(ScopedHandler.java:188) ~[jetty-server-9.4.30.v20200611.jar:9.4.30.v20200611]
		at org.eclipse.jetty.servlet.ServletHandler.doScope(ServletHandler.java:489) ~[jetty-servlet-9.4.30.v20200611.jar:9.4.30.v20200611]
		at org.eclipse.jetty.server.handler.ScopedHandler.nextScope(ScopedHandler.java:186) ~[jetty-server-9.4.30.v20200611.jar:9.4.30.v20200611]
		at org.eclipse.jetty.server.handler.ContextHandler.doScope(ContextHandler.java:1284) ~[jetty-server-9.4.30.v20200611.jar:9.4.30.v20200611]
		at org.eclipse.jetty.server.handler.ScopedHandler.handle(ScopedHandler.java:141) ~[jetty-server-9.4.30.v20200611.jar:9.4.30.v20200611]
		at org.eclipse.jetty.server.handler.HandlerWrapper.handle(HandlerWrapper.java:127) ~[jetty-server-9.4.30.v20200611.jar:9.4.30.v20200611]
		at org.eclipse.jetty.server.Server.handle(Server.java:501) ~[jetty-server-9.4.30.v20200611.jar:9.4.30.v20200611]
		at org.eclipse.jetty.server.HttpChannel.lambda$handle$1(HttpChannel.java:383) ~[jetty-server-9.4.30.v20200611.jar:9.4.30.v20200611]
		at org.eclipse.jetty.server.HttpChannel.dispatch(HttpChannel.java:556) ~[jetty-server-9.4.30.v20200611.jar:9.4.30.v20200611]
		at org.eclipse.jetty.server.HttpChannel.handle(HttpChannel.java:375) ~[jetty-server-9.4.30.v20200611.jar:9.4.30.v20200611]
		at org.eclipse.jetty.server.HttpConnection.onFillable(HttpConnection.java:272) ~[jetty-server-9.4.30.v20200611.jar:9.4.30.v20200611]
		at org.eclipse.jetty.io.AbstractConnection$ReadCallback.succeeded(AbstractConnection.java:311) ~[jetty-io-9.4.30.v20200611.jar:9.4.30.v20200611]
		at org.eclipse.jetty.io.FillInterest.fillable(FillInterest.java:103) ~[jetty-io-9.4.30.v20200611.jar:9.4.30.v20200611]
		at org.eclipse.jetty.io.ChannelEndPoint$1.run(ChannelEndPoint.java:104) ~[jetty-io-9.4.30.v20200611.jar:9.4.30.v20200611]
		at org.eclipse.jetty.util.thread.strategy.EatWhatYouKill.runTask(EatWhatYouKill.java:336) ~[jetty-util-9.4.30.v20200611.jar:9.4.30.v20200611]
		at org.eclipse.jetty.util.thread.strategy.EatWhatYouKill.doProduce(EatWhatYouKill.java:313) ~[jetty-util-9.4.30.v20200611.jar:9.4.30.v20200611]
		at org.eclipse.jetty.util.thread.strategy.EatWhatYouKill.tryProduce(EatWhatYouKill.java:171) ~[jetty-util-9.4.30.v20200611.jar:9.4.30.v20200611]
		at org.eclipse.jetty.util.thread.strategy.EatWhatYouKill.produce(EatWhatYouKill.java:135) ~[jetty-util-9.4.30.v20200611.jar:9.4.30.v20200611]
		at org.eclipse.jetty.util.thread.QueuedThreadPool.runJob(QueuedThreadPool.java:806) ~[jetty-util-9.4.30.v20200611.jar:9.4.30.v20200611]
		at org.eclipse.jetty.util.thread.QueuedThreadPool$Runner.run(QueuedThreadPool.java:938) ~[jetty-util-9.4.30.v20200611.jar:9.4.30.v20200611]
		at java.lang.Thread.run(Thread.java:750) ~[na:1.8.0_452]

2025-09-05 15:19:01.542 ERROR 3440 --- [ttp@6daf7d37-19] a.w.r.e.AbstractErrorWebExceptionHandler : [689b8aba]  500 Server Error for HTTP POST "/user/login"

java.lang.ClassCastException: org.springframework.core.io.buffer.DefaultDataBufferFactory cannot be cast to org.springframework.core.io.buffer.NettyDataBufferFactory
	at org.springframework.cloud.gateway.support.ServerWebExchangeUtils.cacheRequestBody(ServerWebExchangeUtils.java:362) ~[spring-cloud-gateway-core-2.2.4.RELEASE.jar:2.2.4.RELEASE]
	Suppressed: reactor.core.publisher.FluxOnAssembly$OnAssemblyException: 
Error has been observed at the following site(s):
	|_ checkpoint ⇢ org.springframework.cloud.gateway.filter.WeightCalculatorWebFilter [DefaultWebFilterChain]
	|_ checkpoint ⇢ org.springframework.boot.actuate.metrics.web.reactive.server.MetricsWebFilter [DefaultWebFilterChain]
	|_ checkpoint ⇢ HTTP POST "/user/login" [ExceptionHandlingWebHandler]
Stack trace:
		at org.springframework.cloud.gateway.support.ServerWebExchangeUtils.cacheRequestBody(ServerWebExchangeUtils.java:362) ~[spring-cloud-gateway-core-2.2.4.RELEASE.jar:2.2.4.RELEASE]
		at org.springframework.cloud.gateway.support.ServerWebExchangeUtils.cacheRequestBody(ServerWebExchangeUtils.java:340) ~[spring-cloud-gateway-core-2.2.4.RELEASE.jar:2.2.4.RELEASE]
		at org.springframework.cloud.gateway.filter.AdaptCachedBodyGlobalFilter.filter(AdaptCachedBodyGlobalFilter.java:73) ~[spring-cloud-gateway-core-2.2.4.RELEASE.jar:2.2.4.RELEASE]
		at org.springframework.cloud.gateway.handler.FilteringWebHandler$GatewayFilterAdapter.filter(FilteringWebHandler.java:138) ~[spring-cloud-gateway-core-2.2.4.RELEASE.jar:2.2.4.RELEASE]
		at org.springframework.cloud.gateway.filter.OrderedGatewayFilter.filter(OrderedGatewayFilter.java:44) ~[spring-cloud-gateway-core-2.2.4.RELEASE.jar:2.2.4.RELEASE]
		at org.springframework.cloud.gateway.handler.FilteringWebHandler$DefaultGatewayFilterChain.lambda$filter$0(FilteringWebHandler.java:118) ~[spring-cloud-gateway-core-2.2.4.RELEASE.jar:2.2.4.RELEASE]
		at reactor.core.publisher.MonoDefer.subscribe(MonoDefer.java:44) [reactor-core-3.3.8.RELEASE.jar:3.3.8.RELEASE]
		at reactor.core.publisher.InternalMonoOperator.subscribe(InternalMonoOperator.java:64) ~[reactor-core-3.3.8.RELEASE.jar:3.3.8.RELEASE]
		at reactor.core.publisher.MonoDefer.subscribe(MonoDefer.java:52) [reactor-core-3.3.8.RELEASE.jar:3.3.8.RELEASE]
		at reactor.core.publisher.InternalMonoOperator.subscribe(InternalMonoOperator.java:64) ~[reactor-core-3.3.8.RELEASE.jar:3.3.8.RELEASE]
		at reactor.core.publisher.MonoDefer.subscribe(MonoDefer.java:52) [reactor-core-3.3.8.RELEASE.jar:3.3.8.RELEASE]
		at reactor.core.publisher.InternalMonoOperator.subscribe(InternalMonoOperator.java:64) ~[reactor-core-3.3.8.RELEASE.jar:3.3.8.RELEASE]
		at reactor.core.publisher.MonoDefer.subscribe(MonoDefer.java:52) [reactor-core-3.3.8.RELEASE.jar:3.3.8.RELEASE]
		at reactor.core.publisher.Mono.subscribe(Mono.java:4213) ~[reactor-core-3.3.8.RELEASE.jar:3.3.8.RELEASE]
		at reactor.core.publisher.MonoIgnoreThen$ThenIgnoreMain.drain(MonoIgnoreThen.java:172) ~[reactor-core-3.3.8.RELEASE.jar:3.3.8.RELEASE]
		at reactor.core.publisher.MonoIgnoreThen.subscribe(MonoIgnoreThen.java:56) ~[reactor-core-3.3.8.RELEASE.jar:3.3.8.RELEASE]
		at reactor.core.publisher.MonoFlatMap$FlatMapMain.onNext(MonoFlatMap.java:150) ~[reactor-core-3.3.8.RELEASE.jar:3.3.8.RELEASE]
		at reactor.core.publisher.FluxSwitchIfEmpty$SwitchIfEmptySubscriber.onNext(FluxSwitchIfEmpty.java:67) ~[reactor-core-3.3.8.RELEASE.jar:3.3.8.RELEASE]
		at reactor.core.publisher.MonoNext$NextSubscriber.onNext(MonoNext.java:76) ~[reactor-core-3.3.8.RELEASE.jar:3.3.8.RELEASE]
		at reactor.core.publisher.FluxConcatMap$ConcatMapImmediate.innerNext(FluxConcatMap.java:274) ~[reactor-core-3.3.8.RELEASE.jar:3.3.8.RELEASE]
		at reactor.core.publisher.FluxConcatMap$ConcatMapInner.onNext(FluxConcatMap.java:851) ~[reactor-core-3.3.8.RELEASE.jar:3.3.8.RELEASE]
		at reactor.core.publisher.FluxMap$MapSubscriber.onNext(FluxMap.java:114) ~[reactor-core-3.3.8.RELEASE.jar:3.3.8.RELEASE]
		at reactor.core.publisher.FluxSwitchIfEmpty$SwitchIfEmptySubscriber.onNext(FluxSwitchIfEmpty.java:67) ~[reactor-core-3.3.8.RELEASE.jar:3.3.8.RELEASE]
		at reactor.core.publisher.Operators$MonoSubscriber.complete(Operators.java:1782) ~[reactor-core-3.3.8.RELEASE.jar:3.3.8.RELEASE]
		at reactor.core.publisher.MonoFlatMap$FlatMapMain.onNext(MonoFlatMap.java:144) ~[reactor-core-3.3.8.RELEASE.jar:3.3.8.RELEASE]
		at reactor.core.publisher.FluxMap$MapSubscriber.onNext(FluxMap.java:114) ~[reactor-core-3.3.8.RELEASE.jar:3.3.8.RELEASE]
		at reactor.core.publisher.MonoNext$NextSubscriber.onNext(MonoNext.java:76) ~[reactor-core-3.3.8.RELEASE.jar:3.3.8.RELEASE]
		at reactor.core.publisher.FluxConcatMap$ConcatMapImmediate.innerNext(FluxConcatMap.java:274) ~[reactor-core-3.3.8.RELEASE.jar:3.3.8.RELEASE]
		at reactor.core.publisher.FluxConcatMap$ConcatMapInner.onNext(FluxConcatMap.java:851) ~[reactor-core-3.3.8.RELEASE.jar:3.3.8.RELEASE]
		at reactor.core.publisher.FluxOnErrorResume$ResumeSubscriber.onNext(FluxOnErrorResume.java:73) ~[reactor-core-3.3.8.RELEASE.jar:3.3.8.RELEASE]
		at reactor.core.publisher.MonoPeekTerminal$MonoTerminalPeekSubscriber.onNext(MonoPeekTerminal.java:173) ~[reactor-core-3.3.8.RELEASE.jar:3.3.8.RELEASE]
		at reactor.core.publisher.Operators$MonoSubscriber.complete(Operators.java:1782) ~[reactor-core-3.3.8.RELEASE.jar:3.3.8.RELEASE]
		at reactor.core.publisher.MonoFilterWhen$MonoFilterWhenMain.onNext(MonoFilterWhen.java:140) ~[reactor-core-3.3.8.RELEASE.jar:3.3.8.RELEASE]
		at reactor.core.publisher.Operators$ScalarSubscription.request(Operators.java:2344) ~[reactor-core-3.3.8.RELEASE.jar:3.3.8.RELEASE]
		at reactor.core.publisher.MonoFilterWhen$MonoFilterWhenMain.onSubscribe(MonoFilterWhen.java:103) ~[reactor-core-3.3.8.RELEASE.jar:3.3.8.RELEASE]
		at reactor.core.publisher.MonoJust.subscribe(MonoJust.java:54) ~[reactor-core-3.3.8.RELEASE.jar:3.3.8.RELEASE]
		at reactor.core.publisher.Mono.subscribe(Mono.java:4213) ~[reactor-core-3.3.8.RELEASE.jar:3.3.8.RELEASE]
		at reactor.core.publisher.FluxConcatMap$ConcatMapImmediate.drain(FluxConcatMap.java:441) ~[reactor-core-3.3.8.RELEASE.jar:3.3.8.RELEASE]
		at reactor.core.publisher.FluxConcatMap$ConcatMapImmediate.onNext(FluxConcatMap.java:243) ~[reactor-core-3.3.8.RELEASE.jar:3.3.8.RELEASE]
		at reactor.core.publisher.FluxDematerialize$DematerializeSubscriber.onNext(FluxDematerialize.java:91) ~[reactor-core-3.3.8.RELEASE.jar:3.3.8.RELEASE]
		at reactor.core.publisher.FluxDematerialize$DematerializeSubscriber.onNext(FluxDematerialize.java:38) ~[reactor-core-3.3.8.RELEASE.jar:3.3.8.RELEASE]
		at reactor.core.publisher.FluxIterable$IterableSubscription.slowPath(FluxIterable.java:267) ~[reactor-core-3.3.8.RELEASE.jar:3.3.8.RELEASE]
		at reactor.core.publisher.FluxIterable$IterableSubscription.request(FluxIterable.java:225) ~[reactor-core-3.3.8.RELEASE.jar:3.3.8.RELEASE]
		at reactor.core.publisher.FluxDematerialize$DematerializeSubscriber.request(FluxDematerialize.java:120) ~[reactor-core-3.3.8.RELEASE.jar:3.3.8.RELEASE]
		at reactor.core.publisher.FluxConcatMap$ConcatMapImmediate.onSubscribe(FluxConcatMap.java:228) ~[reactor-core-3.3.8.RELEASE.jar:3.3.8.RELEASE]
		at reactor.core.publisher.FluxDematerialize$DematerializeSubscriber.onSubscribe(FluxDematerialize.java:70) ~[reactor-core-3.3.8.RELEASE.jar:3.3.8.RELEASE]
		at reactor.core.publisher.FluxIterable.subscribe(FluxIterable.java:161) ~[reactor-core-3.3.8.RELEASE.jar:3.3.8.RELEASE]
		at reactor.core.publisher.FluxIterable.subscribe(FluxIterable.java:86) ~[reactor-core-3.3.8.RELEASE.jar:3.3.8.RELEASE]
		at reactor.core.publisher.InternalFluxOperator.subscribe(InternalFluxOperator.java:62) ~[reactor-core-3.3.8.RELEASE.jar:3.3.8.RELEASE]
		at reactor.core.publisher.FluxDefer.subscribe(FluxDefer.java:54) ~[reactor-core-3.3.8.RELEASE.jar:3.3.8.RELEASE]
		at reactor.core.publisher.Mono.subscribe(Mono.java:4213) ~[reactor-core-3.3.8.RELEASE.jar:3.3.8.RELEASE]
		at reactor.core.publisher.FluxConcatMap$ConcatMapImmediate.drain(FluxConcatMap.java:441) ~[reactor-core-3.3.8.RELEASE.jar:3.3.8.RELEASE]
		at reactor.core.publisher.FluxConcatMap$ConcatMapImmediate.onSubscribe(FluxConcatMap.java:211) ~[reactor-core-3.3.8.RELEASE.jar:3.3.8.RELEASE]
		at reactor.core.publisher.FluxIterable.subscribe(FluxIterable.java:161) ~[reactor-core-3.3.8.RELEASE.jar:3.3.8.RELEASE]
		at reactor.core.publisher.FluxIterable.subscribe(FluxIterable.java:86) ~[reactor-core-3.3.8.RELEASE.jar:3.3.8.RELEASE]
		at reactor.core.publisher.InternalMonoOperator.subscribe(InternalMonoOperator.java:64) ~[reactor-core-3.3.8.RELEASE.jar:3.3.8.RELEASE]
		at reactor.core.publisher.MonoDefer.subscribe(MonoDefer.java:52) [reactor-core-3.3.8.RELEASE.jar:3.3.8.RELEASE]
		at reactor.core.publisher.InternalMonoOperator.subscribe(InternalMonoOperator.java:64) ~[reactor-core-3.3.8.RELEASE.jar:3.3.8.RELEASE]
		at reactor.core.publisher.MonoDefer.subscribe(MonoDefer.java:52) [reactor-core-3.3.8.RELEASE.jar:3.3.8.RELEASE]
		at reactor.core.publisher.InternalMonoOperator.subscribe(InternalMonoOperator.java:64) ~[reactor-core-3.3.8.RELEASE.jar:3.3.8.RELEASE]
		at reactor.core.publisher.MonoDefer.subscribe(MonoDefer.java:52) [reactor-core-3.3.8.RELEASE.jar:3.3.8.RELEASE]
		at reactor.core.publisher.InternalMonoOperator.subscribe(InternalMonoOperator.java:64) ~[reactor-core-3.3.8.RELEASE.jar:3.3.8.RELEASE]
		at reactor.core.publisher.MonoDefer.subscribe(MonoDefer.java:52) [reactor-core-3.3.8.RELEASE.jar:3.3.8.RELEASE]
		at reactor.core.publisher.Mono.subscribe(Mono.java:4213) ~[reactor-core-3.3.8.RELEASE.jar:3.3.8.RELEASE]
		at reactor.core.publisher.MonoIgnoreThen$ThenIgnoreMain.drain(MonoIgnoreThen.java:172) ~[reactor-core-3.3.8.RELEASE.jar:3.3.8.RELEASE]
		at reactor.core.publisher.MonoIgnoreThen.subscribe(MonoIgnoreThen.java:56) ~[reactor-core-3.3.8.RELEASE.jar:3.3.8.RELEASE]
		at reactor.core.publisher.Mono.subscribe(Mono.java:4213) ~[reactor-core-3.3.8.RELEASE.jar:3.3.8.RELEASE]
		at org.springframework.http.server.reactive.ServletHttpHandlerAdapter.service(ServletHttpHandlerAdapter.java:192) ~[spring-web-5.2.8.RELEASE.jar:5.2.8.RELEASE]
		at org.eclipse.jetty.servlet.ServletHolder.handle(ServletHolder.java:763) ~[jetty-servlet-9.4.30.v20200611.jar:9.4.30.v20200611]
		at org.eclipse.jetty.servlet.ServletHandler.doHandle(ServletHandler.java:551) ~[jetty-servlet-9.4.30.v20200611.jar:9.4.30.v20200611]
		at org.eclipse.jetty.server.handler.ScopedHandler.nextHandle(ScopedHandler.java:233) ~[jetty-server-9.4.30.v20200611.jar:9.4.30.v20200611]
		at org.eclipse.jetty.server.handler.ContextHandler.doHandle(ContextHandler.java:1369) ~[jetty-server-9.4.30.v20200611.jar:9.4.30.v20200611]
		at org.eclipse.jetty.server.handler.ScopedHandler.nextScope(ScopedHandler.java:188) ~[jetty-server-9.4.30.v20200611.jar:9.4.30.v20200611]
		at org.eclipse.jetty.servlet.ServletHandler.doScope(ServletHandler.java:489) ~[jetty-servlet-9.4.30.v20200611.jar:9.4.30.v20200611]
		at org.eclipse.jetty.server.handler.ScopedHandler.nextScope(ScopedHandler.java:186) ~[jetty-server-9.4.30.v20200611.jar:9.4.30.v20200611]
		at org.eclipse.jetty.server.handler.ContextHandler.doScope(ContextHandler.java:1284) ~[jetty-server-9.4.30.v20200611.jar:9.4.30.v20200611]
		at org.eclipse.jetty.server.handler.ScopedHandler.handle(ScopedHandler.java:141) ~[jetty-server-9.4.30.v20200611.jar:9.4.30.v20200611]
		at org.eclipse.jetty.server.handler.HandlerWrapper.handle(HandlerWrapper.java:127) ~[jetty-server-9.4.30.v20200611.jar:9.4.30.v20200611]
		at org.eclipse.jetty.server.Server.handle(Server.java:501) ~[jetty-server-9.4.30.v20200611.jar:9.4.30.v20200611]
		at org.eclipse.jetty.server.HttpChannel.lambda$handle$1(HttpChannel.java:383) ~[jetty-server-9.4.30.v20200611.jar:9.4.30.v20200611]
		at org.eclipse.jetty.server.HttpChannel.dispatch(HttpChannel.java:556) ~[jetty-server-9.4.30.v20200611.jar:9.4.30.v20200611]
		at org.eclipse.jetty.server.HttpChannel.handle(HttpChannel.java:375) ~[jetty-server-9.4.30.v20200611.jar:9.4.30.v20200611]
		at org.eclipse.jetty.server.HttpConnection.onFillable(HttpConnection.java:272) ~[jetty-server-9.4.30.v20200611.jar:9.4.30.v20200611]
		at org.eclipse.jetty.io.AbstractConnection$ReadCallback.succeeded(AbstractConnection.java:311) ~[jetty-io-9.4.30.v20200611.jar:9.4.30.v20200611]
		at org.eclipse.jetty.io.FillInterest.fillable(FillInterest.java:103) ~[jetty-io-9.4.30.v20200611.jar:9.4.30.v20200611]
		at org.eclipse.jetty.io.ChannelEndPoint$1.run(ChannelEndPoint.java:104) ~[jetty-io-9.4.30.v20200611.jar:9.4.30.v20200611]
		at org.eclipse.jetty.util.thread.strategy.EatWhatYouKill.runTask(EatWhatYouKill.java:336) ~[jetty-util-9.4.30.v20200611.jar:9.4.30.v20200611]
		at org.eclipse.jetty.util.thread.strategy.EatWhatYouKill.doProduce(EatWhatYouKill.java:313) ~[jetty-util-9.4.30.v20200611.jar:9.4.30.v20200611]
		at org.eclipse.jetty.util.thread.strategy.EatWhatYouKill.tryProduce(EatWhatYouKill.java:171) ~[jetty-util-9.4.30.v20200611.jar:9.4.30.v20200611]
		at org.eclipse.jetty.util.thread.strategy.EatWhatYouKill.run(EatWhatYouKill.java:129) ~[jetty-util-9.4.30.v20200611.jar:9.4.30.v20200611]
		at org.eclipse.jetty.util.thread.ReservedThreadExecutor$ReservedThread.run(ReservedThreadExecutor.java:375) ~[jetty-util-9.4.30.v20200611.jar:9.4.30.v20200611]
		at org.eclipse.jetty.util.thread.QueuedThreadPool.runJob(QueuedThreadPool.java:806) ~[jetty-util-9.4.30.v20200611.jar:9.4.30.v20200611]
		at org.eclipse.jetty.util.thread.QueuedThreadPool$Runner.run(QueuedThreadPool.java:938) ~[jetty-util-9.4.30.v20200611.jar:9.4.30.v20200611]
		at java.lang.Thread.run(Thread.java:750) ~[na:1.8.0_452]

2025-09-05 15:19:01.542 ERROR 3440 --- [ttp@6daf7d37-20] a.w.r.e.AbstractErrorWebExceptionHandler : [3e7a85ae]  500 Server Error for HTTP POST "/user/login"

java.lang.ClassCastException: org.springframework.core.io.buffer.DefaultDataBufferFactory cannot be cast to org.springframework.core.io.buffer.NettyDataBufferFactory
	at org.springframework.cloud.gateway.support.ServerWebExchangeUtils.cacheRequestBody(ServerWebExchangeUtils.java:362) ~[spring-cloud-gateway-core-2.2.4.RELEASE.jar:2.2.4.RELEASE]
	Suppressed: reactor.core.publisher.FluxOnAssembly$OnAssemblyException: 
Error has been observed at the following site(s):
	|_ checkpoint ⇢ org.springframework.cloud.gateway.filter.WeightCalculatorWebFilter [DefaultWebFilterChain]
	|_ checkpoint ⇢ org.springframework.boot.actuate.metrics.web.reactive.server.MetricsWebFilter [DefaultWebFilterChain]
	|_ checkpoint ⇢ HTTP POST "/user/login" [ExceptionHandlingWebHandler]
Stack trace:
		at org.springframework.cloud.gateway.support.ServerWebExchangeUtils.cacheRequestBody(ServerWebExchangeUtils.java:362) ~[spring-cloud-gateway-core-2.2.4.RELEASE.jar:2.2.4.RELEASE]
		at org.springframework.cloud.gateway.support.ServerWebExchangeUtils.cacheRequestBody(ServerWebExchangeUtils.java:340) ~[spring-cloud-gateway-core-2.2.4.RELEASE.jar:2.2.4.RELEASE]
		at org.springframework.cloud.gateway.filter.AdaptCachedBodyGlobalFilter.filter(AdaptCachedBodyGlobalFilter.java:73) ~[spring-cloud-gateway-core-2.2.4.RELEASE.jar:2.2.4.RELEASE]
		at org.springframework.cloud.gateway.handler.FilteringWebHandler$GatewayFilterAdapter.filter(FilteringWebHandler.java:138) ~[spring-cloud-gateway-core-2.2.4.RELEASE.jar:2.2.4.RELEASE]
		at org.springframework.cloud.gateway.filter.OrderedGatewayFilter.filter(OrderedGatewayFilter.java:44) ~[spring-cloud-gateway-core-2.2.4.RELEASE.jar:2.2.4.RELEASE]
		at org.springframework.cloud.gateway.handler.FilteringWebHandler$DefaultGatewayFilterChain.lambda$filter$0(FilteringWebHandler.java:118) ~[spring-cloud-gateway-core-2.2.4.RELEASE.jar:2.2.4.RELEASE]
		at reactor.core.publisher.MonoDefer.subscribe(MonoDefer.java:44) [reactor-core-3.3.8.RELEASE.jar:3.3.8.RELEASE]
		at reactor.core.publisher.InternalMonoOperator.subscribe(InternalMonoOperator.java:64) ~[reactor-core-3.3.8.RELEASE.jar:3.3.8.RELEASE]
		at reactor.core.publisher.MonoDefer.subscribe(MonoDefer.java:52) [reactor-core-3.3.8.RELEASE.jar:3.3.8.RELEASE]
		at reactor.core.publisher.InternalMonoOperator.subscribe(InternalMonoOperator.java:64) ~[reactor-core-3.3.8.RELEASE.jar:3.3.8.RELEASE]
		at reactor.core.publisher.MonoDefer.subscribe(MonoDefer.java:52) [reactor-core-3.3.8.RELEASE.jar:3.3.8.RELEASE]
		at reactor.core.publisher.InternalMonoOperator.subscribe(InternalMonoOperator.java:64) ~[reactor-core-3.3.8.RELEASE.jar:3.3.8.RELEASE]
		at reactor.core.publisher.MonoDefer.subscribe(MonoDefer.java:52) [reactor-core-3.3.8.RELEASE.jar:3.3.8.RELEASE]
		at reactor.core.publisher.Mono.subscribe(Mono.java:4213) ~[reactor-core-3.3.8.RELEASE.jar:3.3.8.RELEASE]
		at reactor.core.publisher.MonoIgnoreThen$ThenIgnoreMain.drain(MonoIgnoreThen.java:172) ~[reactor-core-3.3.8.RELEASE.jar:3.3.8.RELEASE]
		at reactor.core.publisher.MonoIgnoreThen.subscribe(MonoIgnoreThen.java:56) ~[reactor-core-3.3.8.RELEASE.jar:3.3.8.RELEASE]
		at reactor.core.publisher.MonoFlatMap$FlatMapMain.onNext(MonoFlatMap.java:150) ~[reactor-core-3.3.8.RELEASE.jar:3.3.8.RELEASE]
		at reactor.core.publisher.FluxSwitchIfEmpty$SwitchIfEmptySubscriber.onNext(FluxSwitchIfEmpty.java:67) ~[reactor-core-3.3.8.RELEASE.jar:3.3.8.RELEASE]
		at reactor.core.publisher.MonoNext$NextSubscriber.onNext(MonoNext.java:76) ~[reactor-core-3.3.8.RELEASE.jar:3.3.8.RELEASE]
		at reactor.core.publisher.FluxConcatMap$ConcatMapImmediate.innerNext(FluxConcatMap.java:274) ~[reactor-core-3.3.8.RELEASE.jar:3.3.8.RELEASE]
		at reactor.core.publisher.FluxConcatMap$ConcatMapInner.onNext(FluxConcatMap.java:851) ~[reactor-core-3.3.8.RELEASE.jar:3.3.8.RELEASE]
		at reactor.core.publisher.FluxMap$MapSubscriber.onNext(FluxMap.java:114) ~[reactor-core-3.3.8.RELEASE.jar:3.3.8.RELEASE]
		at reactor.core.publisher.FluxSwitchIfEmpty$SwitchIfEmptySubscriber.onNext(FluxSwitchIfEmpty.java:67) ~[reactor-core-3.3.8.RELEASE.jar:3.3.8.RELEASE]
		at reactor.core.publisher.Operators$MonoSubscriber.complete(Operators.java:1782) ~[reactor-core-3.3.8.RELEASE.jar:3.3.8.RELEASE]
		at reactor.core.publisher.MonoFlatMap$FlatMapMain.onNext(MonoFlatMap.java:144) ~[reactor-core-3.3.8.RELEASE.jar:3.3.8.RELEASE]
		at reactor.core.publisher.FluxMap$MapSubscriber.onNext(FluxMap.java:114) ~[reactor-core-3.3.8.RELEASE.jar:3.3.8.RELEASE]
		at reactor.core.publisher.MonoNext$NextSubscriber.onNext(MonoNext.java:76) ~[reactor-core-3.3.8.RELEASE.jar:3.3.8.RELEASE]
		at reactor.core.publisher.FluxConcatMap$ConcatMapImmediate.innerNext(FluxConcatMap.java:274) ~[reactor-core-3.3.8.RELEASE.jar:3.3.8.RELEASE]
		at reactor.core.publisher.FluxConcatMap$ConcatMapInner.onNext(FluxConcatMap.java:851) ~[reactor-core-3.3.8.RELEASE.jar:3.3.8.RELEASE]
		at reactor.core.publisher.FluxOnErrorResume$ResumeSubscriber.onNext(FluxOnErrorResume.java:73) ~[reactor-core-3.3.8.RELEASE.jar:3.3.8.RELEASE]
		at reactor.core.publisher.MonoPeekTerminal$MonoTerminalPeekSubscriber.onNext(MonoPeekTerminal.java:173) ~[reactor-core-3.3.8.RELEASE.jar:3.3.8.RELEASE]
		at reactor.core.publisher.Operators$MonoSubscriber.complete(Operators.java:1782) ~[reactor-core-3.3.8.RELEASE.jar:3.3.8.RELEASE]
		at reactor.core.publisher.MonoFilterWhen$MonoFilterWhenMain.onNext(MonoFilterWhen.java:140) ~[reactor-core-3.3.8.RELEASE.jar:3.3.8.RELEASE]
		at reactor.core.publisher.Operators$ScalarSubscription.request(Operators.java:2344) ~[reactor-core-3.3.8.RELEASE.jar:3.3.8.RELEASE]
		at reactor.core.publisher.MonoFilterWhen$MonoFilterWhenMain.onSubscribe(MonoFilterWhen.java:103) ~[reactor-core-3.3.8.RELEASE.jar:3.3.8.RELEASE]
		at reactor.core.publisher.MonoJust.subscribe(MonoJust.java:54) ~[reactor-core-3.3.8.RELEASE.jar:3.3.8.RELEASE]
		at reactor.core.publisher.Mono.subscribe(Mono.java:4213) ~[reactor-core-3.3.8.RELEASE.jar:3.3.8.RELEASE]
		at reactor.core.publisher.FluxConcatMap$ConcatMapImmediate.drain(FluxConcatMap.java:441) ~[reactor-core-3.3.8.RELEASE.jar:3.3.8.RELEASE]
		at reactor.core.publisher.FluxConcatMap$ConcatMapImmediate.onNext(FluxConcatMap.java:243) ~[reactor-core-3.3.8.RELEASE.jar:3.3.8.RELEASE]
		at reactor.core.publisher.FluxDematerialize$DematerializeSubscriber.onNext(FluxDematerialize.java:91) ~[reactor-core-3.3.8.RELEASE.jar:3.3.8.RELEASE]
		at reactor.core.publisher.FluxDematerialize$DematerializeSubscriber.onNext(FluxDematerialize.java:38) ~[reactor-core-3.3.8.RELEASE.jar:3.3.8.RELEASE]
		at reactor.core.publisher.FluxIterable$IterableSubscription.slowPath(FluxIterable.java:267) ~[reactor-core-3.3.8.RELEASE.jar:3.3.8.RELEASE]
		at reactor.core.publisher.FluxIterable$IterableSubscription.request(FluxIterable.java:225) ~[reactor-core-3.3.8.RELEASE.jar:3.3.8.RELEASE]
		at reactor.core.publisher.FluxDematerialize$DematerializeSubscriber.request(FluxDematerialize.java:120) ~[reactor-core-3.3.8.RELEASE.jar:3.3.8.RELEASE]
		at reactor.core.publisher.FluxConcatMap$ConcatMapImmediate.onSubscribe(FluxConcatMap.java:228) ~[reactor-core-3.3.8.RELEASE.jar:3.3.8.RELEASE]
		at reactor.core.publisher.FluxDematerialize$DematerializeSubscriber.onSubscribe(FluxDematerialize.java:70) ~[reactor-core-3.3.8.RELEASE.jar:3.3.8.RELEASE]
		at reactor.core.publisher.FluxIterable.subscribe(FluxIterable.java:161) ~[reactor-core-3.3.8.RELEASE.jar:3.3.8.RELEASE]
		at reactor.core.publisher.FluxIterable.subscribe(FluxIterable.java:86) ~[reactor-core-3.3.8.RELEASE.jar:3.3.8.RELEASE]
		at reactor.core.publisher.InternalFluxOperator.subscribe(InternalFluxOperator.java:62) ~[reactor-core-3.3.8.RELEASE.jar:3.3.8.RELEASE]
		at reactor.core.publisher.FluxDefer.subscribe(FluxDefer.java:54) ~[reactor-core-3.3.8.RELEASE.jar:3.3.8.RELEASE]
		at reactor.core.publisher.Mono.subscribe(Mono.java:4213) ~[reactor-core-3.3.8.RELEASE.jar:3.3.8.RELEASE]
		at reactor.core.publisher.FluxConcatMap$ConcatMapImmediate.drain(FluxConcatMap.java:441) ~[reactor-core-3.3.8.RELEASE.jar:3.3.8.RELEASE]
		at reactor.core.publisher.FluxConcatMap$ConcatMapImmediate.onSubscribe(FluxConcatMap.java:211) ~[reactor-core-3.3.8.RELEASE.jar:3.3.8.RELEASE]
		at reactor.core.publisher.FluxIterable.subscribe(FluxIterable.java:161) ~[reactor-core-3.3.8.RELEASE.jar:3.3.8.RELEASE]
		at reactor.core.publisher.FluxIterable.subscribe(FluxIterable.java:86) ~[reactor-core-3.3.8.RELEASE.jar:3.3.8.RELEASE]
		at reactor.core.publisher.InternalMonoOperator.subscribe(InternalMonoOperator.java:64) ~[reactor-core-3.3.8.RELEASE.jar:3.3.8.RELEASE]
		at reactor.core.publisher.MonoDefer.subscribe(MonoDefer.java:52) [reactor-core-3.3.8.RELEASE.jar:3.3.8.RELEASE]
		at reactor.core.publisher.InternalMonoOperator.subscribe(InternalMonoOperator.java:64) ~[reactor-core-3.3.8.RELEASE.jar:3.3.8.RELEASE]
		at reactor.core.publisher.MonoDefer.subscribe(MonoDefer.java:52) [reactor-core-3.3.8.RELEASE.jar:3.3.8.RELEASE]
		at reactor.core.publisher.InternalMonoOperator.subscribe(InternalMonoOperator.java:64) ~[reactor-core-3.3.8.RELEASE.jar:3.3.8.RELEASE]
		at reactor.core.publisher.MonoDefer.subscribe(MonoDefer.java:52) [reactor-core-3.3.8.RELEASE.jar:3.3.8.RELEASE]
		at reactor.core.publisher.InternalMonoOperator.subscribe(InternalMonoOperator.java:64) ~[reactor-core-3.3.8.RELEASE.jar:3.3.8.RELEASE]
		at reactor.core.publisher.MonoDefer.subscribe(MonoDefer.java:52) [reactor-core-3.3.8.RELEASE.jar:3.3.8.RELEASE]
		at reactor.core.publisher.Mono.subscribe(Mono.java:4213) ~[reactor-core-3.3.8.RELEASE.jar:3.3.8.RELEASE]
		at reactor.core.publisher.MonoIgnoreThen$ThenIgnoreMain.drain(MonoIgnoreThen.java:172) ~[reactor-core-3.3.8.RELEASE.jar:3.3.8.RELEASE]
		at reactor.core.publisher.MonoIgnoreThen.subscribe(MonoIgnoreThen.java:56) ~[reactor-core-3.3.8.RELEASE.jar:3.3.8.RELEASE]
		at reactor.core.publisher.Mono.subscribe(Mono.java:4213) ~[reactor-core-3.3.8.RELEASE.jar:3.3.8.RELEASE]
		at org.springframework.http.server.reactive.ServletHttpHandlerAdapter.service(ServletHttpHandlerAdapter.java:192) ~[spring-web-5.2.8.RELEASE.jar:5.2.8.RELEASE]
		at org.eclipse.jetty.servlet.ServletHolder.handle(ServletHolder.java:763) ~[jetty-servlet-9.4.30.v20200611.jar:9.4.30.v20200611]
		at org.eclipse.jetty.servlet.ServletHandler.doHandle(ServletHandler.java:551) ~[jetty-servlet-9.4.30.v20200611.jar:9.4.30.v20200611]
		at org.eclipse.jetty.server.handler.ScopedHandler.nextHandle(ScopedHandler.java:233) ~[jetty-server-9.4.30.v20200611.jar:9.4.30.v20200611]
		at org.eclipse.jetty.server.handler.ContextHandler.doHandle(ContextHandler.java:1369) ~[jetty-server-9.4.30.v20200611.jar:9.4.30.v20200611]
		at org.eclipse.jetty.server.handler.ScopedHandler.nextScope(ScopedHandler.java:188) ~[jetty-server-9.4.30.v20200611.jar:9.4.30.v20200611]
		at org.eclipse.jetty.servlet.ServletHandler.doScope(ServletHandler.java:489) ~[jetty-servlet-9.4.30.v20200611.jar:9.4.30.v20200611]
		at org.eclipse.jetty.server.handler.ScopedHandler.nextScope(ScopedHandler.java:186) ~[jetty-server-9.4.30.v20200611.jar:9.4.30.v20200611]
		at org.eclipse.jetty.server.handler.ContextHandler.doScope(ContextHandler.java:1284) ~[jetty-server-9.4.30.v20200611.jar:9.4.30.v20200611]
		at org.eclipse.jetty.server.handler.ScopedHandler.handle(ScopedHandler.java:141) ~[jetty-server-9.4.30.v20200611.jar:9.4.30.v20200611]
		at org.eclipse.jetty.server.handler.HandlerWrapper.handle(HandlerWrapper.java:127) ~[jetty-server-9.4.30.v20200611.jar:9.4.30.v20200611]
		at org.eclipse.jetty.server.Server.handle(Server.java:501) ~[jetty-server-9.4.30.v20200611.jar:9.4.30.v20200611]
		at org.eclipse.jetty.server.HttpChannel.lambda$handle$1(HttpChannel.java:383) ~[jetty-server-9.4.30.v20200611.jar:9.4.30.v20200611]
		at org.eclipse.jetty.server.HttpChannel.dispatch(HttpChannel.java:556) ~[jetty-server-9.4.30.v20200611.jar:9.4.30.v20200611]
		at org.eclipse.jetty.server.HttpChannel.handle(HttpChannel.java:375) ~[jetty-server-9.4.30.v20200611.jar:9.4.30.v20200611]
		at org.eclipse.jetty.server.HttpConnection.onFillable(HttpConnection.java:272) ~[jetty-server-9.4.30.v20200611.jar:9.4.30.v20200611]
		at org.eclipse.jetty.io.AbstractConnection$ReadCallback.succeeded(AbstractConnection.java:311) ~[jetty-io-9.4.30.v20200611.jar:9.4.30.v20200611]
		at org.eclipse.jetty.io.FillInterest.fillable(FillInterest.java:103) ~[jetty-io-9.4.30.v20200611.jar:9.4.30.v20200611]
		at org.eclipse.jetty.io.ChannelEndPoint$1.run(ChannelEndPoint.java:104) ~[jetty-io-9.4.30.v20200611.jar:9.4.30.v20200611]
		at org.eclipse.jetty.util.thread.strategy.EatWhatYouKill.runTask(EatWhatYouKill.java:336) ~[jetty-util-9.4.30.v20200611.jar:9.4.30.v20200611]
		at org.eclipse.jetty.util.thread.strategy.EatWhatYouKill.doProduce(EatWhatYouKill.java:313) ~[jetty-util-9.4.30.v20200611.jar:9.4.30.v20200611]
		at org.eclipse.jetty.util.thread.strategy.EatWhatYouKill.tryProduce(EatWhatYouKill.java:171) ~[jetty-util-9.4.30.v20200611.jar:9.4.30.v20200611]
		at org.eclipse.jetty.util.thread.strategy.EatWhatYouKill.produce(EatWhatYouKill.java:135) ~[jetty-util-9.4.30.v20200611.jar:9.4.30.v20200611]
		at org.eclipse.jetty.util.thread.QueuedThreadPool.runJob(QueuedThreadPool.java:806) ~[jetty-util-9.4.30.v20200611.jar:9.4.30.v20200611]
		at org.eclipse.jetty.util.thread.QueuedThreadPool$Runner.run(QueuedThreadPool.java:938) ~[jetty-util-9.4.30.v20200611.jar:9.4.30.v20200611]
		at java.lang.Thread.run(Thread.java:750) ~[na:1.8.0_452]

2025-09-05 15:19:01.555  INFO 3440 --- [           main] o.e.jetty.server.AbstractConnector       : Stopped NetworkTrafficServerConnector@780129bc{HTTP/1.1, (http/1.1)}{0.0.0.0:8081}
2025-09-05 15:19:01.556  INFO 3440 --- [           main] o.e.jetty.server.handler.ContextHandler  : Stopped o.e.j.s.ServletContextHandler@2335aef2{/,null,UNAVAILABLE}
2025-09-05 15:19:01.556  INFO 3440 --- [           main] o.e.jetty.server.handler.ContextHandler  : Stopped o.e.j.s.ServletContextHandler@194037f9{/__admin,null,UNAVAILABLE}
2025-09-05 15:19:01.558  INFO 3440 --- [           main] o.e.jetty.server.AbstractConnector       : Stopped NetworkTrafficServerConnector@ca2cd5e{HTTP/1.1, (http/1.1)}{0.0.0.0:8082}
2025-09-05 15:19:01.558  INFO 3440 --- [           main] o.e.jetty.server.handler.ContextHandler  : Stopped o.e.j.s.ServletContextHandler@14dbfdb1{/,null,UNAVAILABLE}
2025-09-05 15:19:01.558  INFO 3440 --- [           main] o.e.jetty.server.handler.ContextHandler  : Stopped o.e.j.s.ServletContextHandler@a047bdb{/__admin,null,UNAVAILABLE}
]]></system-out>
  </testcase>
  <testcase name="testRequestHeadersAndParametersForwarding" classname="com.example.gateway.EndToEndIntegrationTest" time="0.07">
    <failure message="expected: &lt;200 OK&gt; but was: &lt;500 INTERNAL_SERVER_ERROR&gt;" type="org.opentest4j.AssertionFailedError"><![CDATA[org.opentest4j.AssertionFailedError: expected: <200 OK> but was: <500 INTERNAL_SERVER_ERROR>
	at org.junit.jupiter.api.AssertionUtils.fail(AssertionUtils.java:55)
	at org.junit.jupiter.api.AssertionUtils.failNotEqual(AssertionUtils.java:62)
	at org.junit.jupiter.api.AssertEquals.assertEquals(AssertEquals.java:182)
	at org.junit.jupiter.api.AssertEquals.assertEquals(AssertEquals.java:177)
	at org.junit.jupiter.api.Assertions.assertEquals(Assertions.java:1124)
	at com.example.gateway.EndToEndIntegrationTest.testRequestHeadersAndParametersForwarding(EndToEndIntegrationTest.java:230)
	at sun.reflect.NativeMethodAccessorImpl.invoke0(Native Method)
	at sun.reflect.NativeMethodAccessorImpl.invoke(NativeMethodAccessorImpl.java:62)
	at sun.reflect.DelegatingMethodAccessorImpl.invoke(DelegatingMethodAccessorImpl.java:43)
	at java.lang.reflect.Method.invoke(Method.java:498)
	at org.junit.platform.commons.util.ReflectionUtils.invokeMethod(ReflectionUtils.java:686)
	at org.junit.jupiter.engine.execution.MethodInvocation.proceed(MethodInvocation.java:60)
	at org.junit.jupiter.engine.execution.InvocationInterceptorChain$ValidatingInvocation.proceed(InvocationInterceptorChain.java:131)
	at org.junit.jupiter.engine.extension.TimeoutExtension.intercept(TimeoutExtension.java:149)
	at org.junit.jupiter.engine.extension.TimeoutExtension.interceptTestableMethod(TimeoutExtension.java:140)
	at org.junit.jupiter.engine.extension.TimeoutExtension.interceptTestMethod(TimeoutExtension.java:84)
	at org.junit.jupiter.engine.execution.ExecutableInvoker$ReflectiveInterceptorCall.lambda$ofVoidMethod$0(ExecutableInvoker.java:115)
	at org.junit.jupiter.engine.execution.ExecutableInvoker.lambda$invoke$0(ExecutableInvoker.java:105)
	at org.junit.jupiter.engine.execution.InvocationInterceptorChain$InterceptedInvocation.proceed(InvocationInterceptorChain.java:106)
	at org.junit.jupiter.engine.execution.InvocationInterceptorChain.proceed(InvocationInterceptorChain.java:64)
	at org.junit.jupiter.engine.execution.InvocationInterceptorChain.chainAndInvoke(InvocationInterceptorChain.java:45)
	at org.junit.jupiter.engine.execution.InvocationInterceptorChain.invoke(InvocationInterceptorChain.java:37)
	at org.junit.jupiter.engine.execution.ExecutableInvoker.invoke(ExecutableInvoker.java:104)
	at org.junit.jupiter.engine.execution.ExecutableInvoker.invoke(ExecutableInvoker.java:98)
	at org.junit.jupiter.engine.descriptor.TestMethodTestDescriptor.lambda$invokeTestMethod$6(TestMethodTestDescriptor.java:212)
	at org.junit.platform.engine.support.hierarchical.ThrowableCollector.execute(ThrowableCollector.java:73)
	at org.junit.jupiter.engine.descriptor.TestMethodTestDescriptor.invokeTestMethod(TestMethodTestDescriptor.java:208)
	at org.junit.jupiter.engine.descriptor.TestMethodTestDescriptor.execute(TestMethodTestDescriptor.java:137)
	at org.junit.jupiter.engine.descriptor.TestMethodTestDescriptor.execute(TestMethodTestDescriptor.java:71)
	at org.junit.platform.engine.support.hierarchical.NodeTestTask.lambda$executeRecursively$5(NodeTestTask.java:135)
	at org.junit.platform.engine.support.hierarchical.ThrowableCollector.execute(ThrowableCollector.java:73)
	at org.junit.platform.engine.support.hierarchical.NodeTestTask.lambda$executeRecursively$7(NodeTestTask.java:125)
	at org.junit.platform.engine.support.hierarchical.Node.around(Node.java:135)
	at org.junit.platform.engine.support.hierarchical.NodeTestTask.lambda$executeRecursively$8(NodeTestTask.java:123)
	at org.junit.platform.engine.support.hierarchical.ThrowableCollector.execute(ThrowableCollector.java:73)
	at org.junit.platform.engine.support.hierarchical.NodeTestTask.executeRecursively(NodeTestTask.java:122)
	at org.junit.platform.engine.support.hierarchical.NodeTestTask.execute(NodeTestTask.java:80)
	at java.util.ArrayList.forEach(ArrayList.java:1259)
	at org.junit.platform.engine.support.hierarchical.SameThreadHierarchicalTestExecutorService.invokeAll(SameThreadHierarchicalTestExecutorService.java:38)
	at org.junit.platform.engine.support.hierarchical.NodeTestTask.lambda$executeRecursively$5(NodeTestTask.java:139)
	at org.junit.platform.engine.support.hierarchical.ThrowableCollector.execute(ThrowableCollector.java:73)
	at org.junit.platform.engine.support.hierarchical.NodeTestTask.lambda$executeRecursively$7(NodeTestTask.java:125)
	at org.junit.platform.engine.support.hierarchical.Node.around(Node.java:135)
	at org.junit.platform.engine.support.hierarchical.NodeTestTask.lambda$executeRecursively$8(NodeTestTask.java:123)
	at org.junit.platform.engine.support.hierarchical.ThrowableCollector.execute(ThrowableCollector.java:73)
	at org.junit.platform.engine.support.hierarchical.NodeTestTask.executeRecursively(NodeTestTask.java:122)
	at org.junit.platform.engine.support.hierarchical.NodeTestTask.execute(NodeTestTask.java:80)
	at java.util.ArrayList.forEach(ArrayList.java:1259)
	at org.junit.platform.engine.support.hierarchical.SameThreadHierarchicalTestExecutorService.invokeAll(SameThreadHierarchicalTestExecutorService.java:38)
	at org.junit.platform.engine.support.hierarchical.NodeTestTask.lambda$executeRecursively$5(NodeTestTask.java:139)
	at org.junit.platform.engine.support.hierarchical.ThrowableCollector.execute(ThrowableCollector.java:73)
	at org.junit.platform.engine.support.hierarchical.NodeTestTask.lambda$executeRecursively$7(NodeTestTask.java:125)
	at org.junit.platform.engine.support.hierarchical.Node.around(Node.java:135)
	at org.junit.platform.engine.support.hierarchical.NodeTestTask.lambda$executeRecursively$8(NodeTestTask.java:123)
	at org.junit.platform.engine.support.hierarchical.ThrowableCollector.execute(ThrowableCollector.java:73)
	at org.junit.platform.engine.support.hierarchical.NodeTestTask.executeRecursively(NodeTestTask.java:122)
	at org.junit.platform.engine.support.hierarchical.NodeTestTask.execute(NodeTestTask.java:80)
	at org.junit.platform.engine.support.hierarchical.SameThreadHierarchicalTestExecutorService.submit(SameThreadHierarchicalTestExecutorService.java:32)
	at org.junit.platform.engine.support.hierarchical.HierarchicalTestExecutor.execute(HierarchicalTestExecutor.java:57)
	at org.junit.platform.engine.support.hierarchical.HierarchicalTestEngine.execute(HierarchicalTestEngine.java:51)
	at org.junit.platform.launcher.core.DefaultLauncher.execute(DefaultLauncher.java:248)
	at org.junit.platform.launcher.core.DefaultLauncher.lambda$execute$5(DefaultLauncher.java:211)
	at org.junit.platform.launcher.core.DefaultLauncher.withInterceptedStreams(DefaultLauncher.java:226)
	at org.junit.platform.launcher.core.DefaultLauncher.execute(DefaultLauncher.java:199)
	at org.junit.platform.launcher.core.DefaultLauncher.execute(DefaultLauncher.java:132)
	at org.apache.maven.surefire.junitplatform.LazyLauncher.execute(LazyLauncher.java:56)
	at org.apache.maven.surefire.junitplatform.JUnitPlatformProvider.execute(JUnitPlatformProvider.java:184)
	at org.apache.maven.surefire.junitplatform.JUnitPlatformProvider.invokeAllTests(JUnitPlatformProvider.java:148)
	at org.apache.maven.surefire.junitplatform.JUnitPlatformProvider.invoke(JUnitPlatformProvider.java:122)
	at org.apache.maven.surefire.booter.ForkedBooter.runSuitesInProcess(ForkedBooter.java:385)
	at org.apache.maven.surefire.booter.ForkedBooter.execute(ForkedBooter.java:162)
	at org.apache.maven.surefire.booter.ForkedBooter.run(ForkedBooter.java:507)
	at org.apache.maven.surefire.booter.ForkedBooter.main(ForkedBooter.java:495)
]]></failure>
    <system-out><![CDATA[2025-09-05 15:19:01.601  INFO 3440 --- [           main] org.eclipse.jetty.server.Server          : jetty-9.4.30.v20200611; built: 2020-06-11T12:34:51.929Z; git: 271836e4c1f4612f12b7bb13ef5a92a927634b0d; jvm 1.8.0_452-b09
2025-09-05 15:19:01.605  INFO 3440 --- [           main] o.e.jetty.server.handler.ContextHandler  : Started o.e.j.s.ServletContextHandler@cf9bd1e{/__admin,null,AVAILABLE}
2025-09-05 15:19:01.606  INFO 3440 --- [           main] o.e.jetty.server.handler.ContextHandler  : Started o.e.j.s.ServletContextHandler@39acd1f1{/,null,AVAILABLE}
2025-09-05 15:19:01.609  INFO 3440 --- [           main] o.e.jetty.server.AbstractConnector       : Started NetworkTrafficServerConnector@4e7eba9f{HTTP/1.1, (http/1.1)}{0.0.0.0:8081}
2025-09-05 15:19:01.609  INFO 3440 --- [           main] org.eclipse.jetty.server.Server          : Started @7907ms
2025-09-05 15:19:01.609  INFO 3440 --- [           main] org.eclipse.jetty.server.Server          : jetty-9.4.30.v20200611; built: 2020-06-11T12:34:51.929Z; git: 271836e4c1f4612f12b7bb13ef5a92a927634b0d; jvm 1.8.0_452-b09
2025-09-05 15:19:01.610  INFO 3440 --- [           main] o.e.jetty.server.handler.ContextHandler  : Started o.e.j.s.ServletContextHandler@f1d1463{/__admin,null,AVAILABLE}
2025-09-05 15:19:01.610  INFO 3440 --- [           main] o.e.jetty.server.handler.ContextHandler  : Started o.e.j.s.ServletContextHandler@47ef5a33{/,null,AVAILABLE}
2025-09-05 15:19:01.616  INFO 3440 --- [           main] o.e.jetty.server.AbstractConnector       : Started NetworkTrafficServerConnector@5d5574c7{HTTP/1.1, (http/1.1)}{0.0.0.0:8082}
2025-09-05 15:19:01.617  INFO 3440 --- [           main] org.eclipse.jetty.server.Server          : Started @7915ms
2025-09-05 15:19:01.640  INFO 3440 --- [tp@6daf7d37-136] c.e.gateway.filter.RequestLoggingFilter  : Request: POST /user/info
2025-09-05 15:19:01.641 ERROR 3440 --- [tp@6daf7d37-136] c.e.gateway.filter.RequestLoggingFilter  : Request failed: /user/info after 0ms - org.springframework.core.io.buffer.DefaultDataBufferFactory cannot be cast to org.springframework.core.io.buffer.NettyDataBufferFactory
2025-09-05 15:19:01.643 ERROR 3440 --- [tp@6daf7d37-136] a.w.r.e.AbstractErrorWebExceptionHandler : [7f728fb]  500 Server Error for HTTP POST "/user/info?userId=123&includeDetails=true"

java.lang.ClassCastException: org.springframework.core.io.buffer.DefaultDataBufferFactory cannot be cast to org.springframework.core.io.buffer.NettyDataBufferFactory
	at org.springframework.cloud.gateway.support.ServerWebExchangeUtils.cacheRequestBody(ServerWebExchangeUtils.java:362) ~[spring-cloud-gateway-core-2.2.4.RELEASE.jar:2.2.4.RELEASE]
	Suppressed: reactor.core.publisher.FluxOnAssembly$OnAssemblyException: 
Error has been observed at the following site(s):
	|_ checkpoint ⇢ org.springframework.cloud.gateway.filter.WeightCalculatorWebFilter [DefaultWebFilterChain]
	|_ checkpoint ⇢ org.springframework.boot.actuate.metrics.web.reactive.server.MetricsWebFilter [DefaultWebFilterChain]
	|_ checkpoint ⇢ HTTP POST "/user/info?userId=123&includeDetails=true" [ExceptionHandlingWebHandler]
Stack trace:
		at org.springframework.cloud.gateway.support.ServerWebExchangeUtils.cacheRequestBody(ServerWebExchangeUtils.java:362) ~[spring-cloud-gateway-core-2.2.4.RELEASE.jar:2.2.4.RELEASE]
		at org.springframework.cloud.gateway.support.ServerWebExchangeUtils.cacheRequestBody(ServerWebExchangeUtils.java:340) ~[spring-cloud-gateway-core-2.2.4.RELEASE.jar:2.2.4.RELEASE]
		at org.springframework.cloud.gateway.filter.AdaptCachedBodyGlobalFilter.filter(AdaptCachedBodyGlobalFilter.java:73) ~[spring-cloud-gateway-core-2.2.4.RELEASE.jar:2.2.4.RELEASE]
		at org.springframework.cloud.gateway.handler.FilteringWebHandler$GatewayFilterAdapter.filter(FilteringWebHandler.java:138) ~[spring-cloud-gateway-core-2.2.4.RELEASE.jar:2.2.4.RELEASE]
		at org.springframework.cloud.gateway.filter.OrderedGatewayFilter.filter(OrderedGatewayFilter.java:44) ~[spring-cloud-gateway-core-2.2.4.RELEASE.jar:2.2.4.RELEASE]
		at org.springframework.cloud.gateway.handler.FilteringWebHandler$DefaultGatewayFilterChain.lambda$filter$0(FilteringWebHandler.java:118) ~[spring-cloud-gateway-core-2.2.4.RELEASE.jar:2.2.4.RELEASE]
		at reactor.core.publisher.MonoDefer.subscribe(MonoDefer.java:44) [reactor-core-3.3.8.RELEASE.jar:3.3.8.RELEASE]
		at reactor.core.publisher.InternalMonoOperator.subscribe(InternalMonoOperator.java:64) ~[reactor-core-3.3.8.RELEASE.jar:3.3.8.RELEASE]
		at reactor.core.publisher.MonoDefer.subscribe(MonoDefer.java:52) [reactor-core-3.3.8.RELEASE.jar:3.3.8.RELEASE]
		at reactor.core.publisher.InternalMonoOperator.subscribe(InternalMonoOperator.java:64) ~[reactor-core-3.3.8.RELEASE.jar:3.3.8.RELEASE]
		at reactor.core.publisher.MonoDefer.subscribe(MonoDefer.java:52) [reactor-core-3.3.8.RELEASE.jar:3.3.8.RELEASE]
		at reactor.core.publisher.InternalMonoOperator.subscribe(InternalMonoOperator.java:64) ~[reactor-core-3.3.8.RELEASE.jar:3.3.8.RELEASE]
		at reactor.core.publisher.MonoDefer.subscribe(MonoDefer.java:52) [reactor-core-3.3.8.RELEASE.jar:3.3.8.RELEASE]
		at reactor.core.publisher.Mono.subscribe(Mono.java:4213) ~[reactor-core-3.3.8.RELEASE.jar:3.3.8.RELEASE]
		at reactor.core.publisher.MonoIgnoreThen$ThenIgnoreMain.drain(MonoIgnoreThen.java:172) ~[reactor-core-3.3.8.RELEASE.jar:3.3.8.RELEASE]
		at reactor.core.publisher.MonoIgnoreThen.subscribe(MonoIgnoreThen.java:56) ~[reactor-core-3.3.8.RELEASE.jar:3.3.8.RELEASE]
		at reactor.core.publisher.MonoFlatMap$FlatMapMain.onNext(MonoFlatMap.java:150) ~[reactor-core-3.3.8.RELEASE.jar:3.3.8.RELEASE]
		at reactor.core.publisher.FluxSwitchIfEmpty$SwitchIfEmptySubscriber.onNext(FluxSwitchIfEmpty.java:67) ~[reactor-core-3.3.8.RELEASE.jar:3.3.8.RELEASE]
		at reactor.core.publisher.MonoNext$NextSubscriber.onNext(MonoNext.java:76) ~[reactor-core-3.3.8.RELEASE.jar:3.3.8.RELEASE]
		at reactor.core.publisher.FluxConcatMap$ConcatMapImmediate.innerNext(FluxConcatMap.java:274) ~[reactor-core-3.3.8.RELEASE.jar:3.3.8.RELEASE]
		at reactor.core.publisher.FluxConcatMap$ConcatMapInner.onNext(FluxConcatMap.java:851) ~[reactor-core-3.3.8.RELEASE.jar:3.3.8.RELEASE]
		at reactor.core.publisher.FluxMap$MapSubscriber.onNext(FluxMap.java:114) ~[reactor-core-3.3.8.RELEASE.jar:3.3.8.RELEASE]
		at reactor.core.publisher.FluxSwitchIfEmpty$SwitchIfEmptySubscriber.onNext(FluxSwitchIfEmpty.java:67) ~[reactor-core-3.3.8.RELEASE.jar:3.3.8.RELEASE]
		at reactor.core.publisher.Operators$MonoSubscriber.complete(Operators.java:1782) ~[reactor-core-3.3.8.RELEASE.jar:3.3.8.RELEASE]
		at reactor.core.publisher.MonoFlatMap$FlatMapMain.onNext(MonoFlatMap.java:144) ~[reactor-core-3.3.8.RELEASE.jar:3.3.8.RELEASE]
		at reactor.core.publisher.FluxMap$MapSubscriber.onNext(FluxMap.java:114) ~[reactor-core-3.3.8.RELEASE.jar:3.3.8.RELEASE]
		at reactor.core.publisher.MonoNext$NextSubscriber.onNext(MonoNext.java:76) ~[reactor-core-3.3.8.RELEASE.jar:3.3.8.RELEASE]
		at reactor.core.publisher.FluxConcatMap$ConcatMapImmediate.innerNext(FluxConcatMap.java:274) ~[reactor-core-3.3.8.RELEASE.jar:3.3.8.RELEASE]
		at reactor.core.publisher.FluxConcatMap$ConcatMapInner.onNext(FluxConcatMap.java:851) ~[reactor-core-3.3.8.RELEASE.jar:3.3.8.RELEASE]
		at reactor.core.publisher.FluxOnErrorResume$ResumeSubscriber.onNext(FluxOnErrorResume.java:73) ~[reactor-core-3.3.8.RELEASE.jar:3.3.8.RELEASE]
		at reactor.core.publisher.MonoPeekTerminal$MonoTerminalPeekSubscriber.onNext(MonoPeekTerminal.java:173) ~[reactor-core-3.3.8.RELEASE.jar:3.3.8.RELEASE]
		at reactor.core.publisher.Operators$MonoSubscriber.complete(Operators.java:1782) ~[reactor-core-3.3.8.RELEASE.jar:3.3.8.RELEASE]
		at reactor.core.publisher.MonoFilterWhen$MonoFilterWhenMain.onNext(MonoFilterWhen.java:140) ~[reactor-core-3.3.8.RELEASE.jar:3.3.8.RELEASE]
		at reactor.core.publisher.Operators$ScalarSubscription.request(Operators.java:2344) ~[reactor-core-3.3.8.RELEASE.jar:3.3.8.RELEASE]
		at reactor.core.publisher.MonoFilterWhen$MonoFilterWhenMain.onSubscribe(MonoFilterWhen.java:103) ~[reactor-core-3.3.8.RELEASE.jar:3.3.8.RELEASE]
		at reactor.core.publisher.MonoJust.subscribe(MonoJust.java:54) ~[reactor-core-3.3.8.RELEASE.jar:3.3.8.RELEASE]
		at reactor.core.publisher.Mono.subscribe(Mono.java:4213) ~[reactor-core-3.3.8.RELEASE.jar:3.3.8.RELEASE]
		at reactor.core.publisher.FluxConcatMap$ConcatMapImmediate.drain(FluxConcatMap.java:441) ~[reactor-core-3.3.8.RELEASE.jar:3.3.8.RELEASE]
		at reactor.core.publisher.FluxConcatMap$ConcatMapImmediate.onNext(FluxConcatMap.java:243) ~[reactor-core-3.3.8.RELEASE.jar:3.3.8.RELEASE]
		at reactor.core.publisher.FluxDematerialize$DematerializeSubscriber.onNext(FluxDematerialize.java:91) ~[reactor-core-3.3.8.RELEASE.jar:3.3.8.RELEASE]
		at reactor.core.publisher.FluxDematerialize$DematerializeSubscriber.onNext(FluxDematerialize.java:38) ~[reactor-core-3.3.8.RELEASE.jar:3.3.8.RELEASE]
		at reactor.core.publisher.FluxIterable$IterableSubscription.slowPath(FluxIterable.java:267) ~[reactor-core-3.3.8.RELEASE.jar:3.3.8.RELEASE]
		at reactor.core.publisher.FluxIterable$IterableSubscription.request(FluxIterable.java:225) ~[reactor-core-3.3.8.RELEASE.jar:3.3.8.RELEASE]
		at reactor.core.publisher.FluxDematerialize$DematerializeSubscriber.request(FluxDematerialize.java:120) ~[reactor-core-3.3.8.RELEASE.jar:3.3.8.RELEASE]
		at reactor.core.publisher.FluxConcatMap$ConcatMapImmediate.onSubscribe(FluxConcatMap.java:228) ~[reactor-core-3.3.8.RELEASE.jar:3.3.8.RELEASE]
		at reactor.core.publisher.FluxDematerialize$DematerializeSubscriber.onSubscribe(FluxDematerialize.java:70) ~[reactor-core-3.3.8.RELEASE.jar:3.3.8.RELEASE]
		at reactor.core.publisher.FluxIterable.subscribe(FluxIterable.java:161) ~[reactor-core-3.3.8.RELEASE.jar:3.3.8.RELEASE]
		at reactor.core.publisher.FluxIterable.subscribe(FluxIterable.java:86) ~[reactor-core-3.3.8.RELEASE.jar:3.3.8.RELEASE]
		at reactor.core.publisher.InternalFluxOperator.subscribe(InternalFluxOperator.java:62) ~[reactor-core-3.3.8.RELEASE.jar:3.3.8.RELEASE]
		at reactor.core.publisher.FluxDefer.subscribe(FluxDefer.java:54) ~[reactor-core-3.3.8.RELEASE.jar:3.3.8.RELEASE]
		at reactor.core.publisher.Mono.subscribe(Mono.java:4213) ~[reactor-core-3.3.8.RELEASE.jar:3.3.8.RELEASE]
		at reactor.core.publisher.FluxConcatMap$ConcatMapImmediate.drain(FluxConcatMap.java:441) ~[reactor-core-3.3.8.RELEASE.jar:3.3.8.RELEASE]
		at reactor.core.publisher.FluxConcatMap$ConcatMapImmediate.onSubscribe(FluxConcatMap.java:211) ~[reactor-core-3.3.8.RELEASE.jar:3.3.8.RELEASE]
		at reactor.core.publisher.FluxIterable.subscribe(FluxIterable.java:161) ~[reactor-core-3.3.8.RELEASE.jar:3.3.8.RELEASE]
		at reactor.core.publisher.FluxIterable.subscribe(FluxIterable.java:86) ~[reactor-core-3.3.8.RELEASE.jar:3.3.8.RELEASE]
		at reactor.core.publisher.InternalMonoOperator.subscribe(InternalMonoOperator.java:64) ~[reactor-core-3.3.8.RELEASE.jar:3.3.8.RELEASE]
		at reactor.core.publisher.MonoDefer.subscribe(MonoDefer.java:52) [reactor-core-3.3.8.RELEASE.jar:3.3.8.RELEASE]
		at reactor.core.publisher.InternalMonoOperator.subscribe(InternalMonoOperator.java:64) ~[reactor-core-3.3.8.RELEASE.jar:3.3.8.RELEASE]
		at reactor.core.publisher.MonoDefer.subscribe(MonoDefer.java:52) [reactor-core-3.3.8.RELEASE.jar:3.3.8.RELEASE]
		at reactor.core.publisher.InternalMonoOperator.subscribe(InternalMonoOperator.java:64) ~[reactor-core-3.3.8.RELEASE.jar:3.3.8.RELEASE]
		at reactor.core.publisher.MonoDefer.subscribe(MonoDefer.java:52) [reactor-core-3.3.8.RELEASE.jar:3.3.8.RELEASE]
		at reactor.core.publisher.InternalMonoOperator.subscribe(InternalMonoOperator.java:64) ~[reactor-core-3.3.8.RELEASE.jar:3.3.8.RELEASE]
		at reactor.core.publisher.MonoDefer.subscribe(MonoDefer.java:52) [reactor-core-3.3.8.RELEASE.jar:3.3.8.RELEASE]
		at reactor.core.publisher.Mono.subscribe(Mono.java:4213) ~[reactor-core-3.3.8.RELEASE.jar:3.3.8.RELEASE]
		at reactor.core.publisher.MonoIgnoreThen$ThenIgnoreMain.drain(MonoIgnoreThen.java:172) ~[reactor-core-3.3.8.RELEASE.jar:3.3.8.RELEASE]
		at reactor.core.publisher.MonoIgnoreThen.subscribe(MonoIgnoreThen.java:56) ~[reactor-core-3.3.8.RELEASE.jar:3.3.8.RELEASE]
		at reactor.core.publisher.Mono.subscribe(Mono.java:4213) ~[reactor-core-3.3.8.RELEASE.jar:3.3.8.RELEASE]
		at org.springframework.http.server.reactive.ServletHttpHandlerAdapter.service(ServletHttpHandlerAdapter.java:192) ~[spring-web-5.2.8.RELEASE.jar:5.2.8.RELEASE]
		at org.eclipse.jetty.servlet.ServletHolder.handle(ServletHolder.java:763) ~[jetty-servlet-9.4.30.v20200611.jar:9.4.30.v20200611]
		at org.eclipse.jetty.servlet.ServletHandler.doHandle(ServletHandler.java:551) ~[jetty-servlet-9.4.30.v20200611.jar:9.4.30.v20200611]
		at org.eclipse.jetty.server.handler.ScopedHandler.nextHandle(ScopedHandler.java:233) ~[jetty-server-9.4.30.v20200611.jar:9.4.30.v20200611]
		at org.eclipse.jetty.server.handler.ContextHandler.doHandle(ContextHandler.java:1369) ~[jetty-server-9.4.30.v20200611.jar:9.4.30.v20200611]
		at org.eclipse.jetty.server.handler.ScopedHandler.nextScope(ScopedHandler.java:188) ~[jetty-server-9.4.30.v20200611.jar:9.4.30.v20200611]
		at org.eclipse.jetty.servlet.ServletHandler.doScope(ServletHandler.java:489) ~[jetty-servlet-9.4.30.v20200611.jar:9.4.30.v20200611]
		at org.eclipse.jetty.server.handler.ScopedHandler.nextScope(ScopedHandler.java:186) ~[jetty-server-9.4.30.v20200611.jar:9.4.30.v20200611]
		at org.eclipse.jetty.server.handler.ContextHandler.doScope(ContextHandler.java:1284) ~[jetty-server-9.4.30.v20200611.jar:9.4.30.v20200611]
		at org.eclipse.jetty.server.handler.ScopedHandler.handle(ScopedHandler.java:141) ~[jetty-server-9.4.30.v20200611.jar:9.4.30.v20200611]
		at org.eclipse.jetty.server.handler.HandlerWrapper.handle(HandlerWrapper.java:127) ~[jetty-server-9.4.30.v20200611.jar:9.4.30.v20200611]
		at org.eclipse.jetty.server.Server.handle(Server.java:501) ~[jetty-server-9.4.30.v20200611.jar:9.4.30.v20200611]
		at org.eclipse.jetty.server.HttpChannel.lambda$handle$1(HttpChannel.java:383) ~[jetty-server-9.4.30.v20200611.jar:9.4.30.v20200611]
		at org.eclipse.jetty.server.HttpChannel.dispatch(HttpChannel.java:556) ~[jetty-server-9.4.30.v20200611.jar:9.4.30.v20200611]
		at org.eclipse.jetty.server.HttpChannel.handle(HttpChannel.java:375) ~[jetty-server-9.4.30.v20200611.jar:9.4.30.v20200611]
		at org.eclipse.jetty.server.HttpConnection.onFillable(HttpConnection.java:272) ~[jetty-server-9.4.30.v20200611.jar:9.4.30.v20200611]
		at org.eclipse.jetty.io.AbstractConnection$ReadCallback.succeeded(AbstractConnection.java:311) ~[jetty-io-9.4.30.v20200611.jar:9.4.30.v20200611]
		at org.eclipse.jetty.io.FillInterest.fillable(FillInterest.java:103) ~[jetty-io-9.4.30.v20200611.jar:9.4.30.v20200611]
		at org.eclipse.jetty.io.ChannelEndPoint$1.run(ChannelEndPoint.java:104) ~[jetty-io-9.4.30.v20200611.jar:9.4.30.v20200611]
		at org.eclipse.jetty.util.thread.strategy.EatWhatYouKill.runTask(EatWhatYouKill.java:336) ~[jetty-util-9.4.30.v20200611.jar:9.4.30.v20200611]
		at org.eclipse.jetty.util.thread.strategy.EatWhatYouKill.doProduce(EatWhatYouKill.java:313) ~[jetty-util-9.4.30.v20200611.jar:9.4.30.v20200611]
		at org.eclipse.jetty.util.thread.strategy.EatWhatYouKill.tryProduce(EatWhatYouKill.java:171) ~[jetty-util-9.4.30.v20200611.jar:9.4.30.v20200611]
		at org.eclipse.jetty.util.thread.strategy.EatWhatYouKill.run(EatWhatYouKill.java:129) ~[jetty-util-9.4.30.v20200611.jar:9.4.30.v20200611]
		at org.eclipse.jetty.util.thread.ReservedThreadExecutor$ReservedThread.run(ReservedThreadExecutor.java:375) ~[jetty-util-9.4.30.v20200611.jar:9.4.30.v20200611]
		at org.eclipse.jetty.util.thread.QueuedThreadPool.runJob(QueuedThreadPool.java:806) ~[jetty-util-9.4.30.v20200611.jar:9.4.30.v20200611]
		at org.eclipse.jetty.util.thread.QueuedThreadPool$Runner.run(QueuedThreadPool.java:938) ~[jetty-util-9.4.30.v20200611.jar:9.4.30.v20200611]
		at java.lang.Thread.run(Thread.java:750) ~[na:1.8.0_452]

2025-09-05 15:19:01.648  INFO 3440 --- [           main] o.e.jetty.server.AbstractConnector       : Stopped NetworkTrafficServerConnector@4e7eba9f{HTTP/1.1, (http/1.1)}{0.0.0.0:8081}
2025-09-05 15:19:01.648  INFO 3440 --- [           main] o.e.jetty.server.handler.ContextHandler  : Stopped o.e.j.s.ServletContextHandler@39acd1f1{/,null,UNAVAILABLE}
2025-09-05 15:19:01.648  INFO 3440 --- [           main] o.e.jetty.server.handler.ContextHandler  : Stopped o.e.j.s.ServletContextHandler@cf9bd1e{/__admin,null,UNAVAILABLE}
2025-09-05 15:19:01.649  INFO 3440 --- [           main] o.e.jetty.server.AbstractConnector       : Stopped NetworkTrafficServerConnector@5d5574c7{HTTP/1.1, (http/1.1)}{0.0.0.0:8082}
2025-09-05 15:19:01.649  INFO 3440 --- [           main] o.e.jetty.server.handler.ContextHandler  : Stopped o.e.j.s.ServletContextHandler@47ef5a33{/,null,UNAVAILABLE}
2025-09-05 15:19:01.650  INFO 3440 --- [           main] o.e.jetty.server.handler.ContextHandler  : Stopped o.e.j.s.ServletContextHandler@f1d1463{/__admin,null,UNAVAILABLE}
]]></system-out>
  </testcase>
  <testcase name="testErrorHandlingAndFallback" classname="com.example.gateway.EndToEndIntegrationTest" time="0.058">
    <failure message="expected: &lt;503 SERVICE_UNAVAILABLE&gt; but was: &lt;500 INTERNAL_SERVER_ERROR&gt;" type="org.opentest4j.AssertionFailedError"><![CDATA[org.opentest4j.AssertionFailedError: expected: <503 SERVICE_UNAVAILABLE> but was: <500 INTERNAL_SERVER_ERROR>
	at org.junit.jupiter.api.AssertionUtils.fail(AssertionUtils.java:55)
	at org.junit.jupiter.api.AssertionUtils.failNotEqual(AssertionUtils.java:62)
	at org.junit.jupiter.api.AssertEquals.assertEquals(AssertEquals.java:182)
	at org.junit.jupiter.api.AssertEquals.assertEquals(AssertEquals.java:177)
	at org.junit.jupiter.api.Assertions.assertEquals(Assertions.java:1124)
	at com.example.gateway.EndToEndIntegrationTest.testErrorHandlingAndFallback(EndToEndIntegrationTest.java:253)
	at sun.reflect.NativeMethodAccessorImpl.invoke0(Native Method)
	at sun.reflect.NativeMethodAccessorImpl.invoke(NativeMethodAccessorImpl.java:62)
	at sun.reflect.DelegatingMethodAccessorImpl.invoke(DelegatingMethodAccessorImpl.java:43)
	at java.lang.reflect.Method.invoke(Method.java:498)
	at org.junit.platform.commons.util.ReflectionUtils.invokeMethod(ReflectionUtils.java:686)
	at org.junit.jupiter.engine.execution.MethodInvocation.proceed(MethodInvocation.java:60)
	at org.junit.jupiter.engine.execution.InvocationInterceptorChain$ValidatingInvocation.proceed(InvocationInterceptorChain.java:131)
	at org.junit.jupiter.engine.extension.TimeoutExtension.intercept(TimeoutExtension.java:149)
	at org.junit.jupiter.engine.extension.TimeoutExtension.interceptTestableMethod(TimeoutExtension.java:140)
	at org.junit.jupiter.engine.extension.TimeoutExtension.interceptTestMethod(TimeoutExtension.java:84)
	at org.junit.jupiter.engine.execution.ExecutableInvoker$ReflectiveInterceptorCall.lambda$ofVoidMethod$0(ExecutableInvoker.java:115)
	at org.junit.jupiter.engine.execution.ExecutableInvoker.lambda$invoke$0(ExecutableInvoker.java:105)
	at org.junit.jupiter.engine.execution.InvocationInterceptorChain$InterceptedInvocation.proceed(InvocationInterceptorChain.java:106)
	at org.junit.jupiter.engine.execution.InvocationInterceptorChain.proceed(InvocationInterceptorChain.java:64)
	at org.junit.jupiter.engine.execution.InvocationInterceptorChain.chainAndInvoke(InvocationInterceptorChain.java:45)
	at org.junit.jupiter.engine.execution.InvocationInterceptorChain.invoke(InvocationInterceptorChain.java:37)
	at org.junit.jupiter.engine.execution.ExecutableInvoker.invoke(ExecutableInvoker.java:104)
	at org.junit.jupiter.engine.execution.ExecutableInvoker.invoke(ExecutableInvoker.java:98)
	at org.junit.jupiter.engine.descriptor.TestMethodTestDescriptor.lambda$invokeTestMethod$6(TestMethodTestDescriptor.java:212)
	at org.junit.platform.engine.support.hierarchical.ThrowableCollector.execute(ThrowableCollector.java:73)
	at org.junit.jupiter.engine.descriptor.TestMethodTestDescriptor.invokeTestMethod(TestMethodTestDescriptor.java:208)
	at org.junit.jupiter.engine.descriptor.TestMethodTestDescriptor.execute(TestMethodTestDescriptor.java:137)
	at org.junit.jupiter.engine.descriptor.TestMethodTestDescriptor.execute(TestMethodTestDescriptor.java:71)
	at org.junit.platform.engine.support.hierarchical.NodeTestTask.lambda$executeRecursively$5(NodeTestTask.java:135)
	at org.junit.platform.engine.support.hierarchical.ThrowableCollector.execute(ThrowableCollector.java:73)
	at org.junit.platform.engine.support.hierarchical.NodeTestTask.lambda$executeRecursively$7(NodeTestTask.java:125)
	at org.junit.platform.engine.support.hierarchical.Node.around(Node.java:135)
	at org.junit.platform.engine.support.hierarchical.NodeTestTask.lambda$executeRecursively$8(NodeTestTask.java:123)
	at org.junit.platform.engine.support.hierarchical.ThrowableCollector.execute(ThrowableCollector.java:73)
	at org.junit.platform.engine.support.hierarchical.NodeTestTask.executeRecursively(NodeTestTask.java:122)
	at org.junit.platform.engine.support.hierarchical.NodeTestTask.execute(NodeTestTask.java:80)
	at java.util.ArrayList.forEach(ArrayList.java:1259)
	at org.junit.platform.engine.support.hierarchical.SameThreadHierarchicalTestExecutorService.invokeAll(SameThreadHierarchicalTestExecutorService.java:38)
	at org.junit.platform.engine.support.hierarchical.NodeTestTask.lambda$executeRecursively$5(NodeTestTask.java:139)
	at org.junit.platform.engine.support.hierarchical.ThrowableCollector.execute(ThrowableCollector.java:73)
	at org.junit.platform.engine.support.hierarchical.NodeTestTask.lambda$executeRecursively$7(NodeTestTask.java:125)
	at org.junit.platform.engine.support.hierarchical.Node.around(Node.java:135)
	at org.junit.platform.engine.support.hierarchical.NodeTestTask.lambda$executeRecursively$8(NodeTestTask.java:123)
	at org.junit.platform.engine.support.hierarchical.ThrowableCollector.execute(ThrowableCollector.java:73)
	at org.junit.platform.engine.support.hierarchical.NodeTestTask.executeRecursively(NodeTestTask.java:122)
	at org.junit.platform.engine.support.hierarchical.NodeTestTask.execute(NodeTestTask.java:80)
	at java.util.ArrayList.forEach(ArrayList.java:1259)
	at org.junit.platform.engine.support.hierarchical.SameThreadHierarchicalTestExecutorService.invokeAll(SameThreadHierarchicalTestExecutorService.java:38)
	at org.junit.platform.engine.support.hierarchical.NodeTestTask.lambda$executeRecursively$5(NodeTestTask.java:139)
	at org.junit.platform.engine.support.hierarchical.ThrowableCollector.execute(ThrowableCollector.java:73)
	at org.junit.platform.engine.support.hierarchical.NodeTestTask.lambda$executeRecursively$7(NodeTestTask.java:125)
	at org.junit.platform.engine.support.hierarchical.Node.around(Node.java:135)
	at org.junit.platform.engine.support.hierarchical.NodeTestTask.lambda$executeRecursively$8(NodeTestTask.java:123)
	at org.junit.platform.engine.support.hierarchical.ThrowableCollector.execute(ThrowableCollector.java:73)
	at org.junit.platform.engine.support.hierarchical.NodeTestTask.executeRecursively(NodeTestTask.java:122)
	at org.junit.platform.engine.support.hierarchical.NodeTestTask.execute(NodeTestTask.java:80)
	at org.junit.platform.engine.support.hierarchical.SameThreadHierarchicalTestExecutorService.submit(SameThreadHierarchicalTestExecutorService.java:32)
	at org.junit.platform.engine.support.hierarchical.HierarchicalTestExecutor.execute(HierarchicalTestExecutor.java:57)
	at org.junit.platform.engine.support.hierarchical.HierarchicalTestEngine.execute(HierarchicalTestEngine.java:51)
	at org.junit.platform.launcher.core.DefaultLauncher.execute(DefaultLauncher.java:248)
	at org.junit.platform.launcher.core.DefaultLauncher.lambda$execute$5(DefaultLauncher.java:211)
	at org.junit.platform.launcher.core.DefaultLauncher.withInterceptedStreams(DefaultLauncher.java:226)
	at org.junit.platform.launcher.core.DefaultLauncher.execute(DefaultLauncher.java:199)
	at org.junit.platform.launcher.core.DefaultLauncher.execute(DefaultLauncher.java:132)
	at org.apache.maven.surefire.junitplatform.LazyLauncher.execute(LazyLauncher.java:56)
	at org.apache.maven.surefire.junitplatform.JUnitPlatformProvider.execute(JUnitPlatformProvider.java:184)
	at org.apache.maven.surefire.junitplatform.JUnitPlatformProvider.invokeAllTests(JUnitPlatformProvider.java:148)
	at org.apache.maven.surefire.junitplatform.JUnitPlatformProvider.invoke(JUnitPlatformProvider.java:122)
	at org.apache.maven.surefire.booter.ForkedBooter.runSuitesInProcess(ForkedBooter.java:385)
	at org.apache.maven.surefire.booter.ForkedBooter.execute(ForkedBooter.java:162)
	at org.apache.maven.surefire.booter.ForkedBooter.run(ForkedBooter.java:507)
	at org.apache.maven.surefire.booter.ForkedBooter.main(ForkedBooter.java:495)
]]></failure>
    <system-out><![CDATA[2025-09-05 15:19:01.688  INFO 3440 --- [           main] org.eclipse.jetty.server.Server          : jetty-9.4.30.v20200611; built: 2020-06-11T12:34:51.929Z; git: 271836e4c1f4612f12b7bb13ef5a92a927634b0d; jvm 1.8.0_452-b09
2025-09-05 15:19:01.692  INFO 3440 --- [           main] o.e.jetty.server.handler.ContextHandler  : Started o.e.j.s.ServletContextHandler@79c4f23b{/__admin,null,AVAILABLE}
2025-09-05 15:19:01.693  INFO 3440 --- [           main] o.e.jetty.server.handler.ContextHandler  : Started o.e.j.s.ServletContextHandler@160c7c42{/,null,AVAILABLE}
2025-09-05 15:19:01.696  INFO 3440 --- [           main] o.e.jetty.server.AbstractConnector       : Started NetworkTrafficServerConnector@3ba97962{HTTP/1.1, (http/1.1)}{0.0.0.0:8081}
2025-09-05 15:19:01.697  INFO 3440 --- [           main] org.eclipse.jetty.server.Server          : Started @7995ms
2025-09-05 15:19:01.697  INFO 3440 --- [           main] org.eclipse.jetty.server.Server          : jetty-9.4.30.v20200611; built: 2020-06-11T12:34:51.929Z; git: 271836e4c1f4612f12b7bb13ef5a92a927634b0d; jvm 1.8.0_452-b09
2025-09-05 15:19:01.699  INFO 3440 --- [           main] o.e.jetty.server.handler.ContextHandler  : Started o.e.j.s.ServletContextHandler@11cc9e1e{/__admin,null,AVAILABLE}
2025-09-05 15:19:01.699  INFO 3440 --- [           main] o.e.jetty.server.handler.ContextHandler  : Started o.e.j.s.ServletContextHandler@216328b2{/,null,AVAILABLE}
2025-09-05 15:19:01.702  INFO 3440 --- [           main] o.e.jetty.server.AbstractConnector       : Started NetworkTrafficServerConnector@727dcc64{HTTP/1.1, (http/1.1)}{0.0.0.0:8082}
2025-09-05 15:19:01.703  INFO 3440 --- [           main] org.eclipse.jetty.server.Server          : Started @8002ms
2025-09-05 15:19:01.709  INFO 3440 --- [           main] o.e.jetty.server.AbstractConnector       : Stopped NetworkTrafficServerConnector@3ba97962{HTTP/1.1, (http/1.1)}{0.0.0.0:8081}
2025-09-05 15:19:01.709  INFO 3440 --- [           main] o.e.jetty.server.handler.ContextHandler  : Stopped o.e.j.s.ServletContextHandler@160c7c42{/,null,UNAVAILABLE}
2025-09-05 15:19:01.709  INFO 3440 --- [           main] o.e.jetty.server.handler.ContextHandler  : Stopped o.e.j.s.ServletContextHandler@79c4f23b{/__admin,null,UNAVAILABLE}
2025-09-05 15:19:01.713  INFO 3440 --- [ttp@6daf7d37-24] c.e.gateway.filter.RequestLoggingFilter  : Request: POST /user/login
2025-09-05 15:19:01.713 ERROR 3440 --- [ttp@6daf7d37-24] c.e.gateway.filter.RequestLoggingFilter  : Request failed: /user/login after 0ms - org.springframework.core.io.buffer.DefaultDataBufferFactory cannot be cast to org.springframework.core.io.buffer.NettyDataBufferFactory
2025-09-05 15:19:01.714 ERROR 3440 --- [ttp@6daf7d37-24] a.w.r.e.AbstractErrorWebExceptionHandler : [4b3ce0a8]  500 Server Error for HTTP POST "/user/login"

java.lang.ClassCastException: org.springframework.core.io.buffer.DefaultDataBufferFactory cannot be cast to org.springframework.core.io.buffer.NettyDataBufferFactory
	at org.springframework.cloud.gateway.support.ServerWebExchangeUtils.cacheRequestBody(ServerWebExchangeUtils.java:362) ~[spring-cloud-gateway-core-2.2.4.RELEASE.jar:2.2.4.RELEASE]
	Suppressed: reactor.core.publisher.FluxOnAssembly$OnAssemblyException: 
Error has been observed at the following site(s):
	|_ checkpoint ⇢ org.springframework.cloud.gateway.filter.WeightCalculatorWebFilter [DefaultWebFilterChain]
	|_ checkpoint ⇢ org.springframework.boot.actuate.metrics.web.reactive.server.MetricsWebFilter [DefaultWebFilterChain]
	|_ checkpoint ⇢ HTTP POST "/user/login" [ExceptionHandlingWebHandler]
Stack trace:
		at org.springframework.cloud.gateway.support.ServerWebExchangeUtils.cacheRequestBody(ServerWebExchangeUtils.java:362) ~[spring-cloud-gateway-core-2.2.4.RELEASE.jar:2.2.4.RELEASE]
		at org.springframework.cloud.gateway.support.ServerWebExchangeUtils.cacheRequestBody(ServerWebExchangeUtils.java:340) ~[spring-cloud-gateway-core-2.2.4.RELEASE.jar:2.2.4.RELEASE]
		at org.springframework.cloud.gateway.filter.AdaptCachedBodyGlobalFilter.filter(AdaptCachedBodyGlobalFilter.java:73) ~[spring-cloud-gateway-core-2.2.4.RELEASE.jar:2.2.4.RELEASE]
		at org.springframework.cloud.gateway.handler.FilteringWebHandler$GatewayFilterAdapter.filter(FilteringWebHandler.java:138) ~[spring-cloud-gateway-core-2.2.4.RELEASE.jar:2.2.4.RELEASE]
		at org.springframework.cloud.gateway.filter.OrderedGatewayFilter.filter(OrderedGatewayFilter.java:44) ~[spring-cloud-gateway-core-2.2.4.RELEASE.jar:2.2.4.RELEASE]
		at org.springframework.cloud.gateway.handler.FilteringWebHandler$DefaultGatewayFilterChain.lambda$filter$0(FilteringWebHandler.java:118) ~[spring-cloud-gateway-core-2.2.4.RELEASE.jar:2.2.4.RELEASE]
		at reactor.core.publisher.MonoDefer.subscribe(MonoDefer.java:44) [reactor-core-3.3.8.RELEASE.jar:3.3.8.RELEASE]
		at reactor.core.publisher.InternalMonoOperator.subscribe(InternalMonoOperator.java:64) ~[reactor-core-3.3.8.RELEASE.jar:3.3.8.RELEASE]
		at reactor.core.publisher.MonoDefer.subscribe(MonoDefer.java:52) [reactor-core-3.3.8.RELEASE.jar:3.3.8.RELEASE]
		at reactor.core.publisher.InternalMonoOperator.subscribe(InternalMonoOperator.java:64) ~[reactor-core-3.3.8.RELEASE.jar:3.3.8.RELEASE]
		at reactor.core.publisher.MonoDefer.subscribe(MonoDefer.java:52) [reactor-core-3.3.8.RELEASE.jar:3.3.8.RELEASE]
		at reactor.core.publisher.InternalMonoOperator.subscribe(InternalMonoOperator.java:64) ~[reactor-core-3.3.8.RELEASE.jar:3.3.8.RELEASE]
		at reactor.core.publisher.MonoDefer.subscribe(MonoDefer.java:52) [reactor-core-3.3.8.RELEASE.jar:3.3.8.RELEASE]
		at reactor.core.publisher.Mono.subscribe(Mono.java:4213) ~[reactor-core-3.3.8.RELEASE.jar:3.3.8.RELEASE]
		at reactor.core.publisher.MonoIgnoreThen$ThenIgnoreMain.drain(MonoIgnoreThen.java:172) ~[reactor-core-3.3.8.RELEASE.jar:3.3.8.RELEASE]
		at reactor.core.publisher.MonoIgnoreThen.subscribe(MonoIgnoreThen.java:56) ~[reactor-core-3.3.8.RELEASE.jar:3.3.8.RELEASE]
		at reactor.core.publisher.MonoFlatMap$FlatMapMain.onNext(MonoFlatMap.java:150) ~[reactor-core-3.3.8.RELEASE.jar:3.3.8.RELEASE]
		at reactor.core.publisher.FluxSwitchIfEmpty$SwitchIfEmptySubscriber.onNext(FluxSwitchIfEmpty.java:67) ~[reactor-core-3.3.8.RELEASE.jar:3.3.8.RELEASE]
		at reactor.core.publisher.MonoNext$NextSubscriber.onNext(MonoNext.java:76) ~[reactor-core-3.3.8.RELEASE.jar:3.3.8.RELEASE]
		at reactor.core.publisher.FluxConcatMap$ConcatMapImmediate.innerNext(FluxConcatMap.java:274) ~[reactor-core-3.3.8.RELEASE.jar:3.3.8.RELEASE]
		at reactor.core.publisher.FluxConcatMap$ConcatMapInner.onNext(FluxConcatMap.java:851) ~[reactor-core-3.3.8.RELEASE.jar:3.3.8.RELEASE]
		at reactor.core.publisher.FluxMap$MapSubscriber.onNext(FluxMap.java:114) ~[reactor-core-3.3.8.RELEASE.jar:3.3.8.RELEASE]
		at reactor.core.publisher.FluxSwitchIfEmpty$SwitchIfEmptySubscriber.onNext(FluxSwitchIfEmpty.java:67) ~[reactor-core-3.3.8.RELEASE.jar:3.3.8.RELEASE]
		at reactor.core.publisher.Operators$MonoSubscriber.complete(Operators.java:1782) ~[reactor-core-3.3.8.RELEASE.jar:3.3.8.RELEASE]
		at reactor.core.publisher.MonoFlatMap$FlatMapMain.onNext(MonoFlatMap.java:144) ~[reactor-core-3.3.8.RELEASE.jar:3.3.8.RELEASE]
		at reactor.core.publisher.FluxMap$MapSubscriber.onNext(FluxMap.java:114) ~[reactor-core-3.3.8.RELEASE.jar:3.3.8.RELEASE]
		at reactor.core.publisher.MonoNext$NextSubscriber.onNext(MonoNext.java:76) ~[reactor-core-3.3.8.RELEASE.jar:3.3.8.RELEASE]
		at reactor.core.publisher.FluxConcatMap$ConcatMapImmediate.innerNext(FluxConcatMap.java:274) ~[reactor-core-3.3.8.RELEASE.jar:3.3.8.RELEASE]
		at reactor.core.publisher.FluxConcatMap$ConcatMapInner.onNext(FluxConcatMap.java:851) ~[reactor-core-3.3.8.RELEASE.jar:3.3.8.RELEASE]
		at reactor.core.publisher.FluxOnErrorResume$ResumeSubscriber.onNext(FluxOnErrorResume.java:73) ~[reactor-core-3.3.8.RELEASE.jar:3.3.8.RELEASE]
		at reactor.core.publisher.MonoPeekTerminal$MonoTerminalPeekSubscriber.onNext(MonoPeekTerminal.java:173) ~[reactor-core-3.3.8.RELEASE.jar:3.3.8.RELEASE]
		at reactor.core.publisher.Operators$MonoSubscriber.complete(Operators.java:1782) ~[reactor-core-3.3.8.RELEASE.jar:3.3.8.RELEASE]
		at reactor.core.publisher.MonoFilterWhen$MonoFilterWhenMain.onNext(MonoFilterWhen.java:140) ~[reactor-core-3.3.8.RELEASE.jar:3.3.8.RELEASE]
		at reactor.core.publisher.Operators$ScalarSubscription.request(Operators.java:2344) ~[reactor-core-3.3.8.RELEASE.jar:3.3.8.RELEASE]
		at reactor.core.publisher.MonoFilterWhen$MonoFilterWhenMain.onSubscribe(MonoFilterWhen.java:103) ~[reactor-core-3.3.8.RELEASE.jar:3.3.8.RELEASE]
		at reactor.core.publisher.MonoJust.subscribe(MonoJust.java:54) ~[reactor-core-3.3.8.RELEASE.jar:3.3.8.RELEASE]
		at reactor.core.publisher.Mono.subscribe(Mono.java:4213) ~[reactor-core-3.3.8.RELEASE.jar:3.3.8.RELEASE]
		at reactor.core.publisher.FluxConcatMap$ConcatMapImmediate.drain(FluxConcatMap.java:441) ~[reactor-core-3.3.8.RELEASE.jar:3.3.8.RELEASE]
		at reactor.core.publisher.FluxConcatMap$ConcatMapImmediate.onNext(FluxConcatMap.java:243) ~[reactor-core-3.3.8.RELEASE.jar:3.3.8.RELEASE]
		at reactor.core.publisher.FluxDematerialize$DematerializeSubscriber.onNext(FluxDematerialize.java:91) ~[reactor-core-3.3.8.RELEASE.jar:3.3.8.RELEASE]
		at reactor.core.publisher.FluxDematerialize$DematerializeSubscriber.onNext(FluxDematerialize.java:38) ~[reactor-core-3.3.8.RELEASE.jar:3.3.8.RELEASE]
		at reactor.core.publisher.FluxIterable$IterableSubscription.slowPath(FluxIterable.java:267) ~[reactor-core-3.3.8.RELEASE.jar:3.3.8.RELEASE]
		at reactor.core.publisher.FluxIterable$IterableSubscription.request(FluxIterable.java:225) ~[reactor-core-3.3.8.RELEASE.jar:3.3.8.RELEASE]
		at reactor.core.publisher.FluxDematerialize$DematerializeSubscriber.request(FluxDematerialize.java:120) ~[reactor-core-3.3.8.RELEASE.jar:3.3.8.RELEASE]
		at reactor.core.publisher.FluxConcatMap$ConcatMapImmediate.onSubscribe(FluxConcatMap.java:228) ~[reactor-core-3.3.8.RELEASE.jar:3.3.8.RELEASE]
		at reactor.core.publisher.FluxDematerialize$DematerializeSubscriber.onSubscribe(FluxDematerialize.java:70) ~[reactor-core-3.3.8.RELEASE.jar:3.3.8.RELEASE]
		at reactor.core.publisher.FluxIterable.subscribe(FluxIterable.java:161) ~[reactor-core-3.3.8.RELEASE.jar:3.3.8.RELEASE]
		at reactor.core.publisher.FluxIterable.subscribe(FluxIterable.java:86) ~[reactor-core-3.3.8.RELEASE.jar:3.3.8.RELEASE]
		at reactor.core.publisher.InternalFluxOperator.subscribe(InternalFluxOperator.java:62) ~[reactor-core-3.3.8.RELEASE.jar:3.3.8.RELEASE]
		at reactor.core.publisher.FluxDefer.subscribe(FluxDefer.java:54) ~[reactor-core-3.3.8.RELEASE.jar:3.3.8.RELEASE]
		at reactor.core.publisher.Mono.subscribe(Mono.java:4213) ~[reactor-core-3.3.8.RELEASE.jar:3.3.8.RELEASE]
		at reactor.core.publisher.FluxConcatMap$ConcatMapImmediate.drain(FluxConcatMap.java:441) ~[reactor-core-3.3.8.RELEASE.jar:3.3.8.RELEASE]
		at reactor.core.publisher.FluxConcatMap$ConcatMapImmediate.onSubscribe(FluxConcatMap.java:211) ~[reactor-core-3.3.8.RELEASE.jar:3.3.8.RELEASE]
		at reactor.core.publisher.FluxIterable.subscribe(FluxIterable.java:161) ~[reactor-core-3.3.8.RELEASE.jar:3.3.8.RELEASE]
		at reactor.core.publisher.FluxIterable.subscribe(FluxIterable.java:86) ~[reactor-core-3.3.8.RELEASE.jar:3.3.8.RELEASE]
		at reactor.core.publisher.InternalMonoOperator.subscribe(InternalMonoOperator.java:64) ~[reactor-core-3.3.8.RELEASE.jar:3.3.8.RELEASE]
		at reactor.core.publisher.MonoDefer.subscribe(MonoDefer.java:52) [reactor-core-3.3.8.RELEASE.jar:3.3.8.RELEASE]
		at reactor.core.publisher.InternalMonoOperator.subscribe(InternalMonoOperator.java:64) ~[reactor-core-3.3.8.RELEASE.jar:3.3.8.RELEASE]
		at reactor.core.publisher.MonoDefer.subscribe(MonoDefer.java:52) [reactor-core-3.3.8.RELEASE.jar:3.3.8.RELEASE]
		at reactor.core.publisher.InternalMonoOperator.subscribe(InternalMonoOperator.java:64) ~[reactor-core-3.3.8.RELEASE.jar:3.3.8.RELEASE]
		at reactor.core.publisher.MonoDefer.subscribe(MonoDefer.java:52) [reactor-core-3.3.8.RELEASE.jar:3.3.8.RELEASE]
		at reactor.core.publisher.InternalMonoOperator.subscribe(InternalMonoOperator.java:64) ~[reactor-core-3.3.8.RELEASE.jar:3.3.8.RELEASE]
		at reactor.core.publisher.MonoDefer.subscribe(MonoDefer.java:52) [reactor-core-3.3.8.RELEASE.jar:3.3.8.RELEASE]
		at reactor.core.publisher.Mono.subscribe(Mono.java:4213) ~[reactor-core-3.3.8.RELEASE.jar:3.3.8.RELEASE]
		at reactor.core.publisher.MonoIgnoreThen$ThenIgnoreMain.drain(MonoIgnoreThen.java:172) ~[reactor-core-3.3.8.RELEASE.jar:3.3.8.RELEASE]
		at reactor.core.publisher.MonoIgnoreThen.subscribe(MonoIgnoreThen.java:56) ~[reactor-core-3.3.8.RELEASE.jar:3.3.8.RELEASE]
		at reactor.core.publisher.Mono.subscribe(Mono.java:4213) ~[reactor-core-3.3.8.RELEASE.jar:3.3.8.RELEASE]
		at org.springframework.http.server.reactive.ServletHttpHandlerAdapter.service(ServletHttpHandlerAdapter.java:192) ~[spring-web-5.2.8.RELEASE.jar:5.2.8.RELEASE]
		at org.eclipse.jetty.servlet.ServletHolder.handle(ServletHolder.java:763) ~[jetty-servlet-9.4.30.v20200611.jar:9.4.30.v20200611]
		at org.eclipse.jetty.servlet.ServletHandler.doHandle(ServletHandler.java:551) ~[jetty-servlet-9.4.30.v20200611.jar:9.4.30.v20200611]
		at org.eclipse.jetty.server.handler.ScopedHandler.nextHandle(ScopedHandler.java:233) ~[jetty-server-9.4.30.v20200611.jar:9.4.30.v20200611]
		at org.eclipse.jetty.server.handler.ContextHandler.doHandle(ContextHandler.java:1369) ~[jetty-server-9.4.30.v20200611.jar:9.4.30.v20200611]
		at org.eclipse.jetty.server.handler.ScopedHandler.nextScope(ScopedHandler.java:188) ~[jetty-server-9.4.30.v20200611.jar:9.4.30.v20200611]
		at org.eclipse.jetty.servlet.ServletHandler.doScope(ServletHandler.java:489) ~[jetty-servlet-9.4.30.v20200611.jar:9.4.30.v20200611]
		at org.eclipse.jetty.server.handler.ScopedHandler.nextScope(ScopedHandler.java:186) ~[jetty-server-9.4.30.v20200611.jar:9.4.30.v20200611]
		at org.eclipse.jetty.server.handler.ContextHandler.doScope(ContextHandler.java:1284) ~[jetty-server-9.4.30.v20200611.jar:9.4.30.v20200611]
		at org.eclipse.jetty.server.handler.ScopedHandler.handle(ScopedHandler.java:141) ~[jetty-server-9.4.30.v20200611.jar:9.4.30.v20200611]
		at org.eclipse.jetty.server.handler.HandlerWrapper.handle(HandlerWrapper.java:127) ~[jetty-server-9.4.30.v20200611.jar:9.4.30.v20200611]
		at org.eclipse.jetty.server.Server.handle(Server.java:501) ~[jetty-server-9.4.30.v20200611.jar:9.4.30.v20200611]
		at org.eclipse.jetty.server.HttpChannel.lambda$handle$1(HttpChannel.java:383) ~[jetty-server-9.4.30.v20200611.jar:9.4.30.v20200611]
		at org.eclipse.jetty.server.HttpChannel.dispatch(HttpChannel.java:556) ~[jetty-server-9.4.30.v20200611.jar:9.4.30.v20200611]
		at org.eclipse.jetty.server.HttpChannel.handle(HttpChannel.java:375) ~[jetty-server-9.4.30.v20200611.jar:9.4.30.v20200611]
		at org.eclipse.jetty.server.HttpConnection.onFillable(HttpConnection.java:272) ~[jetty-server-9.4.30.v20200611.jar:9.4.30.v20200611]
		at org.eclipse.jetty.io.AbstractConnection$ReadCallback.succeeded(AbstractConnection.java:311) ~[jetty-io-9.4.30.v20200611.jar:9.4.30.v20200611]
		at org.eclipse.jetty.io.FillInterest.fillable(FillInterest.java:103) ~[jetty-io-9.4.30.v20200611.jar:9.4.30.v20200611]
		at org.eclipse.jetty.io.ChannelEndPoint$1.run(ChannelEndPoint.java:104) ~[jetty-io-9.4.30.v20200611.jar:9.4.30.v20200611]
		at org.eclipse.jetty.util.thread.strategy.EatWhatYouKill.runTask(EatWhatYouKill.java:336) ~[jetty-util-9.4.30.v20200611.jar:9.4.30.v20200611]
		at org.eclipse.jetty.util.thread.strategy.EatWhatYouKill.doProduce(EatWhatYouKill.java:313) ~[jetty-util-9.4.30.v20200611.jar:9.4.30.v20200611]
		at org.eclipse.jetty.util.thread.strategy.EatWhatYouKill.tryProduce(EatWhatYouKill.java:171) ~[jetty-util-9.4.30.v20200611.jar:9.4.30.v20200611]
		at org.eclipse.jetty.util.thread.strategy.EatWhatYouKill.run(EatWhatYouKill.java:129) ~[jetty-util-9.4.30.v20200611.jar:9.4.30.v20200611]
		at org.eclipse.jetty.util.thread.ReservedThreadExecutor$ReservedThread.run(ReservedThreadExecutor.java:375) ~[jetty-util-9.4.30.v20200611.jar:9.4.30.v20200611]
		at org.eclipse.jetty.util.thread.QueuedThreadPool.runJob(QueuedThreadPool.java:806) ~[jetty-util-9.4.30.v20200611.jar:9.4.30.v20200611]
		at org.eclipse.jetty.util.thread.QueuedThreadPool$Runner.run(QueuedThreadPool.java:938) ~[jetty-util-9.4.30.v20200611.jar:9.4.30.v20200611]
		at java.lang.Thread.run(Thread.java:750) ~[na:1.8.0_452]

2025-09-05 15:19:01.719  INFO 3440 --- [           main] o.e.jetty.server.AbstractConnector       : Stopped NetworkTrafficServerConnector@727dcc64{HTTP/1.1, (http/1.1)}{0.0.0.0:8082}
2025-09-05 15:19:01.719  INFO 3440 --- [           main] o.e.jetty.server.handler.ContextHandler  : Stopped o.e.j.s.ServletContextHandler@216328b2{/,null,UNAVAILABLE}
2025-09-05 15:19:01.719  INFO 3440 --- [           main] o.e.jetty.server.handler.ContextHandler  : Stopped o.e.j.s.ServletContextHandler@11cc9e1e{/__admin,null,UNAVAILABLE}
]]></system-out>
  </testcase>
  <testcase name="testUserWorkflow_LoginThenLogout" classname="com.example.gateway.EndToEndIntegrationTest" time="0.032">
    <failure message="expected: &lt;200 OK&gt; but was: &lt;500 INTERNAL_SERVER_ERROR&gt;" type="org.opentest4j.AssertionFailedError"><![CDATA[org.opentest4j.AssertionFailedError: expected: <200 OK> but was: <500 INTERNAL_SERVER_ERROR>
	at org.junit.jupiter.api.AssertionUtils.fail(AssertionUtils.java:55)
	at org.junit.jupiter.api.AssertionUtils.failNotEqual(AssertionUtils.java:62)
	at org.junit.jupiter.api.AssertEquals.assertEquals(AssertEquals.java:182)
	at org.junit.jupiter.api.AssertEquals.assertEquals(AssertEquals.java:177)
	at org.junit.jupiter.api.Assertions.assertEquals(Assertions.java:1124)
	at com.example.gateway.EndToEndIntegrationTest.testUserWorkflow_LoginThenLogout(EndToEndIntegrationTest.java:120)
	at sun.reflect.NativeMethodAccessorImpl.invoke0(Native Method)
	at sun.reflect.NativeMethodAccessorImpl.invoke(NativeMethodAccessorImpl.java:62)
	at sun.reflect.DelegatingMethodAccessorImpl.invoke(DelegatingMethodAccessorImpl.java:43)
	at java.lang.reflect.Method.invoke(Method.java:498)
	at org.junit.platform.commons.util.ReflectionUtils.invokeMethod(ReflectionUtils.java:686)
	at org.junit.jupiter.engine.execution.MethodInvocation.proceed(MethodInvocation.java:60)
	at org.junit.jupiter.engine.execution.InvocationInterceptorChain$ValidatingInvocation.proceed(InvocationInterceptorChain.java:131)
	at org.junit.jupiter.engine.extension.TimeoutExtension.intercept(TimeoutExtension.java:149)
	at org.junit.jupiter.engine.extension.TimeoutExtension.interceptTestableMethod(TimeoutExtension.java:140)
	at org.junit.jupiter.engine.extension.TimeoutExtension.interceptTestMethod(TimeoutExtension.java:84)
	at org.junit.jupiter.engine.execution.ExecutableInvoker$ReflectiveInterceptorCall.lambda$ofVoidMethod$0(ExecutableInvoker.java:115)
	at org.junit.jupiter.engine.execution.ExecutableInvoker.lambda$invoke$0(ExecutableInvoker.java:105)
	at org.junit.jupiter.engine.execution.InvocationInterceptorChain$InterceptedInvocation.proceed(InvocationInterceptorChain.java:106)
	at org.junit.jupiter.engine.execution.InvocationInterceptorChain.proceed(InvocationInterceptorChain.java:64)
	at org.junit.jupiter.engine.execution.InvocationInterceptorChain.chainAndInvoke(InvocationInterceptorChain.java:45)
	at org.junit.jupiter.engine.execution.InvocationInterceptorChain.invoke(InvocationInterceptorChain.java:37)
	at org.junit.jupiter.engine.execution.ExecutableInvoker.invoke(ExecutableInvoker.java:104)
	at org.junit.jupiter.engine.execution.ExecutableInvoker.invoke(ExecutableInvoker.java:98)
	at org.junit.jupiter.engine.descriptor.TestMethodTestDescriptor.lambda$invokeTestMethod$6(TestMethodTestDescriptor.java:212)
	at org.junit.platform.engine.support.hierarchical.ThrowableCollector.execute(ThrowableCollector.java:73)
	at org.junit.jupiter.engine.descriptor.TestMethodTestDescriptor.invokeTestMethod(TestMethodTestDescriptor.java:208)
	at org.junit.jupiter.engine.descriptor.TestMethodTestDescriptor.execute(TestMethodTestDescriptor.java:137)
	at org.junit.jupiter.engine.descriptor.TestMethodTestDescriptor.execute(TestMethodTestDescriptor.java:71)
	at org.junit.platform.engine.support.hierarchical.NodeTestTask.lambda$executeRecursively$5(NodeTestTask.java:135)
	at org.junit.platform.engine.support.hierarchical.ThrowableCollector.execute(ThrowableCollector.java:73)
	at org.junit.platform.engine.support.hierarchical.NodeTestTask.lambda$executeRecursively$7(NodeTestTask.java:125)
	at org.junit.platform.engine.support.hierarchical.Node.around(Node.java:135)
	at org.junit.platform.engine.support.hierarchical.NodeTestTask.lambda$executeRecursively$8(NodeTestTask.java:123)
	at org.junit.platform.engine.support.hierarchical.ThrowableCollector.execute(ThrowableCollector.java:73)
	at org.junit.platform.engine.support.hierarchical.NodeTestTask.executeRecursively(NodeTestTask.java:122)
	at org.junit.platform.engine.support.hierarchical.NodeTestTask.execute(NodeTestTask.java:80)
	at java.util.ArrayList.forEach(ArrayList.java:1259)
	at org.junit.platform.engine.support.hierarchical.SameThreadHierarchicalTestExecutorService.invokeAll(SameThreadHierarchicalTestExecutorService.java:38)
	at org.junit.platform.engine.support.hierarchical.NodeTestTask.lambda$executeRecursively$5(NodeTestTask.java:139)
	at org.junit.platform.engine.support.hierarchical.ThrowableCollector.execute(ThrowableCollector.java:73)
	at org.junit.platform.engine.support.hierarchical.NodeTestTask.lambda$executeRecursively$7(NodeTestTask.java:125)
	at org.junit.platform.engine.support.hierarchical.Node.around(Node.java:135)
	at org.junit.platform.engine.support.hierarchical.NodeTestTask.lambda$executeRecursively$8(NodeTestTask.java:123)
	at org.junit.platform.engine.support.hierarchical.ThrowableCollector.execute(ThrowableCollector.java:73)
	at org.junit.platform.engine.support.hierarchical.NodeTestTask.executeRecursively(NodeTestTask.java:122)
	at org.junit.platform.engine.support.hierarchical.NodeTestTask.execute(NodeTestTask.java:80)
	at java.util.ArrayList.forEach(ArrayList.java:1259)
	at org.junit.platform.engine.support.hierarchical.SameThreadHierarchicalTestExecutorService.invokeAll(SameThreadHierarchicalTestExecutorService.java:38)
	at org.junit.platform.engine.support.hierarchical.NodeTestTask.lambda$executeRecursively$5(NodeTestTask.java:139)
	at org.junit.platform.engine.support.hierarchical.ThrowableCollector.execute(ThrowableCollector.java:73)
	at org.junit.platform.engine.support.hierarchical.NodeTestTask.lambda$executeRecursively$7(NodeTestTask.java:125)
	at org.junit.platform.engine.support.hierarchical.Node.around(Node.java:135)
	at org.junit.platform.engine.support.hierarchical.NodeTestTask.lambda$executeRecursively$8(NodeTestTask.java:123)
	at org.junit.platform.engine.support.hierarchical.ThrowableCollector.execute(ThrowableCollector.java:73)
	at org.junit.platform.engine.support.hierarchical.NodeTestTask.executeRecursively(NodeTestTask.java:122)
	at org.junit.platform.engine.support.hierarchical.NodeTestTask.execute(NodeTestTask.java:80)
	at org.junit.platform.engine.support.hierarchical.SameThreadHierarchicalTestExecutorService.submit(SameThreadHierarchicalTestExecutorService.java:32)
	at org.junit.platform.engine.support.hierarchical.HierarchicalTestExecutor.execute(HierarchicalTestExecutor.java:57)
	at org.junit.platform.engine.support.hierarchical.HierarchicalTestEngine.execute(HierarchicalTestEngine.java:51)
	at org.junit.platform.launcher.core.DefaultLauncher.execute(DefaultLauncher.java:248)
	at org.junit.platform.launcher.core.DefaultLauncher.lambda$execute$5(DefaultLauncher.java:211)
	at org.junit.platform.launcher.core.DefaultLauncher.withInterceptedStreams(DefaultLauncher.java:226)
	at org.junit.platform.launcher.core.DefaultLauncher.execute(DefaultLauncher.java:199)
	at org.junit.platform.launcher.core.DefaultLauncher.execute(DefaultLauncher.java:132)
	at org.apache.maven.surefire.junitplatform.LazyLauncher.execute(LazyLauncher.java:56)
	at org.apache.maven.surefire.junitplatform.JUnitPlatformProvider.execute(JUnitPlatformProvider.java:184)
	at org.apache.maven.surefire.junitplatform.JUnitPlatformProvider.invokeAllTests(JUnitPlatformProvider.java:148)
	at org.apache.maven.surefire.junitplatform.JUnitPlatformProvider.invoke(JUnitPlatformProvider.java:122)
	at org.apache.maven.surefire.booter.ForkedBooter.runSuitesInProcess(ForkedBooter.java:385)
	at org.apache.maven.surefire.booter.ForkedBooter.execute(ForkedBooter.java:162)
	at org.apache.maven.surefire.booter.ForkedBooter.run(ForkedBooter.java:507)
	at org.apache.maven.surefire.booter.ForkedBooter.main(ForkedBooter.java:495)
]]></failure>
    <system-out><![CDATA[2025-09-05 15:19:01.737  INFO 3440 --- [           main] org.eclipse.jetty.server.Server          : jetty-9.4.30.v20200611; built: 2020-06-11T12:34:51.929Z; git: 271836e4c1f4612f12b7bb13ef5a92a927634b0d; jvm 1.8.0_452-b09
2025-09-05 15:19:01.740  INFO 3440 --- [           main] o.e.jetty.server.handler.ContextHandler  : Started o.e.j.s.ServletContextHandler@4e85dcb2{/__admin,null,AVAILABLE}
2025-09-05 15:19:01.740  INFO 3440 --- [           main] o.e.jetty.server.handler.ContextHandler  : Started o.e.j.s.ServletContextHandler@1b28cff{/,null,AVAILABLE}
2025-09-05 15:19:01.742  INFO 3440 --- [           main] o.e.jetty.server.AbstractConnector       : Started NetworkTrafficServerConnector@50785f86{HTTP/1.1, (http/1.1)}{0.0.0.0:8081}
2025-09-05 15:19:01.743  INFO 3440 --- [           main] org.eclipse.jetty.server.Server          : Started @8041ms
2025-09-05 15:19:01.743  INFO 3440 --- [           main] org.eclipse.jetty.server.Server          : jetty-9.4.30.v20200611; built: 2020-06-11T12:34:51.929Z; git: 271836e4c1f4612f12b7bb13ef5a92a927634b0d; jvm 1.8.0_452-b09
2025-09-05 15:19:01.745  INFO 3440 --- [           main] o.e.jetty.server.handler.ContextHandler  : Started o.e.j.s.ServletContextHandler@6d7865d6{/__admin,null,AVAILABLE}
2025-09-05 15:19:01.745  INFO 3440 --- [           main] o.e.jetty.server.handler.ContextHandler  : Started o.e.j.s.ServletContextHandler@fbbd90c{/,null,AVAILABLE}
2025-09-05 15:19:01.747  INFO 3440 --- [           main] o.e.jetty.server.AbstractConnector       : Started NetworkTrafficServerConnector@2f0cab82{HTTP/1.1, (http/1.1)}{0.0.0.0:8082}
2025-09-05 15:19:01.747  INFO 3440 --- [           main] org.eclipse.jetty.server.Server          : Started @8045ms
2025-09-05 15:19:01.752  INFO 3440 --- [tp@6daf7d37-136] c.e.gateway.filter.RequestLoggingFilter  : Request: POST /user/login
2025-09-05 15:19:01.753 ERROR 3440 --- [tp@6daf7d37-136] c.e.gateway.filter.RequestLoggingFilter  : Request failed: /user/login after 0ms - org.springframework.core.io.buffer.DefaultDataBufferFactory cannot be cast to org.springframework.core.io.buffer.NettyDataBufferFactory
2025-09-05 15:19:01.756 ERROR 3440 --- [tp@6daf7d37-136] a.w.r.e.AbstractErrorWebExceptionHandler : [76038544]  500 Server Error for HTTP POST "/user/login"

java.lang.ClassCastException: org.springframework.core.io.buffer.DefaultDataBufferFactory cannot be cast to org.springframework.core.io.buffer.NettyDataBufferFactory
	at org.springframework.cloud.gateway.support.ServerWebExchangeUtils.cacheRequestBody(ServerWebExchangeUtils.java:362) ~[spring-cloud-gateway-core-2.2.4.RELEASE.jar:2.2.4.RELEASE]
	Suppressed: reactor.core.publisher.FluxOnAssembly$OnAssemblyException: 
Error has been observed at the following site(s):
	|_ checkpoint ⇢ org.springframework.cloud.gateway.filter.WeightCalculatorWebFilter [DefaultWebFilterChain]
	|_ checkpoint ⇢ org.springframework.boot.actuate.metrics.web.reactive.server.MetricsWebFilter [DefaultWebFilterChain]
	|_ checkpoint ⇢ HTTP POST "/user/login" [ExceptionHandlingWebHandler]
Stack trace:
		at org.springframework.cloud.gateway.support.ServerWebExchangeUtils.cacheRequestBody(ServerWebExchangeUtils.java:362) ~[spring-cloud-gateway-core-2.2.4.RELEASE.jar:2.2.4.RELEASE]
		at org.springframework.cloud.gateway.support.ServerWebExchangeUtils.cacheRequestBody(ServerWebExchangeUtils.java:340) ~[spring-cloud-gateway-core-2.2.4.RELEASE.jar:2.2.4.RELEASE]
		at org.springframework.cloud.gateway.filter.AdaptCachedBodyGlobalFilter.filter(AdaptCachedBodyGlobalFilter.java:73) ~[spring-cloud-gateway-core-2.2.4.RELEASE.jar:2.2.4.RELEASE]
		at org.springframework.cloud.gateway.handler.FilteringWebHandler$GatewayFilterAdapter.filter(FilteringWebHandler.java:138) ~[spring-cloud-gateway-core-2.2.4.RELEASE.jar:2.2.4.RELEASE]
		at org.springframework.cloud.gateway.filter.OrderedGatewayFilter.filter(OrderedGatewayFilter.java:44) ~[spring-cloud-gateway-core-2.2.4.RELEASE.jar:2.2.4.RELEASE]
		at org.springframework.cloud.gateway.handler.FilteringWebHandler$DefaultGatewayFilterChain.lambda$filter$0(FilteringWebHandler.java:118) ~[spring-cloud-gateway-core-2.2.4.RELEASE.jar:2.2.4.RELEASE]
		at reactor.core.publisher.MonoDefer.subscribe(MonoDefer.java:44) [reactor-core-3.3.8.RELEASE.jar:3.3.8.RELEASE]
		at reactor.core.publisher.InternalMonoOperator.subscribe(InternalMonoOperator.java:64) ~[reactor-core-3.3.8.RELEASE.jar:3.3.8.RELEASE]
		at reactor.core.publisher.MonoDefer.subscribe(MonoDefer.java:52) [reactor-core-3.3.8.RELEASE.jar:3.3.8.RELEASE]
		at reactor.core.publisher.InternalMonoOperator.subscribe(InternalMonoOperator.java:64) ~[reactor-core-3.3.8.RELEASE.jar:3.3.8.RELEASE]
		at reactor.core.publisher.MonoDefer.subscribe(MonoDefer.java:52) [reactor-core-3.3.8.RELEASE.jar:3.3.8.RELEASE]
		at reactor.core.publisher.InternalMonoOperator.subscribe(InternalMonoOperator.java:64) ~[reactor-core-3.3.8.RELEASE.jar:3.3.8.RELEASE]
		at reactor.core.publisher.MonoDefer.subscribe(MonoDefer.java:52) [reactor-core-3.3.8.RELEASE.jar:3.3.8.RELEASE]
		at reactor.core.publisher.Mono.subscribe(Mono.java:4213) ~[reactor-core-3.3.8.RELEASE.jar:3.3.8.RELEASE]
		at reactor.core.publisher.MonoIgnoreThen$ThenIgnoreMain.drain(MonoIgnoreThen.java:172) ~[reactor-core-3.3.8.RELEASE.jar:3.3.8.RELEASE]
		at reactor.core.publisher.MonoIgnoreThen.subscribe(MonoIgnoreThen.java:56) ~[reactor-core-3.3.8.RELEASE.jar:3.3.8.RELEASE]
		at reactor.core.publisher.MonoFlatMap$FlatMapMain.onNext(MonoFlatMap.java:150) ~[reactor-core-3.3.8.RELEASE.jar:3.3.8.RELEASE]
		at reactor.core.publisher.FluxSwitchIfEmpty$SwitchIfEmptySubscriber.onNext(FluxSwitchIfEmpty.java:67) ~[reactor-core-3.3.8.RELEASE.jar:3.3.8.RELEASE]
		at reactor.core.publisher.MonoNext$NextSubscriber.onNext(MonoNext.java:76) ~[reactor-core-3.3.8.RELEASE.jar:3.3.8.RELEASE]
		at reactor.core.publisher.FluxConcatMap$ConcatMapImmediate.innerNext(FluxConcatMap.java:274) ~[reactor-core-3.3.8.RELEASE.jar:3.3.8.RELEASE]
		at reactor.core.publisher.FluxConcatMap$ConcatMapInner.onNext(FluxConcatMap.java:851) ~[reactor-core-3.3.8.RELEASE.jar:3.3.8.RELEASE]
		at reactor.core.publisher.FluxMap$MapSubscriber.onNext(FluxMap.java:114) ~[reactor-core-3.3.8.RELEASE.jar:3.3.8.RELEASE]
		at reactor.core.publisher.FluxSwitchIfEmpty$SwitchIfEmptySubscriber.onNext(FluxSwitchIfEmpty.java:67) ~[reactor-core-3.3.8.RELEASE.jar:3.3.8.RELEASE]
		at reactor.core.publisher.Operators$MonoSubscriber.complete(Operators.java:1782) ~[reactor-core-3.3.8.RELEASE.jar:3.3.8.RELEASE]
		at reactor.core.publisher.MonoFlatMap$FlatMapMain.onNext(MonoFlatMap.java:144) ~[reactor-core-3.3.8.RELEASE.jar:3.3.8.RELEASE]
		at reactor.core.publisher.FluxMap$MapSubscriber.onNext(FluxMap.java:114) ~[reactor-core-3.3.8.RELEASE.jar:3.3.8.RELEASE]
		at reactor.core.publisher.MonoNext$NextSubscriber.onNext(MonoNext.java:76) ~[reactor-core-3.3.8.RELEASE.jar:3.3.8.RELEASE]
		at reactor.core.publisher.FluxConcatMap$ConcatMapImmediate.innerNext(FluxConcatMap.java:274) ~[reactor-core-3.3.8.RELEASE.jar:3.3.8.RELEASE]
		at reactor.core.publisher.FluxConcatMap$ConcatMapInner.onNext(FluxConcatMap.java:851) ~[reactor-core-3.3.8.RELEASE.jar:3.3.8.RELEASE]
		at reactor.core.publisher.FluxOnErrorResume$ResumeSubscriber.onNext(FluxOnErrorResume.java:73) ~[reactor-core-3.3.8.RELEASE.jar:3.3.8.RELEASE]
		at reactor.core.publisher.MonoPeekTerminal$MonoTerminalPeekSubscriber.onNext(MonoPeekTerminal.java:173) ~[reactor-core-3.3.8.RELEASE.jar:3.3.8.RELEASE]
		at reactor.core.publisher.Operators$MonoSubscriber.complete(Operators.java:1782) ~[reactor-core-3.3.8.RELEASE.jar:3.3.8.RELEASE]
		at reactor.core.publisher.MonoFilterWhen$MonoFilterWhenMain.onNext(MonoFilterWhen.java:140) ~[reactor-core-3.3.8.RELEASE.jar:3.3.8.RELEASE]
		at reactor.core.publisher.Operators$ScalarSubscription.request(Operators.java:2344) ~[reactor-core-3.3.8.RELEASE.jar:3.3.8.RELEASE]
		at reactor.core.publisher.MonoFilterWhen$MonoFilterWhenMain.onSubscribe(MonoFilterWhen.java:103) ~[reactor-core-3.3.8.RELEASE.jar:3.3.8.RELEASE]
		at reactor.core.publisher.MonoJust.subscribe(MonoJust.java:54) ~[reactor-core-3.3.8.RELEASE.jar:3.3.8.RELEASE]
		at reactor.core.publisher.Mono.subscribe(Mono.java:4213) ~[reactor-core-3.3.8.RELEASE.jar:3.3.8.RELEASE]
		at reactor.core.publisher.FluxConcatMap$ConcatMapImmediate.drain(FluxConcatMap.java:441) ~[reactor-core-3.3.8.RELEASE.jar:3.3.8.RELEASE]
		at reactor.core.publisher.FluxConcatMap$ConcatMapImmediate.onNext(FluxConcatMap.java:243) ~[reactor-core-3.3.8.RELEASE.jar:3.3.8.RELEASE]
		at reactor.core.publisher.FluxDematerialize$DematerializeSubscriber.onNext(FluxDematerialize.java:91) ~[reactor-core-3.3.8.RELEASE.jar:3.3.8.RELEASE]
		at reactor.core.publisher.FluxDematerialize$DematerializeSubscriber.onNext(FluxDematerialize.java:38) ~[reactor-core-3.3.8.RELEASE.jar:3.3.8.RELEASE]
		at reactor.core.publisher.FluxIterable$IterableSubscription.slowPath(FluxIterable.java:267) ~[reactor-core-3.3.8.RELEASE.jar:3.3.8.RELEASE]
		at reactor.core.publisher.FluxIterable$IterableSubscription.request(FluxIterable.java:225) ~[reactor-core-3.3.8.RELEASE.jar:3.3.8.RELEASE]
		at reactor.core.publisher.FluxDematerialize$DematerializeSubscriber.request(FluxDematerialize.java:120) ~[reactor-core-3.3.8.RELEASE.jar:3.3.8.RELEASE]
		at reactor.core.publisher.FluxConcatMap$ConcatMapImmediate.onSubscribe(FluxConcatMap.java:228) ~[reactor-core-3.3.8.RELEASE.jar:3.3.8.RELEASE]
		at reactor.core.publisher.FluxDematerialize$DematerializeSubscriber.onSubscribe(FluxDematerialize.java:70) ~[reactor-core-3.3.8.RELEASE.jar:3.3.8.RELEASE]
		at reactor.core.publisher.FluxIterable.subscribe(FluxIterable.java:161) ~[reactor-core-3.3.8.RELEASE.jar:3.3.8.RELEASE]
		at reactor.core.publisher.FluxIterable.subscribe(FluxIterable.java:86) ~[reactor-core-3.3.8.RELEASE.jar:3.3.8.RELEASE]
		at reactor.core.publisher.InternalFluxOperator.subscribe(InternalFluxOperator.java:62) ~[reactor-core-3.3.8.RELEASE.jar:3.3.8.RELEASE]
		at reactor.core.publisher.FluxDefer.subscribe(FluxDefer.java:54) ~[reactor-core-3.3.8.RELEASE.jar:3.3.8.RELEASE]
		at reactor.core.publisher.Mono.subscribe(Mono.java:4213) ~[reactor-core-3.3.8.RELEASE.jar:3.3.8.RELEASE]
		at reactor.core.publisher.FluxConcatMap$ConcatMapImmediate.drain(FluxConcatMap.java:441) ~[reactor-core-3.3.8.RELEASE.jar:3.3.8.RELEASE]
		at reactor.core.publisher.FluxConcatMap$ConcatMapImmediate.onSubscribe(FluxConcatMap.java:211) ~[reactor-core-3.3.8.RELEASE.jar:3.3.8.RELEASE]
		at reactor.core.publisher.FluxIterable.subscribe(FluxIterable.java:161) ~[reactor-core-3.3.8.RELEASE.jar:3.3.8.RELEASE]
		at reactor.core.publisher.FluxIterable.subscribe(FluxIterable.java:86) ~[reactor-core-3.3.8.RELEASE.jar:3.3.8.RELEASE]
		at reactor.core.publisher.InternalMonoOperator.subscribe(InternalMonoOperator.java:64) ~[reactor-core-3.3.8.RELEASE.jar:3.3.8.RELEASE]
		at reactor.core.publisher.MonoDefer.subscribe(MonoDefer.java:52) [reactor-core-3.3.8.RELEASE.jar:3.3.8.RELEASE]
		at reactor.core.publisher.InternalMonoOperator.subscribe(InternalMonoOperator.java:64) ~[reactor-core-3.3.8.RELEASE.jar:3.3.8.RELEASE]
		at reactor.core.publisher.MonoDefer.subscribe(MonoDefer.java:52) [reactor-core-3.3.8.RELEASE.jar:3.3.8.RELEASE]
		at reactor.core.publisher.InternalMonoOperator.subscribe(InternalMonoOperator.java:64) ~[reactor-core-3.3.8.RELEASE.jar:3.3.8.RELEASE]
		at reactor.core.publisher.MonoDefer.subscribe(MonoDefer.java:52) [reactor-core-3.3.8.RELEASE.jar:3.3.8.RELEASE]
		at reactor.core.publisher.InternalMonoOperator.subscribe(InternalMonoOperator.java:64) ~[reactor-core-3.3.8.RELEASE.jar:3.3.8.RELEASE]
		at reactor.core.publisher.MonoDefer.subscribe(MonoDefer.java:52) [reactor-core-3.3.8.RELEASE.jar:3.3.8.RELEASE]
		at reactor.core.publisher.Mono.subscribe(Mono.java:4213) ~[reactor-core-3.3.8.RELEASE.jar:3.3.8.RELEASE]
		at reactor.core.publisher.MonoIgnoreThen$ThenIgnoreMain.drain(MonoIgnoreThen.java:172) ~[reactor-core-3.3.8.RELEASE.jar:3.3.8.RELEASE]
		at reactor.core.publisher.MonoIgnoreThen.subscribe(MonoIgnoreThen.java:56) ~[reactor-core-3.3.8.RELEASE.jar:3.3.8.RELEASE]
		at reactor.core.publisher.Mono.subscribe(Mono.java:4213) ~[reactor-core-3.3.8.RELEASE.jar:3.3.8.RELEASE]
		at org.springframework.http.server.reactive.ServletHttpHandlerAdapter.service(ServletHttpHandlerAdapter.java:192) ~[spring-web-5.2.8.RELEASE.jar:5.2.8.RELEASE]
		at org.eclipse.jetty.servlet.ServletHolder.handle(ServletHolder.java:763) ~[jetty-servlet-9.4.30.v20200611.jar:9.4.30.v20200611]
		at org.eclipse.jetty.servlet.ServletHandler.doHandle(ServletHandler.java:551) ~[jetty-servlet-9.4.30.v20200611.jar:9.4.30.v20200611]
		at org.eclipse.jetty.server.handler.ScopedHandler.nextHandle(ScopedHandler.java:233) ~[jetty-server-9.4.30.v20200611.jar:9.4.30.v20200611]
		at org.eclipse.jetty.server.handler.ContextHandler.doHandle(ContextHandler.java:1369) ~[jetty-server-9.4.30.v20200611.jar:9.4.30.v20200611]
		at org.eclipse.jetty.server.handler.ScopedHandler.nextScope(ScopedHandler.java:188) ~[jetty-server-9.4.30.v20200611.jar:9.4.30.v20200611]
		at org.eclipse.jetty.servlet.ServletHandler.doScope(ServletHandler.java:489) ~[jetty-servlet-9.4.30.v20200611.jar:9.4.30.v20200611]
		at org.eclipse.jetty.server.handler.ScopedHandler.nextScope(ScopedHandler.java:186) ~[jetty-server-9.4.30.v20200611.jar:9.4.30.v20200611]
		at org.eclipse.jetty.server.handler.ContextHandler.doScope(ContextHandler.java:1284) ~[jetty-server-9.4.30.v20200611.jar:9.4.30.v20200611]
		at org.eclipse.jetty.server.handler.ScopedHandler.handle(ScopedHandler.java:141) ~[jetty-server-9.4.30.v20200611.jar:9.4.30.v20200611]
		at org.eclipse.jetty.server.handler.HandlerWrapper.handle(HandlerWrapper.java:127) ~[jetty-server-9.4.30.v20200611.jar:9.4.30.v20200611]
		at org.eclipse.jetty.server.Server.handle(Server.java:501) ~[jetty-server-9.4.30.v20200611.jar:9.4.30.v20200611]
		at org.eclipse.jetty.server.HttpChannel.lambda$handle$1(HttpChannel.java:383) ~[jetty-server-9.4.30.v20200611.jar:9.4.30.v20200611]
		at org.eclipse.jetty.server.HttpChannel.dispatch(HttpChannel.java:556) ~[jetty-server-9.4.30.v20200611.jar:9.4.30.v20200611]
		at org.eclipse.jetty.server.HttpChannel.handle(HttpChannel.java:375) ~[jetty-server-9.4.30.v20200611.jar:9.4.30.v20200611]
		at org.eclipse.jetty.server.HttpConnection.onFillable(HttpConnection.java:272) ~[jetty-server-9.4.30.v20200611.jar:9.4.30.v20200611]
		at org.eclipse.jetty.io.AbstractConnection$ReadCallback.succeeded(AbstractConnection.java:311) ~[jetty-io-9.4.30.v20200611.jar:9.4.30.v20200611]
		at org.eclipse.jetty.io.FillInterest.fillable(FillInterest.java:103) ~[jetty-io-9.4.30.v20200611.jar:9.4.30.v20200611]
		at org.eclipse.jetty.io.ChannelEndPoint$1.run(ChannelEndPoint.java:104) ~[jetty-io-9.4.30.v20200611.jar:9.4.30.v20200611]
		at org.eclipse.jetty.util.thread.strategy.EatWhatYouKill.runTask(EatWhatYouKill.java:336) ~[jetty-util-9.4.30.v20200611.jar:9.4.30.v20200611]
		at org.eclipse.jetty.util.thread.strategy.EatWhatYouKill.doProduce(EatWhatYouKill.java:313) ~[jetty-util-9.4.30.v20200611.jar:9.4.30.v20200611]
		at org.eclipse.jetty.util.thread.strategy.EatWhatYouKill.tryProduce(EatWhatYouKill.java:171) ~[jetty-util-9.4.30.v20200611.jar:9.4.30.v20200611]
		at org.eclipse.jetty.util.thread.strategy.EatWhatYouKill.run(EatWhatYouKill.java:129) ~[jetty-util-9.4.30.v20200611.jar:9.4.30.v20200611]
		at org.eclipse.jetty.util.thread.ReservedThreadExecutor$ReservedThread.run(ReservedThreadExecutor.java:375) ~[jetty-util-9.4.30.v20200611.jar:9.4.30.v20200611]
		at org.eclipse.jetty.util.thread.QueuedThreadPool.runJob(QueuedThreadPool.java:806) ~[jetty-util-9.4.30.v20200611.jar:9.4.30.v20200611]
		at org.eclipse.jetty.util.thread.QueuedThreadPool$Runner.run(QueuedThreadPool.java:938) ~[jetty-util-9.4.30.v20200611.jar:9.4.30.v20200611]
		at java.lang.Thread.run(Thread.java:750) ~[na:1.8.0_452]

2025-09-05 15:19:01.758  INFO 3440 --- [           main] o.e.jetty.server.AbstractConnector       : Stopped NetworkTrafficServerConnector@50785f86{HTTP/1.1, (http/1.1)}{0.0.0.0:8081}
2025-09-05 15:19:01.758  INFO 3440 --- [           main] o.e.jetty.server.handler.ContextHandler  : Stopped o.e.j.s.ServletContextHandler@1b28cff{/,null,UNAVAILABLE}
2025-09-05 15:19:01.758  INFO 3440 --- [           main] o.e.jetty.server.handler.ContextHandler  : Stopped o.e.j.s.ServletContextHandler@4e85dcb2{/__admin,null,UNAVAILABLE}
2025-09-05 15:19:01.759  INFO 3440 --- [           main] o.e.jetty.server.AbstractConnector       : Stopped NetworkTrafficServerConnector@2f0cab82{HTTP/1.1, (http/1.1)}{0.0.0.0:8082}
2025-09-05 15:19:01.760  INFO 3440 --- [           main] o.e.jetty.server.handler.ContextHandler  : Stopped o.e.j.s.ServletContextHandler@fbbd90c{/,null,UNAVAILABLE}
2025-09-05 15:19:01.760  INFO 3440 --- [           main] o.e.jetty.server.handler.ContextHandler  : Stopped o.e.j.s.ServletContextHandler@6d7865d6{/__admin,null,UNAVAILABLE}
]]></system-out>
  </testcase>
  <testcase name="testRealServicesIntegration" classname="com.example.gateway.EndToEndIntegrationTest" time="0.0">
    <skipped message="System property [e2e.test] does not exist"/>
  </testcase>
</testsuite>