<?xml version="1.0" encoding="UTF-8"?>
<testsuite xmlns:xsi="http://www.w3.org/2001/XMLSchema-instance" xsi:noNamespaceSchemaLocation="https://maven.apache.org/surefire/maven-surefire-plugin/xsd/surefire-test-report-3.0.xsd" version="3.0" name="com.example.gateway.ConnectionPoolPropertiesTest" time="6.799" tests="1" errors="0" skipped="0" failures="0">
  <properties>
    <property name="gopherProxySet" value="false"/>
    <property name="awt.toolkit" value="sun.lwawt.macosx.LWCToolkit"/>
    <property name="socksProxyHost" value="127.0.0.1"/>
    <property name="http.proxyHost" value="127.0.0.1"/>
    <property name="java.specification.version" value="1.8"/>
    <property name="file.encoding.pkg" value="sun.io"/>
    <property name="sun.cpu.isalist" value=""/>
    <property name="sun.jnu.encoding" value="UTF-8"/>
    <property name="java.class.path" value="/Users/ip192/work/Projects/java/gateway-demo/gateway-service/target/test-classes:/Users/ip192/work/Projects/java/gateway-demo/gateway-service/target/classes:/Users/ip192/.m2/repository/org/springframework/cloud/spring-cloud-starter-gateway/2.2.4.RELEASE/spring-cloud-starter-gateway-2.2.4.RELEASE.jar:/Users/ip192/.m2/repository/org/springframework/cloud/spring-cloud-starter/2.2.4.RELEASE/spring-cloud-starter-2.2.4.RELEASE.jar:/Users/ip192/.m2/repository/org/springframework/cloud/spring-cloud-context/2.2.4.RELEASE/spring-cloud-context-2.2.4.RELEASE.jar:/Users/ip192/.m2/repository/org/springframework/security/spring-security-crypto/5.3.3.RELEASE/spring-security-crypto-5.3.3.RELEASE.jar:/Users/ip192/.m2/repository/org/springframework/cloud/spring-cloud-commons/2.2.4.RELEASE/spring-cloud-commons-2.2.4.RELEASE.jar:/Users/ip192/.m2/repository/org/springframework/security/spring-security-rsa/1.0.9.RELEASE/spring-security-rsa-1.0.9.RELEASE.jar:/Users/ip192/.m2/repository/org/bouncycastle/bcpkix-jdk15on/1.64/bcpkix-jdk15on-1.64.jar:/Users/ip192/.m2/repository/org/bouncycastle/bcprov-jdk15on/1.64/bcprov-jdk15on-1.64.jar:/Users/ip192/.m2/repository/org/springframework/cloud/spring-cloud-gateway-core/2.2.4.RELEASE/spring-cloud-gateway-core-2.2.4.RELEASE.jar:/Users/ip192/.m2/repository/org/springframework/boot/spring-boot-starter-validation/2.3.2.RELEASE/spring-boot-starter-validation-2.3.2.RELEASE.jar:/Users/ip192/.m2/repository/org/glassfish/jakarta.el/3.0.3/jakarta.el-3.0.3.jar:/Users/ip192/.m2/repository/org/hibernate/validator/hibernate-validator/6.1.5.Final/hibernate-validator-6.1.5.Final.jar:/Users/ip192/.m2/repository/jakarta/validation/jakarta.validation-api/2.0.2/jakarta.validation-api-2.0.2.jar:/Users/ip192/.m2/repository/org/jboss/logging/jboss-logging/3.4.1.Final/jboss-logging-3.4.1.Final.jar:/Users/ip192/.m2/repository/com/fasterxml/classmate/1.5.1/classmate-1.5.1.jar:/Users/ip192/.m2/repository/io/projectreactor/addons/reactor-extra/3.3.3.RELEASE/reactor-extra-3.3.3.RELEASE.jar:/Users/ip192/.m2/repository/org/springframework/boot/spring-boot-starter-webflux/2.3.2.RELEASE/spring-boot-starter-webflux-2.3.2.RELEASE.jar:/Users/ip192/.m2/repository/org/springframework/boot/spring-boot-starter/2.3.2.RELEASE/spring-boot-starter-2.3.2.RELEASE.jar:/Users/ip192/.m2/repository/org/springframework/boot/spring-boot/2.3.2.RELEASE/spring-boot-2.3.2.RELEASE.jar:/Users/ip192/.m2/repository/org/springframework/spring-context/5.2.8.RELEASE/spring-context-5.2.8.RELEASE.jar:/Users/ip192/.m2/repository/org/springframework/spring-aop/5.2.8.RELEASE/spring-aop-5.2.8.RELEASE.jar:/Users/ip192/.m2/repository/org/springframework/spring-expression/5.2.8.RELEASE/spring-expression-5.2.8.RELEASE.jar:/Users/ip192/.m2/repository/org/springframework/boot/spring-boot-autoconfigure/2.3.2.RELEASE/spring-boot-autoconfigure-2.3.2.RELEASE.jar:/Users/ip192/.m2/repository/org/springframework/boot/spring-boot-starter-logging/2.3.2.RELEASE/spring-boot-starter-logging-2.3.2.RELEASE.jar:/Users/ip192/.m2/repository/ch/qos/logback/logback-classic/1.2.3/logback-classic-1.2.3.jar:/Users/ip192/.m2/repository/ch/qos/logback/logback-core/1.2.3/logback-core-1.2.3.jar:/Users/ip192/.m2/repository/org/apache/logging/log4j/log4j-to-slf4j/2.13.3/log4j-to-slf4j-2.13.3.jar:/Users/ip192/.m2/repository/org/apache/logging/log4j/log4j-api/2.13.3/log4j-api-2.13.3.jar:/Users/ip192/.m2/repository/org/slf4j/jul-to-slf4j/1.7.30/jul-to-slf4j-1.7.30.jar:/Users/ip192/.m2/repository/jakarta/annotation/jakarta.annotation-api/1.3.5/jakarta.annotation-api-1.3.5.jar:/Users/ip192/.m2/repository/org/yaml/snakeyaml/1.26/snakeyaml-1.26.jar:/Users/ip192/.m2/repository/org/springframework/boot/spring-boot-starter-json/2.3.2.RELEASE/spring-boot-starter-json-2.3.2.RELEASE.jar:/Users/ip192/.m2/repository/com/fasterxml/jackson/datatype/jackson-datatype-jdk8/2.11.1/jackson-datatype-jdk8-2.11.1.jar:/Users/ip192/.m2/repository/com/fasterxml/jackson/datatype/jackson-datatype-jsr310/2.11.1/jackson-datatype-jsr310-2.11.1.jar:/Users/ip192/.m2/repository/com/fasterxml/jackson/module/jackson-module-parameter-names/2.11.1/jackson-module-parameter-names-2.11.1.jar:/Users/ip192/.m2/repository/org/springframework/boot/spring-boot-starter-reactor-netty/2.3.2.RELEASE/spring-boot-starter-reactor-netty-2.3.2.RELEASE.jar:/Users/ip192/.m2/repository/io/projectreactor/netty/reactor-netty/0.9.10.RELEASE/reactor-netty-0.9.10.RELEASE.jar:/Users/ip192/.m2/repository/io/netty/netty-codec-http/4.1.51.Final/netty-codec-http-4.1.51.Final.jar:/Users/ip192/.m2/repository/io/netty/netty-common/4.1.51.Final/netty-common-4.1.51.Final.jar:/Users/ip192/.m2/repository/io/netty/netty-buffer/4.1.51.Final/netty-buffer-4.1.51.Final.jar:/Users/ip192/.m2/repository/io/netty/netty-transport/4.1.51.Final/netty-transport-4.1.51.Final.jar:/Users/ip192/.m2/repository/io/netty/netty-codec/4.1.51.Final/netty-codec-4.1.51.Final.jar:/Users/ip192/.m2/repository/io/netty/netty-codec-http2/4.1.51.Final/netty-codec-http2-4.1.51.Final.jar:/Users/ip192/.m2/repository/io/netty/netty-handler/4.1.51.Final/netty-handler-4.1.51.Final.jar:/Users/ip192/.m2/repository/io/netty/netty-resolver/4.1.51.Final/netty-resolver-4.1.51.Final.jar:/Users/ip192/.m2/repository/io/netty/netty-handler-proxy/4.1.51.Final/netty-handler-proxy-4.1.51.Final.jar:/Users/ip192/.m2/repository/io/netty/netty-codec-socks/4.1.51.Final/netty-codec-socks-4.1.51.Final.jar:/Users/ip192/.m2/repository/io/netty/netty-transport-native-epoll/4.1.51.Final/netty-transport-native-epoll-4.1.51.Final-linux-x86_64.jar:/Users/ip192/.m2/repository/io/netty/netty-transport-native-unix-common/4.1.51.Final/netty-transport-native-unix-common-4.1.51.Final.jar:/Users/ip192/.m2/repository/org/springframework/spring-web/5.2.8.RELEASE/spring-web-5.2.8.RELEASE.jar:/Users/ip192/.m2/repository/org/springframework/spring-beans/5.2.8.RELEASE/spring-beans-5.2.8.RELEASE.jar:/Users/ip192/.m2/repository/org/springframework/spring-webflux/5.2.8.RELEASE/spring-webflux-5.2.8.RELEASE.jar:/Users/ip192/.m2/repository/org/synchronoss/cloud/nio-multipart-parser/1.1.0/nio-multipart-parser-1.1.0.jar:/Users/ip192/.m2/repository/org/synchronoss/cloud/nio-stream-storage/1.1.3/nio-stream-storage-1.1.3.jar:/Users/ip192/.m2/repository/org/springframework/boot/spring-boot-starter-actuator/2.3.2.RELEASE/spring-boot-starter-actuator-2.3.2.RELEASE.jar:/Users/ip192/.m2/repository/org/springframework/boot/spring-boot-actuator-autoconfigure/2.3.2.RELEASE/spring-boot-actuator-autoconfigure-2.3.2.RELEASE.jar:/Users/ip192/.m2/repository/org/springframework/boot/spring-boot-actuator/2.3.2.RELEASE/spring-boot-actuator-2.3.2.RELEASE.jar:/Users/ip192/.m2/repository/org/springframework/cloud/spring-cloud-starter-circuitbreaker-reactor-resilience4j/1.0.4.RELEASE/spring-cloud-starter-circuitbreaker-reactor-resilience4j-1.0.4.RELEASE.jar:/Users/ip192/.m2/repository/org/springframework/cloud/spring-cloud-circuitbreaker-resilience4j/1.0.4.RELEASE/spring-cloud-circuitbreaker-resilience4j-1.0.4.RELEASE.jar:/Users/ip192/.m2/repository/io/github/resilience4j/resilience4j-circuitbreaker/1.3.1/resilience4j-circuitbreaker-1.3.1.jar:/Users/ip192/.m2/repository/io/vavr/vavr/0.10.2/vavr-0.10.2.jar:/Users/ip192/.m2/repository/io/vavr/vavr-match/0.10.2/vavr-match-0.10.2.jar:/Users/ip192/.m2/repository/io/github/resilience4j/resilience4j-core/1.3.1/resilience4j-core-1.3.1.jar:/Users/ip192/.m2/repository/io/github/resilience4j/resilience4j-timelimiter/1.3.1/resilience4j-timelimiter-1.3.1.jar:/Users/ip192/.m2/repository/io/github/resilience4j/resilience4j-reactor/1.3.1/resilience4j-reactor-1.3.1.jar:/Users/ip192/.m2/repository/org/springframework/boot/spring-boot-configuration-processor/2.3.2.RELEASE/spring-boot-configuration-processor-2.3.2.RELEASE.jar:/Users/ip192/.m2/repository/org/springframework/boot/spring-boot-starter-test/2.3.2.RELEASE/spring-boot-starter-test-2.3.2.RELEASE.jar:/Users/ip192/.m2/repository/org/springframework/boot/spring-boot-test/2.3.2.RELEASE/spring-boot-test-2.3.2.RELEASE.jar:/Users/ip192/.m2/repository/org/springframework/boot/spring-boot-test-autoconfigure/2.3.2.RELEASE/spring-boot-test-autoconfigure-2.3.2.RELEASE.jar:/Users/ip192/.m2/repository/com/jayway/jsonpath/json-path/2.4.0/json-path-2.4.0.jar:/Users/ip192/.m2/repository/net/minidev/json-smart/2.3/json-smart-2.3.jar:/Users/ip192/.m2/repository/net/minidev/accessors-smart/1.2/accessors-smart-1.2.jar:/Users/ip192/.m2/repository/jakarta/xml/bind/jakarta.xml.bind-api/2.3.3/jakarta.xml.bind-api-2.3.3.jar:/Users/ip192/.m2/repository/jakarta/activation/jakarta.activation-api/1.2.2/jakarta.activation-api-1.2.2.jar:/Users/ip192/.m2/repository/org/assertj/assertj-core/3.16.1/assertj-core-3.16.1.jar:/Users/ip192/.m2/repository/org/hamcrest/hamcrest/2.2/hamcrest-2.2.jar:/Users/ip192/.m2/repository/org/junit/jupiter/junit-jupiter/5.6.2/junit-jupiter-5.6.2.jar:/Users/ip192/.m2/repository/org/junit/jupiter/junit-jupiter-api/5.6.2/junit-jupiter-api-5.6.2.jar:/Users/ip192/.m2/repository/org/junit/platform/junit-platform-commons/1.6.2/junit-platform-commons-1.6.2.jar:/Users/ip192/.m2/repository/org/junit/jupiter/junit-jupiter-params/5.6.2/junit-jupiter-params-5.6.2.jar:/Users/ip192/.m2/repository/org/junit/jupiter/junit-jupiter-engine/5.6.2/junit-jupiter-engine-5.6.2.jar:/Users/ip192/.m2/repository/org/junit/vintage/junit-vintage-engine/5.6.2/junit-vintage-engine-5.6.2.jar:/Users/ip192/.m2/repository/org/apiguardian/apiguardian-api/1.1.0/apiguardian-api-1.1.0.jar:/Users/ip192/.m2/repository/org/junit/platform/junit-platform-engine/1.6.2/junit-platform-engine-1.6.2.jar:/Users/ip192/.m2/repository/junit/junit/4.13/junit-4.13.jar:/Users/ip192/.m2/repository/org/mockito/mockito-core/3.3.3/mockito-core-3.3.3.jar:/Users/ip192/.m2/repository/net/bytebuddy/byte-buddy/1.10.13/byte-buddy-1.10.13.jar:/Users/ip192/.m2/repository/net/bytebuddy/byte-buddy-agent/1.10.13/byte-buddy-agent-1.10.13.jar:/Users/ip192/.m2/repository/org/objenesis/objenesis/2.6/objenesis-2.6.jar:/Users/ip192/.m2/repository/org/mockito/mockito-junit-jupiter/3.3.3/mockito-junit-jupiter-3.3.3.jar:/Users/ip192/.m2/repository/org/skyscreamer/jsonassert/1.5.0/jsonassert-1.5.0.jar:/Users/ip192/.m2/repository/com/vaadin/external/google/android-json/0.0.20131108.vaadin1/android-json-0.0.20131108.vaadin1.jar:/Users/ip192/.m2/repository/org/springframework/spring-core/5.2.8.RELEASE/spring-core-5.2.8.RELEASE.jar:/Users/ip192/.m2/repository/org/springframework/spring-jcl/5.2.8.RELEASE/spring-jcl-5.2.8.RELEASE.jar:/Users/ip192/.m2/repository/org/springframework/spring-test/5.2.8.RELEASE/spring-test-5.2.8.RELEASE.jar:/Users/ip192/.m2/repository/org/xmlunit/xmlunit-core/2.7.0/xmlunit-core-2.7.0.jar:/Users/ip192/.m2/repository/com/github/tomakehurst/wiremock-jre8/2.27.2/wiremock-jre8-2.27.2.jar:/Users/ip192/.m2/repository/org/eclipse/jetty/jetty-server/9.4.30.v20200611/jetty-server-9.4.30.v20200611.jar:/Users/ip192/.m2/repository/javax/servlet/javax.servlet-api/4.0.1/javax.servlet-api-4.0.1.jar:/Users/ip192/.m2/repository/org/eclipse/jetty/jetty-http/9.4.30.v20200611/jetty-http-9.4.30.v20200611.jar:/Users/ip192/.m2/repository/org/eclipse/jetty/jetty-io/9.4.30.v20200611/jetty-io-9.4.30.v20200611.jar:/Users/ip192/.m2/repository/org/eclipse/jetty/jetty-servlet/9.4.30.v20200611/jetty-servlet-9.4.30.v20200611.jar:/Users/ip192/.m2/repository/org/eclipse/jetty/jetty-security/9.4.30.v20200611/jetty-security-9.4.30.v20200611.jar:/Users/ip192/.m2/repository/org/eclipse/jetty/jetty-servlets/9.4.30.v20200611/jetty-servlets-9.4.30.v20200611.jar:/Users/ip192/.m2/repository/org/eclipse/jetty/jetty-continuation/9.4.30.v20200611/jetty-continuation-9.4.30.v20200611.jar:/Users/ip192/.m2/repository/org/eclipse/jetty/jetty-util/9.4.30.v20200611/jetty-util-9.4.30.v20200611.jar:/Users/ip192/.m2/repository/org/eclipse/jetty/jetty-webapp/9.4.30.v20200611/jetty-webapp-9.4.30.v20200611.jar:/Users/ip192/.m2/repository/org/eclipse/jetty/jetty-xml/9.4.30.v20200611/jetty-xml-9.4.30.v20200611.jar:/Users/ip192/.m2/repository/org/eclipse/jetty/jetty-proxy/9.4.30.v20200611/jetty-proxy-9.4.30.v20200611.jar:/Users/ip192/.m2/repository/org/eclipse/jetty/jetty-client/9.4.30.v20200611/jetty-client-9.4.30.v20200611.jar:/Users/ip192/.m2/repository/com/google/guava/guava/29.0-jre/guava-29.0-jre.jar:/Users/ip192/.m2/repository/com/google/guava/failureaccess/1.0.1/failureaccess-1.0.1.jar:/Users/ip192/.m2/repository/com/google/guava/listenablefuture/9999.0-empty-to-avoid-conflict-with-guava/listenablefuture-9999.0-empty-to-avoid-conflict-with-guava.jar:/Users/ip192/.m2/repository/com/google/code/findbugs/jsr305/3.0.2/jsr305-3.0.2.jar:/Users/ip192/.m2/repository/org/checkerframework/checker-qual/2.11.1/checker-qual-2.11.1.jar:/Users/ip192/.m2/repository/com/google/errorprone/error_prone_annotations/2.3.4/error_prone_annotations-2.3.4.jar:/Users/ip192/.m2/repository/com/google/j2objc/j2objc-annotations/1.3/j2objc-annotations-1.3.jar:/Users/ip192/.m2/repository/com/fasterxml/jackson/core/jackson-core/2.11.1/jackson-core-2.11.1.jar:/Users/ip192/.m2/repository/com/fasterxml/jackson/core/jackson-annotations/2.11.1/jackson-annotations-2.11.1.jar:/Users/ip192/.m2/repository/com/fasterxml/jackson/core/jackson-databind/2.11.1/jackson-databind-2.11.1.jar:/Users/ip192/.m2/repository/org/xmlunit/xmlunit-legacy/2.7.0/xmlunit-legacy-2.7.0.jar:/Users/ip192/.m2/repository/org/xmlunit/xmlunit-placeholders/2.7.0/xmlunit-placeholders-2.7.0.jar:/Users/ip192/.m2/repository/org/ow2/asm/asm/7.0/asm-7.0.jar:/Users/ip192/.m2/repository/org/slf4j/slf4j-api/1.7.30/slf4j-api-1.7.30.jar:/Users/ip192/.m2/repository/net/sf/jopt-simple/jopt-simple/5.0.3/jopt-simple-5.0.3.jar:/Users/ip192/.m2/repository/org/apache/commons/commons-lang3/3.10/commons-lang3-3.10.jar:/Users/ip192/.m2/repository/com/github/jknack/handlebars/4.2.0/handlebars-4.2.0.jar:/Users/ip192/.m2/repository/com/github/jknack/handlebars-helpers/4.2.0/handlebars-helpers-4.2.0.jar:/Users/ip192/.m2/repository/com/flipkart/zjsonpatch/zjsonpatch/0.4.4/zjsonpatch-0.4.4.jar:/Users/ip192/.m2/repository/commons-fileupload/commons-fileupload/1.4/commons-fileupload-1.4.jar:/Users/ip192/.m2/repository/commons-io/commons-io/2.2/commons-io-2.2.jar:/Users/ip192/.m2/repository/org/eclipse/jetty/http2/http2-server/9.4.30.v20200611/http2-server-9.4.30.v20200611.jar:/Users/ip192/.m2/repository/org/eclipse/jetty/http2/http2-common/9.4.30.v20200611/http2-common-9.4.30.v20200611.jar:/Users/ip192/.m2/repository/org/eclipse/jetty/http2/http2-hpack/9.4.30.v20200611/http2-hpack-9.4.30.v20200611.jar:/Users/ip192/.m2/repository/org/eclipse/jetty/jetty-alpn-server/9.4.30.v20200611/jetty-alpn-server-9.4.30.v20200611.jar:/Users/ip192/.m2/repository/org/eclipse/jetty/jetty-alpn-conscrypt-server/9.4.30.v20200611/jetty-alpn-conscrypt-server-9.4.30.v20200611.jar:/Users/ip192/.m2/repository/org/eclipse/jetty/jetty-alpn-conscrypt-client/9.4.30.v20200611/jetty-alpn-conscrypt-client-9.4.30.v20200611.jar:/Users/ip192/.m2/repository/org/eclipse/jetty/jetty-alpn-client/9.4.30.v20200611/jetty-alpn-client-9.4.30.v20200611.jar:/Users/ip192/.m2/repository/org/conscrypt/conscrypt-openjdk-uber/2.2.1/conscrypt-openjdk-uber-2.2.1.jar:/Users/ip192/.m2/repository/net/javacrumbs/json-unit/json-unit-core/2.12.0/json-unit-core-2.12.0.jar:/Users/ip192/.m2/repository/org/opentest4j/opentest4j/1.1.1/opentest4j-1.1.1.jar:/Users/ip192/.m2/repository/org/hamcrest/hamcrest-core/2.2/hamcrest-core-2.2.jar:/Users/ip192/.m2/repository/org/awaitility/awaitility/4.0.3/awaitility-4.0.3.jar:/Users/ip192/.m2/repository/io/projectreactor/reactor-test/3.3.8.RELEASE/reactor-test-3.3.8.RELEASE.jar:/Users/ip192/.m2/repository/io/projectreactor/reactor-core/3.3.8.RELEASE/reactor-core-3.3.8.RELEASE.jar:/Users/ip192/.m2/repository/org/reactivestreams/reactive-streams/1.0.3/reactive-streams-1.0.3.jar:/Users/ip192/.m2/repository/io/micrometer/micrometer-core/1.5.3/micrometer-core-1.5.3.jar:/Users/ip192/.m2/repository/org/hdrhistogram/HdrHistogram/2.1.12/HdrHistogram-2.1.12.jar:/Users/ip192/.m2/repository/org/latencyutils/LatencyUtils/2.0.3/LatencyUtils-2.0.3.jar:/Users/ip192/.m2/repository/io/micrometer/micrometer-registry-prometheus/1.5.3/micrometer-registry-prometheus-1.5.3.jar:/Users/ip192/.m2/repository/io/prometheus/simpleclient_common/0.8.1/simpleclient_common-0.8.1.jar:/Users/ip192/.m2/repository/io/prometheus/simpleclient/0.8.1/simpleclient-0.8.1.jar:/Users/ip192/.m2/repository/org/apache/httpcomponents/httpclient/4.5.12/httpclient-4.5.12.jar:/Users/ip192/.m2/repository/org/apache/httpcomponents/httpcore/4.4.13/httpcore-4.4.13.jar:/Users/ip192/.m2/repository/commons-codec/commons-codec/1.14/commons-codec-1.14.jar:"/>
    <property name="https.proxyPort" value="7897"/>
    <property name="java.vm.vendor" value="Temurin"/>
    <property name="sun.arch.data.model" value="64"/>
    <property name="java.vendor.url" value="https://adoptium.net/"/>
    <property name="user.timezone" value="Asia/Shanghai"/>
    <property name="os.name" value="Mac OS X"/>
    <property name="java.vm.specification.version" value="1.8"/>
    <property name="sun.java.launcher" value="SUN_STANDARD"/>
    <property name="user.country" value="CN"/>
    <property name="sun.boot.library.path" value="/Library/Java/JavaVirtualMachines/temurin-8.jdk/Contents/Home/jre/lib"/>
    <property name="sun.java.command" value="/Users/ip192/work/Projects/java/gateway-demo/gateway-service/target/surefire/surefirebooter-20250907000902816_3.jar /Users/ip192/work/Projects/java/gateway-demo/gateway-service/target/surefire 2025-09-07T00-09-02_655-jvmRun1 surefire-20250907000902816_1tmp surefire_0-20250907000902816_2tmp"/>
    <property name="http.nonProxyHosts" value="127.0.0.1|192.168.0.0/16|*.192.168.0.0/16|10.0.0.0/8|*.10.0.0.0/8|172.16.0.0/12|*.172.16.0.0/12|172.29.0.0/16|*.172.29.0.0/16|localhost|*.localhost|local|*.local|crashlytics.com|*.crashlytics.com|&lt;local&gt;|*.&lt;local&gt;"/>
    <property name="test" value="ConnectionPoolPropertiesTest#testConnectionPoolPropertiesLoaded"/>
    <property name="surefire.test.class.path" value="/Users/ip192/work/Projects/java/gateway-demo/gateway-service/target/test-classes:/Users/ip192/work/Projects/java/gateway-demo/gateway-service/target/classes:/Users/ip192/.m2/repository/org/springframework/cloud/spring-cloud-starter-gateway/2.2.4.RELEASE/spring-cloud-starter-gateway-2.2.4.RELEASE.jar:/Users/ip192/.m2/repository/org/springframework/cloud/spring-cloud-starter/2.2.4.RELEASE/spring-cloud-starter-2.2.4.RELEASE.jar:/Users/ip192/.m2/repository/org/springframework/cloud/spring-cloud-context/2.2.4.RELEASE/spring-cloud-context-2.2.4.RELEASE.jar:/Users/ip192/.m2/repository/org/springframework/security/spring-security-crypto/5.3.3.RELEASE/spring-security-crypto-5.3.3.RELEASE.jar:/Users/ip192/.m2/repository/org/springframework/cloud/spring-cloud-commons/2.2.4.RELEASE/spring-cloud-commons-2.2.4.RELEASE.jar:/Users/ip192/.m2/repository/org/springframework/security/spring-security-rsa/1.0.9.RELEASE/spring-security-rsa-1.0.9.RELEASE.jar:/Users/ip192/.m2/repository/org/bouncycastle/bcpkix-jdk15on/1.64/bcpkix-jdk15on-1.64.jar:/Users/ip192/.m2/repository/org/bouncycastle/bcprov-jdk15on/1.64/bcprov-jdk15on-1.64.jar:/Users/ip192/.m2/repository/org/springframework/cloud/spring-cloud-gateway-core/2.2.4.RELEASE/spring-cloud-gateway-core-2.2.4.RELEASE.jar:/Users/ip192/.m2/repository/org/springframework/boot/spring-boot-starter-validation/2.3.2.RELEASE/spring-boot-starter-validation-2.3.2.RELEASE.jar:/Users/ip192/.m2/repository/org/glassfish/jakarta.el/3.0.3/jakarta.el-3.0.3.jar:/Users/ip192/.m2/repository/org/hibernate/validator/hibernate-validator/6.1.5.Final/hibernate-validator-6.1.5.Final.jar:/Users/ip192/.m2/repository/jakarta/validation/jakarta.validation-api/2.0.2/jakarta.validation-api-2.0.2.jar:/Users/ip192/.m2/repository/org/jboss/logging/jboss-logging/3.4.1.Final/jboss-logging-3.4.1.Final.jar:/Users/ip192/.m2/repository/com/fasterxml/classmate/1.5.1/classmate-1.5.1.jar:/Users/ip192/.m2/repository/io/projectreactor/addons/reactor-extra/3.3.3.RELEASE/reactor-extra-3.3.3.RELEASE.jar:/Users/ip192/.m2/repository/org/springframework/boot/spring-boot-starter-webflux/2.3.2.RELEASE/spring-boot-starter-webflux-2.3.2.RELEASE.jar:/Users/ip192/.m2/repository/org/springframework/boot/spring-boot-starter/2.3.2.RELEASE/spring-boot-starter-2.3.2.RELEASE.jar:/Users/ip192/.m2/repository/org/springframework/boot/spring-boot/2.3.2.RELEASE/spring-boot-2.3.2.RELEASE.jar:/Users/ip192/.m2/repository/org/springframework/spring-context/5.2.8.RELEASE/spring-context-5.2.8.RELEASE.jar:/Users/ip192/.m2/repository/org/springframework/spring-aop/5.2.8.RELEASE/spring-aop-5.2.8.RELEASE.jar:/Users/ip192/.m2/repository/org/springframework/spring-expression/5.2.8.RELEASE/spring-expression-5.2.8.RELEASE.jar:/Users/ip192/.m2/repository/org/springframework/boot/spring-boot-autoconfigure/2.3.2.RELEASE/spring-boot-autoconfigure-2.3.2.RELEASE.jar:/Users/ip192/.m2/repository/org/springframework/boot/spring-boot-starter-logging/2.3.2.RELEASE/spring-boot-starter-logging-2.3.2.RELEASE.jar:/Users/ip192/.m2/repository/ch/qos/logback/logback-classic/1.2.3/logback-classic-1.2.3.jar:/Users/ip192/.m2/repository/ch/qos/logback/logback-core/1.2.3/logback-core-1.2.3.jar:/Users/ip192/.m2/repository/org/apache/logging/log4j/log4j-to-slf4j/2.13.3/log4j-to-slf4j-2.13.3.jar:/Users/ip192/.m2/repository/org/apache/logging/log4j/log4j-api/2.13.3/log4j-api-2.13.3.jar:/Users/ip192/.m2/repository/org/slf4j/jul-to-slf4j/1.7.30/jul-to-slf4j-1.7.30.jar:/Users/ip192/.m2/repository/jakarta/annotation/jakarta.annotation-api/1.3.5/jakarta.annotation-api-1.3.5.jar:/Users/ip192/.m2/repository/org/yaml/snakeyaml/1.26/snakeyaml-1.26.jar:/Users/ip192/.m2/repository/org/springframework/boot/spring-boot-starter-json/2.3.2.RELEASE/spring-boot-starter-json-2.3.2.RELEASE.jar:/Users/ip192/.m2/repository/com/fasterxml/jackson/datatype/jackson-datatype-jdk8/2.11.1/jackson-datatype-jdk8-2.11.1.jar:/Users/ip192/.m2/repository/com/fasterxml/jackson/datatype/jackson-datatype-jsr310/2.11.1/jackson-datatype-jsr310-2.11.1.jar:/Users/ip192/.m2/repository/com/fasterxml/jackson/module/jackson-module-parameter-names/2.11.1/jackson-module-parameter-names-2.11.1.jar:/Users/ip192/.m2/repository/org/springframework/boot/spring-boot-starter-reactor-netty/2.3.2.RELEASE/spring-boot-starter-reactor-netty-2.3.2.RELEASE.jar:/Users/ip192/.m2/repository/io/projectreactor/netty/reactor-netty/0.9.10.RELEASE/reactor-netty-0.9.10.RELEASE.jar:/Users/ip192/.m2/repository/io/netty/netty-codec-http/4.1.51.Final/netty-codec-http-4.1.51.Final.jar:/Users/ip192/.m2/repository/io/netty/netty-common/4.1.51.Final/netty-common-4.1.51.Final.jar:/Users/ip192/.m2/repository/io/netty/netty-buffer/4.1.51.Final/netty-buffer-4.1.51.Final.jar:/Users/ip192/.m2/repository/io/netty/netty-transport/4.1.51.Final/netty-transport-4.1.51.Final.jar:/Users/ip192/.m2/repository/io/netty/netty-codec/4.1.51.Final/netty-codec-4.1.51.Final.jar:/Users/ip192/.m2/repository/io/netty/netty-codec-http2/4.1.51.Final/netty-codec-http2-4.1.51.Final.jar:/Users/ip192/.m2/repository/io/netty/netty-handler/4.1.51.Final/netty-handler-4.1.51.Final.jar:/Users/ip192/.m2/repository/io/netty/netty-resolver/4.1.51.Final/netty-resolver-4.1.51.Final.jar:/Users/ip192/.m2/repository/io/netty/netty-handler-proxy/4.1.51.Final/netty-handler-proxy-4.1.51.Final.jar:/Users/ip192/.m2/repository/io/netty/netty-codec-socks/4.1.51.Final/netty-codec-socks-4.1.51.Final.jar:/Users/ip192/.m2/repository/io/netty/netty-transport-native-epoll/4.1.51.Final/netty-transport-native-epoll-4.1.51.Final-linux-x86_64.jar:/Users/ip192/.m2/repository/io/netty/netty-transport-native-unix-common/4.1.51.Final/netty-transport-native-unix-common-4.1.51.Final.jar:/Users/ip192/.m2/repository/org/springframework/spring-web/5.2.8.RELEASE/spring-web-5.2.8.RELEASE.jar:/Users/ip192/.m2/repository/org/springframework/spring-beans/5.2.8.RELEASE/spring-beans-5.2.8.RELEASE.jar:/Users/ip192/.m2/repository/org/springframework/spring-webflux/5.2.8.RELEASE/spring-webflux-5.2.8.RELEASE.jar:/Users/ip192/.m2/repository/org/synchronoss/cloud/nio-multipart-parser/1.1.0/nio-multipart-parser-1.1.0.jar:/Users/ip192/.m2/repository/org/synchronoss/cloud/nio-stream-storage/1.1.3/nio-stream-storage-1.1.3.jar:/Users/ip192/.m2/repository/org/springframework/boot/spring-boot-starter-actuator/2.3.2.RELEASE/spring-boot-starter-actuator-2.3.2.RELEASE.jar:/Users/ip192/.m2/repository/org/springframework/boot/spring-boot-actuator-autoconfigure/2.3.2.RELEASE/spring-boot-actuator-autoconfigure-2.3.2.RELEASE.jar:/Users/ip192/.m2/repository/org/springframework/boot/spring-boot-actuator/2.3.2.RELEASE/spring-boot-actuator-2.3.2.RELEASE.jar:/Users/ip192/.m2/repository/org/springframework/cloud/spring-cloud-starter-circuitbreaker-reactor-resilience4j/1.0.4.RELEASE/spring-cloud-starter-circuitbreaker-reactor-resilience4j-1.0.4.RELEASE.jar:/Users/ip192/.m2/repository/org/springframework/cloud/spring-cloud-circuitbreaker-resilience4j/1.0.4.RELEASE/spring-cloud-circuitbreaker-resilience4j-1.0.4.RELEASE.jar:/Users/ip192/.m2/repository/io/github/resilience4j/resilience4j-circuitbreaker/1.3.1/resilience4j-circuitbreaker-1.3.1.jar:/Users/ip192/.m2/repository/io/vavr/vavr/0.10.2/vavr-0.10.2.jar:/Users/ip192/.m2/repository/io/vavr/vavr-match/0.10.2/vavr-match-0.10.2.jar:/Users/ip192/.m2/repository/io/github/resilience4j/resilience4j-core/1.3.1/resilience4j-core-1.3.1.jar:/Users/ip192/.m2/repository/io/github/resilience4j/resilience4j-timelimiter/1.3.1/resilience4j-timelimiter-1.3.1.jar:/Users/ip192/.m2/repository/io/github/resilience4j/resilience4j-reactor/1.3.1/resilience4j-reactor-1.3.1.jar:/Users/ip192/.m2/repository/org/springframework/boot/spring-boot-configuration-processor/2.3.2.RELEASE/spring-boot-configuration-processor-2.3.2.RELEASE.jar:/Users/ip192/.m2/repository/org/springframework/boot/spring-boot-starter-test/2.3.2.RELEASE/spring-boot-starter-test-2.3.2.RELEASE.jar:/Users/ip192/.m2/repository/org/springframework/boot/spring-boot-test/2.3.2.RELEASE/spring-boot-test-2.3.2.RELEASE.jar:/Users/ip192/.m2/repository/org/springframework/boot/spring-boot-test-autoconfigure/2.3.2.RELEASE/spring-boot-test-autoconfigure-2.3.2.RELEASE.jar:/Users/ip192/.m2/repository/com/jayway/jsonpath/json-path/2.4.0/json-path-2.4.0.jar:/Users/ip192/.m2/repository/net/minidev/json-smart/2.3/json-smart-2.3.jar:/Users/ip192/.m2/repository/net/minidev/accessors-smart/1.2/accessors-smart-1.2.jar:/Users/ip192/.m2/repository/jakarta/xml/bind/jakarta.xml.bind-api/2.3.3/jakarta.xml.bind-api-2.3.3.jar:/Users/ip192/.m2/repository/jakarta/activation/jakarta.activation-api/1.2.2/jakarta.activation-api-1.2.2.jar:/Users/ip192/.m2/repository/org/assertj/assertj-core/3.16.1/assertj-core-3.16.1.jar:/Users/ip192/.m2/repository/org/hamcrest/hamcrest/2.2/hamcrest-2.2.jar:/Users/ip192/.m2/repository/org/junit/jupiter/junit-jupiter/5.6.2/junit-jupiter-5.6.2.jar:/Users/ip192/.m2/repository/org/junit/jupiter/junit-jupiter-api/5.6.2/junit-jupiter-api-5.6.2.jar:/Users/ip192/.m2/repository/org/junit/platform/junit-platform-commons/1.6.2/junit-platform-commons-1.6.2.jar:/Users/ip192/.m2/repository/org/junit/jupiter/junit-jupiter-params/5.6.2/junit-jupiter-params-5.6.2.jar:/Users/ip192/.m2/repository/org/junit/jupiter/junit-jupiter-engine/5.6.2/junit-jupiter-engine-5.6.2.jar:/Users/ip192/.m2/repository/org/junit/vintage/junit-vintage-engine/5.6.2/junit-vintage-engine-5.6.2.jar:/Users/ip192/.m2/repository/org/apiguardian/apiguardian-api/1.1.0/apiguardian-api-1.1.0.jar:/Users/ip192/.m2/repository/org/junit/platform/junit-platform-engine/1.6.2/junit-platform-engine-1.6.2.jar:/Users/ip192/.m2/repository/junit/junit/4.13/junit-4.13.jar:/Users/ip192/.m2/repository/org/mockito/mockito-core/3.3.3/mockito-core-3.3.3.jar:/Users/ip192/.m2/repository/net/bytebuddy/byte-buddy/1.10.13/byte-buddy-1.10.13.jar:/Users/ip192/.m2/repository/net/bytebuddy/byte-buddy-agent/1.10.13/byte-buddy-agent-1.10.13.jar:/Users/ip192/.m2/repository/org/objenesis/objenesis/2.6/objenesis-2.6.jar:/Users/ip192/.m2/repository/org/mockito/mockito-junit-jupiter/3.3.3/mockito-junit-jupiter-3.3.3.jar:/Users/ip192/.m2/repository/org/skyscreamer/jsonassert/1.5.0/jsonassert-1.5.0.jar:/Users/ip192/.m2/repository/com/vaadin/external/google/android-json/0.0.20131108.vaadin1/android-json-0.0.20131108.vaadin1.jar:/Users/ip192/.m2/repository/org/springframework/spring-core/5.2.8.RELEASE/spring-core-5.2.8.RELEASE.jar:/Users/ip192/.m2/repository/org/springframework/spring-jcl/5.2.8.RELEASE/spring-jcl-5.2.8.RELEASE.jar:/Users/ip192/.m2/repository/org/springframework/spring-test/5.2.8.RELEASE/spring-test-5.2.8.RELEASE.jar:/Users/ip192/.m2/repository/org/xmlunit/xmlunit-core/2.7.0/xmlunit-core-2.7.0.jar:/Users/ip192/.m2/repository/com/github/tomakehurst/wiremock-jre8/2.27.2/wiremock-jre8-2.27.2.jar:/Users/ip192/.m2/repository/org/eclipse/jetty/jetty-server/9.4.30.v20200611/jetty-server-9.4.30.v20200611.jar:/Users/ip192/.m2/repository/javax/servlet/javax.servlet-api/4.0.1/javax.servlet-api-4.0.1.jar:/Users/ip192/.m2/repository/org/eclipse/jetty/jetty-http/9.4.30.v20200611/jetty-http-9.4.30.v20200611.jar:/Users/ip192/.m2/repository/org/eclipse/jetty/jetty-io/9.4.30.v20200611/jetty-io-9.4.30.v20200611.jar:/Users/ip192/.m2/repository/org/eclipse/jetty/jetty-servlet/9.4.30.v20200611/jetty-servlet-9.4.30.v20200611.jar:/Users/ip192/.m2/repository/org/eclipse/jetty/jetty-security/9.4.30.v20200611/jetty-security-9.4.30.v20200611.jar:/Users/ip192/.m2/repository/org/eclipse/jetty/jetty-servlets/9.4.30.v20200611/jetty-servlets-9.4.30.v20200611.jar:/Users/ip192/.m2/repository/org/eclipse/jetty/jetty-continuation/9.4.30.v20200611/jetty-continuation-9.4.30.v20200611.jar:/Users/ip192/.m2/repository/org/eclipse/jetty/jetty-util/9.4.30.v20200611/jetty-util-9.4.30.v20200611.jar:/Users/ip192/.m2/repository/org/eclipse/jetty/jetty-webapp/9.4.30.v20200611/jetty-webapp-9.4.30.v20200611.jar:/Users/ip192/.m2/repository/org/eclipse/jetty/jetty-xml/9.4.30.v20200611/jetty-xml-9.4.30.v20200611.jar:/Users/ip192/.m2/repository/org/eclipse/jetty/jetty-proxy/9.4.30.v20200611/jetty-proxy-9.4.30.v20200611.jar:/Users/ip192/.m2/repository/org/eclipse/jetty/jetty-client/9.4.30.v20200611/jetty-client-9.4.30.v20200611.jar:/Users/ip192/.m2/repository/com/google/guava/guava/29.0-jre/guava-29.0-jre.jar:/Users/ip192/.m2/repository/com/google/guava/failureaccess/1.0.1/failureaccess-1.0.1.jar:/Users/ip192/.m2/repository/com/google/guava/listenablefuture/9999.0-empty-to-avoid-conflict-with-guava/listenablefuture-9999.0-empty-to-avoid-conflict-with-guava.jar:/Users/ip192/.m2/repository/com/google/code/findbugs/jsr305/3.0.2/jsr305-3.0.2.jar:/Users/ip192/.m2/repository/org/checkerframework/checker-qual/2.11.1/checker-qual-2.11.1.jar:/Users/ip192/.m2/repository/com/google/errorprone/error_prone_annotations/2.3.4/error_prone_annotations-2.3.4.jar:/Users/ip192/.m2/repository/com/google/j2objc/j2objc-annotations/1.3/j2objc-annotations-1.3.jar:/Users/ip192/.m2/repository/com/fasterxml/jackson/core/jackson-core/2.11.1/jackson-core-2.11.1.jar:/Users/ip192/.m2/repository/com/fasterxml/jackson/core/jackson-annotations/2.11.1/jackson-annotations-2.11.1.jar:/Users/ip192/.m2/repository/com/fasterxml/jackson/core/jackson-databind/2.11.1/jackson-databind-2.11.1.jar:/Users/ip192/.m2/repository/org/xmlunit/xmlunit-legacy/2.7.0/xmlunit-legacy-2.7.0.jar:/Users/ip192/.m2/repository/org/xmlunit/xmlunit-placeholders/2.7.0/xmlunit-placeholders-2.7.0.jar:/Users/ip192/.m2/repository/org/ow2/asm/asm/7.0/asm-7.0.jar:/Users/ip192/.m2/repository/org/slf4j/slf4j-api/1.7.30/slf4j-api-1.7.30.jar:/Users/ip192/.m2/repository/net/sf/jopt-simple/jopt-simple/5.0.3/jopt-simple-5.0.3.jar:/Users/ip192/.m2/repository/org/apache/commons/commons-lang3/3.10/commons-lang3-3.10.jar:/Users/ip192/.m2/repository/com/github/jknack/handlebars/4.2.0/handlebars-4.2.0.jar:/Users/ip192/.m2/repository/com/github/jknack/handlebars-helpers/4.2.0/handlebars-helpers-4.2.0.jar:/Users/ip192/.m2/repository/com/flipkart/zjsonpatch/zjsonpatch/0.4.4/zjsonpatch-0.4.4.jar:/Users/ip192/.m2/repository/commons-fileupload/commons-fileupload/1.4/commons-fileupload-1.4.jar:/Users/ip192/.m2/repository/commons-io/commons-io/2.2/commons-io-2.2.jar:/Users/ip192/.m2/repository/org/eclipse/jetty/http2/http2-server/9.4.30.v20200611/http2-server-9.4.30.v20200611.jar:/Users/ip192/.m2/repository/org/eclipse/jetty/http2/http2-common/9.4.30.v20200611/http2-common-9.4.30.v20200611.jar:/Users/ip192/.m2/repository/org/eclipse/jetty/http2/http2-hpack/9.4.30.v20200611/http2-hpack-9.4.30.v20200611.jar:/Users/ip192/.m2/repository/org/eclipse/jetty/jetty-alpn-server/9.4.30.v20200611/jetty-alpn-server-9.4.30.v20200611.jar:/Users/ip192/.m2/repository/org/eclipse/jetty/jetty-alpn-conscrypt-server/9.4.30.v20200611/jetty-alpn-conscrypt-server-9.4.30.v20200611.jar:/Users/ip192/.m2/repository/org/eclipse/jetty/jetty-alpn-conscrypt-client/9.4.30.v20200611/jetty-alpn-conscrypt-client-9.4.30.v20200611.jar:/Users/ip192/.m2/repository/org/eclipse/jetty/jetty-alpn-client/9.4.30.v20200611/jetty-alpn-client-9.4.30.v20200611.jar:/Users/ip192/.m2/repository/org/conscrypt/conscrypt-openjdk-uber/2.2.1/conscrypt-openjdk-uber-2.2.1.jar:/Users/ip192/.m2/repository/net/javacrumbs/json-unit/json-unit-core/2.12.0/json-unit-core-2.12.0.jar:/Users/ip192/.m2/repository/org/opentest4j/opentest4j/1.1.1/opentest4j-1.1.1.jar:/Users/ip192/.m2/repository/org/hamcrest/hamcrest-core/2.2/hamcrest-core-2.2.jar:/Users/ip192/.m2/repository/org/awaitility/awaitility/4.0.3/awaitility-4.0.3.jar:/Users/ip192/.m2/repository/io/projectreactor/reactor-test/3.3.8.RELEASE/reactor-test-3.3.8.RELEASE.jar:/Users/ip192/.m2/repository/io/projectreactor/reactor-core/3.3.8.RELEASE/reactor-core-3.3.8.RELEASE.jar:/Users/ip192/.m2/repository/org/reactivestreams/reactive-streams/1.0.3/reactive-streams-1.0.3.jar:/Users/ip192/.m2/repository/io/micrometer/micrometer-core/1.5.3/micrometer-core-1.5.3.jar:/Users/ip192/.m2/repository/org/hdrhistogram/HdrHistogram/2.1.12/HdrHistogram-2.1.12.jar:/Users/ip192/.m2/repository/org/latencyutils/LatencyUtils/2.0.3/LatencyUtils-2.0.3.jar:/Users/ip192/.m2/repository/io/micrometer/micrometer-registry-prometheus/1.5.3/micrometer-registry-prometheus-1.5.3.jar:/Users/ip192/.m2/repository/io/prometheus/simpleclient_common/0.8.1/simpleclient_common-0.8.1.jar:/Users/ip192/.m2/repository/io/prometheus/simpleclient/0.8.1/simpleclient-0.8.1.jar:/Users/ip192/.m2/repository/org/apache/httpcomponents/httpclient/4.5.12/httpclient-4.5.12.jar:/Users/ip192/.m2/repository/org/apache/httpcomponents/httpcore/4.4.13/httpcore-4.4.13.jar:/Users/ip192/.m2/repository/commons-codec/commons-codec/1.14/commons-codec-1.14.jar:"/>
    <property name="sun.cpu.endian" value="little"/>
    <property name="user.home" value="/Users/ip192"/>
    <property name="user.language" value="zh"/>
    <property name="java.specification.vendor" value="Oracle Corporation"/>
    <property name="java.home" value="/Library/Java/JavaVirtualMachines/temurin-8.jdk/Contents/Home/jre"/>
    <property name="https.proxyHost" value="127.0.0.1"/>
    <property name="file.separator" value="/"/>
    <property name="basedir" value="/Users/ip192/work/Projects/java/gateway-demo/gateway-service"/>
    <property name="line.separator" value="&#10;"/>
    <property name="java.vm.specification.vendor" value="Oracle Corporation"/>
    <property name="java.specification.name" value="Java Platform API Specification"/>
    <property name="java.awt.graphicsenv" value="sun.awt.CGraphicsEnvironment"/>
    <property name="java.awt.headless" value="true"/>
    <property name="surefire.real.class.path" value="/Users/ip192/work/Projects/java/gateway-demo/gateway-service/target/surefire/surefirebooter-20250907000902816_3.jar"/>
    <property name="sun.boot.class.path" value="/Library/Java/JavaVirtualMachines/temurin-8.jdk/Contents/Home/jre/lib/resources.jar:/Library/Java/JavaVirtualMachines/temurin-8.jdk/Contents/Home/jre/lib/rt.jar:/Library/Java/JavaVirtualMachines/temurin-8.jdk/Contents/Home/jre/lib/sunrsasign.jar:/Library/Java/JavaVirtualMachines/temurin-8.jdk/Contents/Home/jre/lib/jsse.jar:/Library/Java/JavaVirtualMachines/temurin-8.jdk/Contents/Home/jre/lib/jce.jar:/Library/Java/JavaVirtualMachines/temurin-8.jdk/Contents/Home/jre/lib/charsets.jar:/Library/Java/JavaVirtualMachines/temurin-8.jdk/Contents/Home/jre/lib/jfr.jar:/Library/Java/JavaVirtualMachines/temurin-8.jdk/Contents/Home/jre/classes"/>
    <property name="sun.management.compiler" value="HotSpot 64-Bit Tiered Compilers"/>
    <property name="ftp.nonProxyHosts" value="127.0.0.1|192.168.0.0/16|*.192.168.0.0/16|10.0.0.0/8|*.10.0.0.0/8|172.16.0.0/12|*.172.16.0.0/12|172.29.0.0/16|*.172.29.0.0/16|localhost|*.localhost|local|*.local|crashlytics.com|*.crashlytics.com|&lt;local&gt;|*.&lt;local&gt;"/>
    <property name="java.runtime.version" value="1.8.0_452-b09"/>
    <property name="user.name" value="ip192"/>
    <property name="path.separator" value=":"/>
    <property name="os.version" value="15.6.1"/>
    <property name="java.endorsed.dirs" value="/Library/Java/JavaVirtualMachines/temurin-8.jdk/Contents/Home/jre/lib/endorsed"/>
    <property name="java.runtime.name" value="OpenJDK Runtime Environment"/>
    <property name="org.eclipse.jetty.server.HttpChannelState.DEFAULT_TIMEOUT" value="300000"/>
    <property name="file.encoding" value="UTF-8"/>
    <property name="spring.beaninfo.ignore" value="true"/>
    <property name="java.vm.name" value="OpenJDK 64-Bit Server VM"/>
    <property name="localRepository" value="/Users/ip192/.m2/repository"/>
    <property name="javax.xml.xpath.XPathFactory:http://java.sun.com/jaxp/xpath/dom" value="com.sun.org.apache.xpath.internal.jaxp.XPathFactoryImpl"/>
    <property name="jetty.git.hash" value="271836e4c1f4612f12b7bb13ef5a92a927634b0d"/>
    <property name="java.vendor.url.bug" value="https://github.com/adoptium/adoptium-support/issues"/>
    <property name="java.io.tmpdir" value="/var/folders/3m/1c0_y67s1dz0zfp5gwv7rn5c0000gn/T/"/>
    <property name="java.version" value="1.8.0_452"/>
    <property name="user.dir" value="/Users/ip192/work/Projects/java/gateway-demo/gateway-service"/>
    <property name="os.arch" value="x86_64"/>
    <property name="socksProxyPort" value="7897"/>
    <property name="PID" value="17108"/>
    <property name="java.vm.specification.name" value="Java Virtual Machine Specification"/>
    <property name="java.awt.printerjob" value="sun.lwawt.macosx.CPrinterJob"/>
    <property name="sun.os.patch.level" value="unknown"/>
    <property name="java.library.path" value="/Users/ip192/Library/Java/Extensions:/Library/Java/Extensions:/Network/Library/Java/Extensions:/System/Library/Java/Extensions:/usr/lib/java:."/>
    <property name="java.vendor" value="Temurin"/>
    <property name="java.vm.info" value="mixed mode"/>
    <property name="java.vm.version" value="25.452-b09"/>
    <property name="java.specification.maintenance.version" value="6"/>
    <property name="sun.io.unicode.encoding" value="UnicodeBig"/>
    <property name="java.ext.dirs" value="/Users/ip192/Library/Java/Extensions:/Library/Java/JavaVirtualMachines/temurin-8.jdk/Contents/Home/jre/lib/ext:/Library/Java/Extensions:/Network/Library/Java/Extensions:/System/Library/Java/Extensions:/usr/lib/java"/>
    <property name="javax.xml.transform.TransformerFactory" value="com.sun.org.apache.xalan.internal.xsltc.trax.TransformerFactoryImpl"/>
    <property name="java.class.version" value="52.0"/>
    <property name="socksNonProxyHosts" value="127.0.0.1|192.168.0.0/16|*.192.168.0.0/16|10.0.0.0/8|*.10.0.0.0/8|172.16.0.0/12|*.172.16.0.0/12|172.29.0.0/16|*.172.29.0.0/16|localhost|*.localhost|local|*.local|crashlytics.com|*.crashlytics.com|&lt;local&gt;|*.&lt;local&gt;"/>
    <property name="http.proxyPort" value="7897"/>
  </properties>
  <testcase name="testConnectionPoolPropertiesLoaded" classname="com.example.gateway.ConnectionPoolPropertiesTest" time="0.421">
    <system-out><![CDATA[00:09:03.765 [main] DEBUG org.springframework.test.context.BootstrapUtils - Instantiating CacheAwareContextLoaderDelegate from class [org.springframework.test.context.cache.DefaultCacheAwareContextLoaderDelegate]
00:09:03.773 [main] DEBUG org.springframework.test.context.BootstrapUtils - Instantiating BootstrapContext using constructor [public org.springframework.test.context.support.DefaultBootstrapContext(java.lang.Class,org.springframework.test.context.CacheAwareContextLoaderDelegate)]
00:09:03.808 [main] DEBUG org.springframework.test.context.BootstrapUtils - Instantiating TestContextBootstrapper for test class [com.example.gateway.ConnectionPoolPropertiesTest] from class [org.springframework.boot.test.context.SpringBootTestContextBootstrapper]
00:09:03.822 [main] INFO org.springframework.boot.test.context.SpringBootTestContextBootstrapper - Neither @ContextConfiguration nor @ContextHierarchy found for test class [com.example.gateway.ConnectionPoolPropertiesTest], using SpringBootContextLoader
00:09:03.825 [main] DEBUG org.springframework.test.context.support.AbstractContextLoader - Did not detect default resource location for test class [com.example.gateway.ConnectionPoolPropertiesTest]: class path resource [com/example/gateway/ConnectionPoolPropertiesTest-context.xml] does not exist
00:09:03.826 [main] DEBUG org.springframework.test.context.support.AbstractContextLoader - Did not detect default resource location for test class [com.example.gateway.ConnectionPoolPropertiesTest]: class path resource [com/example/gateway/ConnectionPoolPropertiesTestContext.groovy] does not exist
00:09:03.826 [main] INFO org.springframework.test.context.support.AbstractContextLoader - Could not detect default resource locations for test class [com.example.gateway.ConnectionPoolPropertiesTest]: no resource found for suffixes {-context.xml, Context.groovy}.
00:09:03.826 [main] INFO org.springframework.test.context.support.AnnotationConfigContextLoaderUtils - Could not detect default configuration classes for test class [com.example.gateway.ConnectionPoolPropertiesTest]: ConnectionPoolPropertiesTest does not declare any static, non-private, non-final, nested classes annotated with @Configuration.
00:09:03.870 [main] DEBUG org.springframework.test.context.support.ActiveProfilesUtils - Could not find an 'annotation declaring class' for annotation type [org.springframework.test.context.ActiveProfiles] and class [com.example.gateway.ConnectionPoolPropertiesTest]
00:09:03.992 [main] DEBUG org.springframework.context.annotation.ClassPathScanningCandidateComponentProvider - Identified candidate component class: file [/Users/ip192/work/Projects/java/gateway-demo/gateway-service/target/classes/com/example/gateway/GatewayApplication.class]
00:09:03.994 [main] INFO org.springframework.boot.test.context.SpringBootTestContextBootstrapper - Found @SpringBootConfiguration com.example.gateway.GatewayApplication for test class com.example.gateway.ConnectionPoolPropertiesTest
00:09:04.067 [main] DEBUG org.springframework.boot.test.context.SpringBootTestContextBootstrapper - @TestExecutionListeners is not present for class [com.example.gateway.ConnectionPoolPropertiesTest]: using defaults.
00:09:04.068 [main] INFO org.springframework.boot.test.context.SpringBootTestContextBootstrapper - Loaded default TestExecutionListener class names from location [META-INF/spring.factories]: [org.springframework.boot.test.mock.mockito.MockitoTestExecutionListener, org.springframework.boot.test.mock.mockito.ResetMocksTestExecutionListener, org.springframework.boot.test.autoconfigure.restdocs.RestDocsTestExecutionListener, org.springframework.boot.test.autoconfigure.web.client.MockRestServiceServerResetTestExecutionListener, org.springframework.boot.test.autoconfigure.web.servlet.MockMvcPrintOnlyOnFailureTestExecutionListener, org.springframework.boot.test.autoconfigure.web.servlet.WebDriverTestExecutionListener, org.springframework.boot.test.autoconfigure.webservices.client.MockWebServiceServerTestExecutionListener, org.springframework.test.context.web.ServletTestExecutionListener, org.springframework.test.context.support.DirtiesContextBeforeModesTestExecutionListener, org.springframework.test.context.support.DependencyInjectionTestExecutionListener, org.springframework.test.context.support.DirtiesContextTestExecutionListener, org.springframework.test.context.transaction.TransactionalTestExecutionListener, org.springframework.test.context.jdbc.SqlScriptsTestExecutionListener, org.springframework.test.context.event.EventPublishingTestExecutionListener]
00:09:04.078 [main] DEBUG org.springframework.boot.test.context.SpringBootTestContextBootstrapper - Skipping candidate TestExecutionListener [org.springframework.test.context.transaction.TransactionalTestExecutionListener] due to a missing dependency. Specify custom listener classes or make the default listener classes and their required dependencies available. Offending class: [org/springframework/transaction/TransactionDefinition]
00:09:04.079 [main] DEBUG org.springframework.boot.test.context.SpringBootTestContextBootstrapper - Skipping candidate TestExecutionListener [org.springframework.test.context.jdbc.SqlScriptsTestExecutionListener] due to a missing dependency. Specify custom listener classes or make the default listener classes and their required dependencies available. Offending class: [org/springframework/transaction/interceptor/TransactionAttribute]
00:09:04.079 [main] INFO org.springframework.boot.test.context.SpringBootTestContextBootstrapper - Using TestExecutionListeners: [org.springframework.test.context.web.ServletTestExecutionListener@68878f6d, org.springframework.test.context.support.DirtiesContextBeforeModesTestExecutionListener@41488b16, org.springframework.boot.test.mock.mockito.MockitoTestExecutionListener@a8ef162, org.springframework.boot.test.autoconfigure.SpringBootDependencyInjectionTestExecutionListener@2eea88a1, org.springframework.test.context.support.DirtiesContextTestExecutionListener@7ac296f6, org.springframework.test.context.event.EventPublishingTestExecutionListener@7fd7a283, org.springframework.boot.test.mock.mockito.ResetMocksTestExecutionListener@22f59fa, org.springframework.boot.test.autoconfigure.restdocs.RestDocsTestExecutionListener@78fa769e, org.springframework.boot.test.autoconfigure.web.client.MockRestServiceServerResetTestExecutionListener@16612a51, org.springframework.boot.test.autoconfigure.web.servlet.MockMvcPrintOnlyOnFailureTestExecutionListener@54e041a4, org.springframework.boot.test.autoconfigure.web.servlet.WebDriverTestExecutionListener@2c78324b, org.springframework.boot.test.autoconfigure.webservices.client.MockWebServiceServerTestExecutionListener@79defdc]
00:09:04.081 [main] DEBUG org.springframework.test.context.support.AbstractDirtiesContextTestExecutionListener - Before test class: context [DefaultTestContext@4c2bb6e0 testClass = ConnectionPoolPropertiesTest, testInstance = [null], testMethod = [null], testException = [null], mergedContextConfiguration = [ReactiveWebMergedContextConfiguration@3e62d773 testClass = ConnectionPoolPropertiesTest, locations = '{}', classes = '{class com.example.gateway.GatewayApplication}', contextInitializerClasses = '[]', activeProfiles = '{}', propertySourceLocations = '{}', propertySourceProperties = '{spring.cloud.gateway.httpclient.pool.max-connections=50, spring.cloud.gateway.httpclient.pool.max-idle-time=30s, spring.cloud.gateway.httpclient.pool.max-life-time=60s, spring.cloud.gateway.httpclient.pool.acquire-timeout=5000, spring.cloud.gateway.httpclient.connect-timeout=3000, spring.cloud.gateway.httpclient.response-timeout=10s, spring.cloud.gateway.routes[0].id=pool-test-route, spring.cloud.gateway.routes[0].uri=http://localhost:8092, spring.cloud.gateway.routes[0].predicates[0]=Path=/pool/**, org.springframework.boot.test.context.SpringBootTestContextBootstrapper=true, server.port=0}', contextCustomizers = set[org.springframework.boot.test.context.filter.ExcludeFilterContextCustomizer@5fbe4146, org.springframework.boot.test.json.DuplicateJsonObjectContextCustomizerFactory$DuplicateJsonObjectContextCustomizer@7530ad9c, org.springframework.boot.test.mock.mockito.MockitoContextCustomizer@0, org.springframework.boot.test.web.client.TestRestTemplateContextCustomizer@757277dc, org.springframework.boot.test.web.reactive.server.WebTestClientContextCustomizer@ed7f8b4, org.springframework.boot.test.autoconfigure.properties.PropertyMappingContextCustomizer@0, org.springframework.boot.test.autoconfigure.web.servlet.WebDriverContextCustomizerFactory$Customizer@6a2b953e, org.springframework.boot.test.context.SpringBootTestArgs@1], contextLoader = 'org.springframework.boot.test.context.SpringBootContextLoader', parent = [null]], attributes = map['org.springframework.test.context.web.ServletTestExecutionListener.activateListener' -> false]], class annotated with @DirtiesContext [false] with mode [null].
00:09:04.139 [main] DEBUG org.springframework.test.context.support.DependencyInjectionTestExecutionListener - Performing dependency injection for test context [[DefaultTestContext@4c2bb6e0 testClass = ConnectionPoolPropertiesTest, testInstance = com.example.gateway.ConnectionPoolPropertiesTest@a1f72f5, testMethod = [null], testException = [null], mergedContextConfiguration = [ReactiveWebMergedContextConfiguration@3e62d773 testClass = ConnectionPoolPropertiesTest, locations = '{}', classes = '{class com.example.gateway.GatewayApplication}', contextInitializerClasses = '[]', activeProfiles = '{}', propertySourceLocations = '{}', propertySourceProperties = '{spring.cloud.gateway.httpclient.pool.max-connections=50, spring.cloud.gateway.httpclient.pool.max-idle-time=30s, spring.cloud.gateway.httpclient.pool.max-life-time=60s, spring.cloud.gateway.httpclient.pool.acquire-timeout=5000, spring.cloud.gateway.httpclient.connect-timeout=3000, spring.cloud.gateway.httpclient.response-timeout=10s, spring.cloud.gateway.routes[0].id=pool-test-route, spring.cloud.gateway.routes[0].uri=http://localhost:8092, spring.cloud.gateway.routes[0].predicates[0]=Path=/pool/**, org.springframework.boot.test.context.SpringBootTestContextBootstrapper=true, server.port=0}', contextCustomizers = set[org.springframework.boot.test.context.filter.ExcludeFilterContextCustomizer@5fbe4146, org.springframework.boot.test.json.DuplicateJsonObjectContextCustomizerFactory$DuplicateJsonObjectContextCustomizer@7530ad9c, org.springframework.boot.test.mock.mockito.MockitoContextCustomizer@0, org.springframework.boot.test.web.client.TestRestTemplateContextCustomizer@757277dc, org.springframework.boot.test.web.reactive.server.WebTestClientContextCustomizer@ed7f8b4, org.springframework.boot.test.autoconfigure.properties.PropertyMappingContextCustomizer@0, org.springframework.boot.test.autoconfigure.web.servlet.WebDriverContextCustomizerFactory$Customizer@6a2b953e, org.springframework.boot.test.context.SpringBootTestArgs@1], contextLoader = 'org.springframework.boot.test.context.SpringBootContextLoader', parent = [null]], attributes = map['org.springframework.test.context.web.ServletTestExecutionListener.activateListener' -> false]]].
00:09:04.163 [main] DEBUG org.springframework.test.context.support.TestPropertySourceUtils - Adding inlined properties to environment: {spring.jmx.enabled=false, spring.cloud.gateway.httpclient.pool.max-connections=50, spring.cloud.gateway.httpclient.pool.max-idle-time=30s, spring.cloud.gateway.httpclient.pool.max-life-time=60s, spring.cloud.gateway.httpclient.pool.acquire-timeout=5000, spring.cloud.gateway.httpclient.connect-timeout=3000, spring.cloud.gateway.httpclient.response-timeout=10s, spring.cloud.gateway.routes[0].id=pool-test-route, spring.cloud.gateway.routes[0].uri=http://localhost:8092, spring.cloud.gateway.routes[0].predicates[0]=Path=/pool/**, org.springframework.boot.test.context.SpringBootTestContextBootstrapper=true, server.port=0}

  .   ____          _            __ _ _
 /\\ / ___'_ __ _ _(_)_ __  __ _ \ \ \ \
( ( )\___ | '_ | '_| | '_ \/ _` | \ \ \ \
 \\/  ___)| |_)| | | | | || (_| |  ) ) ) )
  '  |____| .__|_| |_|_| |_\__, | / / / /
 =========|_|==============|___/=/_/_/_/
 :: Spring Boot ::        (v2.3.2.RELEASE)

2025-09-07 00:09:05.078  INFO 17108 --- [           main] c.e.g.ConnectionPoolPropertiesTest       : No active profile set, falling back to default profiles: default
2025-09-07 00:09:06.028  INFO 17108 --- [           main] o.s.cloud.context.scope.GenericScope     : BeanFactory id=93baae12-64d2-3595-8d5f-2ea1ab75a61c
2025-09-07 00:09:06.186  INFO 17108 --- [           main] org.eclipse.jetty.util.log               : Logging initialized @3221ms to org.eclipse.jetty.util.log.Slf4jLog
2025-09-07 00:09:06.423  INFO 17108 --- [           main] .s.b.w.e.j.JettyReactiveWebServerFactory : Server initialized with port: 0
2025-09-07 00:09:06.430  INFO 17108 --- [           main] org.eclipse.jetty.server.Server          : jetty-9.4.30.v20200611; built: 2020-06-11T12:34:51.929Z; git: 271836e4c1f4612f12b7bb13ef5a92a927634b0d; jvm 1.8.0_452-b09
2025-09-07 00:09:06.490  INFO 17108 --- [           main] o.e.jetty.server.handler.ContextHandler  : Started o.e.j.s.ServletContextHandler@8d8f754{/,null,AVAILABLE}
2025-09-07 00:09:06.492  INFO 17108 --- [           main] org.eclipse.jetty.server.Server          : Started @3527ms
2025-09-07 00:09:06.583  INFO 17108 --- [           main] c.e.g.c.DynamicRoutingConfiguration      : Dynamic routing configuration initialized with circuit breaker and retry support
2025-09-07 00:09:08.420  INFO 17108 --- [           main] o.s.c.g.r.RouteDefinitionRouteLocator    : Loaded RoutePredicateFactory [After]
2025-09-07 00:09:08.422  INFO 17108 --- [           main] o.s.c.g.r.RouteDefinitionRouteLocator    : Loaded RoutePredicateFactory [Before]
2025-09-07 00:09:08.422  INFO 17108 --- [           main] o.s.c.g.r.RouteDefinitionRouteLocator    : Loaded RoutePredicateFactory [Between]
2025-09-07 00:09:08.422  INFO 17108 --- [           main] o.s.c.g.r.RouteDefinitionRouteLocator    : Loaded RoutePredicateFactory [Cookie]
2025-09-07 00:09:08.422  INFO 17108 --- [           main] o.s.c.g.r.RouteDefinitionRouteLocator    : Loaded RoutePredicateFactory [Header]
2025-09-07 00:09:08.422  INFO 17108 --- [           main] o.s.c.g.r.RouteDefinitionRouteLocator    : Loaded RoutePredicateFactory [Host]
2025-09-07 00:09:08.422  INFO 17108 --- [           main] o.s.c.g.r.RouteDefinitionRouteLocator    : Loaded RoutePredicateFactory [Method]
2025-09-07 00:09:08.422  INFO 17108 --- [           main] o.s.c.g.r.RouteDefinitionRouteLocator    : Loaded RoutePredicateFactory [Path]
2025-09-07 00:09:08.422  INFO 17108 --- [           main] o.s.c.g.r.RouteDefinitionRouteLocator    : Loaded RoutePredicateFactory [Query]
2025-09-07 00:09:08.422  INFO 17108 --- [           main] o.s.c.g.r.RouteDefinitionRouteLocator    : Loaded RoutePredicateFactory [ReadBodyPredicateFactory]
2025-09-07 00:09:08.423  INFO 17108 --- [           main] o.s.c.g.r.RouteDefinitionRouteLocator    : Loaded RoutePredicateFactory [RemoteAddr]
2025-09-07 00:09:08.423  INFO 17108 --- [           main] o.s.c.g.r.RouteDefinitionRouteLocator    : Loaded RoutePredicateFactory [Weight]
2025-09-07 00:09:08.423  INFO 17108 --- [           main] o.s.c.g.r.RouteDefinitionRouteLocator    : Loaded RoutePredicateFactory [CloudFoundryRouteService]
2025-09-07 00:09:09.235  INFO 17108 --- [           main] o.s.b.a.e.web.EndpointLinksResolver      : Exposing 3 endpoint(s) beneath base path '/actuator'
2025-09-07 00:09:09.842  INFO 17108 --- [           main] o.e.jetty.server.AbstractConnector       : Started ServerConnector@25a5c8e{HTTP/1.1, (http/1.1)}{0.0.0.0:51796}
2025-09-07 00:09:09.845  INFO 17108 --- [           main] o.s.b.web.embedded.jetty.JettyWebServer  : Jetty started on port(s) 51796 (http/1.1) with context path '/'
2025-09-07 00:09:09.952  INFO 17108 --- [           main] c.e.gateway.config.DynamicRouteLocator   : Loading dynamic routes from configuration
2025-09-07 00:09:09.953  INFO 17108 --- [           main] c.e.gateway.config.DynamicRouteLocator   : No route configurations found
2025-09-07 00:09:09.955  INFO 17108 --- [           main] c.e.g.config.OptimizedRouteLocator       : Route configuration changed, rebuilding cache
2025-09-07 00:09:09.955  INFO 17108 --- [           main] c.e.g.config.OptimizedRouteLocator       : No route configurations found
2025-09-07 00:09:10.021  INFO 17108 --- [           main] c.e.gateway.service.RouteRefreshService  : Received RefreshRoutesEvent, routes will be reloaded
2025-09-07 00:09:10.022  WARN 17108 --- [           main] c.e.gateway.service.RouteRefreshService  : No routes found in current configuration
2025-09-07 00:09:10.026  INFO 17108 --- [           main] c.e.g.ConnectionPoolPropertiesTest       : Started ConnectionPoolPropertiesTest in 5.859 seconds (JVM running for 7.062)
2025-09-07 00:09:10.031  INFO 17108 --- [           main] c.e.g.c.GatewayRoutingConfiguration      : Validating gateway routing configuration...
2025-09-07 00:09:10.032  WARN 17108 --- [           main] c.e.g.c.GatewayRoutingConfiguration      : No routes configured in gateway.routes property
2025-09-07 00:09:10.373  INFO 17108 --- [           main] org.eclipse.jetty.server.Server          : jetty-9.4.30.v20200611; built: 2020-06-11T12:34:51.929Z; git: 271836e4c1f4612f12b7bb13ef5a92a927634b0d; jvm 1.8.0_452-b09
2025-09-07 00:09:10.378  INFO 17108 --- [           main] o.e.jetty.server.handler.ContextHandler  : Started o.e.j.s.ServletContextHandler@153cfd86{/__admin,null,AVAILABLE}
2025-09-07 00:09:10.379  INFO 17108 --- [           main] o.e.jetty.server.handler.ContextHandler  : Started o.e.j.s.ServletContextHandler@7d522180{/,null,AVAILABLE}
2025-09-07 00:09:10.382  INFO 17108 --- [           main] o.e.jetty.server.AbstractConnector       : Started NetworkTrafficServerConnector@fcf9525{HTTP/1.1, (http/1.1)}{0.0.0.0:8092}
2025-09-07 00:09:10.382  INFO 17108 --- [           main] org.eclipse.jetty.server.Server          : Started @7418ms
2025-09-07 00:09:10.476  INFO 17108 --- [           main] o.e.jetty.server.AbstractConnector       : Stopped NetworkTrafficServerConnector@fcf9525{HTTP/1.1, (http/1.1)}{0.0.0.0:8092}
2025-09-07 00:09:10.478  INFO 17108 --- [           main] o.e.jetty.server.handler.ContextHandler  : Stopped o.e.j.s.ServletContextHandler@7d522180{/,null,UNAVAILABLE}
2025-09-07 00:09:10.478  INFO 17108 --- [           main] o.e.jetty.server.handler.ContextHandler  : Stopped o.e.j.s.ServletContextHandler@153cfd86{/__admin,null,UNAVAILABLE}
]]></system-out>
  </testcase>
</testsuite>