<?xml version="1.0" encoding="UTF-8"?>
<testsuite xmlns:xsi="http://www.w3.org/2001/XMLSchema-instance" xsi:noNamespaceSchemaLocation="https://maven.apache.org/surefire/maven-surefire-plugin/xsd/surefire-test-report-3.0.xsd" version="3.0" name="com.example.gateway.GatewayRoutingConfigurationTest" time="0.512" tests="4" errors="0" skipped="0" failures="0">
  <properties>
    <property name="gopherProxySet" value="false"/>
    <property name="awt.toolkit" value="sun.lwawt.macosx.LWCToolkit"/>
    <property name="socksProxyHost" value="127.0.0.1"/>
    <property name="http.proxyHost" value="127.0.0.1"/>
    <property name="java.specification.version" value="1.8"/>
    <property name="file.encoding.pkg" value="sun.io"/>
    <property name="sun.cpu.isalist" value=""/>
    <property name="sun.jnu.encoding" value="UTF-8"/>
    <property name="java.class.path" value="/Users/ip192/work/Projects/java/gateway-demo/gateway-service/target/test-classes:/Users/ip192/work/Projects/java/gateway-demo/gateway-service/target/classes:/Users/ip192/.m2/repository/org/springframework/cloud/spring-cloud-starter-gateway/2.2.4.RELEASE/spring-cloud-starter-gateway-2.2.4.RELEASE.jar:/Users/ip192/.m2/repository/org/springframework/cloud/spring-cloud-starter/2.2.4.RELEASE/spring-cloud-starter-2.2.4.RELEASE.jar:/Users/ip192/.m2/repository/org/springframework/cloud/spring-cloud-context/2.2.4.RELEASE/spring-cloud-context-2.2.4.RELEASE.jar:/Users/ip192/.m2/repository/org/springframework/security/spring-security-crypto/5.3.3.RELEASE/spring-security-crypto-5.3.3.RELEASE.jar:/Users/ip192/.m2/repository/org/springframework/cloud/spring-cloud-commons/2.2.4.RELEASE/spring-cloud-commons-2.2.4.RELEASE.jar:/Users/ip192/.m2/repository/org/springframework/security/spring-security-rsa/1.0.9.RELEASE/spring-security-rsa-1.0.9.RELEASE.jar:/Users/ip192/.m2/repository/org/bouncycastle/bcpkix-jdk15on/1.64/bcpkix-jdk15on-1.64.jar:/Users/ip192/.m2/repository/org/bouncycastle/bcprov-jdk15on/1.64/bcprov-jdk15on-1.64.jar:/Users/ip192/.m2/repository/org/springframework/cloud/spring-cloud-gateway-core/2.2.4.RELEASE/spring-cloud-gateway-core-2.2.4.RELEASE.jar:/Users/ip192/.m2/repository/org/springframework/boot/spring-boot-starter-validation/2.3.2.RELEASE/spring-boot-starter-validation-2.3.2.RELEASE.jar:/Users/ip192/.m2/repository/org/glassfish/jakarta.el/3.0.3/jakarta.el-3.0.3.jar:/Users/ip192/.m2/repository/org/hibernate/validator/hibernate-validator/6.1.5.Final/hibernate-validator-6.1.5.Final.jar:/Users/ip192/.m2/repository/jakarta/validation/jakarta.validation-api/2.0.2/jakarta.validation-api-2.0.2.jar:/Users/ip192/.m2/repository/org/jboss/logging/jboss-logging/3.4.1.Final/jboss-logging-3.4.1.Final.jar:/Users/ip192/.m2/repository/com/fasterxml/classmate/1.5.1/classmate-1.5.1.jar:/Users/ip192/.m2/repository/io/projectreactor/addons/reactor-extra/3.3.3.RELEASE/reactor-extra-3.3.3.RELEASE.jar:/Users/ip192/.m2/repository/org/springframework/boot/spring-boot-starter-webflux/2.3.2.RELEASE/spring-boot-starter-webflux-2.3.2.RELEASE.jar:/Users/ip192/.m2/repository/org/springframework/boot/spring-boot-starter/2.3.2.RELEASE/spring-boot-starter-2.3.2.RELEASE.jar:/Users/ip192/.m2/repository/org/springframework/boot/spring-boot/2.3.2.RELEASE/spring-boot-2.3.2.RELEASE.jar:/Users/ip192/.m2/repository/org/springframework/spring-context/5.2.8.RELEASE/spring-context-5.2.8.RELEASE.jar:/Users/ip192/.m2/repository/org/springframework/spring-aop/5.2.8.RELEASE/spring-aop-5.2.8.RELEASE.jar:/Users/ip192/.m2/repository/org/springframework/spring-expression/5.2.8.RELEASE/spring-expression-5.2.8.RELEASE.jar:/Users/ip192/.m2/repository/org/springframework/boot/spring-boot-autoconfigure/2.3.2.RELEASE/spring-boot-autoconfigure-2.3.2.RELEASE.jar:/Users/ip192/.m2/repository/org/springframework/boot/spring-boot-starter-logging/2.3.2.RELEASE/spring-boot-starter-logging-2.3.2.RELEASE.jar:/Users/ip192/.m2/repository/ch/qos/logback/logback-classic/1.2.3/logback-classic-1.2.3.jar:/Users/ip192/.m2/repository/ch/qos/logback/logback-core/1.2.3/logback-core-1.2.3.jar:/Users/ip192/.m2/repository/org/apache/logging/log4j/log4j-to-slf4j/2.13.3/log4j-to-slf4j-2.13.3.jar:/Users/ip192/.m2/repository/org/apache/logging/log4j/log4j-api/2.13.3/log4j-api-2.13.3.jar:/Users/ip192/.m2/repository/org/slf4j/jul-to-slf4j/1.7.30/jul-to-slf4j-1.7.30.jar:/Users/ip192/.m2/repository/jakarta/annotation/jakarta.annotation-api/1.3.5/jakarta.annotation-api-1.3.5.jar:/Users/ip192/.m2/repository/org/yaml/snakeyaml/1.26/snakeyaml-1.26.jar:/Users/ip192/.m2/repository/org/springframework/boot/spring-boot-starter-json/2.3.2.RELEASE/spring-boot-starter-json-2.3.2.RELEASE.jar:/Users/ip192/.m2/repository/com/fasterxml/jackson/datatype/jackson-datatype-jdk8/2.11.1/jackson-datatype-jdk8-2.11.1.jar:/Users/ip192/.m2/repository/com/fasterxml/jackson/datatype/jackson-datatype-jsr310/2.11.1/jackson-datatype-jsr310-2.11.1.jar:/Users/ip192/.m2/repository/com/fasterxml/jackson/module/jackson-module-parameter-names/2.11.1/jackson-module-parameter-names-2.11.1.jar:/Users/ip192/.m2/repository/org/springframework/boot/spring-boot-starter-reactor-netty/2.3.2.RELEASE/spring-boot-starter-reactor-netty-2.3.2.RELEASE.jar:/Users/ip192/.m2/repository/io/projectreactor/netty/reactor-netty/0.9.10.RELEASE/reactor-netty-0.9.10.RELEASE.jar:/Users/ip192/.m2/repository/io/netty/netty-codec-http/4.1.51.Final/netty-codec-http-4.1.51.Final.jar:/Users/ip192/.m2/repository/io/netty/netty-common/4.1.51.Final/netty-common-4.1.51.Final.jar:/Users/ip192/.m2/repository/io/netty/netty-buffer/4.1.51.Final/netty-buffer-4.1.51.Final.jar:/Users/ip192/.m2/repository/io/netty/netty-transport/4.1.51.Final/netty-transport-4.1.51.Final.jar:/Users/ip192/.m2/repository/io/netty/netty-codec/4.1.51.Final/netty-codec-4.1.51.Final.jar:/Users/ip192/.m2/repository/io/netty/netty-codec-http2/4.1.51.Final/netty-codec-http2-4.1.51.Final.jar:/Users/ip192/.m2/repository/io/netty/netty-handler/4.1.51.Final/netty-handler-4.1.51.Final.jar:/Users/ip192/.m2/repository/io/netty/netty-resolver/4.1.51.Final/netty-resolver-4.1.51.Final.jar:/Users/ip192/.m2/repository/io/netty/netty-handler-proxy/4.1.51.Final/netty-handler-proxy-4.1.51.Final.jar:/Users/ip192/.m2/repository/io/netty/netty-codec-socks/4.1.51.Final/netty-codec-socks-4.1.51.Final.jar:/Users/ip192/.m2/repository/io/netty/netty-transport-native-epoll/4.1.51.Final/netty-transport-native-epoll-4.1.51.Final-linux-x86_64.jar:/Users/ip192/.m2/repository/io/netty/netty-transport-native-unix-common/4.1.51.Final/netty-transport-native-unix-common-4.1.51.Final.jar:/Users/ip192/.m2/repository/org/springframework/spring-web/5.2.8.RELEASE/spring-web-5.2.8.RELEASE.jar:/Users/ip192/.m2/repository/org/springframework/spring-beans/5.2.8.RELEASE/spring-beans-5.2.8.RELEASE.jar:/Users/ip192/.m2/repository/org/springframework/spring-webflux/5.2.8.RELEASE/spring-webflux-5.2.8.RELEASE.jar:/Users/ip192/.m2/repository/org/synchronoss/cloud/nio-multipart-parser/1.1.0/nio-multipart-parser-1.1.0.jar:/Users/ip192/.m2/repository/org/synchronoss/cloud/nio-stream-storage/1.1.3/nio-stream-storage-1.1.3.jar:/Users/ip192/.m2/repository/org/springframework/boot/spring-boot-starter-actuator/2.3.2.RELEASE/spring-boot-starter-actuator-2.3.2.RELEASE.jar:/Users/ip192/.m2/repository/org/springframework/boot/spring-boot-actuator-autoconfigure/2.3.2.RELEASE/spring-boot-actuator-autoconfigure-2.3.2.RELEASE.jar:/Users/ip192/.m2/repository/org/springframework/boot/spring-boot-actuator/2.3.2.RELEASE/spring-boot-actuator-2.3.2.RELEASE.jar:/Users/ip192/.m2/repository/org/springframework/cloud/spring-cloud-starter-circuitbreaker-reactor-resilience4j/1.0.4.RELEASE/spring-cloud-starter-circuitbreaker-reactor-resilience4j-1.0.4.RELEASE.jar:/Users/ip192/.m2/repository/org/springframework/cloud/spring-cloud-circuitbreaker-resilience4j/1.0.4.RELEASE/spring-cloud-circuitbreaker-resilience4j-1.0.4.RELEASE.jar:/Users/ip192/.m2/repository/io/github/resilience4j/resilience4j-circuitbreaker/1.3.1/resilience4j-circuitbreaker-1.3.1.jar:/Users/ip192/.m2/repository/io/vavr/vavr/0.10.2/vavr-0.10.2.jar:/Users/ip192/.m2/repository/io/vavr/vavr-match/0.10.2/vavr-match-0.10.2.jar:/Users/ip192/.m2/repository/io/github/resilience4j/resilience4j-core/1.3.1/resilience4j-core-1.3.1.jar:/Users/ip192/.m2/repository/io/github/resilience4j/resilience4j-timelimiter/1.3.1/resilience4j-timelimiter-1.3.1.jar:/Users/ip192/.m2/repository/io/github/resilience4j/resilience4j-reactor/1.3.1/resilience4j-reactor-1.3.1.jar:/Users/ip192/.m2/repository/org/springframework/boot/spring-boot-configuration-processor/2.3.2.RELEASE/spring-boot-configuration-processor-2.3.2.RELEASE.jar:/Users/ip192/.m2/repository/org/springframework/boot/spring-boot-starter-test/2.3.2.RELEASE/spring-boot-starter-test-2.3.2.RELEASE.jar:/Users/ip192/.m2/repository/org/springframework/boot/spring-boot-test/2.3.2.RELEASE/spring-boot-test-2.3.2.RELEASE.jar:/Users/ip192/.m2/repository/org/springframework/boot/spring-boot-test-autoconfigure/2.3.2.RELEASE/spring-boot-test-autoconfigure-2.3.2.RELEASE.jar:/Users/ip192/.m2/repository/com/jayway/jsonpath/json-path/2.4.0/json-path-2.4.0.jar:/Users/ip192/.m2/repository/net/minidev/json-smart/2.3/json-smart-2.3.jar:/Users/ip192/.m2/repository/net/minidev/accessors-smart/1.2/accessors-smart-1.2.jar:/Users/ip192/.m2/repository/jakarta/xml/bind/jakarta.xml.bind-api/2.3.3/jakarta.xml.bind-api-2.3.3.jar:/Users/ip192/.m2/repository/jakarta/activation/jakarta.activation-api/1.2.2/jakarta.activation-api-1.2.2.jar:/Users/ip192/.m2/repository/org/assertj/assertj-core/3.16.1/assertj-core-3.16.1.jar:/Users/ip192/.m2/repository/org/hamcrest/hamcrest/2.2/hamcrest-2.2.jar:/Users/ip192/.m2/repository/org/junit/jupiter/junit-jupiter/5.6.2/junit-jupiter-5.6.2.jar:/Users/ip192/.m2/repository/org/junit/jupiter/junit-jupiter-api/5.6.2/junit-jupiter-api-5.6.2.jar:/Users/ip192/.m2/repository/org/junit/platform/junit-platform-commons/1.6.2/junit-platform-commons-1.6.2.jar:/Users/ip192/.m2/repository/org/junit/jupiter/junit-jupiter-params/5.6.2/junit-jupiter-params-5.6.2.jar:/Users/ip192/.m2/repository/org/junit/jupiter/junit-jupiter-engine/5.6.2/junit-jupiter-engine-5.6.2.jar:/Users/ip192/.m2/repository/org/junit/vintage/junit-vintage-engine/5.6.2/junit-vintage-engine-5.6.2.jar:/Users/ip192/.m2/repository/org/apiguardian/apiguardian-api/1.1.0/apiguardian-api-1.1.0.jar:/Users/ip192/.m2/repository/org/junit/platform/junit-platform-engine/1.6.2/junit-platform-engine-1.6.2.jar:/Users/ip192/.m2/repository/junit/junit/4.13/junit-4.13.jar:/Users/ip192/.m2/repository/org/mockito/mockito-core/3.3.3/mockito-core-3.3.3.jar:/Users/ip192/.m2/repository/net/bytebuddy/byte-buddy/1.10.13/byte-buddy-1.10.13.jar:/Users/ip192/.m2/repository/net/bytebuddy/byte-buddy-agent/1.10.13/byte-buddy-agent-1.10.13.jar:/Users/ip192/.m2/repository/org/objenesis/objenesis/2.6/objenesis-2.6.jar:/Users/ip192/.m2/repository/org/mockito/mockito-junit-jupiter/3.3.3/mockito-junit-jupiter-3.3.3.jar:/Users/ip192/.m2/repository/org/skyscreamer/jsonassert/1.5.0/jsonassert-1.5.0.jar:/Users/ip192/.m2/repository/com/vaadin/external/google/android-json/0.0.20131108.vaadin1/android-json-0.0.20131108.vaadin1.jar:/Users/ip192/.m2/repository/org/springframework/spring-core/5.2.8.RELEASE/spring-core-5.2.8.RELEASE.jar:/Users/ip192/.m2/repository/org/springframework/spring-jcl/5.2.8.RELEASE/spring-jcl-5.2.8.RELEASE.jar:/Users/ip192/.m2/repository/org/springframework/spring-test/5.2.8.RELEASE/spring-test-5.2.8.RELEASE.jar:/Users/ip192/.m2/repository/org/xmlunit/xmlunit-core/2.7.0/xmlunit-core-2.7.0.jar:/Users/ip192/.m2/repository/com/github/tomakehurst/wiremock-jre8/2.27.2/wiremock-jre8-2.27.2.jar:/Users/ip192/.m2/repository/org/eclipse/jetty/jetty-server/9.4.30.v20200611/jetty-server-9.4.30.v20200611.jar:/Users/ip192/.m2/repository/javax/servlet/javax.servlet-api/4.0.1/javax.servlet-api-4.0.1.jar:/Users/ip192/.m2/repository/org/eclipse/jetty/jetty-http/9.4.30.v20200611/jetty-http-9.4.30.v20200611.jar:/Users/ip192/.m2/repository/org/eclipse/jetty/jetty-io/9.4.30.v20200611/jetty-io-9.4.30.v20200611.jar:/Users/ip192/.m2/repository/org/eclipse/jetty/jetty-servlet/9.4.30.v20200611/jetty-servlet-9.4.30.v20200611.jar:/Users/ip192/.m2/repository/org/eclipse/jetty/jetty-security/9.4.30.v20200611/jetty-security-9.4.30.v20200611.jar:/Users/ip192/.m2/repository/org/eclipse/jetty/jetty-servlets/9.4.30.v20200611/jetty-servlets-9.4.30.v20200611.jar:/Users/ip192/.m2/repository/org/eclipse/jetty/jetty-continuation/9.4.30.v20200611/jetty-continuation-9.4.30.v20200611.jar:/Users/ip192/.m2/repository/org/eclipse/jetty/jetty-util/9.4.30.v20200611/jetty-util-9.4.30.v20200611.jar:/Users/ip192/.m2/repository/org/eclipse/jetty/jetty-webapp/9.4.30.v20200611/jetty-webapp-9.4.30.v20200611.jar:/Users/ip192/.m2/repository/org/eclipse/jetty/jetty-xml/9.4.30.v20200611/jetty-xml-9.4.30.v20200611.jar:/Users/ip192/.m2/repository/org/eclipse/jetty/jetty-proxy/9.4.30.v20200611/jetty-proxy-9.4.30.v20200611.jar:/Users/ip192/.m2/repository/org/eclipse/jetty/jetty-client/9.4.30.v20200611/jetty-client-9.4.30.v20200611.jar:/Users/ip192/.m2/repository/com/google/guava/guava/29.0-jre/guava-29.0-jre.jar:/Users/ip192/.m2/repository/com/google/guava/failureaccess/1.0.1/failureaccess-1.0.1.jar:/Users/ip192/.m2/repository/com/google/guava/listenablefuture/9999.0-empty-to-avoid-conflict-with-guava/listenablefuture-9999.0-empty-to-avoid-conflict-with-guava.jar:/Users/ip192/.m2/repository/com/google/code/findbugs/jsr305/3.0.2/jsr305-3.0.2.jar:/Users/ip192/.m2/repository/org/checkerframework/checker-qual/2.11.1/checker-qual-2.11.1.jar:/Users/ip192/.m2/repository/com/google/errorprone/error_prone_annotations/2.3.4/error_prone_annotations-2.3.4.jar:/Users/ip192/.m2/repository/com/google/j2objc/j2objc-annotations/1.3/j2objc-annotations-1.3.jar:/Users/ip192/.m2/repository/com/fasterxml/jackson/core/jackson-core/2.11.1/jackson-core-2.11.1.jar:/Users/ip192/.m2/repository/com/fasterxml/jackson/core/jackson-annotations/2.11.1/jackson-annotations-2.11.1.jar:/Users/ip192/.m2/repository/com/fasterxml/jackson/core/jackson-databind/2.11.1/jackson-databind-2.11.1.jar:/Users/ip192/.m2/repository/org/xmlunit/xmlunit-legacy/2.7.0/xmlunit-legacy-2.7.0.jar:/Users/ip192/.m2/repository/org/xmlunit/xmlunit-placeholders/2.7.0/xmlunit-placeholders-2.7.0.jar:/Users/ip192/.m2/repository/org/ow2/asm/asm/7.0/asm-7.0.jar:/Users/ip192/.m2/repository/org/slf4j/slf4j-api/1.7.30/slf4j-api-1.7.30.jar:/Users/ip192/.m2/repository/net/sf/jopt-simple/jopt-simple/5.0.3/jopt-simple-5.0.3.jar:/Users/ip192/.m2/repository/org/apache/commons/commons-lang3/3.10/commons-lang3-3.10.jar:/Users/ip192/.m2/repository/com/github/jknack/handlebars/4.2.0/handlebars-4.2.0.jar:/Users/ip192/.m2/repository/com/github/jknack/handlebars-helpers/4.2.0/handlebars-helpers-4.2.0.jar:/Users/ip192/.m2/repository/com/flipkart/zjsonpatch/zjsonpatch/0.4.4/zjsonpatch-0.4.4.jar:/Users/ip192/.m2/repository/commons-fileupload/commons-fileupload/1.4/commons-fileupload-1.4.jar:/Users/ip192/.m2/repository/commons-io/commons-io/2.2/commons-io-2.2.jar:/Users/ip192/.m2/repository/org/eclipse/jetty/http2/http2-server/9.4.30.v20200611/http2-server-9.4.30.v20200611.jar:/Users/ip192/.m2/repository/org/eclipse/jetty/http2/http2-common/9.4.30.v20200611/http2-common-9.4.30.v20200611.jar:/Users/ip192/.m2/repository/org/eclipse/jetty/http2/http2-hpack/9.4.30.v20200611/http2-hpack-9.4.30.v20200611.jar:/Users/ip192/.m2/repository/org/eclipse/jetty/jetty-alpn-server/9.4.30.v20200611/jetty-alpn-server-9.4.30.v20200611.jar:/Users/ip192/.m2/repository/org/eclipse/jetty/jetty-alpn-conscrypt-server/9.4.30.v20200611/jetty-alpn-conscrypt-server-9.4.30.v20200611.jar:/Users/ip192/.m2/repository/org/eclipse/jetty/jetty-alpn-conscrypt-client/9.4.30.v20200611/jetty-alpn-conscrypt-client-9.4.30.v20200611.jar:/Users/ip192/.m2/repository/org/eclipse/jetty/jetty-alpn-client/9.4.30.v20200611/jetty-alpn-client-9.4.30.v20200611.jar:/Users/ip192/.m2/repository/org/conscrypt/conscrypt-openjdk-uber/2.2.1/conscrypt-openjdk-uber-2.2.1.jar:/Users/ip192/.m2/repository/net/javacrumbs/json-unit/json-unit-core/2.12.0/json-unit-core-2.12.0.jar:/Users/ip192/.m2/repository/org/opentest4j/opentest4j/1.1.1/opentest4j-1.1.1.jar:/Users/ip192/.m2/repository/org/hamcrest/hamcrest-core/2.2/hamcrest-core-2.2.jar:/Users/ip192/.m2/repository/org/awaitility/awaitility/4.0.3/awaitility-4.0.3.jar:/Users/ip192/.m2/repository/io/projectreactor/reactor-test/3.3.8.RELEASE/reactor-test-3.3.8.RELEASE.jar:/Users/ip192/.m2/repository/io/projectreactor/reactor-core/3.3.8.RELEASE/reactor-core-3.3.8.RELEASE.jar:/Users/ip192/.m2/repository/org/reactivestreams/reactive-streams/1.0.3/reactive-streams-1.0.3.jar:/Users/ip192/.m2/repository/io/micrometer/micrometer-core/1.5.3/micrometer-core-1.5.3.jar:/Users/ip192/.m2/repository/org/hdrhistogram/HdrHistogram/2.1.12/HdrHistogram-2.1.12.jar:/Users/ip192/.m2/repository/org/latencyutils/LatencyUtils/2.0.3/LatencyUtils-2.0.3.jar:/Users/ip192/.m2/repository/io/micrometer/micrometer-registry-prometheus/1.5.3/micrometer-registry-prometheus-1.5.3.jar:/Users/ip192/.m2/repository/io/prometheus/simpleclient_common/0.8.1/simpleclient_common-0.8.1.jar:/Users/ip192/.m2/repository/io/prometheus/simpleclient/0.8.1/simpleclient-0.8.1.jar:/Users/ip192/.m2/repository/org/apache/httpcomponents/httpclient/4.5.12/httpclient-4.5.12.jar:/Users/ip192/.m2/repository/org/apache/httpcomponents/httpcore/4.4.13/httpcore-4.4.13.jar:/Users/ip192/.m2/repository/commons-codec/commons-codec/1.14/commons-codec-1.14.jar:"/>
    <property name="https.proxyPort" value="7897"/>
    <property name="java.vm.vendor" value="Temurin"/>
    <property name="sun.arch.data.model" value="64"/>
    <property name="java.vendor.url" value="https://adoptium.net/"/>
    <property name="user.timezone" value="Asia/Shanghai"/>
    <property name="java.vm.specification.version" value="1.8"/>
    <property name="os.name" value="Mac OS X"/>
    <property name="user.country" value="CN"/>
    <property name="sun.java.launcher" value="SUN_STANDARD"/>
    <property name="sun.boot.library.path" value="/Library/Java/JavaVirtualMachines/temurin-8.jdk/Contents/Home/jre/lib"/>
    <property name="sun.java.command" value="/Users/ip192/work/Projects/java/gateway-demo/gateway-service/target/surefire/surefirebooter-20250905172720777_3.jar /Users/ip192/work/Projects/java/gateway-demo/gateway-service/target/surefire 2025-09-05T17-27-20_616-jvmRun1 surefire-20250905172720777_1tmp surefire_0-20250905172720777_2tmp"/>
    <property name="http.nonProxyHosts" value="127.0.0.1|192.168.0.0/16|*.192.168.0.0/16|10.0.0.0/8|*.10.0.0.0/8|172.16.0.0/12|*.172.16.0.0/12|172.29.0.0/16|*.172.29.0.0/16|localhost|*.localhost|local|*.local|crashlytics.com|*.crashlytics.com|&lt;local&gt;|*.&lt;local&gt;"/>
    <property name="test" value="GatewayRoutingConfigurationTest"/>
    <property name="surefire.test.class.path" value="/Users/ip192/work/Projects/java/gateway-demo/gateway-service/target/test-classes:/Users/ip192/work/Projects/java/gateway-demo/gateway-service/target/classes:/Users/ip192/.m2/repository/org/springframework/cloud/spring-cloud-starter-gateway/2.2.4.RELEASE/spring-cloud-starter-gateway-2.2.4.RELEASE.jar:/Users/ip192/.m2/repository/org/springframework/cloud/spring-cloud-starter/2.2.4.RELEASE/spring-cloud-starter-2.2.4.RELEASE.jar:/Users/ip192/.m2/repository/org/springframework/cloud/spring-cloud-context/2.2.4.RELEASE/spring-cloud-context-2.2.4.RELEASE.jar:/Users/ip192/.m2/repository/org/springframework/security/spring-security-crypto/5.3.3.RELEASE/spring-security-crypto-5.3.3.RELEASE.jar:/Users/ip192/.m2/repository/org/springframework/cloud/spring-cloud-commons/2.2.4.RELEASE/spring-cloud-commons-2.2.4.RELEASE.jar:/Users/ip192/.m2/repository/org/springframework/security/spring-security-rsa/1.0.9.RELEASE/spring-security-rsa-1.0.9.RELEASE.jar:/Users/ip192/.m2/repository/org/bouncycastle/bcpkix-jdk15on/1.64/bcpkix-jdk15on-1.64.jar:/Users/ip192/.m2/repository/org/bouncycastle/bcprov-jdk15on/1.64/bcprov-jdk15on-1.64.jar:/Users/ip192/.m2/repository/org/springframework/cloud/spring-cloud-gateway-core/2.2.4.RELEASE/spring-cloud-gateway-core-2.2.4.RELEASE.jar:/Users/ip192/.m2/repository/org/springframework/boot/spring-boot-starter-validation/2.3.2.RELEASE/spring-boot-starter-validation-2.3.2.RELEASE.jar:/Users/ip192/.m2/repository/org/glassfish/jakarta.el/3.0.3/jakarta.el-3.0.3.jar:/Users/ip192/.m2/repository/org/hibernate/validator/hibernate-validator/6.1.5.Final/hibernate-validator-6.1.5.Final.jar:/Users/ip192/.m2/repository/jakarta/validation/jakarta.validation-api/2.0.2/jakarta.validation-api-2.0.2.jar:/Users/ip192/.m2/repository/org/jboss/logging/jboss-logging/3.4.1.Final/jboss-logging-3.4.1.Final.jar:/Users/ip192/.m2/repository/com/fasterxml/classmate/1.5.1/classmate-1.5.1.jar:/Users/ip192/.m2/repository/io/projectreactor/addons/reactor-extra/3.3.3.RELEASE/reactor-extra-3.3.3.RELEASE.jar:/Users/ip192/.m2/repository/org/springframework/boot/spring-boot-starter-webflux/2.3.2.RELEASE/spring-boot-starter-webflux-2.3.2.RELEASE.jar:/Users/ip192/.m2/repository/org/springframework/boot/spring-boot-starter/2.3.2.RELEASE/spring-boot-starter-2.3.2.RELEASE.jar:/Users/ip192/.m2/repository/org/springframework/boot/spring-boot/2.3.2.RELEASE/spring-boot-2.3.2.RELEASE.jar:/Users/ip192/.m2/repository/org/springframework/spring-context/5.2.8.RELEASE/spring-context-5.2.8.RELEASE.jar:/Users/ip192/.m2/repository/org/springframework/spring-aop/5.2.8.RELEASE/spring-aop-5.2.8.RELEASE.jar:/Users/ip192/.m2/repository/org/springframework/spring-expression/5.2.8.RELEASE/spring-expression-5.2.8.RELEASE.jar:/Users/ip192/.m2/repository/org/springframework/boot/spring-boot-autoconfigure/2.3.2.RELEASE/spring-boot-autoconfigure-2.3.2.RELEASE.jar:/Users/ip192/.m2/repository/org/springframework/boot/spring-boot-starter-logging/2.3.2.RELEASE/spring-boot-starter-logging-2.3.2.RELEASE.jar:/Users/ip192/.m2/repository/ch/qos/logback/logback-classic/1.2.3/logback-classic-1.2.3.jar:/Users/ip192/.m2/repository/ch/qos/logback/logback-core/1.2.3/logback-core-1.2.3.jar:/Users/ip192/.m2/repository/org/apache/logging/log4j/log4j-to-slf4j/2.13.3/log4j-to-slf4j-2.13.3.jar:/Users/ip192/.m2/repository/org/apache/logging/log4j/log4j-api/2.13.3/log4j-api-2.13.3.jar:/Users/ip192/.m2/repository/org/slf4j/jul-to-slf4j/1.7.30/jul-to-slf4j-1.7.30.jar:/Users/ip192/.m2/repository/jakarta/annotation/jakarta.annotation-api/1.3.5/jakarta.annotation-api-1.3.5.jar:/Users/ip192/.m2/repository/org/yaml/snakeyaml/1.26/snakeyaml-1.26.jar:/Users/ip192/.m2/repository/org/springframework/boot/spring-boot-starter-json/2.3.2.RELEASE/spring-boot-starter-json-2.3.2.RELEASE.jar:/Users/ip192/.m2/repository/com/fasterxml/jackson/datatype/jackson-datatype-jdk8/2.11.1/jackson-datatype-jdk8-2.11.1.jar:/Users/ip192/.m2/repository/com/fasterxml/jackson/datatype/jackson-datatype-jsr310/2.11.1/jackson-datatype-jsr310-2.11.1.jar:/Users/ip192/.m2/repository/com/fasterxml/jackson/module/jackson-module-parameter-names/2.11.1/jackson-module-parameter-names-2.11.1.jar:/Users/ip192/.m2/repository/org/springframework/boot/spring-boot-starter-reactor-netty/2.3.2.RELEASE/spring-boot-starter-reactor-netty-2.3.2.RELEASE.jar:/Users/ip192/.m2/repository/io/projectreactor/netty/reactor-netty/0.9.10.RELEASE/reactor-netty-0.9.10.RELEASE.jar:/Users/ip192/.m2/repository/io/netty/netty-codec-http/4.1.51.Final/netty-codec-http-4.1.51.Final.jar:/Users/ip192/.m2/repository/io/netty/netty-common/4.1.51.Final/netty-common-4.1.51.Final.jar:/Users/ip192/.m2/repository/io/netty/netty-buffer/4.1.51.Final/netty-buffer-4.1.51.Final.jar:/Users/ip192/.m2/repository/io/netty/netty-transport/4.1.51.Final/netty-transport-4.1.51.Final.jar:/Users/ip192/.m2/repository/io/netty/netty-codec/4.1.51.Final/netty-codec-4.1.51.Final.jar:/Users/ip192/.m2/repository/io/netty/netty-codec-http2/4.1.51.Final/netty-codec-http2-4.1.51.Final.jar:/Users/ip192/.m2/repository/io/netty/netty-handler/4.1.51.Final/netty-handler-4.1.51.Final.jar:/Users/ip192/.m2/repository/io/netty/netty-resolver/4.1.51.Final/netty-resolver-4.1.51.Final.jar:/Users/ip192/.m2/repository/io/netty/netty-handler-proxy/4.1.51.Final/netty-handler-proxy-4.1.51.Final.jar:/Users/ip192/.m2/repository/io/netty/netty-codec-socks/4.1.51.Final/netty-codec-socks-4.1.51.Final.jar:/Users/ip192/.m2/repository/io/netty/netty-transport-native-epoll/4.1.51.Final/netty-transport-native-epoll-4.1.51.Final-linux-x86_64.jar:/Users/ip192/.m2/repository/io/netty/netty-transport-native-unix-common/4.1.51.Final/netty-transport-native-unix-common-4.1.51.Final.jar:/Users/ip192/.m2/repository/org/springframework/spring-web/5.2.8.RELEASE/spring-web-5.2.8.RELEASE.jar:/Users/ip192/.m2/repository/org/springframework/spring-beans/5.2.8.RELEASE/spring-beans-5.2.8.RELEASE.jar:/Users/ip192/.m2/repository/org/springframework/spring-webflux/5.2.8.RELEASE/spring-webflux-5.2.8.RELEASE.jar:/Users/ip192/.m2/repository/org/synchronoss/cloud/nio-multipart-parser/1.1.0/nio-multipart-parser-1.1.0.jar:/Users/ip192/.m2/repository/org/synchronoss/cloud/nio-stream-storage/1.1.3/nio-stream-storage-1.1.3.jar:/Users/ip192/.m2/repository/org/springframework/boot/spring-boot-starter-actuator/2.3.2.RELEASE/spring-boot-starter-actuator-2.3.2.RELEASE.jar:/Users/ip192/.m2/repository/org/springframework/boot/spring-boot-actuator-autoconfigure/2.3.2.RELEASE/spring-boot-actuator-autoconfigure-2.3.2.RELEASE.jar:/Users/ip192/.m2/repository/org/springframework/boot/spring-boot-actuator/2.3.2.RELEASE/spring-boot-actuator-2.3.2.RELEASE.jar:/Users/ip192/.m2/repository/org/springframework/cloud/spring-cloud-starter-circuitbreaker-reactor-resilience4j/1.0.4.RELEASE/spring-cloud-starter-circuitbreaker-reactor-resilience4j-1.0.4.RELEASE.jar:/Users/ip192/.m2/repository/org/springframework/cloud/spring-cloud-circuitbreaker-resilience4j/1.0.4.RELEASE/spring-cloud-circuitbreaker-resilience4j-1.0.4.RELEASE.jar:/Users/ip192/.m2/repository/io/github/resilience4j/resilience4j-circuitbreaker/1.3.1/resilience4j-circuitbreaker-1.3.1.jar:/Users/ip192/.m2/repository/io/vavr/vavr/0.10.2/vavr-0.10.2.jar:/Users/ip192/.m2/repository/io/vavr/vavr-match/0.10.2/vavr-match-0.10.2.jar:/Users/ip192/.m2/repository/io/github/resilience4j/resilience4j-core/1.3.1/resilience4j-core-1.3.1.jar:/Users/ip192/.m2/repository/io/github/resilience4j/resilience4j-timelimiter/1.3.1/resilience4j-timelimiter-1.3.1.jar:/Users/ip192/.m2/repository/io/github/resilience4j/resilience4j-reactor/1.3.1/resilience4j-reactor-1.3.1.jar:/Users/ip192/.m2/repository/org/springframework/boot/spring-boot-configuration-processor/2.3.2.RELEASE/spring-boot-configuration-processor-2.3.2.RELEASE.jar:/Users/ip192/.m2/repository/org/springframework/boot/spring-boot-starter-test/2.3.2.RELEASE/spring-boot-starter-test-2.3.2.RELEASE.jar:/Users/ip192/.m2/repository/org/springframework/boot/spring-boot-test/2.3.2.RELEASE/spring-boot-test-2.3.2.RELEASE.jar:/Users/ip192/.m2/repository/org/springframework/boot/spring-boot-test-autoconfigure/2.3.2.RELEASE/spring-boot-test-autoconfigure-2.3.2.RELEASE.jar:/Users/ip192/.m2/repository/com/jayway/jsonpath/json-path/2.4.0/json-path-2.4.0.jar:/Users/ip192/.m2/repository/net/minidev/json-smart/2.3/json-smart-2.3.jar:/Users/ip192/.m2/repository/net/minidev/accessors-smart/1.2/accessors-smart-1.2.jar:/Users/ip192/.m2/repository/jakarta/xml/bind/jakarta.xml.bind-api/2.3.3/jakarta.xml.bind-api-2.3.3.jar:/Users/ip192/.m2/repository/jakarta/activation/jakarta.activation-api/1.2.2/jakarta.activation-api-1.2.2.jar:/Users/ip192/.m2/repository/org/assertj/assertj-core/3.16.1/assertj-core-3.16.1.jar:/Users/ip192/.m2/repository/org/hamcrest/hamcrest/2.2/hamcrest-2.2.jar:/Users/ip192/.m2/repository/org/junit/jupiter/junit-jupiter/5.6.2/junit-jupiter-5.6.2.jar:/Users/ip192/.m2/repository/org/junit/jupiter/junit-jupiter-api/5.6.2/junit-jupiter-api-5.6.2.jar:/Users/ip192/.m2/repository/org/junit/platform/junit-platform-commons/1.6.2/junit-platform-commons-1.6.2.jar:/Users/ip192/.m2/repository/org/junit/jupiter/junit-jupiter-params/5.6.2/junit-jupiter-params-5.6.2.jar:/Users/ip192/.m2/repository/org/junit/jupiter/junit-jupiter-engine/5.6.2/junit-jupiter-engine-5.6.2.jar:/Users/ip192/.m2/repository/org/junit/vintage/junit-vintage-engine/5.6.2/junit-vintage-engine-5.6.2.jar:/Users/ip192/.m2/repository/org/apiguardian/apiguardian-api/1.1.0/apiguardian-api-1.1.0.jar:/Users/ip192/.m2/repository/org/junit/platform/junit-platform-engine/1.6.2/junit-platform-engine-1.6.2.jar:/Users/ip192/.m2/repository/junit/junit/4.13/junit-4.13.jar:/Users/ip192/.m2/repository/org/mockito/mockito-core/3.3.3/mockito-core-3.3.3.jar:/Users/ip192/.m2/repository/net/bytebuddy/byte-buddy/1.10.13/byte-buddy-1.10.13.jar:/Users/ip192/.m2/repository/net/bytebuddy/byte-buddy-agent/1.10.13/byte-buddy-agent-1.10.13.jar:/Users/ip192/.m2/repository/org/objenesis/objenesis/2.6/objenesis-2.6.jar:/Users/ip192/.m2/repository/org/mockito/mockito-junit-jupiter/3.3.3/mockito-junit-jupiter-3.3.3.jar:/Users/ip192/.m2/repository/org/skyscreamer/jsonassert/1.5.0/jsonassert-1.5.0.jar:/Users/ip192/.m2/repository/com/vaadin/external/google/android-json/0.0.20131108.vaadin1/android-json-0.0.20131108.vaadin1.jar:/Users/ip192/.m2/repository/org/springframework/spring-core/5.2.8.RELEASE/spring-core-5.2.8.RELEASE.jar:/Users/ip192/.m2/repository/org/springframework/spring-jcl/5.2.8.RELEASE/spring-jcl-5.2.8.RELEASE.jar:/Users/ip192/.m2/repository/org/springframework/spring-test/5.2.8.RELEASE/spring-test-5.2.8.RELEASE.jar:/Users/ip192/.m2/repository/org/xmlunit/xmlunit-core/2.7.0/xmlunit-core-2.7.0.jar:/Users/ip192/.m2/repository/com/github/tomakehurst/wiremock-jre8/2.27.2/wiremock-jre8-2.27.2.jar:/Users/ip192/.m2/repository/org/eclipse/jetty/jetty-server/9.4.30.v20200611/jetty-server-9.4.30.v20200611.jar:/Users/ip192/.m2/repository/javax/servlet/javax.servlet-api/4.0.1/javax.servlet-api-4.0.1.jar:/Users/ip192/.m2/repository/org/eclipse/jetty/jetty-http/9.4.30.v20200611/jetty-http-9.4.30.v20200611.jar:/Users/ip192/.m2/repository/org/eclipse/jetty/jetty-io/9.4.30.v20200611/jetty-io-9.4.30.v20200611.jar:/Users/ip192/.m2/repository/org/eclipse/jetty/jetty-servlet/9.4.30.v20200611/jetty-servlet-9.4.30.v20200611.jar:/Users/ip192/.m2/repository/org/eclipse/jetty/jetty-security/9.4.30.v20200611/jetty-security-9.4.30.v20200611.jar:/Users/ip192/.m2/repository/org/eclipse/jetty/jetty-servlets/9.4.30.v20200611/jetty-servlets-9.4.30.v20200611.jar:/Users/ip192/.m2/repository/org/eclipse/jetty/jetty-continuation/9.4.30.v20200611/jetty-continuation-9.4.30.v20200611.jar:/Users/ip192/.m2/repository/org/eclipse/jetty/jetty-util/9.4.30.v20200611/jetty-util-9.4.30.v20200611.jar:/Users/ip192/.m2/repository/org/eclipse/jetty/jetty-webapp/9.4.30.v20200611/jetty-webapp-9.4.30.v20200611.jar:/Users/ip192/.m2/repository/org/eclipse/jetty/jetty-xml/9.4.30.v20200611/jetty-xml-9.4.30.v20200611.jar:/Users/ip192/.m2/repository/org/eclipse/jetty/jetty-proxy/9.4.30.v20200611/jetty-proxy-9.4.30.v20200611.jar:/Users/ip192/.m2/repository/org/eclipse/jetty/jetty-client/9.4.30.v20200611/jetty-client-9.4.30.v20200611.jar:/Users/ip192/.m2/repository/com/google/guava/guava/29.0-jre/guava-29.0-jre.jar:/Users/ip192/.m2/repository/com/google/guava/failureaccess/1.0.1/failureaccess-1.0.1.jar:/Users/ip192/.m2/repository/com/google/guava/listenablefuture/9999.0-empty-to-avoid-conflict-with-guava/listenablefuture-9999.0-empty-to-avoid-conflict-with-guava.jar:/Users/ip192/.m2/repository/com/google/code/findbugs/jsr305/3.0.2/jsr305-3.0.2.jar:/Users/ip192/.m2/repository/org/checkerframework/checker-qual/2.11.1/checker-qual-2.11.1.jar:/Users/ip192/.m2/repository/com/google/errorprone/error_prone_annotations/2.3.4/error_prone_annotations-2.3.4.jar:/Users/ip192/.m2/repository/com/google/j2objc/j2objc-annotations/1.3/j2objc-annotations-1.3.jar:/Users/ip192/.m2/repository/com/fasterxml/jackson/core/jackson-core/2.11.1/jackson-core-2.11.1.jar:/Users/ip192/.m2/repository/com/fasterxml/jackson/core/jackson-annotations/2.11.1/jackson-annotations-2.11.1.jar:/Users/ip192/.m2/repository/com/fasterxml/jackson/core/jackson-databind/2.11.1/jackson-databind-2.11.1.jar:/Users/ip192/.m2/repository/org/xmlunit/xmlunit-legacy/2.7.0/xmlunit-legacy-2.7.0.jar:/Users/ip192/.m2/repository/org/xmlunit/xmlunit-placeholders/2.7.0/xmlunit-placeholders-2.7.0.jar:/Users/ip192/.m2/repository/org/ow2/asm/asm/7.0/asm-7.0.jar:/Users/ip192/.m2/repository/org/slf4j/slf4j-api/1.7.30/slf4j-api-1.7.30.jar:/Users/ip192/.m2/repository/net/sf/jopt-simple/jopt-simple/5.0.3/jopt-simple-5.0.3.jar:/Users/ip192/.m2/repository/org/apache/commons/commons-lang3/3.10/commons-lang3-3.10.jar:/Users/ip192/.m2/repository/com/github/jknack/handlebars/4.2.0/handlebars-4.2.0.jar:/Users/ip192/.m2/repository/com/github/jknack/handlebars-helpers/4.2.0/handlebars-helpers-4.2.0.jar:/Users/ip192/.m2/repository/com/flipkart/zjsonpatch/zjsonpatch/0.4.4/zjsonpatch-0.4.4.jar:/Users/ip192/.m2/repository/commons-fileupload/commons-fileupload/1.4/commons-fileupload-1.4.jar:/Users/ip192/.m2/repository/commons-io/commons-io/2.2/commons-io-2.2.jar:/Users/ip192/.m2/repository/org/eclipse/jetty/http2/http2-server/9.4.30.v20200611/http2-server-9.4.30.v20200611.jar:/Users/ip192/.m2/repository/org/eclipse/jetty/http2/http2-common/9.4.30.v20200611/http2-common-9.4.30.v20200611.jar:/Users/ip192/.m2/repository/org/eclipse/jetty/http2/http2-hpack/9.4.30.v20200611/http2-hpack-9.4.30.v20200611.jar:/Users/ip192/.m2/repository/org/eclipse/jetty/jetty-alpn-server/9.4.30.v20200611/jetty-alpn-server-9.4.30.v20200611.jar:/Users/ip192/.m2/repository/org/eclipse/jetty/jetty-alpn-conscrypt-server/9.4.30.v20200611/jetty-alpn-conscrypt-server-9.4.30.v20200611.jar:/Users/ip192/.m2/repository/org/eclipse/jetty/jetty-alpn-conscrypt-client/9.4.30.v20200611/jetty-alpn-conscrypt-client-9.4.30.v20200611.jar:/Users/ip192/.m2/repository/org/eclipse/jetty/jetty-alpn-client/9.4.30.v20200611/jetty-alpn-client-9.4.30.v20200611.jar:/Users/ip192/.m2/repository/org/conscrypt/conscrypt-openjdk-uber/2.2.1/conscrypt-openjdk-uber-2.2.1.jar:/Users/ip192/.m2/repository/net/javacrumbs/json-unit/json-unit-core/2.12.0/json-unit-core-2.12.0.jar:/Users/ip192/.m2/repository/org/opentest4j/opentest4j/1.1.1/opentest4j-1.1.1.jar:/Users/ip192/.m2/repository/org/hamcrest/hamcrest-core/2.2/hamcrest-core-2.2.jar:/Users/ip192/.m2/repository/org/awaitility/awaitility/4.0.3/awaitility-4.0.3.jar:/Users/ip192/.m2/repository/io/projectreactor/reactor-test/3.3.8.RELEASE/reactor-test-3.3.8.RELEASE.jar:/Users/ip192/.m2/repository/io/projectreactor/reactor-core/3.3.8.RELEASE/reactor-core-3.3.8.RELEASE.jar:/Users/ip192/.m2/repository/org/reactivestreams/reactive-streams/1.0.3/reactive-streams-1.0.3.jar:/Users/ip192/.m2/repository/io/micrometer/micrometer-core/1.5.3/micrometer-core-1.5.3.jar:/Users/ip192/.m2/repository/org/hdrhistogram/HdrHistogram/2.1.12/HdrHistogram-2.1.12.jar:/Users/ip192/.m2/repository/org/latencyutils/LatencyUtils/2.0.3/LatencyUtils-2.0.3.jar:/Users/ip192/.m2/repository/io/micrometer/micrometer-registry-prometheus/1.5.3/micrometer-registry-prometheus-1.5.3.jar:/Users/ip192/.m2/repository/io/prometheus/simpleclient_common/0.8.1/simpleclient_common-0.8.1.jar:/Users/ip192/.m2/repository/io/prometheus/simpleclient/0.8.1/simpleclient-0.8.1.jar:/Users/ip192/.m2/repository/org/apache/httpcomponents/httpclient/4.5.12/httpclient-4.5.12.jar:/Users/ip192/.m2/repository/org/apache/httpcomponents/httpcore/4.4.13/httpcore-4.4.13.jar:/Users/ip192/.m2/repository/commons-codec/commons-codec/1.14/commons-codec-1.14.jar:"/>
    <property name="sun.cpu.endian" value="little"/>
    <property name="user.home" value="/Users/ip192"/>
    <property name="user.language" value="zh"/>
    <property name="java.specification.vendor" value="Oracle Corporation"/>
    <property name="java.home" value="/Library/Java/JavaVirtualMachines/temurin-8.jdk/Contents/Home/jre"/>
    <property name="basedir" value="/Users/ip192/work/Projects/java/gateway-demo/gateway-service"/>
    <property name="https.proxyHost" value="127.0.0.1"/>
    <property name="file.separator" value="/"/>
    <property name="line.separator" value="&#10;"/>
    <property name="java.vm.specification.vendor" value="Oracle Corporation"/>
    <property name="java.specification.name" value="Java Platform API Specification"/>
    <property name="java.awt.graphicsenv" value="sun.awt.CGraphicsEnvironment"/>
    <property name="surefire.real.class.path" value="/Users/ip192/work/Projects/java/gateway-demo/gateway-service/target/surefire/surefirebooter-20250905172720777_3.jar"/>
    <property name="sun.boot.class.path" value="/Library/Java/JavaVirtualMachines/temurin-8.jdk/Contents/Home/jre/lib/resources.jar:/Library/Java/JavaVirtualMachines/temurin-8.jdk/Contents/Home/jre/lib/rt.jar:/Library/Java/JavaVirtualMachines/temurin-8.jdk/Contents/Home/jre/lib/sunrsasign.jar:/Library/Java/JavaVirtualMachines/temurin-8.jdk/Contents/Home/jre/lib/jsse.jar:/Library/Java/JavaVirtualMachines/temurin-8.jdk/Contents/Home/jre/lib/jce.jar:/Library/Java/JavaVirtualMachines/temurin-8.jdk/Contents/Home/jre/lib/charsets.jar:/Library/Java/JavaVirtualMachines/temurin-8.jdk/Contents/Home/jre/lib/jfr.jar:/Library/Java/JavaVirtualMachines/temurin-8.jdk/Contents/Home/jre/classes"/>
    <property name="sun.management.compiler" value="HotSpot 64-Bit Tiered Compilers"/>
    <property name="ftp.nonProxyHosts" value="127.0.0.1|192.168.0.0/16|*.192.168.0.0/16|10.0.0.0/8|*.10.0.0.0/8|172.16.0.0/12|*.172.16.0.0/12|172.29.0.0/16|*.172.29.0.0/16|localhost|*.localhost|local|*.local|crashlytics.com|*.crashlytics.com|&lt;local&gt;|*.&lt;local&gt;"/>
    <property name="java.runtime.version" value="1.8.0_452-b09"/>
    <property name="user.name" value="ip192"/>
    <property name="path.separator" value=":"/>
    <property name="os.version" value="15.6.1"/>
    <property name="java.endorsed.dirs" value="/Library/Java/JavaVirtualMachines/temurin-8.jdk/Contents/Home/jre/lib/endorsed"/>
    <property name="java.runtime.name" value="OpenJDK Runtime Environment"/>
    <property name="file.encoding" value="UTF-8"/>
    <property name="java.vm.name" value="OpenJDK 64-Bit Server VM"/>
    <property name="localRepository" value="/Users/ip192/.m2/repository"/>
    <property name="java.vendor.url.bug" value="https://github.com/adoptium/adoptium-support/issues"/>
    <property name="java.io.tmpdir" value="/var/folders/3m/1c0_y67s1dz0zfp5gwv7rn5c0000gn/T/"/>
    <property name="java.version" value="1.8.0_452"/>
    <property name="user.dir" value="/Users/ip192/work/Projects/java/gateway-demo/gateway-service"/>
    <property name="os.arch" value="x86_64"/>
    <property name="socksProxyPort" value="7897"/>
    <property name="java.vm.specification.name" value="Java Virtual Machine Specification"/>
    <property name="java.awt.printerjob" value="sun.lwawt.macosx.CPrinterJob"/>
    <property name="sun.os.patch.level" value="unknown"/>
    <property name="java.library.path" value="/Users/ip192/Library/Java/Extensions:/Library/Java/Extensions:/Network/Library/Java/Extensions:/System/Library/Java/Extensions:/usr/lib/java:."/>
    <property name="java.vm.info" value="mixed mode"/>
    <property name="java.vendor" value="Temurin"/>
    <property name="java.vm.version" value="25.452-b09"/>
    <property name="java.specification.maintenance.version" value="6"/>
    <property name="java.ext.dirs" value="/Users/ip192/Library/Java/Extensions:/Library/Java/JavaVirtualMachines/temurin-8.jdk/Contents/Home/jre/lib/ext:/Library/Java/Extensions:/Network/Library/Java/Extensions:/System/Library/Java/Extensions:/usr/lib/java"/>
    <property name="sun.io.unicode.encoding" value="UnicodeBig"/>
    <property name="java.class.version" value="52.0"/>
    <property name="socksNonProxyHosts" value="127.0.0.1|192.168.0.0/16|*.192.168.0.0/16|10.0.0.0/8|*.10.0.0.0/8|172.16.0.0/12|*.172.16.0.0/12|172.29.0.0/16|*.172.29.0.0/16|localhost|*.localhost|local|*.local|crashlytics.com|*.crashlytics.com|&lt;local&gt;|*.&lt;local&gt;"/>
    <property name="http.proxyPort" value="7897"/>
  </properties>
  <testcase name="testValidateConfigurationWithNoRoutes" classname="com.example.gateway.GatewayRoutingConfigurationTest" time="0.463">
    <system-out><![CDATA[17:27:21.941 [main] INFO com.example.gateway.config.GatewayRoutingConfiguration - Validating gateway routing configuration...
17:27:21.944 [main] WARN com.example.gateway.config.GatewayRoutingConfiguration - No routes configured in gateway.routes property
]]></system-out>
  </testcase>
  <testcase name="testValidateConfigurationWithValidRoutes" classname="com.example.gateway.GatewayRoutingConfigurationTest" time="0.007">
    <system-out><![CDATA[17:27:21.959 [main] INFO com.example.gateway.config.GatewayRoutingConfiguration - Validating gateway routing configuration...
17:27:21.960 [main] INFO com.example.gateway.config.GatewayRoutingConfiguration - Gateway routing configuration validation successful. Loaded 1 routes.
17:27:21.961 [main] DEBUG com.example.gateway.config.GatewayRoutingConfiguration - Route configured: test-route -> http://localhost:8080
]]></system-out>
  </testcase>
  <testcase name="testValidateConfigurationWithInvalidRoutes" classname="com.example.gateway.GatewayRoutingConfigurationTest" time="0.005">
    <system-out><![CDATA[17:27:21.967 [main] INFO com.example.gateway.config.GatewayRoutingConfiguration - Validating gateway routing configuration...
17:27:21.967 [main] ERROR com.example.gateway.config.GatewayRoutingConfiguration - Gateway routing configuration validation failed: Invalid route configuration
]]></system-out>
  </testcase>
  <testcase name="testValidateConfigurationWithNullRoutes" classname="com.example.gateway.GatewayRoutingConfigurationTest" time="0.001">
    <system-out><![CDATA[17:27:21.975 [main] INFO com.example.gateway.config.GatewayRoutingConfiguration - Validating gateway routing configuration...
17:27:21.975 [main] WARN com.example.gateway.config.GatewayRoutingConfiguration - No routes configured in gateway.routes property
]]></system-out>
  </testcase>
</testsuite>