<?xml version="1.0" encoding="UTF-8"?>
<testsuite xmlns:xsi="http://www.w3.org/2001/XMLSchema-instance" xsi:noNamespaceSchemaLocation="https://maven.apache.org/surefire/maven-surefire-plugin/xsd/surefire-test-report-3.0.xsd" version="3.0" name="com.example.gateway.RouteMatchingAndPriorityIntegrationTest" time="6.93" tests="1" errors="0" skipped="0" failures="0">
  <properties>
    <property name="gopherProxySet" value="false"/>
    <property name="awt.toolkit" value="sun.lwawt.macosx.LWCToolkit"/>
    <property name="socksProxyHost" value="127.0.0.1"/>
    <property name="http.proxyHost" value="127.0.0.1"/>
    <property name="java.specification.version" value="1.8"/>
    <property name="file.encoding.pkg" value="sun.io"/>
    <property name="sun.cpu.isalist" value=""/>
    <property name="sun.jnu.encoding" value="UTF-8"/>
    <property name="java.class.path" value="/Users/ip192/work/Projects/java/gateway-demo/gateway-service/target/test-classes:/Users/ip192/work/Projects/java/gateway-demo/gateway-service/target/classes:/Users/ip192/.m2/repository/org/springframework/cloud/spring-cloud-starter-gateway/2.2.4.RELEASE/spring-cloud-starter-gateway-2.2.4.RELEASE.jar:/Users/ip192/.m2/repository/org/springframework/cloud/spring-cloud-starter/2.2.4.RELEASE/spring-cloud-starter-2.2.4.RELEASE.jar:/Users/ip192/.m2/repository/org/springframework/cloud/spring-cloud-context/2.2.4.RELEASE/spring-cloud-context-2.2.4.RELEASE.jar:/Users/ip192/.m2/repository/org/springframework/security/spring-security-crypto/5.3.3.RELEASE/spring-security-crypto-5.3.3.RELEASE.jar:/Users/ip192/.m2/repository/org/springframework/cloud/spring-cloud-commons/2.2.4.RELEASE/spring-cloud-commons-2.2.4.RELEASE.jar:/Users/ip192/.m2/repository/org/springframework/security/spring-security-rsa/1.0.9.RELEASE/spring-security-rsa-1.0.9.RELEASE.jar:/Users/ip192/.m2/repository/org/bouncycastle/bcpkix-jdk15on/1.64/bcpkix-jdk15on-1.64.jar:/Users/ip192/.m2/repository/org/bouncycastle/bcprov-jdk15on/1.64/bcprov-jdk15on-1.64.jar:/Users/ip192/.m2/repository/org/springframework/cloud/spring-cloud-gateway-core/2.2.4.RELEASE/spring-cloud-gateway-core-2.2.4.RELEASE.jar:/Users/ip192/.m2/repository/org/springframework/boot/spring-boot-starter-validation/2.3.2.RELEASE/spring-boot-starter-validation-2.3.2.RELEASE.jar:/Users/ip192/.m2/repository/org/glassfish/jakarta.el/3.0.3/jakarta.el-3.0.3.jar:/Users/ip192/.m2/repository/org/hibernate/validator/hibernate-validator/6.1.5.Final/hibernate-validator-6.1.5.Final.jar:/Users/ip192/.m2/repository/jakarta/validation/jakarta.validation-api/2.0.2/jakarta.validation-api-2.0.2.jar:/Users/ip192/.m2/repository/org/jboss/logging/jboss-logging/3.4.1.Final/jboss-logging-3.4.1.Final.jar:/Users/ip192/.m2/repository/com/fasterxml/classmate/1.5.1/classmate-1.5.1.jar:/Users/ip192/.m2/repository/io/projectreactor/addons/reactor-extra/3.3.3.RELEASE/reactor-extra-3.3.3.RELEASE.jar:/Users/ip192/.m2/repository/org/springframework/boot/spring-boot-starter-webflux/2.3.2.RELEASE/spring-boot-starter-webflux-2.3.2.RELEASE.jar:/Users/ip192/.m2/repository/org/springframework/boot/spring-boot-starter/2.3.2.RELEASE/spring-boot-starter-2.3.2.RELEASE.jar:/Users/ip192/.m2/repository/org/springframework/boot/spring-boot/2.3.2.RELEASE/spring-boot-2.3.2.RELEASE.jar:/Users/ip192/.m2/repository/org/springframework/spring-context/5.2.8.RELEASE/spring-context-5.2.8.RELEASE.jar:/Users/ip192/.m2/repository/org/springframework/spring-aop/5.2.8.RELEASE/spring-aop-5.2.8.RELEASE.jar:/Users/ip192/.m2/repository/org/springframework/spring-expression/5.2.8.RELEASE/spring-expression-5.2.8.RELEASE.jar:/Users/ip192/.m2/repository/org/springframework/boot/spring-boot-autoconfigure/2.3.2.RELEASE/spring-boot-autoconfigure-2.3.2.RELEASE.jar:/Users/ip192/.m2/repository/org/springframework/boot/spring-boot-starter-logging/2.3.2.RELEASE/spring-boot-starter-logging-2.3.2.RELEASE.jar:/Users/ip192/.m2/repository/ch/qos/logback/logback-classic/1.2.3/logback-classic-1.2.3.jar:/Users/ip192/.m2/repository/ch/qos/logback/logback-core/1.2.3/logback-core-1.2.3.jar:/Users/ip192/.m2/repository/org/apache/logging/log4j/log4j-to-slf4j/2.13.3/log4j-to-slf4j-2.13.3.jar:/Users/ip192/.m2/repository/org/apache/logging/log4j/log4j-api/2.13.3/log4j-api-2.13.3.jar:/Users/ip192/.m2/repository/org/slf4j/jul-to-slf4j/1.7.30/jul-to-slf4j-1.7.30.jar:/Users/ip192/.m2/repository/jakarta/annotation/jakarta.annotation-api/1.3.5/jakarta.annotation-api-1.3.5.jar:/Users/ip192/.m2/repository/org/yaml/snakeyaml/1.26/snakeyaml-1.26.jar:/Users/ip192/.m2/repository/org/springframework/boot/spring-boot-starter-json/2.3.2.RELEASE/spring-boot-starter-json-2.3.2.RELEASE.jar:/Users/ip192/.m2/repository/com/fasterxml/jackson/datatype/jackson-datatype-jdk8/2.11.1/jackson-datatype-jdk8-2.11.1.jar:/Users/ip192/.m2/repository/com/fasterxml/jackson/datatype/jackson-datatype-jsr310/2.11.1/jackson-datatype-jsr310-2.11.1.jar:/Users/ip192/.m2/repository/com/fasterxml/jackson/module/jackson-module-parameter-names/2.11.1/jackson-module-parameter-names-2.11.1.jar:/Users/ip192/.m2/repository/org/springframework/boot/spring-boot-starter-reactor-netty/2.3.2.RELEASE/spring-boot-starter-reactor-netty-2.3.2.RELEASE.jar:/Users/ip192/.m2/repository/io/projectreactor/netty/reactor-netty/0.9.10.RELEASE/reactor-netty-0.9.10.RELEASE.jar:/Users/ip192/.m2/repository/io/netty/netty-codec-http/4.1.51.Final/netty-codec-http-4.1.51.Final.jar:/Users/ip192/.m2/repository/io/netty/netty-common/4.1.51.Final/netty-common-4.1.51.Final.jar:/Users/ip192/.m2/repository/io/netty/netty-buffer/4.1.51.Final/netty-buffer-4.1.51.Final.jar:/Users/ip192/.m2/repository/io/netty/netty-transport/4.1.51.Final/netty-transport-4.1.51.Final.jar:/Users/ip192/.m2/repository/io/netty/netty-codec/4.1.51.Final/netty-codec-4.1.51.Final.jar:/Users/ip192/.m2/repository/io/netty/netty-codec-http2/4.1.51.Final/netty-codec-http2-4.1.51.Final.jar:/Users/ip192/.m2/repository/io/netty/netty-handler/4.1.51.Final/netty-handler-4.1.51.Final.jar:/Users/ip192/.m2/repository/io/netty/netty-resolver/4.1.51.Final/netty-resolver-4.1.51.Final.jar:/Users/ip192/.m2/repository/io/netty/netty-handler-proxy/4.1.51.Final/netty-handler-proxy-4.1.51.Final.jar:/Users/ip192/.m2/repository/io/netty/netty-codec-socks/4.1.51.Final/netty-codec-socks-4.1.51.Final.jar:/Users/ip192/.m2/repository/io/netty/netty-transport-native-epoll/4.1.51.Final/netty-transport-native-epoll-4.1.51.Final-linux-x86_64.jar:/Users/ip192/.m2/repository/io/netty/netty-transport-native-unix-common/4.1.51.Final/netty-transport-native-unix-common-4.1.51.Final.jar:/Users/ip192/.m2/repository/org/springframework/spring-web/5.2.8.RELEASE/spring-web-5.2.8.RELEASE.jar:/Users/ip192/.m2/repository/org/springframework/spring-beans/5.2.8.RELEASE/spring-beans-5.2.8.RELEASE.jar:/Users/ip192/.m2/repository/org/springframework/spring-webflux/5.2.8.RELEASE/spring-webflux-5.2.8.RELEASE.jar:/Users/ip192/.m2/repository/org/synchronoss/cloud/nio-multipart-parser/1.1.0/nio-multipart-parser-1.1.0.jar:/Users/ip192/.m2/repository/org/synchronoss/cloud/nio-stream-storage/1.1.3/nio-stream-storage-1.1.3.jar:/Users/ip192/.m2/repository/org/springframework/boot/spring-boot-starter-actuator/2.3.2.RELEASE/spring-boot-starter-actuator-2.3.2.RELEASE.jar:/Users/ip192/.m2/repository/org/springframework/boot/spring-boot-actuator-autoconfigure/2.3.2.RELEASE/spring-boot-actuator-autoconfigure-2.3.2.RELEASE.jar:/Users/ip192/.m2/repository/org/springframework/boot/spring-boot-actuator/2.3.2.RELEASE/spring-boot-actuator-2.3.2.RELEASE.jar:/Users/ip192/.m2/repository/io/micrometer/micrometer-core/1.5.3/micrometer-core-1.5.3.jar:/Users/ip192/.m2/repository/org/hdrhistogram/HdrHistogram/2.1.12/HdrHistogram-2.1.12.jar:/Users/ip192/.m2/repository/org/latencyutils/LatencyUtils/2.0.3/LatencyUtils-2.0.3.jar:/Users/ip192/.m2/repository/org/springframework/cloud/spring-cloud-starter-circuitbreaker-reactor-resilience4j/1.0.4.RELEASE/spring-cloud-starter-circuitbreaker-reactor-resilience4j-1.0.4.RELEASE.jar:/Users/ip192/.m2/repository/org/springframework/cloud/spring-cloud-circuitbreaker-resilience4j/1.0.4.RELEASE/spring-cloud-circuitbreaker-resilience4j-1.0.4.RELEASE.jar:/Users/ip192/.m2/repository/io/github/resilience4j/resilience4j-circuitbreaker/1.3.1/resilience4j-circuitbreaker-1.3.1.jar:/Users/ip192/.m2/repository/io/vavr/vavr/0.10.2/vavr-0.10.2.jar:/Users/ip192/.m2/repository/io/vavr/vavr-match/0.10.2/vavr-match-0.10.2.jar:/Users/ip192/.m2/repository/io/github/resilience4j/resilience4j-core/1.3.1/resilience4j-core-1.3.1.jar:/Users/ip192/.m2/repository/io/github/resilience4j/resilience4j-timelimiter/1.3.1/resilience4j-timelimiter-1.3.1.jar:/Users/ip192/.m2/repository/io/github/resilience4j/resilience4j-reactor/1.3.1/resilience4j-reactor-1.3.1.jar:/Users/ip192/.m2/repository/org/springframework/boot/spring-boot-configuration-processor/2.3.2.RELEASE/spring-boot-configuration-processor-2.3.2.RELEASE.jar:/Users/ip192/.m2/repository/org/springframework/boot/spring-boot-starter-test/2.3.2.RELEASE/spring-boot-starter-test-2.3.2.RELEASE.jar:/Users/ip192/.m2/repository/org/springframework/boot/spring-boot-test/2.3.2.RELEASE/spring-boot-test-2.3.2.RELEASE.jar:/Users/ip192/.m2/repository/org/springframework/boot/spring-boot-test-autoconfigure/2.3.2.RELEASE/spring-boot-test-autoconfigure-2.3.2.RELEASE.jar:/Users/ip192/.m2/repository/com/jayway/jsonpath/json-path/2.4.0/json-path-2.4.0.jar:/Users/ip192/.m2/repository/net/minidev/json-smart/2.3/json-smart-2.3.jar:/Users/ip192/.m2/repository/net/minidev/accessors-smart/1.2/accessors-smart-1.2.jar:/Users/ip192/.m2/repository/jakarta/xml/bind/jakarta.xml.bind-api/2.3.3/jakarta.xml.bind-api-2.3.3.jar:/Users/ip192/.m2/repository/jakarta/activation/jakarta.activation-api/1.2.2/jakarta.activation-api-1.2.2.jar:/Users/ip192/.m2/repository/org/assertj/assertj-core/3.16.1/assertj-core-3.16.1.jar:/Users/ip192/.m2/repository/org/hamcrest/hamcrest/2.2/hamcrest-2.2.jar:/Users/ip192/.m2/repository/org/junit/jupiter/junit-jupiter/5.6.2/junit-jupiter-5.6.2.jar:/Users/ip192/.m2/repository/org/junit/jupiter/junit-jupiter-api/5.6.2/junit-jupiter-api-5.6.2.jar:/Users/ip192/.m2/repository/org/junit/platform/junit-platform-commons/1.6.2/junit-platform-commons-1.6.2.jar:/Users/ip192/.m2/repository/org/junit/jupiter/junit-jupiter-params/5.6.2/junit-jupiter-params-5.6.2.jar:/Users/ip192/.m2/repository/org/junit/jupiter/junit-jupiter-engine/5.6.2/junit-jupiter-engine-5.6.2.jar:/Users/ip192/.m2/repository/org/junit/vintage/junit-vintage-engine/5.6.2/junit-vintage-engine-5.6.2.jar:/Users/ip192/.m2/repository/org/apiguardian/apiguardian-api/1.1.0/apiguardian-api-1.1.0.jar:/Users/ip192/.m2/repository/org/junit/platform/junit-platform-engine/1.6.2/junit-platform-engine-1.6.2.jar:/Users/ip192/.m2/repository/junit/junit/4.13/junit-4.13.jar:/Users/ip192/.m2/repository/org/mockito/mockito-core/3.3.3/mockito-core-3.3.3.jar:/Users/ip192/.m2/repository/net/bytebuddy/byte-buddy/1.10.13/byte-buddy-1.10.13.jar:/Users/ip192/.m2/repository/net/bytebuddy/byte-buddy-agent/1.10.13/byte-buddy-agent-1.10.13.jar:/Users/ip192/.m2/repository/org/objenesis/objenesis/2.6/objenesis-2.6.jar:/Users/ip192/.m2/repository/org/mockito/mockito-junit-jupiter/3.3.3/mockito-junit-jupiter-3.3.3.jar:/Users/ip192/.m2/repository/org/skyscreamer/jsonassert/1.5.0/jsonassert-1.5.0.jar:/Users/ip192/.m2/repository/com/vaadin/external/google/android-json/0.0.20131108.vaadin1/android-json-0.0.20131108.vaadin1.jar:/Users/ip192/.m2/repository/org/springframework/spring-core/5.2.8.RELEASE/spring-core-5.2.8.RELEASE.jar:/Users/ip192/.m2/repository/org/springframework/spring-jcl/5.2.8.RELEASE/spring-jcl-5.2.8.RELEASE.jar:/Users/ip192/.m2/repository/org/springframework/spring-test/5.2.8.RELEASE/spring-test-5.2.8.RELEASE.jar:/Users/ip192/.m2/repository/org/xmlunit/xmlunit-core/2.7.0/xmlunit-core-2.7.0.jar:/Users/ip192/.m2/repository/com/github/tomakehurst/wiremock-jre8/2.27.2/wiremock-jre8-2.27.2.jar:/Users/ip192/.m2/repository/org/eclipse/jetty/jetty-server/9.4.30.v20200611/jetty-server-9.4.30.v20200611.jar:/Users/ip192/.m2/repository/javax/servlet/javax.servlet-api/4.0.1/javax.servlet-api-4.0.1.jar:/Users/ip192/.m2/repository/org/eclipse/jetty/jetty-http/9.4.30.v20200611/jetty-http-9.4.30.v20200611.jar:/Users/ip192/.m2/repository/org/eclipse/jetty/jetty-io/9.4.30.v20200611/jetty-io-9.4.30.v20200611.jar:/Users/ip192/.m2/repository/org/eclipse/jetty/jetty-servlet/9.4.30.v20200611/jetty-servlet-9.4.30.v20200611.jar:/Users/ip192/.m2/repository/org/eclipse/jetty/jetty-security/9.4.30.v20200611/jetty-security-9.4.30.v20200611.jar:/Users/ip192/.m2/repository/org/eclipse/jetty/jetty-servlets/9.4.30.v20200611/jetty-servlets-9.4.30.v20200611.jar:/Users/ip192/.m2/repository/org/eclipse/jetty/jetty-continuation/9.4.30.v20200611/jetty-continuation-9.4.30.v20200611.jar:/Users/ip192/.m2/repository/org/eclipse/jetty/jetty-util/9.4.30.v20200611/jetty-util-9.4.30.v20200611.jar:/Users/ip192/.m2/repository/org/eclipse/jetty/jetty-webapp/9.4.30.v20200611/jetty-webapp-9.4.30.v20200611.jar:/Users/ip192/.m2/repository/org/eclipse/jetty/jetty-xml/9.4.30.v20200611/jetty-xml-9.4.30.v20200611.jar:/Users/ip192/.m2/repository/org/eclipse/jetty/jetty-proxy/9.4.30.v20200611/jetty-proxy-9.4.30.v20200611.jar:/Users/ip192/.m2/repository/org/eclipse/jetty/jetty-client/9.4.30.v20200611/jetty-client-9.4.30.v20200611.jar:/Users/ip192/.m2/repository/com/google/guava/guava/29.0-jre/guava-29.0-jre.jar:/Users/ip192/.m2/repository/com/google/guava/failureaccess/1.0.1/failureaccess-1.0.1.jar:/Users/ip192/.m2/repository/com/google/guava/listenablefuture/9999.0-empty-to-avoid-conflict-with-guava/listenablefuture-9999.0-empty-to-avoid-conflict-with-guava.jar:/Users/ip192/.m2/repository/com/google/code/findbugs/jsr305/3.0.2/jsr305-3.0.2.jar:/Users/ip192/.m2/repository/org/checkerframework/checker-qual/2.11.1/checker-qual-2.11.1.jar:/Users/ip192/.m2/repository/com/google/errorprone/error_prone_annotations/2.3.4/error_prone_annotations-2.3.4.jar:/Users/ip192/.m2/repository/com/google/j2objc/j2objc-annotations/1.3/j2objc-annotations-1.3.jar:/Users/ip192/.m2/repository/com/fasterxml/jackson/core/jackson-core/2.11.1/jackson-core-2.11.1.jar:/Users/ip192/.m2/repository/com/fasterxml/jackson/core/jackson-annotations/2.11.1/jackson-annotations-2.11.1.jar:/Users/ip192/.m2/repository/com/fasterxml/jackson/core/jackson-databind/2.11.1/jackson-databind-2.11.1.jar:/Users/ip192/.m2/repository/org/apache/httpcomponents/httpclient/4.5.12/httpclient-4.5.12.jar:/Users/ip192/.m2/repository/org/apache/httpcomponents/httpcore/4.4.13/httpcore-4.4.13.jar:/Users/ip192/.m2/repository/commons-codec/commons-codec/1.14/commons-codec-1.14.jar:/Users/ip192/.m2/repository/org/xmlunit/xmlunit-legacy/2.7.0/xmlunit-legacy-2.7.0.jar:/Users/ip192/.m2/repository/org/xmlunit/xmlunit-placeholders/2.7.0/xmlunit-placeholders-2.7.0.jar:/Users/ip192/.m2/repository/org/ow2/asm/asm/7.0/asm-7.0.jar:/Users/ip192/.m2/repository/org/slf4j/slf4j-api/1.7.30/slf4j-api-1.7.30.jar:/Users/ip192/.m2/repository/net/sf/jopt-simple/jopt-simple/5.0.3/jopt-simple-5.0.3.jar:/Users/ip192/.m2/repository/org/apache/commons/commons-lang3/3.10/commons-lang3-3.10.jar:/Users/ip192/.m2/repository/com/github/jknack/handlebars/4.2.0/handlebars-4.2.0.jar:/Users/ip192/.m2/repository/com/github/jknack/handlebars-helpers/4.2.0/handlebars-helpers-4.2.0.jar:/Users/ip192/.m2/repository/com/flipkart/zjsonpatch/zjsonpatch/0.4.4/zjsonpatch-0.4.4.jar:/Users/ip192/.m2/repository/commons-fileupload/commons-fileupload/1.4/commons-fileupload-1.4.jar:/Users/ip192/.m2/repository/commons-io/commons-io/2.2/commons-io-2.2.jar:/Users/ip192/.m2/repository/org/eclipse/jetty/http2/http2-server/9.4.30.v20200611/http2-server-9.4.30.v20200611.jar:/Users/ip192/.m2/repository/org/eclipse/jetty/http2/http2-common/9.4.30.v20200611/http2-common-9.4.30.v20200611.jar:/Users/ip192/.m2/repository/org/eclipse/jetty/http2/http2-hpack/9.4.30.v20200611/http2-hpack-9.4.30.v20200611.jar:/Users/ip192/.m2/repository/org/eclipse/jetty/jetty-alpn-server/9.4.30.v20200611/jetty-alpn-server-9.4.30.v20200611.jar:/Users/ip192/.m2/repository/org/eclipse/jetty/jetty-alpn-conscrypt-server/9.4.30.v20200611/jetty-alpn-conscrypt-server-9.4.30.v20200611.jar:/Users/ip192/.m2/repository/org/eclipse/jetty/jetty-alpn-conscrypt-client/9.4.30.v20200611/jetty-alpn-conscrypt-client-9.4.30.v20200611.jar:/Users/ip192/.m2/repository/org/eclipse/jetty/jetty-alpn-client/9.4.30.v20200611/jetty-alpn-client-9.4.30.v20200611.jar:/Users/ip192/.m2/repository/org/conscrypt/conscrypt-openjdk-uber/2.2.1/conscrypt-openjdk-uber-2.2.1.jar:/Users/ip192/.m2/repository/net/javacrumbs/json-unit/json-unit-core/2.12.0/json-unit-core-2.12.0.jar:/Users/ip192/.m2/repository/org/opentest4j/opentest4j/1.1.1/opentest4j-1.1.1.jar:/Users/ip192/.m2/repository/org/hamcrest/hamcrest-core/2.2/hamcrest-core-2.2.jar:/Users/ip192/.m2/repository/org/awaitility/awaitility/4.0.3/awaitility-4.0.3.jar:/Users/ip192/.m2/repository/io/projectreactor/reactor-test/3.3.8.RELEASE/reactor-test-3.3.8.RELEASE.jar:/Users/ip192/.m2/repository/io/projectreactor/reactor-core/3.3.8.RELEASE/reactor-core-3.3.8.RELEASE.jar:/Users/ip192/.m2/repository/org/reactivestreams/reactive-streams/1.0.3/reactive-streams-1.0.3.jar:"/>
    <property name="https.proxyPort" value="7897"/>
    <property name="java.vm.vendor" value="Temurin"/>
    <property name="sun.arch.data.model" value="64"/>
    <property name="java.vendor.url" value="https://adoptium.net/"/>
    <property name="user.timezone" value="Asia/Shanghai"/>
    <property name="os.name" value="Mac OS X"/>
    <property name="java.vm.specification.version" value="1.8"/>
    <property name="sun.java.launcher" value="SUN_STANDARD"/>
    <property name="user.country" value="CN"/>
    <property name="sun.boot.library.path" value="/Library/Java/JavaVirtualMachines/temurin-8.jdk/Contents/Home/jre/lib"/>
    <property name="sun.java.command" value="/Users/ip192/work/Projects/java/gateway-demo/gateway-service/target/surefire/surefirebooter-20250905095309810_3.jar /Users/ip192/work/Projects/java/gateway-demo/gateway-service/target/surefire 2025-09-05T09-53-09_589-jvmRun1 surefire-20250905095309810_1tmp surefire_0-20250905095309810_2tmp"/>
    <property name="http.nonProxyHosts" value="127.0.0.1|192.168.0.0/16|*.192.168.0.0/16|10.0.0.0/8|*.10.0.0.0/8|172.16.0.0/12|*.172.16.0.0/12|172.29.0.0/16|*.172.29.0.0/16|localhost|*.localhost|local|*.local|crashlytics.com|*.crashlytics.com|&lt;local&gt;|*.&lt;local&gt;"/>
    <property name="test" value="RouteMatchingAndPriorityIntegrationTest#testExactPathMatching"/>
    <property name="surefire.test.class.path" value="/Users/ip192/work/Projects/java/gateway-demo/gateway-service/target/test-classes:/Users/ip192/work/Projects/java/gateway-demo/gateway-service/target/classes:/Users/ip192/.m2/repository/org/springframework/cloud/spring-cloud-starter-gateway/2.2.4.RELEASE/spring-cloud-starter-gateway-2.2.4.RELEASE.jar:/Users/ip192/.m2/repository/org/springframework/cloud/spring-cloud-starter/2.2.4.RELEASE/spring-cloud-starter-2.2.4.RELEASE.jar:/Users/ip192/.m2/repository/org/springframework/cloud/spring-cloud-context/2.2.4.RELEASE/spring-cloud-context-2.2.4.RELEASE.jar:/Users/ip192/.m2/repository/org/springframework/security/spring-security-crypto/5.3.3.RELEASE/spring-security-crypto-5.3.3.RELEASE.jar:/Users/ip192/.m2/repository/org/springframework/cloud/spring-cloud-commons/2.2.4.RELEASE/spring-cloud-commons-2.2.4.RELEASE.jar:/Users/ip192/.m2/repository/org/springframework/security/spring-security-rsa/1.0.9.RELEASE/spring-security-rsa-1.0.9.RELEASE.jar:/Users/ip192/.m2/repository/org/bouncycastle/bcpkix-jdk15on/1.64/bcpkix-jdk15on-1.64.jar:/Users/ip192/.m2/repository/org/bouncycastle/bcprov-jdk15on/1.64/bcprov-jdk15on-1.64.jar:/Users/ip192/.m2/repository/org/springframework/cloud/spring-cloud-gateway-core/2.2.4.RELEASE/spring-cloud-gateway-core-2.2.4.RELEASE.jar:/Users/ip192/.m2/repository/org/springframework/boot/spring-boot-starter-validation/2.3.2.RELEASE/spring-boot-starter-validation-2.3.2.RELEASE.jar:/Users/ip192/.m2/repository/org/glassfish/jakarta.el/3.0.3/jakarta.el-3.0.3.jar:/Users/ip192/.m2/repository/org/hibernate/validator/hibernate-validator/6.1.5.Final/hibernate-validator-6.1.5.Final.jar:/Users/ip192/.m2/repository/jakarta/validation/jakarta.validation-api/2.0.2/jakarta.validation-api-2.0.2.jar:/Users/ip192/.m2/repository/org/jboss/logging/jboss-logging/3.4.1.Final/jboss-logging-3.4.1.Final.jar:/Users/ip192/.m2/repository/com/fasterxml/classmate/1.5.1/classmate-1.5.1.jar:/Users/ip192/.m2/repository/io/projectreactor/addons/reactor-extra/3.3.3.RELEASE/reactor-extra-3.3.3.RELEASE.jar:/Users/ip192/.m2/repository/org/springframework/boot/spring-boot-starter-webflux/2.3.2.RELEASE/spring-boot-starter-webflux-2.3.2.RELEASE.jar:/Users/ip192/.m2/repository/org/springframework/boot/spring-boot-starter/2.3.2.RELEASE/spring-boot-starter-2.3.2.RELEASE.jar:/Users/ip192/.m2/repository/org/springframework/boot/spring-boot/2.3.2.RELEASE/spring-boot-2.3.2.RELEASE.jar:/Users/ip192/.m2/repository/org/springframework/spring-context/5.2.8.RELEASE/spring-context-5.2.8.RELEASE.jar:/Users/ip192/.m2/repository/org/springframework/spring-aop/5.2.8.RELEASE/spring-aop-5.2.8.RELEASE.jar:/Users/ip192/.m2/repository/org/springframework/spring-expression/5.2.8.RELEASE/spring-expression-5.2.8.RELEASE.jar:/Users/ip192/.m2/repository/org/springframework/boot/spring-boot-autoconfigure/2.3.2.RELEASE/spring-boot-autoconfigure-2.3.2.RELEASE.jar:/Users/ip192/.m2/repository/org/springframework/boot/spring-boot-starter-logging/2.3.2.RELEASE/spring-boot-starter-logging-2.3.2.RELEASE.jar:/Users/ip192/.m2/repository/ch/qos/logback/logback-classic/1.2.3/logback-classic-1.2.3.jar:/Users/ip192/.m2/repository/ch/qos/logback/logback-core/1.2.3/logback-core-1.2.3.jar:/Users/ip192/.m2/repository/org/apache/logging/log4j/log4j-to-slf4j/2.13.3/log4j-to-slf4j-2.13.3.jar:/Users/ip192/.m2/repository/org/apache/logging/log4j/log4j-api/2.13.3/log4j-api-2.13.3.jar:/Users/ip192/.m2/repository/org/slf4j/jul-to-slf4j/1.7.30/jul-to-slf4j-1.7.30.jar:/Users/ip192/.m2/repository/jakarta/annotation/jakarta.annotation-api/1.3.5/jakarta.annotation-api-1.3.5.jar:/Users/ip192/.m2/repository/org/yaml/snakeyaml/1.26/snakeyaml-1.26.jar:/Users/ip192/.m2/repository/org/springframework/boot/spring-boot-starter-json/2.3.2.RELEASE/spring-boot-starter-json-2.3.2.RELEASE.jar:/Users/ip192/.m2/repository/com/fasterxml/jackson/datatype/jackson-datatype-jdk8/2.11.1/jackson-datatype-jdk8-2.11.1.jar:/Users/ip192/.m2/repository/com/fasterxml/jackson/datatype/jackson-datatype-jsr310/2.11.1/jackson-datatype-jsr310-2.11.1.jar:/Users/ip192/.m2/repository/com/fasterxml/jackson/module/jackson-module-parameter-names/2.11.1/jackson-module-parameter-names-2.11.1.jar:/Users/ip192/.m2/repository/org/springframework/boot/spring-boot-starter-reactor-netty/2.3.2.RELEASE/spring-boot-starter-reactor-netty-2.3.2.RELEASE.jar:/Users/ip192/.m2/repository/io/projectreactor/netty/reactor-netty/0.9.10.RELEASE/reactor-netty-0.9.10.RELEASE.jar:/Users/ip192/.m2/repository/io/netty/netty-codec-http/4.1.51.Final/netty-codec-http-4.1.51.Final.jar:/Users/ip192/.m2/repository/io/netty/netty-common/4.1.51.Final/netty-common-4.1.51.Final.jar:/Users/ip192/.m2/repository/io/netty/netty-buffer/4.1.51.Final/netty-buffer-4.1.51.Final.jar:/Users/ip192/.m2/repository/io/netty/netty-transport/4.1.51.Final/netty-transport-4.1.51.Final.jar:/Users/ip192/.m2/repository/io/netty/netty-codec/4.1.51.Final/netty-codec-4.1.51.Final.jar:/Users/ip192/.m2/repository/io/netty/netty-codec-http2/4.1.51.Final/netty-codec-http2-4.1.51.Final.jar:/Users/ip192/.m2/repository/io/netty/netty-handler/4.1.51.Final/netty-handler-4.1.51.Final.jar:/Users/ip192/.m2/repository/io/netty/netty-resolver/4.1.51.Final/netty-resolver-4.1.51.Final.jar:/Users/ip192/.m2/repository/io/netty/netty-handler-proxy/4.1.51.Final/netty-handler-proxy-4.1.51.Final.jar:/Users/ip192/.m2/repository/io/netty/netty-codec-socks/4.1.51.Final/netty-codec-socks-4.1.51.Final.jar:/Users/ip192/.m2/repository/io/netty/netty-transport-native-epoll/4.1.51.Final/netty-transport-native-epoll-4.1.51.Final-linux-x86_64.jar:/Users/ip192/.m2/repository/io/netty/netty-transport-native-unix-common/4.1.51.Final/netty-transport-native-unix-common-4.1.51.Final.jar:/Users/ip192/.m2/repository/org/springframework/spring-web/5.2.8.RELEASE/spring-web-5.2.8.RELEASE.jar:/Users/ip192/.m2/repository/org/springframework/spring-beans/5.2.8.RELEASE/spring-beans-5.2.8.RELEASE.jar:/Users/ip192/.m2/repository/org/springframework/spring-webflux/5.2.8.RELEASE/spring-webflux-5.2.8.RELEASE.jar:/Users/ip192/.m2/repository/org/synchronoss/cloud/nio-multipart-parser/1.1.0/nio-multipart-parser-1.1.0.jar:/Users/ip192/.m2/repository/org/synchronoss/cloud/nio-stream-storage/1.1.3/nio-stream-storage-1.1.3.jar:/Users/ip192/.m2/repository/org/springframework/boot/spring-boot-starter-actuator/2.3.2.RELEASE/spring-boot-starter-actuator-2.3.2.RELEASE.jar:/Users/ip192/.m2/repository/org/springframework/boot/spring-boot-actuator-autoconfigure/2.3.2.RELEASE/spring-boot-actuator-autoconfigure-2.3.2.RELEASE.jar:/Users/ip192/.m2/repository/org/springframework/boot/spring-boot-actuator/2.3.2.RELEASE/spring-boot-actuator-2.3.2.RELEASE.jar:/Users/ip192/.m2/repository/io/micrometer/micrometer-core/1.5.3/micrometer-core-1.5.3.jar:/Users/ip192/.m2/repository/org/hdrhistogram/HdrHistogram/2.1.12/HdrHistogram-2.1.12.jar:/Users/ip192/.m2/repository/org/latencyutils/LatencyUtils/2.0.3/LatencyUtils-2.0.3.jar:/Users/ip192/.m2/repository/org/springframework/cloud/spring-cloud-starter-circuitbreaker-reactor-resilience4j/1.0.4.RELEASE/spring-cloud-starter-circuitbreaker-reactor-resilience4j-1.0.4.RELEASE.jar:/Users/ip192/.m2/repository/org/springframework/cloud/spring-cloud-circuitbreaker-resilience4j/1.0.4.RELEASE/spring-cloud-circuitbreaker-resilience4j-1.0.4.RELEASE.jar:/Users/ip192/.m2/repository/io/github/resilience4j/resilience4j-circuitbreaker/1.3.1/resilience4j-circuitbreaker-1.3.1.jar:/Users/ip192/.m2/repository/io/vavr/vavr/0.10.2/vavr-0.10.2.jar:/Users/ip192/.m2/repository/io/vavr/vavr-match/0.10.2/vavr-match-0.10.2.jar:/Users/ip192/.m2/repository/io/github/resilience4j/resilience4j-core/1.3.1/resilience4j-core-1.3.1.jar:/Users/ip192/.m2/repository/io/github/resilience4j/resilience4j-timelimiter/1.3.1/resilience4j-timelimiter-1.3.1.jar:/Users/ip192/.m2/repository/io/github/resilience4j/resilience4j-reactor/1.3.1/resilience4j-reactor-1.3.1.jar:/Users/ip192/.m2/repository/org/springframework/boot/spring-boot-configuration-processor/2.3.2.RELEASE/spring-boot-configuration-processor-2.3.2.RELEASE.jar:/Users/ip192/.m2/repository/org/springframework/boot/spring-boot-starter-test/2.3.2.RELEASE/spring-boot-starter-test-2.3.2.RELEASE.jar:/Users/ip192/.m2/repository/org/springframework/boot/spring-boot-test/2.3.2.RELEASE/spring-boot-test-2.3.2.RELEASE.jar:/Users/ip192/.m2/repository/org/springframework/boot/spring-boot-test-autoconfigure/2.3.2.RELEASE/spring-boot-test-autoconfigure-2.3.2.RELEASE.jar:/Users/ip192/.m2/repository/com/jayway/jsonpath/json-path/2.4.0/json-path-2.4.0.jar:/Users/ip192/.m2/repository/net/minidev/json-smart/2.3/json-smart-2.3.jar:/Users/ip192/.m2/repository/net/minidev/accessors-smart/1.2/accessors-smart-1.2.jar:/Users/ip192/.m2/repository/jakarta/xml/bind/jakarta.xml.bind-api/2.3.3/jakarta.xml.bind-api-2.3.3.jar:/Users/ip192/.m2/repository/jakarta/activation/jakarta.activation-api/1.2.2/jakarta.activation-api-1.2.2.jar:/Users/ip192/.m2/repository/org/assertj/assertj-core/3.16.1/assertj-core-3.16.1.jar:/Users/ip192/.m2/repository/org/hamcrest/hamcrest/2.2/hamcrest-2.2.jar:/Users/ip192/.m2/repository/org/junit/jupiter/junit-jupiter/5.6.2/junit-jupiter-5.6.2.jar:/Users/ip192/.m2/repository/org/junit/jupiter/junit-jupiter-api/5.6.2/junit-jupiter-api-5.6.2.jar:/Users/ip192/.m2/repository/org/junit/platform/junit-platform-commons/1.6.2/junit-platform-commons-1.6.2.jar:/Users/ip192/.m2/repository/org/junit/jupiter/junit-jupiter-params/5.6.2/junit-jupiter-params-5.6.2.jar:/Users/ip192/.m2/repository/org/junit/jupiter/junit-jupiter-engine/5.6.2/junit-jupiter-engine-5.6.2.jar:/Users/ip192/.m2/repository/org/junit/vintage/junit-vintage-engine/5.6.2/junit-vintage-engine-5.6.2.jar:/Users/ip192/.m2/repository/org/apiguardian/apiguardian-api/1.1.0/apiguardian-api-1.1.0.jar:/Users/ip192/.m2/repository/org/junit/platform/junit-platform-engine/1.6.2/junit-platform-engine-1.6.2.jar:/Users/ip192/.m2/repository/junit/junit/4.13/junit-4.13.jar:/Users/ip192/.m2/repository/org/mockito/mockito-core/3.3.3/mockito-core-3.3.3.jar:/Users/ip192/.m2/repository/net/bytebuddy/byte-buddy/1.10.13/byte-buddy-1.10.13.jar:/Users/ip192/.m2/repository/net/bytebuddy/byte-buddy-agent/1.10.13/byte-buddy-agent-1.10.13.jar:/Users/ip192/.m2/repository/org/objenesis/objenesis/2.6/objenesis-2.6.jar:/Users/ip192/.m2/repository/org/mockito/mockito-junit-jupiter/3.3.3/mockito-junit-jupiter-3.3.3.jar:/Users/ip192/.m2/repository/org/skyscreamer/jsonassert/1.5.0/jsonassert-1.5.0.jar:/Users/ip192/.m2/repository/com/vaadin/external/google/android-json/0.0.20131108.vaadin1/android-json-0.0.20131108.vaadin1.jar:/Users/ip192/.m2/repository/org/springframework/spring-core/5.2.8.RELEASE/spring-core-5.2.8.RELEASE.jar:/Users/ip192/.m2/repository/org/springframework/spring-jcl/5.2.8.RELEASE/spring-jcl-5.2.8.RELEASE.jar:/Users/ip192/.m2/repository/org/springframework/spring-test/5.2.8.RELEASE/spring-test-5.2.8.RELEASE.jar:/Users/ip192/.m2/repository/org/xmlunit/xmlunit-core/2.7.0/xmlunit-core-2.7.0.jar:/Users/ip192/.m2/repository/com/github/tomakehurst/wiremock-jre8/2.27.2/wiremock-jre8-2.27.2.jar:/Users/ip192/.m2/repository/org/eclipse/jetty/jetty-server/9.4.30.v20200611/jetty-server-9.4.30.v20200611.jar:/Users/ip192/.m2/repository/javax/servlet/javax.servlet-api/4.0.1/javax.servlet-api-4.0.1.jar:/Users/ip192/.m2/repository/org/eclipse/jetty/jetty-http/9.4.30.v20200611/jetty-http-9.4.30.v20200611.jar:/Users/ip192/.m2/repository/org/eclipse/jetty/jetty-io/9.4.30.v20200611/jetty-io-9.4.30.v20200611.jar:/Users/ip192/.m2/repository/org/eclipse/jetty/jetty-servlet/9.4.30.v20200611/jetty-servlet-9.4.30.v20200611.jar:/Users/ip192/.m2/repository/org/eclipse/jetty/jetty-security/9.4.30.v20200611/jetty-security-9.4.30.v20200611.jar:/Users/ip192/.m2/repository/org/eclipse/jetty/jetty-servlets/9.4.30.v20200611/jetty-servlets-9.4.30.v20200611.jar:/Users/ip192/.m2/repository/org/eclipse/jetty/jetty-continuation/9.4.30.v20200611/jetty-continuation-9.4.30.v20200611.jar:/Users/ip192/.m2/repository/org/eclipse/jetty/jetty-util/9.4.30.v20200611/jetty-util-9.4.30.v20200611.jar:/Users/ip192/.m2/repository/org/eclipse/jetty/jetty-webapp/9.4.30.v20200611/jetty-webapp-9.4.30.v20200611.jar:/Users/ip192/.m2/repository/org/eclipse/jetty/jetty-xml/9.4.30.v20200611/jetty-xml-9.4.30.v20200611.jar:/Users/ip192/.m2/repository/org/eclipse/jetty/jetty-proxy/9.4.30.v20200611/jetty-proxy-9.4.30.v20200611.jar:/Users/ip192/.m2/repository/org/eclipse/jetty/jetty-client/9.4.30.v20200611/jetty-client-9.4.30.v20200611.jar:/Users/ip192/.m2/repository/com/google/guava/guava/29.0-jre/guava-29.0-jre.jar:/Users/ip192/.m2/repository/com/google/guava/failureaccess/1.0.1/failureaccess-1.0.1.jar:/Users/ip192/.m2/repository/com/google/guava/listenablefuture/9999.0-empty-to-avoid-conflict-with-guava/listenablefuture-9999.0-empty-to-avoid-conflict-with-guava.jar:/Users/ip192/.m2/repository/com/google/code/findbugs/jsr305/3.0.2/jsr305-3.0.2.jar:/Users/ip192/.m2/repository/org/checkerframework/checker-qual/2.11.1/checker-qual-2.11.1.jar:/Users/ip192/.m2/repository/com/google/errorprone/error_prone_annotations/2.3.4/error_prone_annotations-2.3.4.jar:/Users/ip192/.m2/repository/com/google/j2objc/j2objc-annotations/1.3/j2objc-annotations-1.3.jar:/Users/ip192/.m2/repository/com/fasterxml/jackson/core/jackson-core/2.11.1/jackson-core-2.11.1.jar:/Users/ip192/.m2/repository/com/fasterxml/jackson/core/jackson-annotations/2.11.1/jackson-annotations-2.11.1.jar:/Users/ip192/.m2/repository/com/fasterxml/jackson/core/jackson-databind/2.11.1/jackson-databind-2.11.1.jar:/Users/ip192/.m2/repository/org/apache/httpcomponents/httpclient/4.5.12/httpclient-4.5.12.jar:/Users/ip192/.m2/repository/org/apache/httpcomponents/httpcore/4.4.13/httpcore-4.4.13.jar:/Users/ip192/.m2/repository/commons-codec/commons-codec/1.14/commons-codec-1.14.jar:/Users/ip192/.m2/repository/org/xmlunit/xmlunit-legacy/2.7.0/xmlunit-legacy-2.7.0.jar:/Users/ip192/.m2/repository/org/xmlunit/xmlunit-placeholders/2.7.0/xmlunit-placeholders-2.7.0.jar:/Users/ip192/.m2/repository/org/ow2/asm/asm/7.0/asm-7.0.jar:/Users/ip192/.m2/repository/org/slf4j/slf4j-api/1.7.30/slf4j-api-1.7.30.jar:/Users/ip192/.m2/repository/net/sf/jopt-simple/jopt-simple/5.0.3/jopt-simple-5.0.3.jar:/Users/ip192/.m2/repository/org/apache/commons/commons-lang3/3.10/commons-lang3-3.10.jar:/Users/ip192/.m2/repository/com/github/jknack/handlebars/4.2.0/handlebars-4.2.0.jar:/Users/ip192/.m2/repository/com/github/jknack/handlebars-helpers/4.2.0/handlebars-helpers-4.2.0.jar:/Users/ip192/.m2/repository/com/flipkart/zjsonpatch/zjsonpatch/0.4.4/zjsonpatch-0.4.4.jar:/Users/ip192/.m2/repository/commons-fileupload/commons-fileupload/1.4/commons-fileupload-1.4.jar:/Users/ip192/.m2/repository/commons-io/commons-io/2.2/commons-io-2.2.jar:/Users/ip192/.m2/repository/org/eclipse/jetty/http2/http2-server/9.4.30.v20200611/http2-server-9.4.30.v20200611.jar:/Users/ip192/.m2/repository/org/eclipse/jetty/http2/http2-common/9.4.30.v20200611/http2-common-9.4.30.v20200611.jar:/Users/ip192/.m2/repository/org/eclipse/jetty/http2/http2-hpack/9.4.30.v20200611/http2-hpack-9.4.30.v20200611.jar:/Users/ip192/.m2/repository/org/eclipse/jetty/jetty-alpn-server/9.4.30.v20200611/jetty-alpn-server-9.4.30.v20200611.jar:/Users/ip192/.m2/repository/org/eclipse/jetty/jetty-alpn-conscrypt-server/9.4.30.v20200611/jetty-alpn-conscrypt-server-9.4.30.v20200611.jar:/Users/ip192/.m2/repository/org/eclipse/jetty/jetty-alpn-conscrypt-client/9.4.30.v20200611/jetty-alpn-conscrypt-client-9.4.30.v20200611.jar:/Users/ip192/.m2/repository/org/eclipse/jetty/jetty-alpn-client/9.4.30.v20200611/jetty-alpn-client-9.4.30.v20200611.jar:/Users/ip192/.m2/repository/org/conscrypt/conscrypt-openjdk-uber/2.2.1/conscrypt-openjdk-uber-2.2.1.jar:/Users/ip192/.m2/repository/net/javacrumbs/json-unit/json-unit-core/2.12.0/json-unit-core-2.12.0.jar:/Users/ip192/.m2/repository/org/opentest4j/opentest4j/1.1.1/opentest4j-1.1.1.jar:/Users/ip192/.m2/repository/org/hamcrest/hamcrest-core/2.2/hamcrest-core-2.2.jar:/Users/ip192/.m2/repository/org/awaitility/awaitility/4.0.3/awaitility-4.0.3.jar:/Users/ip192/.m2/repository/io/projectreactor/reactor-test/3.3.8.RELEASE/reactor-test-3.3.8.RELEASE.jar:/Users/ip192/.m2/repository/io/projectreactor/reactor-core/3.3.8.RELEASE/reactor-core-3.3.8.RELEASE.jar:/Users/ip192/.m2/repository/org/reactivestreams/reactive-streams/1.0.3/reactive-streams-1.0.3.jar:"/>
    <property name="sun.cpu.endian" value="little"/>
    <property name="user.home" value="/Users/ip192"/>
    <property name="user.language" value="zh"/>
    <property name="java.specification.vendor" value="Oracle Corporation"/>
    <property name="java.home" value="/Library/Java/JavaVirtualMachines/temurin-8.jdk/Contents/Home/jre"/>
    <property name="https.proxyHost" value="127.0.0.1"/>
    <property name="file.separator" value="/"/>
    <property name="basedir" value="/Users/ip192/work/Projects/java/gateway-demo/gateway-service"/>
    <property name="line.separator" value="&#10;"/>
    <property name="java.vm.specification.vendor" value="Oracle Corporation"/>
    <property name="java.specification.name" value="Java Platform API Specification"/>
    <property name="java.awt.graphicsenv" value="sun.awt.CGraphicsEnvironment"/>
    <property name="java.awt.headless" value="true"/>
    <property name="surefire.real.class.path" value="/Users/ip192/work/Projects/java/gateway-demo/gateway-service/target/surefire/surefirebooter-20250905095309810_3.jar"/>
    <property name="sun.boot.class.path" value="/Library/Java/JavaVirtualMachines/temurin-8.jdk/Contents/Home/jre/lib/resources.jar:/Library/Java/JavaVirtualMachines/temurin-8.jdk/Contents/Home/jre/lib/rt.jar:/Library/Java/JavaVirtualMachines/temurin-8.jdk/Contents/Home/jre/lib/sunrsasign.jar:/Library/Java/JavaVirtualMachines/temurin-8.jdk/Contents/Home/jre/lib/jsse.jar:/Library/Java/JavaVirtualMachines/temurin-8.jdk/Contents/Home/jre/lib/jce.jar:/Library/Java/JavaVirtualMachines/temurin-8.jdk/Contents/Home/jre/lib/charsets.jar:/Library/Java/JavaVirtualMachines/temurin-8.jdk/Contents/Home/jre/lib/jfr.jar:/Library/Java/JavaVirtualMachines/temurin-8.jdk/Contents/Home/jre/classes"/>
    <property name="sun.management.compiler" value="HotSpot 64-Bit Tiered Compilers"/>
    <property name="ftp.nonProxyHosts" value="127.0.0.1|192.168.0.0/16|*.192.168.0.0/16|10.0.0.0/8|*.10.0.0.0/8|172.16.0.0/12|*.172.16.0.0/12|172.29.0.0/16|*.172.29.0.0/16|localhost|*.localhost|local|*.local|crashlytics.com|*.crashlytics.com|&lt;local&gt;|*.&lt;local&gt;"/>
    <property name="java.runtime.version" value="1.8.0_452-b09"/>
    <property name="user.name" value="ip192"/>
    <property name="path.separator" value=":"/>
    <property name="os.version" value="15.6.1"/>
    <property name="java.endorsed.dirs" value="/Library/Java/JavaVirtualMachines/temurin-8.jdk/Contents/Home/jre/lib/endorsed"/>
    <property name="java.runtime.name" value="OpenJDK Runtime Environment"/>
    <property name="org.eclipse.jetty.server.HttpChannelState.DEFAULT_TIMEOUT" value="300000"/>
    <property name="file.encoding" value="UTF-8"/>
    <property name="spring.beaninfo.ignore" value="true"/>
    <property name="sun.nio.ch.bugLevel" value=""/>
    <property name="java.vm.name" value="OpenJDK 64-Bit Server VM"/>
    <property name="localRepository" value="/Users/ip192/.m2/repository"/>
    <property name="javax.xml.xpath.XPathFactory:http://java.sun.com/jaxp/xpath/dom" value="com.sun.org.apache.xpath.internal.jaxp.XPathFactoryImpl"/>
    <property name="jetty.git.hash" value="271836e4c1f4612f12b7bb13ef5a92a927634b0d"/>
    <property name="java.vendor.url.bug" value="https://github.com/adoptium/adoptium-support/issues"/>
    <property name="java.io.tmpdir" value="/var/folders/3m/1c0_y67s1dz0zfp5gwv7rn5c0000gn/T/"/>
    <property name="java.version" value="1.8.0_452"/>
    <property name="user.dir" value="/Users/ip192/work/Projects/java/gateway-demo/gateway-service"/>
    <property name="os.arch" value="x86_64"/>
    <property name="socksProxyPort" value="7897"/>
    <property name="PID" value="94116"/>
    <property name="java.vm.specification.name" value="Java Virtual Machine Specification"/>
    <property name="java.awt.printerjob" value="sun.lwawt.macosx.CPrinterJob"/>
    <property name="sun.os.patch.level" value="unknown"/>
    <property name="java.library.path" value="/Users/ip192/Library/Java/Extensions:/Library/Java/Extensions:/Network/Library/Java/Extensions:/System/Library/Java/Extensions:/usr/lib/java:."/>
    <property name="java.vendor" value="Temurin"/>
    <property name="java.vm.info" value="mixed mode"/>
    <property name="java.vm.version" value="25.452-b09"/>
    <property name="java.specification.maintenance.version" value="6"/>
    <property name="sun.io.unicode.encoding" value="UnicodeBig"/>
    <property name="java.ext.dirs" value="/Users/ip192/Library/Java/Extensions:/Library/Java/JavaVirtualMachines/temurin-8.jdk/Contents/Home/jre/lib/ext:/Library/Java/Extensions:/Network/Library/Java/Extensions:/System/Library/Java/Extensions:/usr/lib/java"/>
    <property name="javax.xml.transform.TransformerFactory" value="com.sun.org.apache.xalan.internal.xsltc.trax.TransformerFactoryImpl"/>
    <property name="java.class.version" value="52.0"/>
    <property name="socksNonProxyHosts" value="127.0.0.1|192.168.0.0/16|*.192.168.0.0/16|10.0.0.0/8|*.10.0.0.0/8|172.16.0.0/12|*.172.16.0.0/12|172.29.0.0/16|*.172.29.0.0/16|localhost|*.localhost|local|*.local|crashlytics.com|*.crashlytics.com|&lt;local&gt;|*.&lt;local&gt;"/>
    <property name="http.proxyPort" value="7897"/>
  </properties>
  <testcase name="testExactPathMatching" classname="com.example.gateway.RouteMatchingAndPriorityIntegrationTest" time="1.161">
    <system-out><![CDATA[09:53:10.656 [main] DEBUG org.springframework.test.context.BootstrapUtils - Instantiating CacheAwareContextLoaderDelegate from class [org.springframework.test.context.cache.DefaultCacheAwareContextLoaderDelegate]
09:53:10.663 [main] DEBUG org.springframework.test.context.BootstrapUtils - Instantiating BootstrapContext using constructor [public org.springframework.test.context.support.DefaultBootstrapContext(java.lang.Class,org.springframework.test.context.CacheAwareContextLoaderDelegate)]
09:53:10.696 [main] DEBUG org.springframework.test.context.BootstrapUtils - Instantiating TestContextBootstrapper for test class [com.example.gateway.RouteMatchingAndPriorityIntegrationTest] from class [org.springframework.boot.test.context.SpringBootTestContextBootstrapper]
09:53:10.709 [main] INFO org.springframework.boot.test.context.SpringBootTestContextBootstrapper - Neither @ContextConfiguration nor @ContextHierarchy found for test class [com.example.gateway.RouteMatchingAndPriorityIntegrationTest], using SpringBootContextLoader
09:53:10.712 [main] DEBUG org.springframework.test.context.support.AbstractContextLoader - Did not detect default resource location for test class [com.example.gateway.RouteMatchingAndPriorityIntegrationTest]: class path resource [com/example/gateway/RouteMatchingAndPriorityIntegrationTest-context.xml] does not exist
09:53:10.712 [main] DEBUG org.springframework.test.context.support.AbstractContextLoader - Did not detect default resource location for test class [com.example.gateway.RouteMatchingAndPriorityIntegrationTest]: class path resource [com/example/gateway/RouteMatchingAndPriorityIntegrationTestContext.groovy] does not exist
09:53:10.712 [main] INFO org.springframework.test.context.support.AbstractContextLoader - Could not detect default resource locations for test class [com.example.gateway.RouteMatchingAndPriorityIntegrationTest]: no resource found for suffixes {-context.xml, Context.groovy}.
09:53:10.713 [main] INFO org.springframework.test.context.support.AnnotationConfigContextLoaderUtils - Could not detect default configuration classes for test class [com.example.gateway.RouteMatchingAndPriorityIntegrationTest]: RouteMatchingAndPriorityIntegrationTest does not declare any static, non-private, non-final, nested classes annotated with @Configuration.
09:53:10.755 [main] DEBUG org.springframework.test.context.support.ActiveProfilesUtils - Could not find an 'annotation declaring class' for annotation type [org.springframework.test.context.ActiveProfiles] and class [com.example.gateway.RouteMatchingAndPriorityIntegrationTest]
09:53:10.840 [main] DEBUG org.springframework.context.annotation.ClassPathScanningCandidateComponentProvider - Identified candidate component class: file [/Users/ip192/work/Projects/java/gateway-demo/gateway-service/target/classes/com/example/gateway/GatewayApplication.class]
09:53:10.842 [main] INFO org.springframework.boot.test.context.SpringBootTestContextBootstrapper - Found @SpringBootConfiguration com.example.gateway.GatewayApplication for test class com.example.gateway.RouteMatchingAndPriorityIntegrationTest
09:53:10.915 [main] DEBUG org.springframework.boot.test.context.SpringBootTestContextBootstrapper - @TestExecutionListeners is not present for class [com.example.gateway.RouteMatchingAndPriorityIntegrationTest]: using defaults.
09:53:10.916 [main] INFO org.springframework.boot.test.context.SpringBootTestContextBootstrapper - Loaded default TestExecutionListener class names from location [META-INF/spring.factories]: [org.springframework.boot.test.mock.mockito.MockitoTestExecutionListener, org.springframework.boot.test.mock.mockito.ResetMocksTestExecutionListener, org.springframework.boot.test.autoconfigure.restdocs.RestDocsTestExecutionListener, org.springframework.boot.test.autoconfigure.web.client.MockRestServiceServerResetTestExecutionListener, org.springframework.boot.test.autoconfigure.web.servlet.MockMvcPrintOnlyOnFailureTestExecutionListener, org.springframework.boot.test.autoconfigure.web.servlet.WebDriverTestExecutionListener, org.springframework.boot.test.autoconfigure.webservices.client.MockWebServiceServerTestExecutionListener, org.springframework.test.context.web.ServletTestExecutionListener, org.springframework.test.context.support.DirtiesContextBeforeModesTestExecutionListener, org.springframework.test.context.support.DependencyInjectionTestExecutionListener, org.springframework.test.context.support.DirtiesContextTestExecutionListener, org.springframework.test.context.transaction.TransactionalTestExecutionListener, org.springframework.test.context.jdbc.SqlScriptsTestExecutionListener, org.springframework.test.context.event.EventPublishingTestExecutionListener]
09:53:10.924 [main] DEBUG org.springframework.boot.test.context.SpringBootTestContextBootstrapper - Skipping candidate TestExecutionListener [org.springframework.test.context.transaction.TransactionalTestExecutionListener] due to a missing dependency. Specify custom listener classes or make the default listener classes and their required dependencies available. Offending class: [org/springframework/transaction/interceptor/TransactionAttributeSource]
09:53:10.925 [main] DEBUG org.springframework.boot.test.context.SpringBootTestContextBootstrapper - Skipping candidate TestExecutionListener [org.springframework.test.context.jdbc.SqlScriptsTestExecutionListener] due to a missing dependency. Specify custom listener classes or make the default listener classes and their required dependencies available. Offending class: [org/springframework/transaction/interceptor/TransactionAttribute]
09:53:10.925 [main] INFO org.springframework.boot.test.context.SpringBootTestContextBootstrapper - Using TestExecutionListeners: [org.springframework.test.context.web.ServletTestExecutionListener@4e0ae11f, org.springframework.test.context.support.DirtiesContextBeforeModesTestExecutionListener@238d68ff, org.springframework.boot.test.mock.mockito.MockitoTestExecutionListener@4b86805d, org.springframework.boot.test.autoconfigure.SpringBootDependencyInjectionTestExecutionListener@5852c06f, org.springframework.test.context.support.DirtiesContextTestExecutionListener@4149c063, org.springframework.test.context.event.EventPublishingTestExecutionListener@9cb8225, org.springframework.boot.test.mock.mockito.ResetMocksTestExecutionListener@76b07f29, org.springframework.boot.test.autoconfigure.restdocs.RestDocsTestExecutionListener@38af9828, org.springframework.boot.test.autoconfigure.web.client.MockRestServiceServerResetTestExecutionListener@376a0d86, org.springframework.boot.test.autoconfigure.web.servlet.MockMvcPrintOnlyOnFailureTestExecutionListener@62656be4, org.springframework.boot.test.autoconfigure.web.servlet.WebDriverTestExecutionListener@17d919b6, org.springframework.boot.test.autoconfigure.webservices.client.MockWebServiceServerTestExecutionListener@53f3bdbd]
09:53:10.929 [main] DEBUG org.springframework.test.context.support.AbstractDirtiesContextTestExecutionListener - Before test class: context [DefaultTestContext@3cce57c7 testClass = RouteMatchingAndPriorityIntegrationTest, testInstance = [null], testMethod = [null], testException = [null], mergedContextConfiguration = [ReactiveWebMergedContextConfiguration@1cf56a1c testClass = RouteMatchingAndPriorityIntegrationTest, locations = '{}', classes = '{class com.example.gateway.GatewayApplication}', contextInitializerClasses = '[]', activeProfiles = '{}', propertySourceLocations = '{}', propertySourceProperties = '{spring.cloud.gateway.routes[0].id=exact-match-route, spring.cloud.gateway.routes[0].uri=http://localhost:8091, spring.cloud.gateway.routes[0].predicates[0]=Path=/api/exact, spring.cloud.gateway.routes[0].order=1, spring.cloud.gateway.routes[1].id=prefix-match-route, spring.cloud.gateway.routes[1].uri=http://localhost:8092, spring.cloud.gateway.routes[1].predicates[0]=Path=/api/prefix/**, spring.cloud.gateway.routes[1].order=2, spring.cloud.gateway.routes[2].id=wildcard-match-route, spring.cloud.gateway.routes[2].uri=http://localhost:8093, spring.cloud.gateway.routes[2].predicates[0]=Path=/api/**, spring.cloud.gateway.routes[2].order=3, spring.cloud.gateway.routes[3].id=method-specific-route, spring.cloud.gateway.routes[3].uri=http://localhost:8094, spring.cloud.gateway.routes[3].predicates[0]=Path=/api/method/**, spring.cloud.gateway.routes[3].predicates[1]=Method=POST, spring.cloud.gateway.routes[3].order=1, spring.cloud.gateway.routes[4].id=header-based-route, spring.cloud.gateway.routes[4].uri=http://localhost:8095, spring.cloud.gateway.routes[4].predicates[0]=Path=/api/header/**, spring.cloud.gateway.routes[4].predicates[1]=Header=X-Version,v2, spring.cloud.gateway.routes[4].order=1, spring.cloud.gateway.routes[5].id=query-param-route, spring.cloud.gateway.routes[5].uri=http://localhost:8096, spring.cloud.gateway.routes[5].predicates[0]=Path=/api/query/**, spring.cloud.gateway.routes[5].predicates[1]=Query=version,beta, spring.cloud.gateway.routes[5].order=1, org.springframework.boot.test.context.SpringBootTestContextBootstrapper=true, server.port=0}', contextCustomizers = set[org.springframework.boot.test.context.filter.ExcludeFilterContextCustomizer@4c39bec8, org.springframework.boot.test.json.DuplicateJsonObjectContextCustomizerFactory$DuplicateJsonObjectContextCustomizer@1f59a598, org.springframework.boot.test.mock.mockito.MockitoContextCustomizer@0, org.springframework.boot.test.web.client.TestRestTemplateContextCustomizer@68e5eea7, org.springframework.boot.test.web.reactive.server.WebTestClientContextCustomizer@6db9f5a4, org.springframework.boot.test.autoconfigure.properties.PropertyMappingContextCustomizer@0, org.springframework.boot.test.autoconfigure.web.servlet.WebDriverContextCustomizerFactory$Customizer@fa36558, org.springframework.boot.test.context.SpringBootTestArgs@1], contextLoader = 'org.springframework.boot.test.context.SpringBootContextLoader', parent = [null]], attributes = map['org.springframework.test.context.web.ServletTestExecutionListener.activateListener' -> false]], class annotated with @DirtiesContext [false] with mode [null].
09:53:10.983 [main] DEBUG org.springframework.test.context.support.DependencyInjectionTestExecutionListener - Performing dependency injection for test context [[DefaultTestContext@3cce57c7 testClass = RouteMatchingAndPriorityIntegrationTest, testInstance = com.example.gateway.RouteMatchingAndPriorityIntegrationTest@27912e3, testMethod = [null], testException = [null], mergedContextConfiguration = [ReactiveWebMergedContextConfiguration@1cf56a1c testClass = RouteMatchingAndPriorityIntegrationTest, locations = '{}', classes = '{class com.example.gateway.GatewayApplication}', contextInitializerClasses = '[]', activeProfiles = '{}', propertySourceLocations = '{}', propertySourceProperties = '{spring.cloud.gateway.routes[0].id=exact-match-route, spring.cloud.gateway.routes[0].uri=http://localhost:8091, spring.cloud.gateway.routes[0].predicates[0]=Path=/api/exact, spring.cloud.gateway.routes[0].order=1, spring.cloud.gateway.routes[1].id=prefix-match-route, spring.cloud.gateway.routes[1].uri=http://localhost:8092, spring.cloud.gateway.routes[1].predicates[0]=Path=/api/prefix/**, spring.cloud.gateway.routes[1].order=2, spring.cloud.gateway.routes[2].id=wildcard-match-route, spring.cloud.gateway.routes[2].uri=http://localhost:8093, spring.cloud.gateway.routes[2].predicates[0]=Path=/api/**, spring.cloud.gateway.routes[2].order=3, spring.cloud.gateway.routes[3].id=method-specific-route, spring.cloud.gateway.routes[3].uri=http://localhost:8094, spring.cloud.gateway.routes[3].predicates[0]=Path=/api/method/**, spring.cloud.gateway.routes[3].predicates[1]=Method=POST, spring.cloud.gateway.routes[3].order=1, spring.cloud.gateway.routes[4].id=header-based-route, spring.cloud.gateway.routes[4].uri=http://localhost:8095, spring.cloud.gateway.routes[4].predicates[0]=Path=/api/header/**, spring.cloud.gateway.routes[4].predicates[1]=Header=X-Version,v2, spring.cloud.gateway.routes[4].order=1, spring.cloud.gateway.routes[5].id=query-param-route, spring.cloud.gateway.routes[5].uri=http://localhost:8096, spring.cloud.gateway.routes[5].predicates[0]=Path=/api/query/**, spring.cloud.gateway.routes[5].predicates[1]=Query=version,beta, spring.cloud.gateway.routes[5].order=1, org.springframework.boot.test.context.SpringBootTestContextBootstrapper=true, server.port=0}', contextCustomizers = set[org.springframework.boot.test.context.filter.ExcludeFilterContextCustomizer@4c39bec8, org.springframework.boot.test.json.DuplicateJsonObjectContextCustomizerFactory$DuplicateJsonObjectContextCustomizer@1f59a598, org.springframework.boot.test.mock.mockito.MockitoContextCustomizer@0, org.springframework.boot.test.web.client.TestRestTemplateContextCustomizer@68e5eea7, org.springframework.boot.test.web.reactive.server.WebTestClientContextCustomizer@6db9f5a4, org.springframework.boot.test.autoconfigure.properties.PropertyMappingContextCustomizer@0, org.springframework.boot.test.autoconfigure.web.servlet.WebDriverContextCustomizerFactory$Customizer@fa36558, org.springframework.boot.test.context.SpringBootTestArgs@1], contextLoader = 'org.springframework.boot.test.context.SpringBootContextLoader', parent = [null]], attributes = map['org.springframework.test.context.web.ServletTestExecutionListener.activateListener' -> false]]].
09:53:11.005 [main] DEBUG org.springframework.test.context.support.TestPropertySourceUtils - Adding inlined properties to environment: {spring.jmx.enabled=false, spring.cloud.gateway.routes[0].id=exact-match-route, spring.cloud.gateway.routes[0].uri=http://localhost:8091, spring.cloud.gateway.routes[0].predicates[0]=Path=/api/exact, spring.cloud.gateway.routes[0].order=1, spring.cloud.gateway.routes[1].id=prefix-match-route, spring.cloud.gateway.routes[1].uri=http://localhost:8092, spring.cloud.gateway.routes[1].predicates[0]=Path=/api/prefix/**, spring.cloud.gateway.routes[1].order=2, spring.cloud.gateway.routes[2].id=wildcard-match-route, spring.cloud.gateway.routes[2].uri=http://localhost:8093, spring.cloud.gateway.routes[2].predicates[0]=Path=/api/**, spring.cloud.gateway.routes[2].order=3, spring.cloud.gateway.routes[3].id=method-specific-route, spring.cloud.gateway.routes[3].uri=http://localhost:8094, spring.cloud.gateway.routes[3].predicates[0]=Path=/api/method/**, spring.cloud.gateway.routes[3].predicates[1]=Method=POST, spring.cloud.gateway.routes[3].order=1, spring.cloud.gateway.routes[4].id=header-based-route, spring.cloud.gateway.routes[4].uri=http://localhost:8095, spring.cloud.gateway.routes[4].predicates[0]=Path=/api/header/**, spring.cloud.gateway.routes[4].predicates[1]=Header=X-Version,v2, spring.cloud.gateway.routes[4].order=1, spring.cloud.gateway.routes[5].id=query-param-route, spring.cloud.gateway.routes[5].uri=http://localhost:8096, spring.cloud.gateway.routes[5].predicates[0]=Path=/api/query/**, spring.cloud.gateway.routes[5].predicates[1]=Query=version,beta, spring.cloud.gateway.routes[5].order=1, org.springframework.boot.test.context.SpringBootTestContextBootstrapper=true, server.port=0}

  .   ____          _            __ _ _
 /\\ / ___'_ __ _ _(_)_ __  __ _ \ \ \ \
( ( )\___ | '_ | '_| | '_ \/ _` | \ \ \ \
 \\/  ___)| |_)| | | | | || (_| |  ) ) ) )
  '  |____| .__|_| |_|_| |_\__, | / / / /
 =========|_|==============|___/=/_/_/_/
 :: Spring Boot ::        (v2.3.2.RELEASE)

2025-09-05 09:53:11.887  INFO 94116 --- [           main] .RouteMatchingAndPriorityIntegrationTest : No active profile set, falling back to default profiles: default
2025-09-05 09:53:12.802  INFO 94116 --- [           main] o.s.cloud.context.scope.GenericScope     : BeanFactory id=448f57d5-2641-39ff-bee9-20d9c2fb76e8
2025-09-05 09:53:12.937  INFO 94116 --- [           main] org.eclipse.jetty.util.log               : Logging initialized @2990ms to org.eclipse.jetty.util.log.Slf4jLog
2025-09-05 09:53:13.140  INFO 94116 --- [           main] .s.b.w.e.j.JettyReactiveWebServerFactory : Server initialized with port: 0
2025-09-05 09:53:13.154  INFO 94116 --- [           main] org.eclipse.jetty.server.Server          : jetty-9.4.30.v20200611; built: 2020-06-11T12:34:51.929Z; git: 271836e4c1f4612f12b7bb13ef5a92a927634b0d; jvm 1.8.0_452-b09
2025-09-05 09:53:13.196  INFO 94116 --- [           main] o.e.jetty.server.handler.ContextHandler  : Started o.e.j.s.ServletContextHandler@63884e4{/,null,AVAILABLE}
2025-09-05 09:53:13.197  INFO 94116 --- [           main] org.eclipse.jetty.server.Server          : Started @3251ms
2025-09-05 09:53:13.267  INFO 94116 --- [           main] c.e.g.c.DynamicRoutingConfiguration      : Dynamic routing configuration initialized with circuit breaker and retry support
2025-09-05 09:53:14.790  INFO 94116 --- [           main] o.s.c.g.r.RouteDefinitionRouteLocator    : Loaded RoutePredicateFactory [After]
2025-09-05 09:53:14.792  INFO 94116 --- [           main] o.s.c.g.r.RouteDefinitionRouteLocator    : Loaded RoutePredicateFactory [Before]
2025-09-05 09:53:14.793  INFO 94116 --- [           main] o.s.c.g.r.RouteDefinitionRouteLocator    : Loaded RoutePredicateFactory [Between]
2025-09-05 09:53:14.793  INFO 94116 --- [           main] o.s.c.g.r.RouteDefinitionRouteLocator    : Loaded RoutePredicateFactory [Cookie]
2025-09-05 09:53:14.793  INFO 94116 --- [           main] o.s.c.g.r.RouteDefinitionRouteLocator    : Loaded RoutePredicateFactory [Header]
2025-09-05 09:53:14.793  INFO 94116 --- [           main] o.s.c.g.r.RouteDefinitionRouteLocator    : Loaded RoutePredicateFactory [Host]
2025-09-05 09:53:14.793  INFO 94116 --- [           main] o.s.c.g.r.RouteDefinitionRouteLocator    : Loaded RoutePredicateFactory [Method]
2025-09-05 09:53:14.793  INFO 94116 --- [           main] o.s.c.g.r.RouteDefinitionRouteLocator    : Loaded RoutePredicateFactory [Path]
2025-09-05 09:53:14.793  INFO 94116 --- [           main] o.s.c.g.r.RouteDefinitionRouteLocator    : Loaded RoutePredicateFactory [Query]
2025-09-05 09:53:14.793  INFO 94116 --- [           main] o.s.c.g.r.RouteDefinitionRouteLocator    : Loaded RoutePredicateFactory [ReadBodyPredicateFactory]
2025-09-05 09:53:14.793  INFO 94116 --- [           main] o.s.c.g.r.RouteDefinitionRouteLocator    : Loaded RoutePredicateFactory [RemoteAddr]
2025-09-05 09:53:14.793  INFO 94116 --- [           main] o.s.c.g.r.RouteDefinitionRouteLocator    : Loaded RoutePredicateFactory [Weight]
2025-09-05 09:53:14.793  INFO 94116 --- [           main] o.s.c.g.r.RouteDefinitionRouteLocator    : Loaded RoutePredicateFactory [CloudFoundryRouteService]
2025-09-05 09:53:15.529  INFO 94116 --- [           main] o.s.b.a.e.web.EndpointLinksResolver      : Exposing 2 endpoint(s) beneath base path '/actuator'
2025-09-05 09:53:16.132  INFO 94116 --- [           main] o.e.jetty.server.AbstractConnector       : Started ServerConnector@6f50d55c{HTTP/1.1, (http/1.1)}{0.0.0.0:61427}
2025-09-05 09:53:16.134  INFO 94116 --- [           main] o.s.b.web.embedded.jetty.JettyWebServer  : Jetty started on port(s) 61427 (http/1.1) with context path '/'
2025-09-05 09:53:16.196  INFO 94116 --- [           main] c.e.gateway.config.DynamicRouteLocator   : Loading dynamic routes from configuration
2025-09-05 09:53:16.197  INFO 94116 --- [           main] c.e.gateway.config.DynamicRouteLocator   : No route configurations found
2025-09-05 09:53:16.328  INFO 94116 --- [           main] c.e.gateway.service.RouteRefreshService  : Received RefreshRoutesEvent, routes will be reloaded
2025-09-05 09:53:16.329  WARN 94116 --- [           main] c.e.gateway.service.RouteRefreshService  : No routes found in current configuration
2025-09-05 09:53:16.334  INFO 94116 --- [           main] .RouteMatchingAndPriorityIntegrationTest : Started RouteMatchingAndPriorityIntegrationTest in 5.326 seconds (JVM running for 6.388)
2025-09-05 09:53:16.340  INFO 94116 --- [           main] c.e.g.c.GatewayRoutingConfiguration      : Validating gateway routing configuration...
2025-09-05 09:53:16.340  WARN 94116 --- [           main] c.e.g.c.GatewayRoutingConfiguration      : No routes configured in gateway.routes property
2025-09-05 09:53:16.646  INFO 94116 --- [           main] org.eclipse.jetty.server.Server          : jetty-9.4.30.v20200611; built: 2020-06-11T12:34:51.929Z; git: 271836e4c1f4612f12b7bb13ef5a92a927634b0d; jvm 1.8.0_452-b09
2025-09-05 09:53:16.653  INFO 94116 --- [           main] o.e.jetty.server.handler.ContextHandler  : Started o.e.j.s.ServletContextHandler@a9e8da1{/__admin,null,AVAILABLE}
2025-09-05 09:53:16.655  INFO 94116 --- [           main] o.e.jetty.server.handler.ContextHandler  : Started o.e.j.s.ServletContextHandler@33a47707{/,null,AVAILABLE}
2025-09-05 09:53:16.664  INFO 94116 --- [           main] o.e.jetty.server.AbstractConnector       : Started NetworkTrafficServerConnector@d0b814d{HTTP/1.1, (http/1.1)}{0.0.0.0:8091}
2025-09-05 09:53:16.665  INFO 94116 --- [           main] org.eclipse.jetty.server.Server          : Started @6720ms
2025-09-05 09:53:16.665  INFO 94116 --- [           main] org.eclipse.jetty.server.Server          : jetty-9.4.30.v20200611; built: 2020-06-11T12:34:51.929Z; git: 271836e4c1f4612f12b7bb13ef5a92a927634b0d; jvm 1.8.0_452-b09
2025-09-05 09:53:16.669  INFO 94116 --- [           main] o.e.jetty.server.handler.ContextHandler  : Started o.e.j.s.ServletContextHandler@e972ee1{/__admin,null,AVAILABLE}
2025-09-05 09:53:16.669  INFO 94116 --- [           main] o.e.jetty.server.handler.ContextHandler  : Started o.e.j.s.ServletContextHandler@5e24592e{/,null,AVAILABLE}
2025-09-05 09:53:16.671  INFO 94116 --- [           main] o.e.jetty.server.AbstractConnector       : Started NetworkTrafficServerConnector@63f2e0b{HTTP/1.1, (http/1.1)}{0.0.0.0:8092}
2025-09-05 09:53:16.672  INFO 94116 --- [           main] org.eclipse.jetty.server.Server          : Started @6727ms
2025-09-05 09:53:16.672  INFO 94116 --- [           main] org.eclipse.jetty.server.Server          : jetty-9.4.30.v20200611; built: 2020-06-11T12:34:51.929Z; git: 271836e4c1f4612f12b7bb13ef5a92a927634b0d; jvm 1.8.0_452-b09
2025-09-05 09:53:16.676  INFO 94116 --- [           main] o.e.jetty.server.handler.ContextHandler  : Started o.e.j.s.ServletContextHandler@6cceb281{/__admin,null,AVAILABLE}
2025-09-05 09:53:16.676  INFO 94116 --- [           main] o.e.jetty.server.handler.ContextHandler  : Started o.e.j.s.ServletContextHandler@7cca31fc{/,null,AVAILABLE}
2025-09-05 09:53:16.683  INFO 94116 --- [           main] o.e.jetty.server.AbstractConnector       : Started NetworkTrafficServerConnector@3513d214{HTTP/1.1, (http/1.1)}{0.0.0.0:8093}
2025-09-05 09:53:16.684  INFO 94116 --- [           main] org.eclipse.jetty.server.Server          : Started @6739ms
2025-09-05 09:53:16.684  INFO 94116 --- [           main] org.eclipse.jetty.server.Server          : jetty-9.4.30.v20200611; built: 2020-06-11T12:34:51.929Z; git: 271836e4c1f4612f12b7bb13ef5a92a927634b0d; jvm 1.8.0_452-b09
2025-09-05 09:53:16.687  INFO 94116 --- [           main] o.e.jetty.server.handler.ContextHandler  : Started o.e.j.s.ServletContextHandler@34f23816{/__admin,null,AVAILABLE}
2025-09-05 09:53:16.687  INFO 94116 --- [           main] o.e.jetty.server.handler.ContextHandler  : Started o.e.j.s.ServletContextHandler@6736f40f{/,null,AVAILABLE}
2025-09-05 09:53:16.689  INFO 94116 --- [           main] o.e.jetty.server.AbstractConnector       : Started NetworkTrafficServerConnector@1a17dd6f{HTTP/1.1, (http/1.1)}{0.0.0.0:8094}
2025-09-05 09:53:16.691  INFO 94116 --- [           main] org.eclipse.jetty.server.Server          : Started @6745ms
2025-09-05 09:53:16.691  INFO 94116 --- [           main] org.eclipse.jetty.server.Server          : jetty-9.4.30.v20200611; built: 2020-06-11T12:34:51.929Z; git: 271836e4c1f4612f12b7bb13ef5a92a927634b0d; jvm 1.8.0_452-b09
2025-09-05 09:53:16.694  INFO 94116 --- [           main] o.e.jetty.server.handler.ContextHandler  : Started o.e.j.s.ServletContextHandler@1669931a{/__admin,null,AVAILABLE}
2025-09-05 09:53:16.694  INFO 94116 --- [           main] o.e.jetty.server.handler.ContextHandler  : Started o.e.j.s.ServletContextHandler@6b24ddd7{/,null,AVAILABLE}
2025-09-05 09:53:16.696  INFO 94116 --- [           main] o.e.jetty.server.AbstractConnector       : Started NetworkTrafficServerConnector@5fb07347{HTTP/1.1, (http/1.1)}{0.0.0.0:8095}
2025-09-05 09:53:16.698  INFO 94116 --- [           main] org.eclipse.jetty.server.Server          : Started @6753ms
2025-09-05 09:53:16.698  INFO 94116 --- [           main] org.eclipse.jetty.server.Server          : jetty-9.4.30.v20200611; built: 2020-06-11T12:34:51.929Z; git: 271836e4c1f4612f12b7bb13ef5a92a927634b0d; jvm 1.8.0_452-b09
2025-09-05 09:53:16.699  INFO 94116 --- [           main] o.e.jetty.server.handler.ContextHandler  : Started o.e.j.s.ServletContextHandler@6a51ae7c{/__admin,null,AVAILABLE}
2025-09-05 09:53:16.700  INFO 94116 --- [           main] o.e.jetty.server.handler.ContextHandler  : Started o.e.j.s.ServletContextHandler@171aa66{/,null,AVAILABLE}
2025-09-05 09:53:16.702  INFO 94116 --- [           main] o.e.jetty.server.AbstractConnector       : Started NetworkTrafficServerConnector@e154848{HTTP/1.1, (http/1.1)}{0.0.0.0:8096}
2025-09-05 09:53:16.702  INFO 94116 --- [           main] org.eclipse.jetty.server.Server          : Started @6757ms
2025-09-05 09:53:16.898  INFO 94116 --- [ttp@38792286-24] c.e.gateway.filter.RequestLoggingFilter  : Incoming request: GET http://localhost:61427/api/exact from /127.0.0.1:61428
2025-09-05 09:53:17.277  INFO 94116 --- [tp1758917774-44] o.e.j.s.handler.ContextHandler.ROOT      : RequestHandlerClass from context returned com.github.tomakehurst.wiremock.http.StubRequestHandler. Normalized mapped under returned 'null'
2025-09-05 09:53:17.415  INFO 94116 --- [ctor-http-nio-1] c.e.gateway.filter.RequestLoggingFilter  : Request completed: GET /api/exact -> 200 OK in 517ms
2025-09-05 09:53:17.468  INFO 94116 --- [           main] o.e.jetty.server.AbstractConnector       : Stopped NetworkTrafficServerConnector@d0b814d{HTTP/1.1, (http/1.1)}{0.0.0.0:8091}
2025-09-05 09:53:17.470  INFO 94116 --- [           main] o.e.jetty.server.handler.ContextHandler  : Stopped o.e.j.s.ServletContextHandler@33a47707{/,null,UNAVAILABLE}
2025-09-05 09:53:17.470  INFO 94116 --- [           main] o.e.jetty.server.handler.ContextHandler  : Stopped o.e.j.s.ServletContextHandler@a9e8da1{/__admin,null,UNAVAILABLE}
2025-09-05 09:53:17.472  INFO 94116 --- [           main] o.e.jetty.server.AbstractConnector       : Stopped NetworkTrafficServerConnector@63f2e0b{HTTP/1.1, (http/1.1)}{0.0.0.0:8092}
2025-09-05 09:53:17.472  INFO 94116 --- [           main] o.e.jetty.server.handler.ContextHandler  : Stopped o.e.j.s.ServletContextHandler@5e24592e{/,null,UNAVAILABLE}
2025-09-05 09:53:17.472  INFO 94116 --- [           main] o.e.jetty.server.handler.ContextHandler  : Stopped o.e.j.s.ServletContextHandler@e972ee1{/__admin,null,UNAVAILABLE}
2025-09-05 09:53:17.474  INFO 94116 --- [           main] o.e.jetty.server.AbstractConnector       : Stopped NetworkTrafficServerConnector@3513d214{HTTP/1.1, (http/1.1)}{0.0.0.0:8093}
2025-09-05 09:53:17.474  INFO 94116 --- [           main] o.e.jetty.server.handler.ContextHandler  : Stopped o.e.j.s.ServletContextHandler@7cca31fc{/,null,UNAVAILABLE}
2025-09-05 09:53:17.474  INFO 94116 --- [           main] o.e.jetty.server.handler.ContextHandler  : Stopped o.e.j.s.ServletContextHandler@6cceb281{/__admin,null,UNAVAILABLE}
2025-09-05 09:53:17.480  INFO 94116 --- [           main] o.e.jetty.server.AbstractConnector       : Stopped NetworkTrafficServerConnector@1a17dd6f{HTTP/1.1, (http/1.1)}{0.0.0.0:8094}
2025-09-05 09:53:17.485  INFO 94116 --- [           main] o.e.jetty.server.handler.ContextHandler  : Stopped o.e.j.s.ServletContextHandler@6736f40f{/,null,UNAVAILABLE}
2025-09-05 09:53:17.486  INFO 94116 --- [           main] o.e.jetty.server.handler.ContextHandler  : Stopped o.e.j.s.ServletContextHandler@34f23816{/__admin,null,UNAVAILABLE}
2025-09-05 09:53:17.488  INFO 94116 --- [           main] o.e.jetty.server.AbstractConnector       : Stopped NetworkTrafficServerConnector@5fb07347{HTTP/1.1, (http/1.1)}{0.0.0.0:8095}
2025-09-05 09:53:17.488  INFO 94116 --- [           main] o.e.jetty.server.handler.ContextHandler  : Stopped o.e.j.s.ServletContextHandler@6b24ddd7{/,null,UNAVAILABLE}
2025-09-05 09:53:17.488  INFO 94116 --- [           main] o.e.jetty.server.handler.ContextHandler  : Stopped o.e.j.s.ServletContextHandler@1669931a{/__admin,null,UNAVAILABLE}
2025-09-05 09:53:17.489  INFO 94116 --- [           main] o.e.jetty.server.AbstractConnector       : Stopped NetworkTrafficServerConnector@e154848{HTTP/1.1, (http/1.1)}{0.0.0.0:8096}
2025-09-05 09:53:17.490  INFO 94116 --- [           main] o.e.jetty.server.handler.ContextHandler  : Stopped o.e.j.s.ServletContextHandler@171aa66{/,null,UNAVAILABLE}
2025-09-05 09:53:17.490  INFO 94116 --- [           main] o.e.jetty.server.handler.ContextHandler  : Stopped o.e.j.s.ServletContextHandler@6a51ae7c{/__admin,null,UNAVAILABLE}
]]></system-out>
  </testcase>
</testsuite>